[0.048s] Invoking command in '/root/ros2_ws/build/my_package_by_cmake': CMAKE_PREFIX_PATH=/opt/ros/iron /usr/bin/cmake /root/ros2_ws/src/my_package_by_cmake -DCMAKE_INSTALL_PREFIX=/root/ros2_ws/install/my_package_by_cmake
[0.268s] -- The C compiler identification is GNU 11.4.0
[0.396s] -- The CXX compiler identification is GNU 11.4.0
[0.422s] -- Detecting C compiler ABI info
[0.520s] -- Detecting C compiler ABI info - done
[0.525s] -- Check for working C compiler: /usr/bin/cc - skipped
[0.526s] -- Detecting C compile features
[0.527s] -- Detecting C compile features - done
[0.534s] -- Detecting CXX compiler ABI info
[0.629s] -- Detecting CXX compiler ABI info - done
[0.639s] -- Check for working CXX compiler: /usr/bin/c++ - skipped
[0.639s] -- Detecting CXX compile features
[0.640s] -- Detecting CXX compile features - done
[0.645s] -- Found ament_cmake: 2.0.3 (/opt/ros/iron/share/ament_cmake/cmake)
[0.855s] -- Found Python3: /usr/bin/python3.10 (found version "3.10.12") found components: Interpreter 
[1.008s] -- Found ament_lint_auto: 0.14.1 (/opt/ros/iron/share/ament_lint_auto/cmake)
[1.121s] -- Added test 'cppcheck' to perform static code analysis on C / C++ code
[1.122s] -- Configured cppcheck include dirs: $<BUILD_INTERFACE:/root/ros2_ws/src/my_package_by_cmake/include>
[1.122s] -- Configured cppcheck exclude dirs and/or files: 
[1.133s] -- Added test 'lint_cmake' to check CMake code style
[1.135s] -- Added test 'uncrustify' to check C / C++ code style
[1.135s] -- Configured uncrustify additional arguments: 
[1.138s] -- Added test 'xmllint' to check XML markup files
[1.146s] -- Configuring done
[1.159s] -- Generating done
[1.161s] -- Build files have been written to: /root/ros2_ws/build/my_package_by_cmake
[1.181s] Invoked command in '/root/ros2_ws/build/my_package_by_cmake' returned '0': CMAKE_PREFIX_PATH=/opt/ros/iron /usr/bin/cmake /root/ros2_ws/src/my_package_by_cmake -DCMAKE_INSTALL_PREFIX=/root/ros2_ws/install/my_package_by_cmake
[1.184s] Invoking command in '/root/ros2_ws/build/my_package_by_cmake': CMAKE_PREFIX_PATH=/opt/ros/iron /usr/bin/cmake --build /root/ros2_ws/build/my_package_by_cmake -- -j4 -l4
[1.237s] [ 50%] [32mBuilding CXX object CMakeFiles/my_node_by_cmake.dir/src/my_node_by_cmake.cpp.o[0m
[1.286s] [100%] [32m[1mLinking CXX executable my_node_by_cmake[0m
[1.340s] [100%] Built target my_node_by_cmake
[1.352s] Invoked command in '/root/ros2_ws/build/my_package_by_cmake' returned '0': CMAKE_PREFIX_PATH=/opt/ros/iron /usr/bin/cmake --build /root/ros2_ws/build/my_package_by_cmake -- -j4 -l4
[1.389s] Invoking command in '/root/ros2_ws/build/my_package_by_cmake': CMAKE_PREFIX_PATH=/opt/ros/iron /usr/bin/cmake --install /root/ros2_ws/build/my_package_by_cmake
[1.398s] -- Install configuration: ""
[1.399s] -- Installing: /root/ros2_ws/install/my_package_by_cmake/lib/my_package_by_cmake/my_node_by_cmake
[1.403s] -- Installing: /root/ros2_ws/install/my_package_by_cmake/share/ament_index/resource_index/package_run_dependencies/my_package_by_cmake
[1.404s] -- Installing: /root/ros2_ws/install/my_package_by_cmake/share/ament_index/resource_index/parent_prefix_path/my_package_by_cmake
[1.409s] -- Installing: /root/ros2_ws/install/my_package_by_cmake/share/my_package_by_cmake/environment/ament_prefix_path.sh
[1.409s] -- Installing: /root/ros2_ws/install/my_package_by_cmake/share/my_package_by_cmake/environment/ament_prefix_path.dsv
[1.409s] -- Installing: /root/ros2_ws/install/my_package_by_cmake/share/my_package_by_cmake/environment/path.sh
[1.409s] -- Installing: /root/ros2_ws/install/my_package_by_cmake/share/my_package_by_cmake/environment/path.dsv
[1.409s] -- Installing: /root/ros2_ws/install/my_package_by_cmake/share/my_package_by_cmake/local_setup.bash
[1.410s] -- Installing: /root/ros2_ws/install/my_package_by_cmake/share/my_package_by_cmake/local_setup.sh
[1.410s] -- Installing: /root/ros2_ws/install/my_package_by_cmake/share/my_package_by_cmake/local_setup.zsh
[1.410s] -- Installing: /root/ros2_ws/install/my_package_by_cmake/share/my_package_by_cmake/local_setup.dsv
[1.410s] -- Installing: /root/ros2_ws/install/my_package_by_cmake/share/my_package_by_cmake/package.dsv
[1.411s] -- Installing: /root/ros2_ws/install/my_package_by_cmake/share/ament_index/resource_index/packages/my_package_by_cmake
[1.412s] -- Installing: /root/ros2_ws/install/my_package_by_cmake/share/my_package_by_cmake/cmake/my_package_by_cmakeConfig.cmake
[1.413s] -- Installing: /root/ros2_ws/install/my_package_by_cmake/share/my_package_by_cmake/cmake/my_package_by_cmakeConfig-version.cmake
[1.413s] -- Installing: /root/ros2_ws/install/my_package_by_cmake/share/my_package_by_cmake/package.xml
[1.418s] Invoked command in '/root/ros2_ws/build/my_package_by_cmake' returned '0': CMAKE_PREFIX_PATH=/opt/ros/iron /usr/bin/cmake --install /root/ros2_ws/build/my_package_by_cmake
