[0.828s] Invoking command in '/root/ros2_ws/build/examples_rclpy_minimal_service': PYTHONPATH=/root/ros2_ws/build/examples_rclpy_minimal_service/prefix_override:/root/ros2_ws/install/examples_rclpy_minimal_service/lib/python3.10/site-packages:${PYTHONPATH} /usr/bin/python3 setup.py develop --editable --build-directory /root/ros2_ws/build/examples_rclpy_minimal_service/build --no-deps install_data
[1.178s] running develop
[1.178s] /usr/lib/python3/dist-packages/setuptools/command/easy_install.py:158: EasyInstallDeprecationWarning: easy_install command is deprecated. Use build and pip and other standards-based tools.
[1.178s]   warnings.warn(
[1.181s] /usr/lib/python3/dist-packages/setuptools/command/install.py:34: SetuptoolsDeprecationWarning: setup.py install is deprecated. Use build and pip and other standards-based tools.
[1.181s]   warnings.warn(
[1.466s] running egg_info
[1.467s] creating examples_rclpy_minimal_service.egg-info
[1.479s] writing examples_rclpy_minimal_service.egg-info/PKG-INFO
[1.480s] writing dependency_links to examples_rclpy_minimal_service.egg-info/dependency_links.txt
[1.480s] writing entry points to examples_rclpy_minimal_service.egg-info/entry_points.txt
[1.481s] writing requirements to examples_rclpy_minimal_service.egg-info/requires.txt
[1.481s] writing top-level names to examples_rclpy_minimal_service.egg-info/top_level.txt
[1.481s] writing manifest file 'examples_rclpy_minimal_service.egg-info/SOURCES.txt'
[1.483s] reading manifest file 'examples_rclpy_minimal_service.egg-info/SOURCES.txt'
[1.495s] writing manifest file 'examples_rclpy_minimal_service.egg-info/SOURCES.txt'
[1.497s] running build_ext
[1.497s] Creating /root/ros2_ws/install/examples_rclpy_minimal_service/lib/python3.10/site-packages/examples-rclpy-minimal-service.egg-link (link to .)
[1.499s] Installing service script to /root/ros2_ws/install/examples_rclpy_minimal_service/lib/examples_rclpy_minimal_service
[1.499s] Installing service_member_function script to /root/ros2_ws/install/examples_rclpy_minimal_service/lib/examples_rclpy_minimal_service
[1.500s] 
[1.500s] Installed /root/ros2_ws/build/examples_rclpy_minimal_service
[1.500s] running install_data
[1.501s] creating /root/ros2_ws/install/examples_rclpy_minimal_service/share/ament_index
[1.514s] creating /root/ros2_ws/install/examples_rclpy_minimal_service/share/ament_index/resource_index
[1.514s] creating /root/ros2_ws/install/examples_rclpy_minimal_service/share/ament_index/resource_index/packages
[1.515s] copying resource/examples_rclpy_minimal_service -> /root/ros2_ws/install/examples_rclpy_minimal_service/share/ament_index/resource_index/packages
[1.515s] copying package.xml -> /root/ros2_ws/install/examples_rclpy_minimal_service/share/examples_rclpy_minimal_service
[1.690s] Invoked command in '/root/ros2_ws/build/examples_rclpy_minimal_service' returned '0': PYTHONPATH=/root/ros2_ws/build/examples_rclpy_minimal_service/prefix_override:/root/ros2_ws/install/examples_rclpy_minimal_service/lib/python3.10/site-packages:${PYTHONPATH} /usr/bin/python3 setup.py develop --editable --build-directory /root/ros2_ws/build/examples_rclpy_minimal_service/build --no-deps install_data
