[0.000000] (-) TimerEvent: {}
[0.014493] (turtlesim) JobQueued: {'identifier': 'turtlesim', 'dependencies': OrderedDict()}
[0.015067] (turtlesim) JobStarted: {'identifier': 'turtlesim'}
[0.018136] (turtlesim) JobProgress: {'identifier': 'turtlesim', 'progress': 'cmake'}
[0.019222] (turtlesim) JobProgress: {'identifier': 'turtlesim', 'progress': 'build'}
[0.020478] (turtlesim) Command: {'cmd': ['/usr/bin/cmake', '--build', '/root/ros2_ws/build/turtlesim', '--', '-j4', '-l4'], 'cwd': '/root/ros2_ws/build/turtlesim', 'env': OrderedDict([('HOSTNAME', 'da7126bc58c0'), ('SHLVL', '1'), ('LD_LIBRARY_PATH', '/opt/ros/iron/opt/rviz_ogre_vendor/lib:/opt/ros/iron/lib/x86_64-linux-gnu:/opt/ros/iron/lib'), ('HOME', '/root'), ('OLDPWD', '/'), ('ROS_PYTHON_VERSION', '3'), ('ROS_DISTRO', 'iron'), ('_', '/usr/bin/colcon'), ('ROS_VERSION', '2'), ('TERM', 'xterm'), ('PATH', '/opt/ros/iron/bin:/usr/local/sbin:/usr/local/bin:/usr/sbin:/usr/bin:/sbin:/bin'), ('DISPLAY', ':0'), ('LANG', 'C.UTF-8'), ('AMENT_PREFIX_PATH', '/opt/ros/iron'), ('ROS_AUTOMATIC_DISCOVERY_RANGE', 'SUBNET'), ('PWD', '/root/ros2_ws/build/turtlesim'), ('LC_ALL', 'C.UTF-8'), ('PYTHONPATH', '/opt/ros/iron/lib/python3.10/site-packages'), ('COLCON', '1'), ('CMAKE_PREFIX_PATH', '/opt/ros/iron')]), 'shell': False}
[0.083663] (turtlesim) StdoutLine: {'line': b'[  0%] Built target turtlesim__rosidl_generator_type_description\n'}
[0.097275] (turtlesim) StdoutLine: {'line': b'[  0%] Built target ament_cmake_python_copy_turtlesim\n'}
[0.097749] (-) TimerEvent: {}
[0.107214] (turtlesim) StdoutLine: {'line': b'[  1%] Built target turtlesim__cpp\n'}
[0.116960] (turtlesim) StdoutLine: {'line': b'[ 24%] Built target turtlesim__rosidl_generator_c\n'}
[0.147268] (turtlesim) StdoutLine: {'line': b'[ 32%] Built target turtlesim__rosidl_typesupport_cpp\n'}
[0.147937] (turtlesim) StdoutLine: {'line': b'[ 41%] Built target turtlesim__rosidl_typesupport_fastrtps_c\n'}
[0.161335] (turtlesim) StdoutLine: {'line': b'[ 49%] Built target turtlesim__rosidl_typesupport_fastrtps_cpp\n'}
[0.172446] (turtlesim) StdoutLine: {'line': b'[ 67%] Built target turtlesim__rosidl_typesupport_c\n'}
[0.172736] (turtlesim) StdoutLine: {'line': b'[ 67%] Built target turtlesim__rosidl_typesupport_introspection_c\n'}
[0.196570] (turtlesim) StdoutLine: {'line': b'[ 75%] Built target turtlesim__rosidl_typesupport_introspection_cpp\n'}
[0.197852] (-) TimerEvent: {}
[0.203969] (turtlesim) StdoutLine: {'line': b'[ 77%] Built target turtle_teleop_key\n'}
[0.218169] (turtlesim) StdoutLine: {'line': b'[ 83%] Built target turtlesim_node\n'}
[0.233644] (turtlesim) StdoutLine: {'line': b'[ 84%] Built target draw_square\n'}
[0.235833] (turtlesim) StdoutLine: {'line': b'[ 86%] Built target mimic\n'}
[0.246924] (turtlesim) StdoutLine: {'line': b'[ 86%] Built target turtlesim\n'}
[0.268164] (turtlesim) StdoutLine: {'line': b'[ 86%] Built target turtlesim__py\n'}
[0.296289] (turtlesim) StdoutLine: {'line': b'[ 94%] Built target turtlesim__rosidl_generator_py\n'}
[0.297948] (-) TimerEvent: {}
[0.320594] (turtlesim) StdoutLine: {'line': b'[ 96%] Built target turtlesim__rosidl_typesupport_introspection_c__pyext\n'}
[0.322464] (turtlesim) StdoutLine: {'line': b'[ 98%] Built target turtlesim__rosidl_typesupport_fastrtps_c__pyext\n'}
[0.323688] (turtlesim) StdoutLine: {'line': b'[100%] Built target turtlesim__rosidl_typesupport_c__pyext\n'}
[0.396227] (turtlesim) StdoutLine: {'line': b'running egg_info\n'}
[0.397254] (turtlesim) StdoutLine: {'line': b'writing turtlesim.egg-info/PKG-INFO\n'}
[0.398051] (turtlesim) StdoutLine: {'line': b'writing dependency_links to turtlesim.egg-info/dependency_links.txt\n'}
[0.398248] (-) TimerEvent: {}
[0.398399] (turtlesim) StdoutLine: {'line': b'writing top-level names to turtlesim.egg-info/top_level.txt\n'}
[0.401441] (turtlesim) StdoutLine: {'line': b"reading manifest file 'turtlesim.egg-info/SOURCES.txt'\n"}
[0.402446] (turtlesim) StdoutLine: {'line': b"writing manifest file 'turtlesim.egg-info/SOURCES.txt'\n"}
[0.431169] (turtlesim) StdoutLine: {'line': b'[100%] Built target ament_cmake_python_build_turtlesim_egg\n'}
[0.443956] (turtlesim) CommandEnded: {'returncode': 0}
[0.498434] (-) TimerEvent: {}
[0.599609] (-) TimerEvent: {}
[0.700097] (-) TimerEvent: {}
[0.759688] (turtlesim) JobProgress: {'identifier': 'turtlesim', 'progress': 'install'}
[0.768774] (turtlesim) Command: {'cmd': ['/usr/bin/cmake', '--install', '/root/ros2_ws/build/turtlesim'], 'cwd': '/root/ros2_ws/build/turtlesim', 'env': OrderedDict([('HOSTNAME', 'da7126bc58c0'), ('SHLVL', '1'), ('LD_LIBRARY_PATH', '/opt/ros/iron/opt/rviz_ogre_vendor/lib:/opt/ros/iron/lib/x86_64-linux-gnu:/opt/ros/iron/lib'), ('HOME', '/root'), ('OLDPWD', '/'), ('ROS_PYTHON_VERSION', '3'), ('ROS_DISTRO', 'iron'), ('_', '/usr/bin/colcon'), ('ROS_VERSION', '2'), ('TERM', 'xterm'), ('PATH', '/opt/ros/iron/bin:/usr/local/sbin:/usr/local/bin:/usr/sbin:/usr/bin:/sbin:/bin'), ('DISPLAY', ':0'), ('LANG', 'C.UTF-8'), ('AMENT_PREFIX_PATH', '/opt/ros/iron'), ('ROS_AUTOMATIC_DISCOVERY_RANGE', 'SUBNET'), ('PWD', '/root/ros2_ws/build/turtlesim'), ('LC_ALL', 'C.UTF-8'), ('PYTHONPATH', '/opt/ros/iron/lib/python3.10/site-packages'), ('COLCON', '1'), ('CMAKE_PREFIX_PATH', '/opt/ros/iron')]), 'shell': False}
[0.777944] (turtlesim) StdoutLine: {'line': b'-- Install configuration: ""\n'}
[0.779059] (turtlesim) StdoutLine: {'line': b'-- Up-to-date: /root/ros2_ws/install/turtlesim/share/ament_index/resource_index/rosidl_interfaces/turtlesim\n'}
[0.779212] (turtlesim) StdoutLine: {'line': b'-- Up-to-date: /root/ros2_ws/install/turtlesim/share/turtlesim/action/RotateAbsolute.json\n'}
[0.779303] (turtlesim) StdoutLine: {'line': b'-- Up-to-date: /root/ros2_ws/install/turtlesim/share/turtlesim/msg/Color.json\n'}
[0.779386] (turtlesim) StdoutLine: {'line': b'-- Up-to-date: /root/ros2_ws/install/turtlesim/share/turtlesim/msg/Pose.json\n'}
[0.779467] (turtlesim) StdoutLine: {'line': b'-- Up-to-date: /root/ros2_ws/install/turtlesim/share/turtlesim/srv/Kill.json\n'}
[0.779609] (turtlesim) StdoutLine: {'line': b'-- Up-to-date: /root/ros2_ws/install/turtlesim/share/turtlesim/srv/SetPen.json\n'}
[0.779697] (turtlesim) StdoutLine: {'line': b'-- Up-to-date: /root/ros2_ws/install/turtlesim/share/turtlesim/srv/Spawn.json\n'}
[0.779777] (turtlesim) StdoutLine: {'line': b'-- Up-to-date: /root/ros2_ws/install/turtlesim/share/turtlesim/srv/TeleportAbsolute.json\n'}
[0.779856] (turtlesim) StdoutLine: {'line': b'-- Up-to-date: /root/ros2_ws/install/turtlesim/share/turtlesim/srv/TeleportRelative.json\n'}
[0.779934] (turtlesim) StdoutLine: {'line': b'-- Up-to-date: /root/ros2_ws/install/turtlesim/include/turtlesim/turtlesim\n'}
[0.780013] (turtlesim) StdoutLine: {'line': b'-- Up-to-date: /root/ros2_ws/install/turtlesim/include/turtlesim/turtlesim/msg\n'}
[0.780092] (turtlesim) StdoutLine: {'line': b'-- Up-to-date: /root/ros2_ws/install/turtlesim/include/turtlesim/turtlesim/msg/color.h\n'}
[0.780171] (turtlesim) StdoutLine: {'line': b'-- Up-to-date: /root/ros2_ws/install/turtlesim/include/turtlesim/turtlesim/msg/rosidl_generator_c__visibility_control.h\n'}
[0.780250] (turtlesim) StdoutLine: {'line': b'-- Up-to-date: /root/ros2_ws/install/turtlesim/include/turtlesim/turtlesim/msg/detail\n'}
[0.780328] (turtlesim) StdoutLine: {'line': b'-- Installing: /root/ros2_ws/install/turtlesim/include/turtlesim/turtlesim/msg/detail/color__type_support.c\n'}
[0.780833] (turtlesim) StdoutLine: {'line': b'-- Up-to-date: /root/ros2_ws/install/turtlesim/include/turtlesim/turtlesim/msg/detail/pose__functions.c\n'}
[0.780983] (turtlesim) StdoutLine: {'line': b'-- Up-to-date: /root/ros2_ws/install/turtlesim/include/turtlesim/turtlesim/msg/detail/pose__functions.h\n'}
[0.781073] (turtlesim) StdoutLine: {'line': b'-- Up-to-date: /root/ros2_ws/install/turtlesim/include/turtlesim/turtlesim/msg/detail/pose__description.c\n'}
[0.781156] (turtlesim) StdoutLine: {'line': b'-- Installing: /root/ros2_ws/install/turtlesim/include/turtlesim/turtlesim/msg/detail/pose__type_support.c\n'}
[0.781236] (turtlesim) StdoutLine: {'line': b'-- Up-to-date: /root/ros2_ws/install/turtlesim/include/turtlesim/turtlesim/msg/detail/color__type_support.h\n'}
[0.781322] (turtlesim) StdoutLine: {'line': b'-- Up-to-date: /root/ros2_ws/install/turtlesim/include/turtlesim/turtlesim/msg/detail/color__description.c\n'}
[0.781407] (turtlesim) StdoutLine: {'line': b'-- Up-to-date: /root/ros2_ws/install/turtlesim/include/turtlesim/turtlesim/msg/detail/color__functions.c\n'}
[0.781485] (turtlesim) StdoutLine: {'line': b'-- Up-to-date: /root/ros2_ws/install/turtlesim/include/turtlesim/turtlesim/msg/detail/color__struct.h\n'}
[0.781661] (turtlesim) StdoutLine: {'line': b'-- Up-to-date: /root/ros2_ws/install/turtlesim/include/turtlesim/turtlesim/msg/detail/pose__type_support.h\n'}
[0.781757] (turtlesim) StdoutLine: {'line': b'-- Up-to-date: /root/ros2_ws/install/turtlesim/include/turtlesim/turtlesim/msg/detail/pose__struct.h\n'}
[0.781840] (turtlesim) StdoutLine: {'line': b'-- Up-to-date: /root/ros2_ws/install/turtlesim/include/turtlesim/turtlesim/msg/detail/color__functions.h\n'}
[0.781920] (turtlesim) StdoutLine: {'line': b'-- Up-to-date: /root/ros2_ws/install/turtlesim/include/turtlesim/turtlesim/msg/pose.h\n'}
[0.782000] (turtlesim) StdoutLine: {'line': b'-- Up-to-date: /root/ros2_ws/install/turtlesim/include/turtlesim/turtlesim/action\n'}
[0.782080] (turtlesim) StdoutLine: {'line': b'-- Up-to-date: /root/ros2_ws/install/turtlesim/include/turtlesim/turtlesim/action/detail\n'}
[0.782174] (turtlesim) StdoutLine: {'line': b'-- Up-to-date: /root/ros2_ws/install/turtlesim/include/turtlesim/turtlesim/action/detail/rotate_absolute__description.c\n'}
[0.782254] (turtlesim) StdoutLine: {'line': b'-- Installing: /root/ros2_ws/install/turtlesim/include/turtlesim/turtlesim/action/detail/rotate_absolute__type_support.c\n'}
[0.782331] (turtlesim) StdoutLine: {'line': b'-- Up-to-date: /root/ros2_ws/install/turtlesim/include/turtlesim/turtlesim/action/detail/rotate_absolute__struct.h\n'}
[0.782410] (turtlesim) StdoutLine: {'line': b'-- Up-to-date: /root/ros2_ws/install/turtlesim/include/turtlesim/turtlesim/action/detail/rotate_absolute__type_support.h\n'}
[0.782488] (turtlesim) StdoutLine: {'line': b'-- Up-to-date: /root/ros2_ws/install/turtlesim/include/turtlesim/turtlesim/action/detail/rotate_absolute__functions.c\n'}
[0.782647] (turtlesim) StdoutLine: {'line': b'-- Up-to-date: /root/ros2_ws/install/turtlesim/include/turtlesim/turtlesim/action/detail/rotate_absolute__functions.h\n'}
[0.782774] (turtlesim) StdoutLine: {'line': b'-- Up-to-date: /root/ros2_ws/install/turtlesim/include/turtlesim/turtlesim/action/rotate_absolute.h\n'}
[0.782861] (turtlesim) StdoutLine: {'line': b'-- Up-to-date: /root/ros2_ws/install/turtlesim/include/turtlesim/turtlesim/srv\n'}
[0.782942] (turtlesim) StdoutLine: {'line': b'-- Up-to-date: /root/ros2_ws/install/turtlesim/include/turtlesim/turtlesim/srv/teleport_relative.h\n'}
[0.783021] (turtlesim) StdoutLine: {'line': b'-- Up-to-date: /root/ros2_ws/install/turtlesim/include/turtlesim/turtlesim/srv/kill.h\n'}
[0.783099] (turtlesim) StdoutLine: {'line': b'-- Up-to-date: /root/ros2_ws/install/turtlesim/include/turtlesim/turtlesim/srv/spawn.h\n'}
[0.783178] (turtlesim) StdoutLine: {'line': b'-- Up-to-date: /root/ros2_ws/install/turtlesim/include/turtlesim/turtlesim/srv/teleport_absolute.h\n'}
[0.783256] (turtlesim) StdoutLine: {'line': b'-- Up-to-date: /root/ros2_ws/install/turtlesim/include/turtlesim/turtlesim/srv/detail\n'}
[0.783334] (turtlesim) StdoutLine: {'line': b'-- Installing: /root/ros2_ws/install/turtlesim/include/turtlesim/turtlesim/srv/detail/kill__type_support.c\n'}
[0.783897] (turtlesim) StdoutLine: {'line': b'-- Up-to-date: /root/ros2_ws/install/turtlesim/include/turtlesim/turtlesim/srv/detail/set_pen__struct.h\n'}
[0.784028] (turtlesim) StdoutLine: {'line': b'-- Up-to-date: /root/ros2_ws/install/turtlesim/include/turtlesim/turtlesim/srv/detail/spawn__functions.c\n'}
[0.784113] (turtlesim) StdoutLine: {'line': b'-- Up-to-date: /root/ros2_ws/install/turtlesim/include/turtlesim/turtlesim/srv/detail/set_pen__type_support.h\n'}
[0.784194] (turtlesim) StdoutLine: {'line': b'-- Up-to-date: /root/ros2_ws/install/turtlesim/include/turtlesim/turtlesim/srv/detail/teleport_absolute__struct.h\n'}
[0.784283] (turtlesim) StdoutLine: {'line': b'-- Up-to-date: /root/ros2_ws/install/turtlesim/include/turtlesim/turtlesim/srv/detail/set_pen__description.c\n'}
[0.784362] (turtlesim) StdoutLine: {'line': b'-- Up-to-date: /root/ros2_ws/install/turtlesim/include/turtlesim/turtlesim/srv/detail/kill__type_support.h\n'}
[0.784441] (turtlesim) StdoutLine: {'line': b'-- Up-to-date: /root/ros2_ws/install/turtlesim/include/turtlesim/turtlesim/srv/detail/spawn__struct.h\n'}
[0.784561] (turtlesim) StdoutLine: {'line': b'-- Installing: /root/ros2_ws/install/turtlesim/include/turtlesim/turtlesim/srv/detail/teleport_absolute__type_support.c\n'}
[0.784677] (turtlesim) StdoutLine: {'line': b'-- Up-to-date: /root/ros2_ws/install/turtlesim/include/turtlesim/turtlesim/srv/detail/set_pen__functions.c\n'}
[0.784759] (turtlesim) StdoutLine: {'line': b'-- Up-to-date: /root/ros2_ws/install/turtlesim/include/turtlesim/turtlesim/srv/detail/kill__struct.h\n'}
[0.784839] (turtlesim) StdoutLine: {'line': b'-- Up-to-date: /root/ros2_ws/install/turtlesim/include/turtlesim/turtlesim/srv/detail/kill__functions.c\n'}
[0.784918] (turtlesim) StdoutLine: {'line': b'-- Up-to-date: /root/ros2_ws/install/turtlesim/include/turtlesim/turtlesim/srv/detail/teleport_absolute__description.c\n'}
[0.785022] (turtlesim) StdoutLine: {'line': b'-- Installing: /root/ros2_ws/install/turtlesim/include/turtlesim/turtlesim/srv/detail/set_pen__type_support.c\n'}
[0.785109] (turtlesim) StdoutLine: {'line': b'-- Up-to-date: /root/ros2_ws/install/turtlesim/include/turtlesim/turtlesim/srv/detail/set_pen__functions.h\n'}
[0.785189] (turtlesim) StdoutLine: {'line': b'-- Up-to-date: /root/ros2_ws/install/turtlesim/include/turtlesim/turtlesim/srv/detail/spawn__description.c\n'}
[0.785466] (turtlesim) StdoutLine: {'line': b'-- Up-to-date: /root/ros2_ws/install/turtlesim/include/turtlesim/turtlesim/srv/detail/teleport_absolute__functions.c\n'}
[0.785595] (turtlesim) StdoutLine: {'line': b'-- Up-to-date: /root/ros2_ws/install/turtlesim/include/turtlesim/turtlesim/srv/detail/kill__description.c\n'}
[0.785711] (turtlesim) StdoutLine: {'line': b'-- Up-to-date: /root/ros2_ws/install/turtlesim/include/turtlesim/turtlesim/srv/detail/spawn__type_support.h\n'}
[0.785798] (turtlesim) StdoutLine: {'line': b'-- Up-to-date: /root/ros2_ws/install/turtlesim/include/turtlesim/turtlesim/srv/detail/teleport_absolute__type_support.h\n'}
[0.785878] (turtlesim) StdoutLine: {'line': b'-- Installing: /root/ros2_ws/install/turtlesim/include/turtlesim/turtlesim/srv/detail/spawn__type_support.c\n'}
[0.785956] (turtlesim) StdoutLine: {'line': b'-- Up-to-date: /root/ros2_ws/install/turtlesim/include/turtlesim/turtlesim/srv/detail/teleport_absolute__functions.h\n'}
[0.786035] (turtlesim) StdoutLine: {'line': b'-- Up-to-date: /root/ros2_ws/install/turtlesim/include/turtlesim/turtlesim/srv/detail/teleport_relative__functions.h\n'}
[0.786113] (turtlesim) StdoutLine: {'line': b'-- Up-to-date: /root/ros2_ws/install/turtlesim/include/turtlesim/turtlesim/srv/detail/kill__functions.h\n'}
[0.786191] (turtlesim) StdoutLine: {'line': b'-- Up-to-date: /root/ros2_ws/install/turtlesim/include/turtlesim/turtlesim/srv/detail/teleport_relative__struct.h\n'}
[0.786281] (turtlesim) StdoutLine: {'line': b'-- Up-to-date: /root/ros2_ws/install/turtlesim/include/turtlesim/turtlesim/srv/detail/teleport_relative__description.c\n'}
[0.786365] (turtlesim) StdoutLine: {'line': b'-- Up-to-date: /root/ros2_ws/install/turtlesim/include/turtlesim/turtlesim/srv/detail/spawn__functions.h\n'}
[0.786447] (turtlesim) StdoutLine: {'line': b'-- Installing: /root/ros2_ws/install/turtlesim/include/turtlesim/turtlesim/srv/detail/teleport_relative__type_support.c\n'}
[0.786575] (turtlesim) StdoutLine: {'line': b'-- Up-to-date: /root/ros2_ws/install/turtlesim/include/turtlesim/turtlesim/srv/detail/teleport_relative__type_support.h\n'}
[0.786663] (turtlesim) StdoutLine: {'line': b'-- Up-to-date: /root/ros2_ws/install/turtlesim/include/turtlesim/turtlesim/srv/detail/teleport_relative__functions.c\n'}
[0.786744] (turtlesim) StdoutLine: {'line': b'-- Up-to-date: /root/ros2_ws/install/turtlesim/include/turtlesim/turtlesim/srv/set_pen.h\n'}
[0.786829] (turtlesim) StdoutLine: {'line': b'-- Up-to-date: /root/ros2_ws/install/turtlesim/share/turtlesim/environment/library_path.sh\n'}
[0.786908] (turtlesim) StdoutLine: {'line': b'-- Up-to-date: /root/ros2_ws/install/turtlesim/share/turtlesim/environment/library_path.dsv\n'}
[0.786986] (turtlesim) StdoutLine: {'line': b'-- Up-to-date: /root/ros2_ws/install/turtlesim/lib/libturtlesim__rosidl_generator_c.so\n'}
[0.787065] (turtlesim) StdoutLine: {'line': b'-- Up-to-date: /root/ros2_ws/install/turtlesim/include/turtlesim/turtlesim\n'}
[0.787143] (turtlesim) StdoutLine: {'line': b'-- Up-to-date: /root/ros2_ws/install/turtlesim/include/turtlesim/turtlesim/msg\n'}
[0.787220] (turtlesim) StdoutLine: {'line': b'-- Up-to-date: /root/ros2_ws/install/turtlesim/include/turtlesim/turtlesim/msg/rosidl_typesupport_fastrtps_c__visibility_control.h\n'}
[0.787300] (turtlesim) StdoutLine: {'line': b'-- Up-to-date: /root/ros2_ws/install/turtlesim/include/turtlesim/turtlesim/msg/detail\n'}
[0.787377] (turtlesim) StdoutLine: {'line': b'-- Up-to-date: /root/ros2_ws/install/turtlesim/include/turtlesim/turtlesim/msg/detail/color__rosidl_typesupport_fastrtps_c.h\n'}
[0.787455] (turtlesim) StdoutLine: {'line': b'-- Up-to-date: /root/ros2_ws/install/turtlesim/include/turtlesim/turtlesim/msg/detail/pose__rosidl_typesupport_fastrtps_c.h\n'}
[0.787586] (turtlesim) StdoutLine: {'line': b'-- Up-to-date: /root/ros2_ws/install/turtlesim/include/turtlesim/turtlesim/action\n'}
[0.787674] (turtlesim) StdoutLine: {'line': b'-- Up-to-date: /root/ros2_ws/install/turtlesim/include/turtlesim/turtlesim/action/detail\n'}
[0.787755] (turtlesim) StdoutLine: {'line': b'-- Up-to-date: /root/ros2_ws/install/turtlesim/include/turtlesim/turtlesim/action/detail/rotate_absolute__rosidl_typesupport_fastrtps_c.h\n'}
[0.787837] (turtlesim) StdoutLine: {'line': b'-- Up-to-date: /root/ros2_ws/install/turtlesim/include/turtlesim/turtlesim/srv\n'}
[0.787916] (turtlesim) StdoutLine: {'line': b'-- Up-to-date: /root/ros2_ws/install/turtlesim/include/turtlesim/turtlesim/srv/detail\n'}
[0.787994] (turtlesim) StdoutLine: {'line': b'-- Up-to-date: /root/ros2_ws/install/turtlesim/include/turtlesim/turtlesim/srv/detail/set_pen__rosidl_typesupport_fastrtps_c.h\n'}
[0.788071] (turtlesim) StdoutLine: {'line': b'-- Up-to-date: /root/ros2_ws/install/turtlesim/include/turtlesim/turtlesim/srv/detail/teleport_absolute__rosidl_typesupport_fastrtps_c.h\n'}
[0.788149] (turtlesim) StdoutLine: {'line': b'-- Up-to-date: /root/ros2_ws/install/turtlesim/include/turtlesim/turtlesim/srv/detail/teleport_relative__rosidl_typesupport_fastrtps_c.h\n'}
[0.788226] (turtlesim) StdoutLine: {'line': b'-- Up-to-date: /root/ros2_ws/install/turtlesim/include/turtlesim/turtlesim/srv/detail/kill__rosidl_typesupport_fastrtps_c.h\n'}
[0.788311] (turtlesim) StdoutLine: {'line': b'-- Up-to-date: /root/ros2_ws/install/turtlesim/include/turtlesim/turtlesim/srv/detail/spawn__rosidl_typesupport_fastrtps_c.h\n'}
[0.788390] (turtlesim) StdoutLine: {'line': b'-- Up-to-date: /root/ros2_ws/install/turtlesim/lib/libturtlesim__rosidl_typesupport_fastrtps_c.so\n'}
[0.788467] (turtlesim) StdoutLine: {'line': b'-- Up-to-date: /root/ros2_ws/install/turtlesim/include/turtlesim/turtlesim\n'}
[0.788600] (turtlesim) StdoutLine: {'line': b'-- Up-to-date: /root/ros2_ws/install/turtlesim/include/turtlesim/turtlesim/msg\n'}
[0.788685] (turtlesim) StdoutLine: {'line': b'-- Up-to-date: /root/ros2_ws/install/turtlesim/include/turtlesim/turtlesim/msg/pose.hpp\n'}
[0.788766] (turtlesim) StdoutLine: {'line': b'-- Up-to-date: /root/ros2_ws/install/turtlesim/include/turtlesim/turtlesim/msg/color.hpp\n'}
[0.788845] (turtlesim) StdoutLine: {'line': b'-- Up-to-date: /root/ros2_ws/install/turtlesim/include/turtlesim/turtlesim/msg/detail\n'}
[0.788924] (turtlesim) StdoutLine: {'line': b'-- Up-to-date: /root/ros2_ws/install/turtlesim/include/turtlesim/turtlesim/msg/detail/color__traits.hpp\n'}
[0.789005] (turtlesim) StdoutLine: {'line': b'-- Up-to-date: /root/ros2_ws/install/turtlesim/include/turtlesim/turtlesim/msg/detail/color__struct.hpp\n'}
[0.789089] (turtlesim) StdoutLine: {'line': b'-- Up-to-date: /root/ros2_ws/install/turtlesim/include/turtlesim/turtlesim/msg/detail/pose__struct.hpp\n'}
[0.789168] (turtlesim) StdoutLine: {'line': b'-- Up-to-date: /root/ros2_ws/install/turtlesim/include/turtlesim/turtlesim/msg/detail/pose__builder.hpp\n'}
[0.797142] (turtlesim) StdoutLine: {'line': b'-- Up-to-date: /root/ros2_ws/install/turtlesim/include/turtlesim/turtlesim/msg/detail/color__builder.hpp\n'}
[0.797350] (turtlesim) StdoutLine: {'line': b'-- Up-to-date: /root/ros2_ws/install/turtlesim/include/turtlesim/turtlesim/msg/detail/pose__traits.hpp\n'}
[0.797442] (turtlesim) StdoutLine: {'line': b'-- Up-to-date: /root/ros2_ws/install/turtlesim/include/turtlesim/turtlesim/action\n'}
[0.797599] (turtlesim) StdoutLine: {'line': b'-- Up-to-date: /root/ros2_ws/install/turtlesim/include/turtlesim/turtlesim/action/rotate_absolute.hpp\n'}
[0.797692] (turtlesim) StdoutLine: {'line': b'-- Up-to-date: /root/ros2_ws/install/turtlesim/include/turtlesim/turtlesim/action/detail\n'}
[0.797792] (turtlesim) StdoutLine: {'line': b'-- Up-to-date: /root/ros2_ws/install/turtlesim/include/turtlesim/turtlesim/action/detail/rotate_absolute__struct.hpp\n'}
[0.797874] (turtlesim) StdoutLine: {'line': b'-- Up-to-date: /root/ros2_ws/install/turtlesim/include/turtlesim/turtlesim/action/detail/rotate_absolute__traits.hpp\n'}
[0.797954] (turtlesim) StdoutLine: {'line': b'-- Up-to-date: /root/ros2_ws/install/turtlesim/include/turtlesim/turtlesim/action/detail/rotate_absolute__builder.hpp\n'}
[0.798033] (turtlesim) StdoutLine: {'line': b'-- Up-to-date: /root/ros2_ws/install/turtlesim/include/turtlesim/turtlesim/srv\n'}
[0.798111] (turtlesim) StdoutLine: {'line': b'-- Up-to-date: /root/ros2_ws/install/turtlesim/include/turtlesim/turtlesim/srv/teleport_absolute.hpp\n'}
[0.798190] (turtlesim) StdoutLine: {'line': b'-- Up-to-date: /root/ros2_ws/install/turtlesim/include/turtlesim/turtlesim/srv/kill.hpp\n'}
[0.798268] (turtlesim) StdoutLine: {'line': b'-- Up-to-date: /root/ros2_ws/install/turtlesim/include/turtlesim/turtlesim/srv/teleport_relative.hpp\n'}
[0.798346] (turtlesim) StdoutLine: {'line': b'-- Up-to-date: /root/ros2_ws/install/turtlesim/include/turtlesim/turtlesim/srv/set_pen.hpp\n'}
[0.798424] (turtlesim) StdoutLine: {'line': b'-- Up-to-date: /root/ros2_ws/install/turtlesim/include/turtlesim/turtlesim/srv/spawn.hpp\n'}
[0.798519] (turtlesim) StdoutLine: {'line': b'-- Up-to-date: /root/ros2_ws/install/turtlesim/include/turtlesim/turtlesim/srv/detail\n'}
[0.798621] (turtlesim) StdoutLine: {'line': b'-- Up-to-date: /root/ros2_ws/install/turtlesim/include/turtlesim/turtlesim/srv/detail/set_pen__builder.hpp\n'}
[0.798701] (turtlesim) StdoutLine: {'line': b'-- Up-to-date: /root/ros2_ws/install/turtlesim/include/turtlesim/turtlesim/srv/detail/set_pen__struct.hpp\n'}
[0.798781] (turtlesim) StdoutLine: {'line': b'-- Up-to-date: /root/ros2_ws/install/turtlesim/include/turtlesim/turtlesim/srv/detail/spawn__struct.hpp\n'}
[0.798859] (turtlesim) StdoutLine: {'line': b'-- Up-to-date: /root/ros2_ws/install/turtlesim/include/turtlesim/turtlesim/srv/detail/spawn__traits.hpp\n'}
[0.798938] (turtlesim) StdoutLine: {'line': b'-- Up-to-date: /root/ros2_ws/install/turtlesim/include/turtlesim/turtlesim/srv/detail/spawn__builder.hpp\n'}
[0.799015] (turtlesim) StdoutLine: {'line': b'-- Up-to-date: /root/ros2_ws/install/turtlesim/include/turtlesim/turtlesim/srv/detail/teleport_absolute__builder.hpp\n'}
[0.799093] (turtlesim) StdoutLine: {'line': b'-- Up-to-date: /root/ros2_ws/install/turtlesim/include/turtlesim/turtlesim/srv/detail/teleport_absolute__struct.hpp\n'}
[0.799172] (turtlesim) StdoutLine: {'line': b'-- Up-to-date: /root/ros2_ws/install/turtlesim/include/turtlesim/turtlesim/srv/detail/kill__traits.hpp\n'}
[0.799250] (turtlesim) StdoutLine: {'line': b'-- Up-to-date: /root/ros2_ws/install/turtlesim/include/turtlesim/turtlesim/srv/detail/teleport_relative__builder.hpp\n'}
[0.799328] (turtlesim) StdoutLine: {'line': b'-- Up-to-date: /root/ros2_ws/install/turtlesim/include/turtlesim/turtlesim/srv/detail/kill__builder.hpp\n'}
[0.799413] (turtlesim) StdoutLine: {'line': b'-- Up-to-date: /root/ros2_ws/install/turtlesim/include/turtlesim/turtlesim/srv/detail/teleport_absolute__traits.hpp\n'}
[0.799490] (turtlesim) StdoutLine: {'line': b'-- Up-to-date: /root/ros2_ws/install/turtlesim/include/turtlesim/turtlesim/srv/detail/teleport_relative__traits.hpp\n'}
[0.799624] (turtlesim) StdoutLine: {'line': b'-- Up-to-date: /root/ros2_ws/install/turtlesim/include/turtlesim/turtlesim/srv/detail/kill__struct.hpp\n'}
[0.799707] (turtlesim) StdoutLine: {'line': b'-- Up-to-date: /root/ros2_ws/install/turtlesim/include/turtlesim/turtlesim/srv/detail/teleport_relative__struct.hpp\n'}
[0.799787] (turtlesim) StdoutLine: {'line': b'-- Up-to-date: /root/ros2_ws/install/turtlesim/include/turtlesim/turtlesim/srv/detail/set_pen__traits.hpp\n'}
[0.799865] (turtlesim) StdoutLine: {'line': b'-- Up-to-date: /root/ros2_ws/install/turtlesim/include/turtlesim/turtlesim\n'}
[0.799943] (turtlesim) StdoutLine: {'line': b'-- Up-to-date: /root/ros2_ws/install/turtlesim/include/turtlesim/turtlesim/msg\n'}
[0.800020] (turtlesim) StdoutLine: {'line': b'-- Up-to-date: /root/ros2_ws/install/turtlesim/include/turtlesim/turtlesim/msg/rosidl_typesupport_fastrtps_cpp__visibility_control.h\n'}
[0.800095] (-) TimerEvent: {}
[0.800240] (turtlesim) StdoutLine: {'line': b'-- Up-to-date: /root/ros2_ws/install/turtlesim/include/turtlesim/turtlesim/msg/detail\n'}
[0.800343] (turtlesim) StdoutLine: {'line': b'-- Up-to-date: /root/ros2_ws/install/turtlesim/include/turtlesim/turtlesim/msg/detail/dds_fastrtps\n'}
[0.800424] (turtlesim) StdoutLine: {'line': b'-- Up-to-date: /root/ros2_ws/install/turtlesim/include/turtlesim/turtlesim/msg/detail/pose__rosidl_typesupport_fastrtps_cpp.hpp\n'}
[0.800520] (turtlesim) StdoutLine: {'line': b'-- Up-to-date: /root/ros2_ws/install/turtlesim/include/turtlesim/turtlesim/msg/detail/color__rosidl_typesupport_fastrtps_cpp.hpp\n'}
[0.800618] (turtlesim) StdoutLine: {'line': b'-- Up-to-date: /root/ros2_ws/install/turtlesim/include/turtlesim/turtlesim/action\n'}
[0.800698] (turtlesim) StdoutLine: {'line': b'-- Up-to-date: /root/ros2_ws/install/turtlesim/include/turtlesim/turtlesim/action/detail\n'}
[0.800776] (turtlesim) StdoutLine: {'line': b'-- Up-to-date: /root/ros2_ws/install/turtlesim/include/turtlesim/turtlesim/action/detail/rotate_absolute__rosidl_typesupport_fastrtps_cpp.hpp\n'}
[0.800855] (turtlesim) StdoutLine: {'line': b'-- Up-to-date: /root/ros2_ws/install/turtlesim/include/turtlesim/turtlesim/action/detail/dds_fastrtps\n'}
[0.800932] (turtlesim) StdoutLine: {'line': b'-- Up-to-date: /root/ros2_ws/install/turtlesim/include/turtlesim/turtlesim/srv\n'}
[0.801010] (turtlesim) StdoutLine: {'line': b'-- Up-to-date: /root/ros2_ws/install/turtlesim/include/turtlesim/turtlesim/srv/detail\n'}
[0.801087] (turtlesim) StdoutLine: {'line': b'-- Up-to-date: /root/ros2_ws/install/turtlesim/include/turtlesim/turtlesim/srv/detail/teleport_relative__rosidl_typesupport_fastrtps_cpp.hpp\n'}
[0.801178] (turtlesim) StdoutLine: {'line': b'-- Up-to-date: /root/ros2_ws/install/turtlesim/include/turtlesim/turtlesim/srv/detail/kill__rosidl_typesupport_fastrtps_cpp.hpp\n'}
[0.801256] (turtlesim) StdoutLine: {'line': b'-- Up-to-date: /root/ros2_ws/install/turtlesim/include/turtlesim/turtlesim/srv/detail/dds_fastrtps\n'}
[0.801334] (turtlesim) StdoutLine: {'line': b'-- Up-to-date: /root/ros2_ws/install/turtlesim/include/turtlesim/turtlesim/srv/detail/set_pen__rosidl_typesupport_fastrtps_cpp.hpp\n'}
[0.801410] (turtlesim) StdoutLine: {'line': b'-- Up-to-date: /root/ros2_ws/install/turtlesim/include/turtlesim/turtlesim/srv/detail/spawn__rosidl_typesupport_fastrtps_cpp.hpp\n'}
[0.801487] (turtlesim) StdoutLine: {'line': b'-- Up-to-date: /root/ros2_ws/install/turtlesim/include/turtlesim/turtlesim/srv/detail/teleport_absolute__rosidl_typesupport_fastrtps_cpp.hpp\n'}
[0.801602] (turtlesim) StdoutLine: {'line': b'-- Up-to-date: /root/ros2_ws/install/turtlesim/lib/libturtlesim__rosidl_typesupport_fastrtps_cpp.so\n'}
[0.801693] (turtlesim) StdoutLine: {'line': b'-- Up-to-date: /root/ros2_ws/install/turtlesim/include/turtlesim/turtlesim\n'}
[0.801773] (turtlesim) StdoutLine: {'line': b'-- Up-to-date: /root/ros2_ws/install/turtlesim/include/turtlesim/turtlesim/msg\n'}
[0.801852] (turtlesim) StdoutLine: {'line': b'-- Up-to-date: /root/ros2_ws/install/turtlesim/include/turtlesim/turtlesim/msg/rosidl_typesupport_introspection_c__visibility_control.h\n'}
[0.801963] (turtlesim) StdoutLine: {'line': b'-- Up-to-date: /root/ros2_ws/install/turtlesim/include/turtlesim/turtlesim/msg/detail\n'}
[0.802045] (turtlesim) StdoutLine: {'line': b'-- Installing: /root/ros2_ws/install/turtlesim/include/turtlesim/turtlesim/msg/detail/color__type_support.c\n'}
[0.802124] (turtlesim) StdoutLine: {'line': b'-- Installing: /root/ros2_ws/install/turtlesim/include/turtlesim/turtlesim/msg/detail/pose__type_support.c\n'}
[0.802717] (turtlesim) StdoutLine: {'line': b'-- Up-to-date: /root/ros2_ws/install/turtlesim/include/turtlesim/turtlesim/msg/detail/color__rosidl_typesupport_introspection_c.h\n'}
[0.803108] (turtlesim) StdoutLine: {'line': b'-- Up-to-date: /root/ros2_ws/install/turtlesim/include/turtlesim/turtlesim/msg/detail/pose__rosidl_typesupport_introspection_c.h\n'}
[0.803204] (turtlesim) StdoutLine: {'line': b'-- Up-to-date: /root/ros2_ws/install/turtlesim/include/turtlesim/turtlesim/action\n'}
[0.803293] (turtlesim) StdoutLine: {'line': b'-- Up-to-date: /root/ros2_ws/install/turtlesim/include/turtlesim/turtlesim/action/detail\n'}
[0.803380] (turtlesim) StdoutLine: {'line': b'-- Installing: /root/ros2_ws/install/turtlesim/include/turtlesim/turtlesim/action/detail/rotate_absolute__type_support.c\n'}
[0.803468] (turtlesim) StdoutLine: {'line': b'-- Up-to-date: /root/ros2_ws/install/turtlesim/include/turtlesim/turtlesim/action/detail/rotate_absolute__rosidl_typesupport_introspection_c.h\n'}
[0.803596] (turtlesim) StdoutLine: {'line': b'-- Up-to-date: /root/ros2_ws/install/turtlesim/include/turtlesim/turtlesim/srv\n'}
[0.803682] (turtlesim) StdoutLine: {'line': b'-- Up-to-date: /root/ros2_ws/install/turtlesim/include/turtlesim/turtlesim/srv/detail\n'}
[0.803763] (turtlesim) StdoutLine: {'line': b'-- Installing: /root/ros2_ws/install/turtlesim/include/turtlesim/turtlesim/srv/detail/kill__type_support.c\n'}
[0.803841] (turtlesim) StdoutLine: {'line': b'-- Up-to-date: /root/ros2_ws/install/turtlesim/include/turtlesim/turtlesim/srv/detail/spawn__rosidl_typesupport_introspection_c.h\n'}
[0.803918] (turtlesim) StdoutLine: {'line': b'-- Up-to-date: /root/ros2_ws/install/turtlesim/include/turtlesim/turtlesim/srv/detail/teleport_relative__rosidl_typesupport_introspection_c.h\n'}
[0.803994] (turtlesim) StdoutLine: {'line': b'-- Up-to-date: /root/ros2_ws/install/turtlesim/include/turtlesim/turtlesim/srv/detail/kill__rosidl_typesupport_introspection_c.h\n'}
[0.804071] (turtlesim) StdoutLine: {'line': b'-- Installing: /root/ros2_ws/install/turtlesim/include/turtlesim/turtlesim/srv/detail/teleport_absolute__type_support.c\n'}
[0.804147] (turtlesim) StdoutLine: {'line': b'-- Installing: /root/ros2_ws/install/turtlesim/include/turtlesim/turtlesim/srv/detail/set_pen__type_support.c\n'}
[0.804223] (turtlesim) StdoutLine: {'line': b'-- Installing: /root/ros2_ws/install/turtlesim/include/turtlesim/turtlesim/srv/detail/spawn__type_support.c\n'}
[0.804299] (turtlesim) StdoutLine: {'line': b'-- Up-to-date: /root/ros2_ws/install/turtlesim/include/turtlesim/turtlesim/srv/detail/set_pen__rosidl_typesupport_introspection_c.h\n'}
[0.804375] (turtlesim) StdoutLine: {'line': b'-- Up-to-date: /root/ros2_ws/install/turtlesim/include/turtlesim/turtlesim/srv/detail/teleport_absolute__rosidl_typesupport_introspection_c.h\n'}
[0.804451] (turtlesim) StdoutLine: {'line': b'-- Installing: /root/ros2_ws/install/turtlesim/include/turtlesim/turtlesim/srv/detail/teleport_relative__type_support.c\n'}
[0.804555] (turtlesim) StdoutLine: {'line': b'-- Up-to-date: /root/ros2_ws/install/turtlesim/lib/libturtlesim__rosidl_typesupport_introspection_c.so\n'}
[0.804644] (turtlesim) StdoutLine: {'line': b'-- Up-to-date: /root/ros2_ws/install/turtlesim/lib/libturtlesim__rosidl_typesupport_c.so\n'}
[0.804730] (turtlesim) StdoutLine: {'line': b'-- Up-to-date: /root/ros2_ws/install/turtlesim/include/turtlesim/turtlesim\n'}
[0.804810] (turtlesim) StdoutLine: {'line': b'-- Up-to-date: /root/ros2_ws/install/turtlesim/include/turtlesim/turtlesim/msg\n'}
[0.804888] (turtlesim) StdoutLine: {'line': b'-- Up-to-date: /root/ros2_ws/install/turtlesim/include/turtlesim/turtlesim/msg/detail\n'}
[0.805123] (turtlesim) StdoutLine: {'line': b'-- Up-to-date: /root/ros2_ws/install/turtlesim/include/turtlesim/turtlesim/msg/detail/color__type_support.cpp\n'}
[0.805221] (turtlesim) StdoutLine: {'line': b'-- Up-to-date: /root/ros2_ws/install/turtlesim/include/turtlesim/turtlesim/msg/detail/color__rosidl_typesupport_introspection_cpp.hpp\n'}
[0.805312] (turtlesim) StdoutLine: {'line': b'-- Up-to-date: /root/ros2_ws/install/turtlesim/include/turtlesim/turtlesim/msg/detail/pose__type_support.cpp\n'}
[0.805391] (turtlesim) StdoutLine: {'line': b'-- Up-to-date: /root/ros2_ws/install/turtlesim/include/turtlesim/turtlesim/msg/detail/pose__rosidl_typesupport_introspection_cpp.hpp\n'}
[0.805468] (turtlesim) StdoutLine: {'line': b'-- Up-to-date: /root/ros2_ws/install/turtlesim/include/turtlesim/turtlesim/action\n'}
[0.805585] (turtlesim) StdoutLine: {'line': b'-- Up-to-date: /root/ros2_ws/install/turtlesim/include/turtlesim/turtlesim/action/detail\n'}
[0.805671] (turtlesim) StdoutLine: {'line': b'-- Up-to-date: /root/ros2_ws/install/turtlesim/include/turtlesim/turtlesim/action/detail/rotate_absolute__type_support.cpp\n'}
[0.805762] (turtlesim) StdoutLine: {'line': b'-- Up-to-date: /root/ros2_ws/install/turtlesim/include/turtlesim/turtlesim/action/detail/rotate_absolute__rosidl_typesupport_introspection_cpp.hpp\n'}
[0.805838] (turtlesim) StdoutLine: {'line': b'-- Up-to-date: /root/ros2_ws/install/turtlesim/include/turtlesim/turtlesim/srv\n'}
[0.805913] (turtlesim) StdoutLine: {'line': b'-- Up-to-date: /root/ros2_ws/install/turtlesim/include/turtlesim/turtlesim/srv/detail\n'}
[0.805987] (turtlesim) StdoutLine: {'line': b'-- Up-to-date: /root/ros2_ws/install/turtlesim/include/turtlesim/turtlesim/srv/detail/teleport_absolute__rosidl_typesupport_introspection_cpp.hpp\n'}
[0.806062] (turtlesim) StdoutLine: {'line': b'-- Up-to-date: /root/ros2_ws/install/turtlesim/include/turtlesim/turtlesim/srv/detail/teleport_absolute__type_support.cpp\n'}
[0.806136] (turtlesim) StdoutLine: {'line': b'-- Up-to-date: /root/ros2_ws/install/turtlesim/include/turtlesim/turtlesim/srv/detail/spawn__type_support.cpp\n'}
[0.806211] (turtlesim) StdoutLine: {'line': b'-- Up-to-date: /root/ros2_ws/install/turtlesim/include/turtlesim/turtlesim/srv/detail/kill__type_support.cpp\n'}
[0.806284] (turtlesim) StdoutLine: {'line': b'-- Up-to-date: /root/ros2_ws/install/turtlesim/include/turtlesim/turtlesim/srv/detail/set_pen__type_support.cpp\n'}
[0.806359] (turtlesim) StdoutLine: {'line': b'-- Up-to-date: /root/ros2_ws/install/turtlesim/include/turtlesim/turtlesim/srv/detail/spawn__rosidl_typesupport_introspection_cpp.hpp\n'}
[0.806434] (turtlesim) StdoutLine: {'line': b'-- Up-to-date: /root/ros2_ws/install/turtlesim/include/turtlesim/turtlesim/srv/detail/set_pen__rosidl_typesupport_introspection_cpp.hpp\n'}
[0.806555] (turtlesim) StdoutLine: {'line': b'-- Up-to-date: /root/ros2_ws/install/turtlesim/include/turtlesim/turtlesim/srv/detail/teleport_relative__rosidl_typesupport_introspection_cpp.hpp\n'}
[0.806660] (turtlesim) StdoutLine: {'line': b'-- Up-to-date: /root/ros2_ws/install/turtlesim/include/turtlesim/turtlesim/srv/detail/teleport_relative__type_support.cpp\n'}
[0.806832] (turtlesim) StdoutLine: {'line': b'-- Up-to-date: /root/ros2_ws/install/turtlesim/include/turtlesim/turtlesim/srv/detail/kill__rosidl_typesupport_introspection_cpp.hpp\n'}
[0.806931] (turtlesim) StdoutLine: {'line': b'-- Up-to-date: /root/ros2_ws/install/turtlesim/lib/libturtlesim__rosidl_typesupport_introspection_cpp.so\n'}
[0.807015] (turtlesim) StdoutLine: {'line': b'-- Up-to-date: /root/ros2_ws/install/turtlesim/lib/libturtlesim__rosidl_typesupport_cpp.so\n'}
[0.807124] (turtlesim) StdoutLine: {'line': b'-- Up-to-date: /root/ros2_ws/install/turtlesim/share/turtlesim/environment/pythonpath.sh\n'}
[0.807213] (turtlesim) StdoutLine: {'line': b'-- Up-to-date: /root/ros2_ws/install/turtlesim/share/turtlesim/environment/pythonpath.dsv\n'}
[0.807288] (turtlesim) StdoutLine: {'line': b'-- Up-to-date: /root/ros2_ws/install/turtlesim/lib/python3.10/site-packages/turtlesim-1.6.1-py3.10.egg-info\n'}
[0.807363] (turtlesim) StdoutLine: {'line': b'-- Installing: /root/ros2_ws/install/turtlesim/lib/python3.10/site-packages/turtlesim-1.6.1-py3.10.egg-info/PKG-INFO\n'}
[0.807438] (turtlesim) StdoutLine: {'line': b'-- Installing: /root/ros2_ws/install/turtlesim/lib/python3.10/site-packages/turtlesim-1.6.1-py3.10.egg-info/SOURCES.txt\n'}
[0.807553] (turtlesim) StdoutLine: {'line': b'-- Installing: /root/ros2_ws/install/turtlesim/lib/python3.10/site-packages/turtlesim-1.6.1-py3.10.egg-info/dependency_links.txt\n'}
[0.807658] (turtlesim) StdoutLine: {'line': b'-- Installing: /root/ros2_ws/install/turtlesim/lib/python3.10/site-packages/turtlesim-1.6.1-py3.10.egg-info/top_level.txt\n'}
[0.807736] (turtlesim) StdoutLine: {'line': b'-- Up-to-date: /root/ros2_ws/install/turtlesim/lib/python3.10/site-packages/turtlesim\n'}
[0.807842] (turtlesim) StdoutLine: {'line': b'-- Up-to-date: /root/ros2_ws/install/turtlesim/lib/python3.10/site-packages/turtlesim/msg\n'}
[0.807929] (turtlesim) StdoutLine: {'line': b'-- Up-to-date: /root/ros2_ws/install/turtlesim/lib/python3.10/site-packages/turtlesim/msg/_color.py\n'}
[0.808007] (turtlesim) StdoutLine: {'line': b'-- Up-to-date: /root/ros2_ws/install/turtlesim/lib/python3.10/site-packages/turtlesim/msg/__init__.py\n'}
[0.808085] (turtlesim) StdoutLine: {'line': b'-- Up-to-date: /root/ros2_ws/install/turtlesim/lib/python3.10/site-packages/turtlesim/msg/_color_s.c\n'}
[0.808160] (turtlesim) StdoutLine: {'line': b'-- Up-to-date: /root/ros2_ws/install/turtlesim/lib/python3.10/site-packages/turtlesim/msg/_pose.py\n'}
[0.808235] (turtlesim) StdoutLine: {'line': b'-- Up-to-date: /root/ros2_ws/install/turtlesim/lib/python3.10/site-packages/turtlesim/msg/_pose_s.c\n'}
[0.808310] (turtlesim) StdoutLine: {'line': b'-- Up-to-date: /root/ros2_ws/install/turtlesim/lib/python3.10/site-packages/turtlesim/turtlesim_s__rosidl_typesupport_fastrtps_c.cpython-310-x86_64-linux-gnu.so\n'}
[0.808385] (turtlesim) StdoutLine: {'line': b'-- Up-to-date: /root/ros2_ws/install/turtlesim/lib/python3.10/site-packages/turtlesim/turtlesim_s__rosidl_typesupport_introspection_c.cpython-310-x86_64-linux-gnu.so\n'}
[0.808478] (turtlesim) StdoutLine: {'line': b'-- Up-to-date: /root/ros2_ws/install/turtlesim/lib/python3.10/site-packages/turtlesim/__init__.py\n'}
[0.808678] (turtlesim) StdoutLine: {'line': b'-- Up-to-date: /root/ros2_ws/install/turtlesim/lib/python3.10/site-packages/turtlesim/_turtlesim_s.ep.rosidl_typesupport_introspection_c.c\n'}
[0.808773] (turtlesim) StdoutLine: {'line': b'-- Up-to-date: /root/ros2_ws/install/turtlesim/lib/python3.10/site-packages/turtlesim/action\n'}
[0.808852] (turtlesim) StdoutLine: {'line': b'-- Up-to-date: /root/ros2_ws/install/turtlesim/lib/python3.10/site-packages/turtlesim/action/__init__.py\n'}
[0.808928] (turtlesim) StdoutLine: {'line': b'-- Up-to-date: /root/ros2_ws/install/turtlesim/lib/python3.10/site-packages/turtlesim/action/_rotate_absolute_s.c\n'}
[0.809002] (turtlesim) StdoutLine: {'line': b'-- Up-to-date: /root/ros2_ws/install/turtlesim/lib/python3.10/site-packages/turtlesim/action/_rotate_absolute.py\n'}
[0.809076] (turtlesim) StdoutLine: {'line': b'-- Up-to-date: /root/ros2_ws/install/turtlesim/lib/python3.10/site-packages/turtlesim/srv\n'}
[0.809151] (turtlesim) StdoutLine: {'line': b'-- Up-to-date: /root/ros2_ws/install/turtlesim/lib/python3.10/site-packages/turtlesim/srv/__init__.py\n'}
[0.809224] (turtlesim) StdoutLine: {'line': b'-- Up-to-date: /root/ros2_ws/install/turtlesim/lib/python3.10/site-packages/turtlesim/srv/_set_pen_s.c\n'}
[0.809297] (turtlesim) StdoutLine: {'line': b'-- Up-to-date: /root/ros2_ws/install/turtlesim/lib/python3.10/site-packages/turtlesim/srv/_spawn_s.c\n'}
[0.809378] (turtlesim) StdoutLine: {'line': b'-- Up-to-date: /root/ros2_ws/install/turtlesim/lib/python3.10/site-packages/turtlesim/srv/_teleport_relative.py\n'}
[0.809454] (turtlesim) StdoutLine: {'line': b'-- Up-to-date: /root/ros2_ws/install/turtlesim/lib/python3.10/site-packages/turtlesim/srv/_spawn.py\n'}
[0.809592] (turtlesim) StdoutLine: {'line': b'-- Up-to-date: /root/ros2_ws/install/turtlesim/lib/python3.10/site-packages/turtlesim/srv/_kill.py\n'}
[0.809683] (turtlesim) StdoutLine: {'line': b'-- Up-to-date: /root/ros2_ws/install/turtlesim/lib/python3.10/site-packages/turtlesim/srv/_set_pen.py\n'}
[0.809760] (turtlesim) StdoutLine: {'line': b'-- Up-to-date: /root/ros2_ws/install/turtlesim/lib/python3.10/site-packages/turtlesim/srv/_teleport_absolute_s.c\n'}
[0.809837] (turtlesim) StdoutLine: {'line': b'-- Up-to-date: /root/ros2_ws/install/turtlesim/lib/python3.10/site-packages/turtlesim/srv/_teleport_absolute.py\n'}
[0.809911] (turtlesim) StdoutLine: {'line': b'-- Up-to-date: /root/ros2_ws/install/turtlesim/lib/python3.10/site-packages/turtlesim/srv/_kill_s.c\n'}
[0.809986] (turtlesim) StdoutLine: {'line': b'-- Up-to-date: /root/ros2_ws/install/turtlesim/lib/python3.10/site-packages/turtlesim/srv/_teleport_relative_s.c\n'}
[0.810062] (turtlesim) StdoutLine: {'line': b'-- Up-to-date: /root/ros2_ws/install/turtlesim/lib/python3.10/site-packages/turtlesim/_turtlesim_s.ep.rosidl_typesupport_fastrtps_c.c\n'}
[0.810137] (turtlesim) StdoutLine: {'line': b'-- Up-to-date: /root/ros2_ws/install/turtlesim/lib/python3.10/site-packages/turtlesim/turtlesim_s__rosidl_typesupport_c.cpython-310-x86_64-linux-gnu.so\n'}
[0.810211] (turtlesim) StdoutLine: {'line': b'-- Up-to-date: /root/ros2_ws/install/turtlesim/lib/python3.10/site-packages/turtlesim/_turtlesim_s.ep.rosidl_typesupport_c.c\n'}
[0.810286] (turtlesim) StdoutLine: {'line': b'-- Up-to-date: /root/ros2_ws/install/turtlesim/lib/python3.10/site-packages/turtlesim/libturtlesim__rosidl_generator_py.so\n'}
[0.832333] (turtlesim) StdoutLine: {'line': b"Listing '/root/ros2_ws/install/turtlesim/lib/python3.10/site-packages/turtlesim'...\n"}
[0.832599] (turtlesim) StdoutLine: {'line': b"Listing '/root/ros2_ws/install/turtlesim/lib/python3.10/site-packages/turtlesim/action'...\n"}
[0.832705] (turtlesim) StdoutLine: {'line': b"Listing '/root/ros2_ws/install/turtlesim/lib/python3.10/site-packages/turtlesim/msg'...\n"}
[0.832824] (turtlesim) StdoutLine: {'line': b"Listing '/root/ros2_ws/install/turtlesim/lib/python3.10/site-packages/turtlesim/srv'...\n"}
[0.839038] (turtlesim) StdoutLine: {'line': b'-- Up-to-date: /root/ros2_ws/install/turtlesim/lib/python3.10/site-packages/turtlesim/turtlesim_s__rosidl_typesupport_fastrtps_c.cpython-310-x86_64-linux-gnu.so\n'}
[0.839471] (turtlesim) StdoutLine: {'line': b'-- Up-to-date: /root/ros2_ws/install/turtlesim/lib/python3.10/site-packages/turtlesim/turtlesim_s__rosidl_typesupport_introspection_c.cpython-310-x86_64-linux-gnu.so\n'}
[0.839918] (turtlesim) StdoutLine: {'line': b'-- Up-to-date: /root/ros2_ws/install/turtlesim/lib/python3.10/site-packages/turtlesim/turtlesim_s__rosidl_typesupport_c.cpython-310-x86_64-linux-gnu.so\n'}
[0.840360] (turtlesim) StdoutLine: {'line': b'-- Up-to-date: /root/ros2_ws/install/turtlesim/lib/libturtlesim__rosidl_generator_py.so\n'}
[0.840672] (turtlesim) StdoutLine: {'line': b'-- Up-to-date: /root/ros2_ws/install/turtlesim/share/turtlesim/action/RotateAbsolute.idl\n'}
[0.841015] (turtlesim) StdoutLine: {'line': b'-- Up-to-date: /root/ros2_ws/install/turtlesim/share/turtlesim/msg/Color.idl\n'}
[0.841312] (turtlesim) StdoutLine: {'line': b'-- Up-to-date: /root/ros2_ws/install/turtlesim/share/turtlesim/msg/Pose.idl\n'}
[0.841871] (turtlesim) StdoutLine: {'line': b'-- Up-to-date: /root/ros2_ws/install/turtlesim/share/turtlesim/srv/Kill.idl\n'}
[0.841969] (turtlesim) StdoutLine: {'line': b'-- Up-to-date: /root/ros2_ws/install/turtlesim/share/turtlesim/srv/SetPen.idl\n'}
[0.842082] (turtlesim) StdoutLine: {'line': b'-- Up-to-date: /root/ros2_ws/install/turtlesim/share/turtlesim/srv/Spawn.idl\n'}
[0.842363] (turtlesim) StdoutLine: {'line': b'-- Up-to-date: /root/ros2_ws/install/turtlesim/share/turtlesim/srv/TeleportAbsolute.idl\n'}
[0.842652] (turtlesim) StdoutLine: {'line': b'-- Up-to-date: /root/ros2_ws/install/turtlesim/share/turtlesim/srv/TeleportRelative.idl\n'}
[0.842733] (turtlesim) StdoutLine: {'line': b'-- Up-to-date: /root/ros2_ws/install/turtlesim/share/turtlesim/action/RotateAbsolute.action\n'}
[0.842819] (turtlesim) StdoutLine: {'line': b'-- Up-to-date: /root/ros2_ws/install/turtlesim/share/turtlesim/msg/Color.msg\n'}
[0.842895] (turtlesim) StdoutLine: {'line': b'-- Up-to-date: /root/ros2_ws/install/turtlesim/share/turtlesim/msg/Pose.msg\n'}
[0.842991] (turtlesim) StdoutLine: {'line': b'-- Up-to-date: /root/ros2_ws/install/turtlesim/share/turtlesim/srv/Kill.srv\n'}
[0.843152] (turtlesim) StdoutLine: {'line': b'-- Up-to-date: /root/ros2_ws/install/turtlesim/share/turtlesim/srv/Kill_Request.msg\n'}
[0.843232] (turtlesim) StdoutLine: {'line': b'-- Up-to-date: /root/ros2_ws/install/turtlesim/share/turtlesim/srv/Kill_Response.msg\n'}
[0.843308] (turtlesim) StdoutLine: {'line': b'-- Up-to-date: /root/ros2_ws/install/turtlesim/share/turtlesim/srv/SetPen.srv\n'}
[0.843382] (turtlesim) StdoutLine: {'line': b'-- Up-to-date: /root/ros2_ws/install/turtlesim/share/turtlesim/srv/SetPen_Request.msg\n'}
[0.843475] (turtlesim) StdoutLine: {'line': b'-- Up-to-date: /root/ros2_ws/install/turtlesim/share/turtlesim/srv/SetPen_Response.msg\n'}
[0.843742] (turtlesim) StdoutLine: {'line': b'-- Up-to-date: /root/ros2_ws/install/turtlesim/share/turtlesim/srv/Spawn.srv\n'}
[0.843835] (turtlesim) StdoutLine: {'line': b'-- Up-to-date: /root/ros2_ws/install/turtlesim/share/turtlesim/srv/Spawn_Request.msg\n'}
[0.843918] (turtlesim) StdoutLine: {'line': b'-- Up-to-date: /root/ros2_ws/install/turtlesim/share/turtlesim/srv/Spawn_Response.msg\n'}
[0.844197] (turtlesim) StdoutLine: {'line': b'-- Up-to-date: /root/ros2_ws/install/turtlesim/share/turtlesim/srv/TeleportAbsolute.srv\n'}
[0.845321] (turtlesim) StdoutLine: {'line': b'-- Up-to-date: /root/ros2_ws/install/turtlesim/share/turtlesim/srv/TeleportAbsolute_Request.msg\n'}
[0.845754] (turtlesim) StdoutLine: {'line': b'-- Up-to-date: /root/ros2_ws/install/turtlesim/share/turtlesim/srv/TeleportAbsolute_Response.msg\n'}
[0.845890] (turtlesim) StdoutLine: {'line': b'-- Up-to-date: /root/ros2_ws/install/turtlesim/share/turtlesim/srv/TeleportRelative.srv\n'}
[0.846490] (turtlesim) StdoutLine: {'line': b'-- Up-to-date: /root/ros2_ws/install/turtlesim/share/turtlesim/srv/TeleportRelative_Request.msg\n'}
[0.846583] (turtlesim) StdoutLine: {'line': b'-- Up-to-date: /root/ros2_ws/install/turtlesim/share/turtlesim/srv/TeleportRelative_Response.msg\n'}
[0.846663] (turtlesim) StdoutLine: {'line': b'-- Up-to-date: /root/ros2_ws/install/turtlesim/lib/turtlesim/turtlesim_node\n'}
[0.846742] (turtlesim) StdoutLine: {'line': b'-- Up-to-date: /root/ros2_ws/install/turtlesim/lib/turtlesim/turtle_teleop_key\n'}
[0.846820] (turtlesim) StdoutLine: {'line': b'-- Up-to-date: /root/ros2_ws/install/turtlesim/lib/turtlesim/draw_square\n'}
[0.846899] (turtlesim) StdoutLine: {'line': b'-- Up-to-date: /root/ros2_ws/install/turtlesim/lib/turtlesim/mimic\n'}
[0.846977] (turtlesim) StdoutLine: {'line': b'-- Up-to-date: /root/ros2_ws/install/turtlesim/share/turtlesim/images\n'}
[0.847113] (turtlesim) StdoutLine: {'line': b'-- Up-to-date: /root/ros2_ws/install/turtlesim/share/turtlesim/images/eloquent.png\n'}
[0.847274] (turtlesim) StdoutLine: {'line': b'-- Up-to-date: /root/ros2_ws/install/turtlesim/share/turtlesim/images/foxy.png\n'}
[0.847394] (turtlesim) StdoutLine: {'line': b'-- Up-to-date: /root/ros2_ws/install/turtlesim/share/turtlesim/images/galactic.png\n'}
[0.847585] (turtlesim) StdoutLine: {'line': b'-- Up-to-date: /root/ros2_ws/install/turtlesim/share/turtlesim/images/humble.png\n'}
[0.848154] (turtlesim) StdoutLine: {'line': b'-- Up-to-date: /root/ros2_ws/install/turtlesim/share/turtlesim/images/rolling.png\n'}
[0.848613] (turtlesim) StdoutLine: {'line': b'-- Up-to-date: /root/ros2_ws/install/turtlesim/share/turtlesim/images/dashing.png\n'}
[0.848727] (turtlesim) StdoutLine: {'line': b'-- Up-to-date: /root/ros2_ws/install/turtlesim/share/turtlesim/images/iron.png\n'}
[0.848813] (turtlesim) StdoutLine: {'line': b'-- Up-to-date: /root/ros2_ws/install/turtlesim/share/turtlesim/images/bouncy.png\n'}
[0.848894] (turtlesim) StdoutLine: {'line': b'-- Up-to-date: /root/ros2_ws/install/turtlesim/share/turtlesim/images/ardent.png\n'}
[0.848973] (turtlesim) StdoutLine: {'line': b'-- Up-to-date: /root/ros2_ws/install/turtlesim/share/turtlesim/images/crystal.png\n'}
[0.849141] (turtlesim) StdoutLine: {'line': b'-- Up-to-date: /root/ros2_ws/install/turtlesim/share/turtlesim/launch\n'}
[0.849237] (turtlesim) StdoutLine: {'line': b'-- Up-to-date: /root/ros2_ws/install/turtlesim/share/turtlesim/launch/multisim.launch.py\n'}
[0.849318] (turtlesim) StdoutLine: {'line': b'-- Up-to-date: /root/ros2_ws/install/turtlesim/share/ament_index/resource_index/package_run_dependencies/turtlesim\n'}
[0.849396] (turtlesim) StdoutLine: {'line': b'-- Up-to-date: /root/ros2_ws/install/turtlesim/share/ament_index/resource_index/parent_prefix_path/turtlesim\n'}
[0.849472] (turtlesim) StdoutLine: {'line': b'-- Up-to-date: /root/ros2_ws/install/turtlesim/share/turtlesim/environment/ament_prefix_path.sh\n'}
[0.849546] (turtlesim) StdoutLine: {'line': b'-- Up-to-date: /root/ros2_ws/install/turtlesim/share/turtlesim/environment/ament_prefix_path.dsv\n'}
[0.849620] (turtlesim) StdoutLine: {'line': b'-- Up-to-date: /root/ros2_ws/install/turtlesim/share/turtlesim/environment/path.sh\n'}
[0.849694] (turtlesim) StdoutLine: {'line': b'-- Up-to-date: /root/ros2_ws/install/turtlesim/share/turtlesim/environment/path.dsv\n'}
[0.849767] (turtlesim) StdoutLine: {'line': b'-- Up-to-date: /root/ros2_ws/install/turtlesim/share/turtlesim/local_setup.bash\n'}
[0.849841] (turtlesim) StdoutLine: {'line': b'-- Up-to-date: /root/ros2_ws/install/turtlesim/share/turtlesim/local_setup.sh\n'}
[0.849915] (turtlesim) StdoutLine: {'line': b'-- Up-to-date: /root/ros2_ws/install/turtlesim/share/turtlesim/local_setup.zsh\n'}
[0.849989] (turtlesim) StdoutLine: {'line': b'-- Up-to-date: /root/ros2_ws/install/turtlesim/share/turtlesim/local_setup.dsv\n'}
[0.850131] (turtlesim) StdoutLine: {'line': b'-- Installing: /root/ros2_ws/install/turtlesim/share/turtlesim/package.dsv\n'}
[0.850216] (turtlesim) StdoutLine: {'line': b'-- Up-to-date: /root/ros2_ws/install/turtlesim/share/ament_index/resource_index/packages/turtlesim\n'}
[0.850297] (turtlesim) StdoutLine: {'line': b'-- Up-to-date: /root/ros2_ws/install/turtlesim/share/turtlesim/cmake/export_turtlesim__rosidl_generator_cExport.cmake\n'}
[0.850507] (turtlesim) StdoutLine: {'line': b'-- Up-to-date: /root/ros2_ws/install/turtlesim/share/turtlesim/cmake/export_turtlesim__rosidl_generator_cExport-noconfig.cmake\n'}
[0.852066] (turtlesim) StdoutLine: {'line': b'-- Up-to-date: /root/ros2_ws/install/turtlesim/share/turtlesim/cmake/export_turtlesim__rosidl_typesupport_fastrtps_cExport.cmake\n'}
[0.852425] (turtlesim) StdoutLine: {'line': b'-- Up-to-date: /root/ros2_ws/install/turtlesim/share/turtlesim/cmake/export_turtlesim__rosidl_typesupport_fastrtps_cExport-noconfig.cmake\n'}
[0.852993] (turtlesim) StdoutLine: {'line': b'-- Up-to-date: /root/ros2_ws/install/turtlesim/share/turtlesim/cmake/export_turtlesim__rosidl_generator_cppExport.cmake\n'}
[0.853738] (turtlesim) StdoutLine: {'line': b'-- Up-to-date: /root/ros2_ws/install/turtlesim/share/turtlesim/cmake/export_turtlesim__rosidl_typesupport_fastrtps_cppExport.cmake\n'}
[0.854989] (turtlesim) StdoutLine: {'line': b'-- Up-to-date: /root/ros2_ws/install/turtlesim/share/turtlesim/cmake/export_turtlesim__rosidl_typesupport_fastrtps_cppExport-noconfig.cmake\n'}
[0.855352] (turtlesim) StdoutLine: {'line': b'-- Up-to-date: /root/ros2_ws/install/turtlesim/share/turtlesim/cmake/turtlesim__rosidl_typesupport_introspection_cExport.cmake\n'}
[0.855630] (turtlesim) StdoutLine: {'line': b'-- Up-to-date: /root/ros2_ws/install/turtlesim/share/turtlesim/cmake/turtlesim__rosidl_typesupport_introspection_cExport-noconfig.cmake\n'}
[0.856143] (turtlesim) StdoutLine: {'line': b'-- Up-to-date: /root/ros2_ws/install/turtlesim/share/turtlesim/cmake/turtlesim__rosidl_typesupport_cExport.cmake\n'}
[0.856299] (turtlesim) StdoutLine: {'line': b'-- Up-to-date: /root/ros2_ws/install/turtlesim/share/turtlesim/cmake/turtlesim__rosidl_typesupport_cExport-noconfig.cmake\n'}
[0.856491] (turtlesim) StdoutLine: {'line': b'-- Up-to-date: /root/ros2_ws/install/turtlesim/share/turtlesim/cmake/turtlesim__rosidl_typesupport_introspection_cppExport.cmake\n'}
[0.856704] (turtlesim) StdoutLine: {'line': b'-- Up-to-date: /root/ros2_ws/install/turtlesim/share/turtlesim/cmake/turtlesim__rosidl_typesupport_introspection_cppExport-noconfig.cmake\n'}
[0.856946] (turtlesim) StdoutLine: {'line': b'-- Up-to-date: /root/ros2_ws/install/turtlesim/share/turtlesim/cmake/turtlesim__rosidl_typesupport_cppExport.cmake\n'}
[0.857939] (turtlesim) StdoutLine: {'line': b'-- Up-to-date: /root/ros2_ws/install/turtlesim/share/turtlesim/cmake/turtlesim__rosidl_typesupport_cppExport-noconfig.cmake\n'}
[0.858185] (turtlesim) StdoutLine: {'line': b'-- Up-to-date: /root/ros2_ws/install/turtlesim/share/turtlesim/cmake/export_turtlesim__rosidl_generator_pyExport.cmake\n'}
[0.858407] (turtlesim) StdoutLine: {'line': b'-- Up-to-date: /root/ros2_ws/install/turtlesim/share/turtlesim/cmake/export_turtlesim__rosidl_generator_pyExport-noconfig.cmake\n'}
[0.859636] (turtlesim) StdoutLine: {'line': b'-- Up-to-date: /root/ros2_ws/install/turtlesim/share/turtlesim/cmake/rosidl_cmake-extras.cmake\n'}
[0.860192] (turtlesim) StdoutLine: {'line': b'-- Up-to-date: /root/ros2_ws/install/turtlesim/share/turtlesim/cmake/ament_cmake_export_dependencies-extras.cmake\n'}
[0.860469] (turtlesim) StdoutLine: {'line': b'-- Up-to-date: /root/ros2_ws/install/turtlesim/share/turtlesim/cmake/ament_cmake_export_include_directories-extras.cmake\n'}
[0.860733] (turtlesim) StdoutLine: {'line': b'-- Up-to-date: /root/ros2_ws/install/turtlesim/share/turtlesim/cmake/ament_cmake_export_libraries-extras.cmake\n'}
[0.861047] (turtlesim) StdoutLine: {'line': b'-- Up-to-date: /root/ros2_ws/install/turtlesim/share/turtlesim/cmake/ament_cmake_export_targets-extras.cmake\n'}
[0.861688] (turtlesim) StdoutLine: {'line': b'-- Up-to-date: /root/ros2_ws/install/turtlesim/share/turtlesim/cmake/rosidl_cmake_export_typesupport_targets-extras.cmake\n'}
[0.861936] (turtlesim) StdoutLine: {'line': b'-- Up-to-date: /root/ros2_ws/install/turtlesim/share/turtlesim/cmake/rosidl_cmake_export_typesupport_libraries-extras.cmake\n'}
[0.863089] (turtlesim) StdoutLine: {'line': b'-- Up-to-date: /root/ros2_ws/install/turtlesim/share/turtlesim/cmake/turtlesimConfig.cmake\n'}
[0.863372] (turtlesim) StdoutLine: {'line': b'-- Up-to-date: /root/ros2_ws/install/turtlesim/share/turtlesim/cmake/turtlesimConfig-version.cmake\n'}
[0.864149] (turtlesim) StdoutLine: {'line': b'-- Up-to-date: /root/ros2_ws/install/turtlesim/share/turtlesim/package.xml\n'}
[0.864859] (turtlesim) CommandEnded: {'returncode': 0}
[0.900250] (-) TimerEvent: {}
[1.000602] (-) TimerEvent: {}
[1.101001] (-) TimerEvent: {}
[1.201378] (-) TimerEvent: {}
[1.208597] (turtlesim) JobEnded: {'identifier': 'turtlesim', 'rc': 0}
[1.210751] (-) EventReactorShutdown: {}
