[0.019s] Invoking command in '/root/ros2_ws/build/examples_rclcpp_minimal_timer': CMAKE_PREFIX_PATH=/opt/ros/iron /usr/bin/cmake /root/ros2_ws/src/examples/rclcpp/timers/minimal_timer -DAMENT_CMAKE_SYMLINK_INSTALL=1 -DCMAKE_INSTALL_PREFIX=/root/ros2_ws/install/examples_rclcpp_minimal_timer
[0.085s] -- The C compiler identification is GNU 11.4.0
[0.160s] -- The CXX compiler identification is GNU 11.4.0
[0.170s] -- Detecting C compiler ABI info
[0.261s] -- Detecting C compiler ABI info - done
[0.274s] -- Check for working C compiler: /usr/bin/cc - skipped
[0.280s] -- Detecting C compile features
[0.286s] -- Detecting C compile features - done
[0.291s] -- Detecting CXX compiler ABI info
[0.510s] -- Detecting CXX compiler ABI info - done
[0.542s] -- Check for working CXX compiler: /usr/bin/c++ - skipped
[0.542s] -- Detecting CXX compile features
[0.543s] -- Detecting CXX compile features - done
[0.557s] -- Found ament_cmake: 2.0.3 (/opt/ros/iron/share/ament_cmake/cmake)
[1.022s] -- Found Python3: /usr/bin/python3.10 (found version "3.10.12") found components: Interpreter 
[1.193s] -- Override CMake install command with custom implementation using symlinks instead of copying resources
[1.307s] -- Found rclcpp: 21.0.2 (/opt/ros/iron/share/rclcpp/cmake)
[1.417s] -- Found rosidl_generator_c: 4.0.1 (/opt/ros/iron/share/rosidl_generator_c/cmake)
[1.451s] -- Found rosidl_generator_cpp: 4.0.1 (/opt/ros/iron/share/rosidl_generator_cpp/cmake)
[1.563s] -- Using all available rosidl_typesupport_c: rosidl_typesupport_fastrtps_c;rosidl_typesupport_introspection_c
[1.604s] -- Using all available rosidl_typesupport_cpp: rosidl_typesupport_fastrtps_cpp;rosidl_typesupport_introspection_cpp
[2.155s] -- Found rmw_implementation_cmake: 7.1.0 (/opt/ros/iron/share/rmw_implementation_cmake/cmake)
[2.155s] -- Found rmw_fastrtps_cpp: 7.1.1 (/opt/ros/iron/share/rmw_fastrtps_cpp/cmake)
[2.458s] -- Found OpenSSL: /usr/lib/x86_64-linux-gnu/libcrypto.so (found version "3.0.2")  
[2.529s] -- Found FastRTPS: /opt/ros/iron/include  
[2.640s] -- Using RMW implementation 'rmw_fastrtps_cpp' as default
[3.096s] -- Found ament_lint_auto: 0.14.1 (/opt/ros/iron/share/ament_lint_auto/cmake)
[3.207s] -- Added test 'copyright' to check source files copyright and LICENSE
[3.209s] -- Added test 'cppcheck' to perform static code analysis on C / C++ code
[3.209s] -- Configured cppcheck include dirs: 
[3.209s] -- Configured cppcheck exclude dirs and/or files: 
[3.211s] -- Added test 'cpplint' to check C / C++ code against the Google style
[3.211s] -- Configured cpplint exclude dirs and/or files: 
[3.213s] -- Added test 'lint_cmake' to check CMake code style
[3.215s] -- Added test 'uncrustify' to check C / C++ code style
[3.215s] -- Configured uncrustify additional arguments: 
[3.216s] -- Added test 'xmllint' to check XML markup files
[3.219s] -- Configuring done
[3.249s] -- Generating done
[3.254s] -- Build files have been written to: /root/ros2_ws/build/examples_rclcpp_minimal_timer
[3.266s] Invoked command in '/root/ros2_ws/build/examples_rclcpp_minimal_timer' returned '0': CMAKE_PREFIX_PATH=/opt/ros/iron /usr/bin/cmake /root/ros2_ws/src/examples/rclcpp/timers/minimal_timer -DAMENT_CMAKE_SYMLINK_INSTALL=1 -DCMAKE_INSTALL_PREFIX=/root/ros2_ws/install/examples_rclcpp_minimal_timer
[3.267s] Invoking command in '/root/ros2_ws/build/examples_rclcpp_minimal_timer': CMAKE_PREFIX_PATH=/opt/ros/iron /usr/bin/cmake --build /root/ros2_ws/build/examples_rclcpp_minimal_timer -- -j4 -l4
[3.325s] [ 25%] [32mBuilding CXX object CMakeFiles/timer_lambda.dir/lambda.cpp.o[0m
[9.317s] [ 50%] [32m[1mLinking CXX executable timer_lambda[0m
[9.488s] [ 50%] Built target timer_lambda
[9.512s] [ 75%] [32mBuilding CXX object CMakeFiles/timer_member_function.dir/member_function.cpp.o[0m
[14.916s] [100%] [32m[1mLinking CXX executable timer_member_function[0m
[15.094s] [100%] Built target timer_member_function
[15.105s] Invoked command in '/root/ros2_ws/build/examples_rclcpp_minimal_timer' returned '0': CMAKE_PREFIX_PATH=/opt/ros/iron /usr/bin/cmake --build /root/ros2_ws/build/examples_rclcpp_minimal_timer -- -j4 -l4
[15.160s] Invoking command in '/root/ros2_ws/build/examples_rclcpp_minimal_timer': CMAKE_PREFIX_PATH=/opt/ros/iron /usr/bin/cmake --install /root/ros2_ws/build/examples_rclcpp_minimal_timer
[15.168s] -- Install configuration: ""
[15.168s] -- Execute custom install script
[15.169s] -- Symlinking: /root/ros2_ws/install/examples_rclcpp_minimal_timer/lib/examples_rclcpp_minimal_timer/timer_lambda
[15.180s] -- Symlinking: /root/ros2_ws/install/examples_rclcpp_minimal_timer/lib/examples_rclcpp_minimal_timer/timer_member_function
[15.191s] -- Symlinking: /root/ros2_ws/install/examples_rclcpp_minimal_timer/share/ament_index/resource_index/package_run_dependencies/examples_rclcpp_minimal_timer
[15.202s] -- Symlinking: /root/ros2_ws/install/examples_rclcpp_minimal_timer/share/ament_index/resource_index/parent_prefix_path/examples_rclcpp_minimal_timer
[15.214s] -- Symlinking: /root/ros2_ws/install/examples_rclcpp_minimal_timer/share/examples_rclcpp_minimal_timer/environment/ament_prefix_path.sh
[15.224s] -- Symlinking: /root/ros2_ws/install/examples_rclcpp_minimal_timer/share/examples_rclcpp_minimal_timer/environment/ament_prefix_path.dsv
[15.235s] -- Symlinking: /root/ros2_ws/install/examples_rclcpp_minimal_timer/share/examples_rclcpp_minimal_timer/environment/path.sh
[15.243s] -- Symlinking: /root/ros2_ws/install/examples_rclcpp_minimal_timer/share/examples_rclcpp_minimal_timer/environment/path.dsv
[15.265s] -- Symlinking: /root/ros2_ws/install/examples_rclcpp_minimal_timer/share/examples_rclcpp_minimal_timer/local_setup.bash
[15.272s] -- Symlinking: /root/ros2_ws/install/examples_rclcpp_minimal_timer/share/examples_rclcpp_minimal_timer/local_setup.sh
[15.281s] -- Symlinking: /root/ros2_ws/install/examples_rclcpp_minimal_timer/share/examples_rclcpp_minimal_timer/local_setup.zsh
[15.291s] -- Symlinking: /root/ros2_ws/install/examples_rclcpp_minimal_timer/share/examples_rclcpp_minimal_timer/local_setup.dsv
[15.301s] -- Symlinking: /root/ros2_ws/install/examples_rclcpp_minimal_timer/share/examples_rclcpp_minimal_timer/package.dsv
[15.312s] -- Symlinking: /root/ros2_ws/install/examples_rclcpp_minimal_timer/share/ament_index/resource_index/packages/examples_rclcpp_minimal_timer
[15.326s] -- Symlinking: /root/ros2_ws/install/examples_rclcpp_minimal_timer/share/examples_rclcpp_minimal_timer/cmake/examples_rclcpp_minimal_timerConfig.cmake
[15.335s] -- Symlinking: /root/ros2_ws/install/examples_rclcpp_minimal_timer/share/examples_rclcpp_minimal_timer/cmake/examples_rclcpp_minimal_timerConfig-version.cmake
[15.346s] -- Symlinking: /root/ros2_ws/install/examples_rclcpp_minimal_timer/share/examples_rclcpp_minimal_timer/package.xml
[15.363s] Invoked command in '/root/ros2_ws/build/examples_rclcpp_minimal_timer' returned '0': CMAKE_PREFIX_PATH=/opt/ros/iron /usr/bin/cmake --install /root/ros2_ws/build/examples_rclcpp_minimal_timer
