[0.000000] (-) TimerEvent: {}
[0.001120] (turtlesim) JobQueued: {'identifier': 'turtlesim', 'dependencies': OrderedDict()}
[0.001180] (turtlesim) JobStarted: {'identifier': 'turtlesim'}
[0.019912] (turtlesim) JobProgress: {'identifier': 'turtlesim', 'progress': 'cmake'}
[0.020723] (turtlesim) JobProgress: {'identifier': 'turtlesim', 'progress': 'build'}
[0.021977] (turtlesim) Command: {'cmd': ['/usr/bin/cmake', '--build', '/root/ros2_ws/build/turtlesim', '--', '-j4', '-l4'], 'cwd': '/root/ros2_ws/build/turtlesim', 'env': OrderedDict([('HOSTNAME', 'ca1efcb7cbad'), ('SHLVL', '1'), ('LD_LIBRARY_PATH', '/opt/ros/iron/opt/rviz_ogre_vendor/lib:/opt/ros/iron/lib/x86_64-linux-gnu:/opt/ros/iron/lib'), ('HOME', '/root'), ('OLDPWD', '/'), ('ROS_PYTHON_VERSION', '3'), ('ROS_DISTRO', 'iron'), ('_', '/usr/bin/colcon'), ('ROS_VERSION', '2'), ('TERM', 'xterm'), ('PATH', '/opt/ros/iron/bin:/usr/local/sbin:/usr/local/bin:/usr/sbin:/usr/bin:/sbin:/bin'), ('DISPLAY', ':0'), ('LANG', 'C.UTF-8'), ('AMENT_PREFIX_PATH', '/opt/ros/iron'), ('ROS_AUTOMATIC_DISCOVERY_RANGE', 'SUBNET'), ('PWD', '/root/ros2_ws/build/turtlesim'), ('LC_ALL', 'C.UTF-8'), ('PYTHONPATH', '/opt/ros/iron/lib/python3.10/site-packages'), ('COLCON', '1'), ('CMAKE_PREFIX_PATH', '/opt/ros/iron')]), 'shell': False}
[0.095403] (turtlesim) StdoutLine: {'line': b'[  0%] Built target turtlesim__rosidl_generator_type_description\n'}
[0.097890] (-) TimerEvent: {}
[0.115517] (turtlesim) StdoutLine: {'line': b'[  0%] Built target ament_cmake_python_copy_turtlesim\n'}
[0.123641] (turtlesim) StdoutLine: {'line': b'[  1%] Built target turtlesim__cpp\n'}
[0.134228] (turtlesim) StdoutLine: {'line': b'[ 24%] Built target turtlesim__rosidl_generator_c\n'}
[0.172516] (turtlesim) StdoutLine: {'line': b'[ 33%] Built target turtlesim__rosidl_typesupport_fastrtps_c\n'}
[0.174192] (turtlesim) StdoutLine: {'line': b'[ 41%] Built target turtlesim__rosidl_typesupport_cpp\n'}
[0.179642] (turtlesim) StdoutLine: {'line': b'[ 49%] Built target turtlesim__rosidl_typesupport_fastrtps_cpp\n'}
[0.198003] (-) TimerEvent: {}
[0.206645] (turtlesim) StdoutLine: {'line': b'[ 58%] Built target turtlesim__rosidl_typesupport_introspection_c\n'}
[0.224438] (turtlesim) StdoutLine: {'line': b'[ 74%] Built target turtlesim__rosidl_typesupport_c\n'}
[0.227751] (turtlesim) StdoutLine: {'line': b'[ 75%] Built target turtlesim__rosidl_typesupport_introspection_cpp\n'}
[0.263579] (turtlesim) StdoutLine: {'line': b'[ 82%] Built target turtlesim_node\n'}
[0.266468] (turtlesim) StdoutLine: {'line': b'[ 83%] Built target turtle_teleop_key\n'}
[0.273790] (turtlesim) StdoutLine: {'line': b'[ 84%] Built target draw_square\n'}
[0.295509] (turtlesim) StdoutLine: {'line': b'[ 84%] Built target turtlesim\n'}
[0.298153] (-) TimerEvent: {}
[0.301800] (turtlesim) StdoutLine: {'line': b'[ 86%] Built target mimic\n'}
[0.324754] (turtlesim) StdoutLine: {'line': b'[ 86%] Built target turtlesim__py\n'}
[0.357554] (turtlesim) StdoutLine: {'line': b'[ 94%] Built target turtlesim__rosidl_generator_py\n'}
[0.386976] (turtlesim) StdoutLine: {'line': b'[ 98%] Built target turtlesim__rosidl_typesupport_c__pyext\n'}
[0.387226] (turtlesim) StdoutLine: {'line': b'[ 98%] Built target turtlesim__rosidl_typesupport_fastrtps_c__pyext\n'}
[0.389837] (turtlesim) StdoutLine: {'line': b'[100%] Built target turtlesim__rosidl_typesupport_introspection_c__pyext\n'}
[0.398265] (-) TimerEvent: {}
[0.479628] (turtlesim) StdoutLine: {'line': b'running egg_info\n'}
[0.480639] (turtlesim) StdoutLine: {'line': b'writing turtlesim.egg-info/PKG-INFO\n'}
[0.481023] (turtlesim) StdoutLine: {'line': b'writing dependency_links to turtlesim.egg-info/dependency_links.txt\n'}
[0.481442] (turtlesim) StdoutLine: {'line': b'writing top-level names to turtlesim.egg-info/top_level.txt\n'}
[0.485002] (turtlesim) StdoutLine: {'line': b"reading manifest file 'turtlesim.egg-info/SOURCES.txt'\n"}
[0.486255] (turtlesim) StdoutLine: {'line': b"writing manifest file 'turtlesim.egg-info/SOURCES.txt'\n"}
[0.498428] (-) TimerEvent: {}
[0.520492] (turtlesim) StdoutLine: {'line': b'[100%] Built target ament_cmake_python_build_turtlesim_egg\n'}
[0.537322] (turtlesim) CommandEnded: {'returncode': 0}
[0.598557] (-) TimerEvent: {}
[0.698930] (-) TimerEvent: {}
[0.799298] (-) TimerEvent: {}
[0.892684] (turtlesim) JobProgress: {'identifier': 'turtlesim', 'progress': 'install'}
[0.899511] (-) TimerEvent: {}
[0.904297] (turtlesim) Command: {'cmd': ['/usr/bin/cmake', '--install', '/root/ros2_ws/build/turtlesim'], 'cwd': '/root/ros2_ws/build/turtlesim', 'env': OrderedDict([('HOSTNAME', 'ca1efcb7cbad'), ('SHLVL', '1'), ('LD_LIBRARY_PATH', '/opt/ros/iron/opt/rviz_ogre_vendor/lib:/opt/ros/iron/lib/x86_64-linux-gnu:/opt/ros/iron/lib'), ('HOME', '/root'), ('OLDPWD', '/'), ('ROS_PYTHON_VERSION', '3'), ('ROS_DISTRO', 'iron'), ('_', '/usr/bin/colcon'), ('ROS_VERSION', '2'), ('TERM', 'xterm'), ('PATH', '/opt/ros/iron/bin:/usr/local/sbin:/usr/local/bin:/usr/sbin:/usr/bin:/sbin:/bin'), ('DISPLAY', ':0'), ('LANG', 'C.UTF-8'), ('AMENT_PREFIX_PATH', '/opt/ros/iron'), ('ROS_AUTOMATIC_DISCOVERY_RANGE', 'SUBNET'), ('PWD', '/root/ros2_ws/build/turtlesim'), ('LC_ALL', 'C.UTF-8'), ('PYTHONPATH', '/opt/ros/iron/lib/python3.10/site-packages'), ('COLCON', '1'), ('CMAKE_PREFIX_PATH', '/opt/ros/iron')]), 'shell': False}
[0.914236] (turtlesim) StdoutLine: {'line': b'-- Install configuration: ""\n'}
[0.914705] (turtlesim) StdoutLine: {'line': b'-- Up-to-date: /root/ros2_ws/install/turtlesim/share/ament_index/resource_index/rosidl_interfaces/turtlesim\n'}
[0.914930] (turtlesim) StdoutLine: {'line': b'-- Up-to-date: /root/ros2_ws/install/turtlesim/share/turtlesim/action/RotateAbsolute.json\n'}
[0.915053] (turtlesim) StdoutLine: {'line': b'-- Up-to-date: /root/ros2_ws/install/turtlesim/share/turtlesim/msg/Color.json\n'}
[0.915159] (turtlesim) StdoutLine: {'line': b'-- Up-to-date: /root/ros2_ws/install/turtlesim/share/turtlesim/msg/Pose.json\n'}
[0.915404] (turtlesim) StdoutLine: {'line': b'-- Up-to-date: /root/ros2_ws/install/turtlesim/share/turtlesim/srv/Kill.json\n'}
[0.915518] (turtlesim) StdoutLine: {'line': b'-- Up-to-date: /root/ros2_ws/install/turtlesim/share/turtlesim/srv/SetPen.json\n'}
[0.915770] (turtlesim) StdoutLine: {'line': b'-- Up-to-date: /root/ros2_ws/install/turtlesim/share/turtlesim/srv/Spawn.json\n'}
[0.915896] (turtlesim) StdoutLine: {'line': b'-- Up-to-date: /root/ros2_ws/install/turtlesim/share/turtlesim/srv/TeleportAbsolute.json\n'}
[0.916001] (turtlesim) StdoutLine: {'line': b'-- Up-to-date: /root/ros2_ws/install/turtlesim/share/turtlesim/srv/TeleportRelative.json\n'}
[0.916104] (turtlesim) StdoutLine: {'line': b'-- Up-to-date: /root/ros2_ws/install/turtlesim/include/turtlesim/turtlesim\n'}
[0.916204] (turtlesim) StdoutLine: {'line': b'-- Up-to-date: /root/ros2_ws/install/turtlesim/include/turtlesim/turtlesim/msg\n'}
[0.916321] (turtlesim) StdoutLine: {'line': b'-- Up-to-date: /root/ros2_ws/install/turtlesim/include/turtlesim/turtlesim/msg/color.h\n'}
[0.916446] (turtlesim) StdoutLine: {'line': b'-- Up-to-date: /root/ros2_ws/install/turtlesim/include/turtlesim/turtlesim/msg/rosidl_generator_c__visibility_control.h\n'}
[0.916550] (turtlesim) StdoutLine: {'line': b'-- Up-to-date: /root/ros2_ws/install/turtlesim/include/turtlesim/turtlesim/msg/detail\n'}
[0.916649] (turtlesim) StdoutLine: {'line': b'-- Installing: /root/ros2_ws/install/turtlesim/include/turtlesim/turtlesim/msg/detail/color__type_support.c\n'}
[0.916748] (turtlesim) StdoutLine: {'line': b'-- Up-to-date: /root/ros2_ws/install/turtlesim/include/turtlesim/turtlesim/msg/detail/pose__functions.c\n'}
[0.916847] (turtlesim) StdoutLine: {'line': b'-- Up-to-date: /root/ros2_ws/install/turtlesim/include/turtlesim/turtlesim/msg/detail/pose__functions.h\n'}
[0.916944] (turtlesim) StdoutLine: {'line': b'-- Up-to-date: /root/ros2_ws/install/turtlesim/include/turtlesim/turtlesim/msg/detail/pose__description.c\n'}
[0.917042] (turtlesim) StdoutLine: {'line': b'-- Installing: /root/ros2_ws/install/turtlesim/include/turtlesim/turtlesim/msg/detail/pose__type_support.c\n'}
[0.917139] (turtlesim) StdoutLine: {'line': b'-- Up-to-date: /root/ros2_ws/install/turtlesim/include/turtlesim/turtlesim/msg/detail/color__type_support.h\n'}
[0.917253] (turtlesim) StdoutLine: {'line': b'-- Up-to-date: /root/ros2_ws/install/turtlesim/include/turtlesim/turtlesim/msg/detail/color__description.c\n'}
[0.917571] (turtlesim) StdoutLine: {'line': b'-- Up-to-date: /root/ros2_ws/install/turtlesim/include/turtlesim/turtlesim/msg/detail/color__functions.c\n'}
[0.917815] (turtlesim) StdoutLine: {'line': b'-- Up-to-date: /root/ros2_ws/install/turtlesim/include/turtlesim/turtlesim/msg/detail/color__struct.h\n'}
[0.917960] (turtlesim) StdoutLine: {'line': b'-- Up-to-date: /root/ros2_ws/install/turtlesim/include/turtlesim/turtlesim/msg/detail/pose__type_support.h\n'}
[0.918136] (turtlesim) StdoutLine: {'line': b'-- Up-to-date: /root/ros2_ws/install/turtlesim/include/turtlesim/turtlesim/msg/detail/pose__struct.h\n'}
[0.918368] (turtlesim) StdoutLine: {'line': b'-- Up-to-date: /root/ros2_ws/install/turtlesim/include/turtlesim/turtlesim/msg/detail/color__functions.h\n'}
[0.918616] (turtlesim) StdoutLine: {'line': b'-- Up-to-date: /root/ros2_ws/install/turtlesim/include/turtlesim/turtlesim/msg/pose.h\n'}
[0.919103] (turtlesim) StdoutLine: {'line': b'-- Up-to-date: /root/ros2_ws/install/turtlesim/include/turtlesim/turtlesim/action\n'}
[0.919672] (turtlesim) StdoutLine: {'line': b'-- Up-to-date: /root/ros2_ws/install/turtlesim/include/turtlesim/turtlesim/action/detail\n'}
[0.920015] (turtlesim) StdoutLine: {'line': b'-- Up-to-date: /root/ros2_ws/install/turtlesim/include/turtlesim/turtlesim/action/detail/rotate_absolute__description.c\n'}
[0.920162] (turtlesim) StdoutLine: {'line': b'-- Installing: /root/ros2_ws/install/turtlesim/include/turtlesim/turtlesim/action/detail/rotate_absolute__type_support.c\n'}
[0.920675] (turtlesim) StdoutLine: {'line': b'-- Up-to-date: /root/ros2_ws/install/turtlesim/include/turtlesim/turtlesim/action/detail/rotate_absolute__struct.h\n'}
[0.921115] (turtlesim) StdoutLine: {'line': b'-- Up-to-date: /root/ros2_ws/install/turtlesim/include/turtlesim/turtlesim/action/detail/rotate_absolute__type_support.h\n'}
[0.921412] (turtlesim) StdoutLine: {'line': b'-- Up-to-date: /root/ros2_ws/install/turtlesim/include/turtlesim/turtlesim/action/detail/rotate_absolute__functions.c\n'}
[0.921540] (turtlesim) StdoutLine: {'line': b'-- Up-to-date: /root/ros2_ws/install/turtlesim/include/turtlesim/turtlesim/action/detail/rotate_absolute__functions.h\n'}
[0.921736] (turtlesim) StdoutLine: {'line': b'-- Up-to-date: /root/ros2_ws/install/turtlesim/include/turtlesim/turtlesim/action/rotate_absolute.h\n'}
[0.922029] (turtlesim) StdoutLine: {'line': b'-- Up-to-date: /root/ros2_ws/install/turtlesim/include/turtlesim/turtlesim/srv\n'}
[0.922467] (turtlesim) StdoutLine: {'line': b'-- Up-to-date: /root/ros2_ws/install/turtlesim/include/turtlesim/turtlesim/srv/teleport_relative.h\n'}
[0.922721] (turtlesim) StdoutLine: {'line': b'-- Up-to-date: /root/ros2_ws/install/turtlesim/include/turtlesim/turtlesim/srv/kill.h\n'}
[0.923114] (turtlesim) StdoutLine: {'line': b'-- Up-to-date: /root/ros2_ws/install/turtlesim/include/turtlesim/turtlesim/srv/spawn.h\n'}
[0.923601] (turtlesim) StdoutLine: {'line': b'-- Up-to-date: /root/ros2_ws/install/turtlesim/include/turtlesim/turtlesim/srv/teleport_absolute.h\n'}
[0.923832] (turtlesim) StdoutLine: {'line': b'-- Up-to-date: /root/ros2_ws/install/turtlesim/include/turtlesim/turtlesim/srv/detail\n'}
[0.924202] (turtlesim) StdoutLine: {'line': b'-- Installing: /root/ros2_ws/install/turtlesim/include/turtlesim/turtlesim/srv/detail/kill__type_support.c\n'}
[0.924420] (turtlesim) StdoutLine: {'line': b'-- Up-to-date: /root/ros2_ws/install/turtlesim/include/turtlesim/turtlesim/srv/detail/set_pen__struct.h\n'}
[0.924623] (turtlesim) StdoutLine: {'line': b'-- Up-to-date: /root/ros2_ws/install/turtlesim/include/turtlesim/turtlesim/srv/detail/spawn__functions.c\n'}
[0.924845] (turtlesim) StdoutLine: {'line': b'-- Up-to-date: /root/ros2_ws/install/turtlesim/include/turtlesim/turtlesim/srv/detail/set_pen__type_support.h\n'}
[0.925095] (turtlesim) StdoutLine: {'line': b'-- Up-to-date: /root/ros2_ws/install/turtlesim/include/turtlesim/turtlesim/srv/detail/teleport_absolute__struct.h\n'}
[0.925298] (turtlesim) StdoutLine: {'line': b'-- Up-to-date: /root/ros2_ws/install/turtlesim/include/turtlesim/turtlesim/srv/detail/set_pen__description.c\n'}
[0.925406] (turtlesim) StdoutLine: {'line': b'-- Up-to-date: /root/ros2_ws/install/turtlesim/include/turtlesim/turtlesim/srv/detail/kill__type_support.h\n'}
[0.925506] (turtlesim) StdoutLine: {'line': b'-- Up-to-date: /root/ros2_ws/install/turtlesim/include/turtlesim/turtlesim/srv/detail/spawn__struct.h\n'}
[0.925604] (turtlesim) StdoutLine: {'line': b'-- Installing: /root/ros2_ws/install/turtlesim/include/turtlesim/turtlesim/srv/detail/teleport_absolute__type_support.c\n'}
[0.927542] (turtlesim) StdoutLine: {'line': b'-- Up-to-date: /root/ros2_ws/install/turtlesim/include/turtlesim/turtlesim/srv/detail/set_pen__functions.c\n'}
[0.927738] (turtlesim) StdoutLine: {'line': b'-- Up-to-date: /root/ros2_ws/install/turtlesim/include/turtlesim/turtlesim/srv/detail/kill__struct.h\n'}
[0.927879] (turtlesim) StdoutLine: {'line': b'-- Up-to-date: /root/ros2_ws/install/turtlesim/include/turtlesim/turtlesim/srv/detail/kill__functions.c\n'}
[0.928099] (turtlesim) StdoutLine: {'line': b'-- Up-to-date: /root/ros2_ws/install/turtlesim/include/turtlesim/turtlesim/srv/detail/teleport_absolute__description.c\n'}
[0.928224] (turtlesim) StdoutLine: {'line': b'-- Installing: /root/ros2_ws/install/turtlesim/include/turtlesim/turtlesim/srv/detail/set_pen__type_support.c\n'}
[0.928342] (turtlesim) StdoutLine: {'line': b'-- Up-to-date: /root/ros2_ws/install/turtlesim/include/turtlesim/turtlesim/srv/detail/set_pen__functions.h\n'}
[0.928446] (turtlesim) StdoutLine: {'line': b'-- Up-to-date: /root/ros2_ws/install/turtlesim/include/turtlesim/turtlesim/srv/detail/spawn__description.c\n'}
[0.928547] (turtlesim) StdoutLine: {'line': b'-- Up-to-date: /root/ros2_ws/install/turtlesim/include/turtlesim/turtlesim/srv/detail/teleport_absolute__functions.c\n'}
[0.928648] (turtlesim) StdoutLine: {'line': b'-- Up-to-date: /root/ros2_ws/install/turtlesim/include/turtlesim/turtlesim/srv/detail/kill__description.c\n'}
[0.928748] (turtlesim) StdoutLine: {'line': b'-- Up-to-date: /root/ros2_ws/install/turtlesim/include/turtlesim/turtlesim/srv/detail/spawn__type_support.h\n'}
[0.928873] (turtlesim) StdoutLine: {'line': b'-- Up-to-date: /root/ros2_ws/install/turtlesim/include/turtlesim/turtlesim/srv/detail/teleport_absolute__type_support.h\n'}
[0.929001] (turtlesim) StdoutLine: {'line': b'-- Installing: /root/ros2_ws/install/turtlesim/include/turtlesim/turtlesim/srv/detail/spawn__type_support.c\n'}
[0.929107] (turtlesim) StdoutLine: {'line': b'-- Up-to-date: /root/ros2_ws/install/turtlesim/include/turtlesim/turtlesim/srv/detail/teleport_absolute__functions.h\n'}
[0.929209] (turtlesim) StdoutLine: {'line': b'-- Up-to-date: /root/ros2_ws/install/turtlesim/include/turtlesim/turtlesim/srv/detail/teleport_relative__functions.h\n'}
[0.929311] (turtlesim) StdoutLine: {'line': b'-- Up-to-date: /root/ros2_ws/install/turtlesim/include/turtlesim/turtlesim/srv/detail/kill__functions.h\n'}
[0.929414] (turtlesim) StdoutLine: {'line': b'-- Up-to-date: /root/ros2_ws/install/turtlesim/include/turtlesim/turtlesim/srv/detail/teleport_relative__struct.h\n'}
[0.929529] (turtlesim) StdoutLine: {'line': b'-- Up-to-date: /root/ros2_ws/install/turtlesim/include/turtlesim/turtlesim/srv/detail/teleport_relative__description.c\n'}
[0.929639] (turtlesim) StdoutLine: {'line': b'-- Up-to-date: /root/ros2_ws/install/turtlesim/include/turtlesim/turtlesim/srv/detail/spawn__functions.h\n'}
[0.929870] (turtlesim) StdoutLine: {'line': b'-- Installing: /root/ros2_ws/install/turtlesim/include/turtlesim/turtlesim/srv/detail/teleport_relative__type_support.c\n'}
[0.930750] (turtlesim) StdoutLine: {'line': b'-- Up-to-date: /root/ros2_ws/install/turtlesim/include/turtlesim/turtlesim/srv/detail/teleport_relative__type_support.h\n'}
[0.931044] (turtlesim) StdoutLine: {'line': b'-- Up-to-date: /root/ros2_ws/install/turtlesim/include/turtlesim/turtlesim/srv/detail/teleport_relative__functions.c\n'}
[0.931170] (turtlesim) StdoutLine: {'line': b'-- Up-to-date: /root/ros2_ws/install/turtlesim/include/turtlesim/turtlesim/srv/set_pen.h\n'}
[0.931370] (turtlesim) StdoutLine: {'line': b'-- Up-to-date: /root/ros2_ws/install/turtlesim/share/turtlesim/environment/library_path.sh\n'}
[0.931830] (turtlesim) StdoutLine: {'line': b'-- Up-to-date: /root/ros2_ws/install/turtlesim/share/turtlesim/environment/library_path.dsv\n'}
[0.931985] (turtlesim) StdoutLine: {'line': b'-- Up-to-date: /root/ros2_ws/install/turtlesim/lib/libturtlesim__rosidl_generator_c.so\n'}
[0.932093] (turtlesim) StdoutLine: {'line': b'-- Up-to-date: /root/ros2_ws/install/turtlesim/include/turtlesim/turtlesim\n'}
[0.932321] (turtlesim) StdoutLine: {'line': b'-- Up-to-date: /root/ros2_ws/install/turtlesim/include/turtlesim/turtlesim/msg\n'}
[0.932590] (turtlesim) StdoutLine: {'line': b'-- Up-to-date: /root/ros2_ws/install/turtlesim/include/turtlesim/turtlesim/msg/rosidl_typesupport_fastrtps_c__visibility_control.h\n'}
[0.932753] (turtlesim) StdoutLine: {'line': b'-- Up-to-date: /root/ros2_ws/install/turtlesim/include/turtlesim/turtlesim/msg/detail\n'}
[0.932930] (turtlesim) StdoutLine: {'line': b'-- Up-to-date: /root/ros2_ws/install/turtlesim/include/turtlesim/turtlesim/msg/detail/color__rosidl_typesupport_fastrtps_c.h\n'}
[0.933047] (turtlesim) StdoutLine: {'line': b'-- Up-to-date: /root/ros2_ws/install/turtlesim/include/turtlesim/turtlesim/msg/detail/pose__rosidl_typesupport_fastrtps_c.h\n'}
[0.933150] (turtlesim) StdoutLine: {'line': b'-- Up-to-date: /root/ros2_ws/install/turtlesim/include/turtlesim/turtlesim/action\n'}
[0.933636] (turtlesim) StdoutLine: {'line': b'-- Up-to-date: /root/ros2_ws/install/turtlesim/include/turtlesim/turtlesim/action/detail\n'}
[0.933979] (turtlesim) StdoutLine: {'line': b'-- Up-to-date: /root/ros2_ws/install/turtlesim/include/turtlesim/turtlesim/action/detail/rotate_absolute__rosidl_typesupport_fastrtps_c.h\n'}
[0.934132] (turtlesim) StdoutLine: {'line': b'-- Up-to-date: /root/ros2_ws/install/turtlesim/include/turtlesim/turtlesim/srv\n'}
[0.934242] (turtlesim) StdoutLine: {'line': b'-- Up-to-date: /root/ros2_ws/install/turtlesim/include/turtlesim/turtlesim/srv/detail\n'}
[0.934521] (turtlesim) StdoutLine: {'line': b'-- Up-to-date: /root/ros2_ws/install/turtlesim/include/turtlesim/turtlesim/srv/detail/set_pen__rosidl_typesupport_fastrtps_c.h\n'}
[0.934672] (turtlesim) StdoutLine: {'line': b'-- Up-to-date: /root/ros2_ws/install/turtlesim/include/turtlesim/turtlesim/srv/detail/teleport_absolute__rosidl_typesupport_fastrtps_c.h\n'}
[0.934782] (turtlesim) StdoutLine: {'line': b'-- Up-to-date: /root/ros2_ws/install/turtlesim/include/turtlesim/turtlesim/srv/detail/teleport_relative__rosidl_typesupport_fastrtps_c.h\n'}
[0.935001] (turtlesim) StdoutLine: {'line': b'-- Up-to-date: /root/ros2_ws/install/turtlesim/include/turtlesim/turtlesim/srv/detail/kill__rosidl_typesupport_fastrtps_c.h\n'}
[0.935365] (turtlesim) StdoutLine: {'line': b'-- Up-to-date: /root/ros2_ws/install/turtlesim/include/turtlesim/turtlesim/srv/detail/spawn__rosidl_typesupport_fastrtps_c.h\n'}
[0.935604] (turtlesim) StdoutLine: {'line': b'-- Up-to-date: /root/ros2_ws/install/turtlesim/lib/libturtlesim__rosidl_typesupport_fastrtps_c.so\n'}
[0.936010] (turtlesim) StdoutLine: {'line': b'-- Up-to-date: /root/ros2_ws/install/turtlesim/include/turtlesim/turtlesim\n'}
[0.936296] (turtlesim) StdoutLine: {'line': b'-- Up-to-date: /root/ros2_ws/install/turtlesim/include/turtlesim/turtlesim/msg\n'}
[0.936463] (turtlesim) StdoutLine: {'line': b'-- Up-to-date: /root/ros2_ws/install/turtlesim/include/turtlesim/turtlesim/msg/pose.hpp\n'}
[0.936914] (turtlesim) StdoutLine: {'line': b'-- Up-to-date: /root/ros2_ws/install/turtlesim/include/turtlesim/turtlesim/msg/color.hpp\n'}
[0.937102] (turtlesim) StdoutLine: {'line': b'-- Up-to-date: /root/ros2_ws/install/turtlesim/include/turtlesim/turtlesim/msg/detail\n'}
[0.937649] (turtlesim) StdoutLine: {'line': b'-- Up-to-date: /root/ros2_ws/install/turtlesim/include/turtlesim/turtlesim/msg/detail/color__traits.hpp\n'}
[0.937963] (turtlesim) StdoutLine: {'line': b'-- Up-to-date: /root/ros2_ws/install/turtlesim/include/turtlesim/turtlesim/msg/detail/color__struct.hpp\n'}
[0.938126] (turtlesim) StdoutLine: {'line': b'-- Up-to-date: /root/ros2_ws/install/turtlesim/include/turtlesim/turtlesim/msg/detail/pose__struct.hpp\n'}
[0.938237] (turtlesim) StdoutLine: {'line': b'-- Up-to-date: /root/ros2_ws/install/turtlesim/include/turtlesim/turtlesim/msg/detail/pose__builder.hpp\n'}
[0.938341] (turtlesim) StdoutLine: {'line': b'-- Up-to-date: /root/ros2_ws/install/turtlesim/include/turtlesim/turtlesim/msg/detail/color__builder.hpp\n'}
[0.938465] (turtlesim) StdoutLine: {'line': b'-- Up-to-date: /root/ros2_ws/install/turtlesim/include/turtlesim/turtlesim/msg/detail/pose__traits.hpp\n'}
[0.938583] (turtlesim) StdoutLine: {'line': b'-- Up-to-date: /root/ros2_ws/install/turtlesim/include/turtlesim/turtlesim/action\n'}
[0.938685] (turtlesim) StdoutLine: {'line': b'-- Up-to-date: /root/ros2_ws/install/turtlesim/include/turtlesim/turtlesim/action/rotate_absolute.hpp\n'}
[0.938783] (turtlesim) StdoutLine: {'line': b'-- Up-to-date: /root/ros2_ws/install/turtlesim/include/turtlesim/turtlesim/action/detail\n'}
[0.938930] (turtlesim) StdoutLine: {'line': b'-- Up-to-date: /root/ros2_ws/install/turtlesim/include/turtlesim/turtlesim/action/detail/rotate_absolute__struct.hpp\n'}
[0.939039] (turtlesim) StdoutLine: {'line': b'-- Up-to-date: /root/ros2_ws/install/turtlesim/include/turtlesim/turtlesim/action/detail/rotate_absolute__traits.hpp\n'}
[0.939141] (turtlesim) StdoutLine: {'line': b'-- Up-to-date: /root/ros2_ws/install/turtlesim/include/turtlesim/turtlesim/action/detail/rotate_absolute__builder.hpp\n'}
[0.939240] (turtlesim) StdoutLine: {'line': b'-- Up-to-date: /root/ros2_ws/install/turtlesim/include/turtlesim/turtlesim/srv\n'}
[0.939338] (turtlesim) StdoutLine: {'line': b'-- Up-to-date: /root/ros2_ws/install/turtlesim/include/turtlesim/turtlesim/srv/teleport_absolute.hpp\n'}
[0.939436] (turtlesim) StdoutLine: {'line': b'-- Up-to-date: /root/ros2_ws/install/turtlesim/include/turtlesim/turtlesim/srv/kill.hpp\n'}
[0.939533] (turtlesim) StdoutLine: {'line': b'-- Up-to-date: /root/ros2_ws/install/turtlesim/include/turtlesim/turtlesim/srv/teleport_relative.hpp\n'}
[0.939630] (turtlesim) StdoutLine: {'line': b'-- Up-to-date: /root/ros2_ws/install/turtlesim/include/turtlesim/turtlesim/srv/set_pen.hpp\n'}
[0.939728] (turtlesim) StdoutLine: {'line': b'-- Up-to-date: /root/ros2_ws/install/turtlesim/include/turtlesim/turtlesim/srv/spawn.hpp\n'}
[0.939916] (turtlesim) StdoutLine: {'line': b'-- Up-to-date: /root/ros2_ws/install/turtlesim/include/turtlesim/turtlesim/srv/detail\n'}
[0.940045] (turtlesim) StdoutLine: {'line': b'-- Up-to-date: /root/ros2_ws/install/turtlesim/include/turtlesim/turtlesim/srv/detail/set_pen__builder.hpp\n'}
[0.940148] (turtlesim) StdoutLine: {'line': b'-- Up-to-date: /root/ros2_ws/install/turtlesim/include/turtlesim/turtlesim/srv/detail/set_pen__struct.hpp\n'}
[0.940249] (turtlesim) StdoutLine: {'line': b'-- Up-to-date: /root/ros2_ws/install/turtlesim/include/turtlesim/turtlesim/srv/detail/spawn__struct.hpp\n'}
[0.940348] (turtlesim) StdoutLine: {'line': b'-- Up-to-date: /root/ros2_ws/install/turtlesim/include/turtlesim/turtlesim/srv/detail/spawn__traits.hpp\n'}
[0.940445] (turtlesim) StdoutLine: {'line': b'-- Up-to-date: /root/ros2_ws/install/turtlesim/include/turtlesim/turtlesim/srv/detail/spawn__builder.hpp\n'}
[0.940542] (turtlesim) StdoutLine: {'line': b'-- Up-to-date: /root/ros2_ws/install/turtlesim/include/turtlesim/turtlesim/srv/detail/teleport_absolute__builder.hpp\n'}
[0.940639] (turtlesim) StdoutLine: {'line': b'-- Up-to-date: /root/ros2_ws/install/turtlesim/include/turtlesim/turtlesim/srv/detail/teleport_absolute__struct.hpp\n'}
[0.940736] (turtlesim) StdoutLine: {'line': b'-- Up-to-date: /root/ros2_ws/install/turtlesim/include/turtlesim/turtlesim/srv/detail/kill__traits.hpp\n'}
[0.940833] (turtlesim) StdoutLine: {'line': b'-- Up-to-date: /root/ros2_ws/install/turtlesim/include/turtlesim/turtlesim/srv/detail/teleport_relative__builder.hpp\n'}
[0.940973] (turtlesim) StdoutLine: {'line': b'-- Up-to-date: /root/ros2_ws/install/turtlesim/include/turtlesim/turtlesim/srv/detail/kill__builder.hpp\n'}
[0.941085] (turtlesim) StdoutLine: {'line': b'-- Up-to-date: /root/ros2_ws/install/turtlesim/include/turtlesim/turtlesim/srv/detail/teleport_absolute__traits.hpp\n'}
[0.941185] (turtlesim) StdoutLine: {'line': b'-- Up-to-date: /root/ros2_ws/install/turtlesim/include/turtlesim/turtlesim/srv/detail/teleport_relative__traits.hpp\n'}
[0.941290] (turtlesim) StdoutLine: {'line': b'-- Up-to-date: /root/ros2_ws/install/turtlesim/include/turtlesim/turtlesim/srv/detail/kill__struct.hpp\n'}
[0.941390] (turtlesim) StdoutLine: {'line': b'-- Up-to-date: /root/ros2_ws/install/turtlesim/include/turtlesim/turtlesim/srv/detail/teleport_relative__struct.hpp\n'}
[0.941489] (turtlesim) StdoutLine: {'line': b'-- Up-to-date: /root/ros2_ws/install/turtlesim/include/turtlesim/turtlesim/srv/detail/set_pen__traits.hpp\n'}
[0.941587] (turtlesim) StdoutLine: {'line': b'-- Up-to-date: /root/ros2_ws/install/turtlesim/include/turtlesim/turtlesim\n'}
[0.941684] (turtlesim) StdoutLine: {'line': b'-- Up-to-date: /root/ros2_ws/install/turtlesim/include/turtlesim/turtlesim/msg\n'}
[0.941782] (turtlesim) StdoutLine: {'line': b'-- Up-to-date: /root/ros2_ws/install/turtlesim/include/turtlesim/turtlesim/msg/rosidl_typesupport_fastrtps_cpp__visibility_control.h\n'}
[0.942161] (turtlesim) StdoutLine: {'line': b'-- Up-to-date: /root/ros2_ws/install/turtlesim/include/turtlesim/turtlesim/msg/detail\n'}
[0.942329] (turtlesim) StdoutLine: {'line': b'-- Up-to-date: /root/ros2_ws/install/turtlesim/include/turtlesim/turtlesim/msg/detail/dds_fastrtps\n'}
[0.942438] (turtlesim) StdoutLine: {'line': b'-- Up-to-date: /root/ros2_ws/install/turtlesim/include/turtlesim/turtlesim/msg/detail/pose__rosidl_typesupport_fastrtps_cpp.hpp\n'}
[0.942539] (turtlesim) StdoutLine: {'line': b'-- Up-to-date: /root/ros2_ws/install/turtlesim/include/turtlesim/turtlesim/msg/detail/color__rosidl_typesupport_fastrtps_cpp.hpp\n'}
[0.942637] (turtlesim) StdoutLine: {'line': b'-- Up-to-date: /root/ros2_ws/install/turtlesim/include/turtlesim/turtlesim/action\n'}
[0.942736] (turtlesim) StdoutLine: {'line': b'-- Up-to-date: /root/ros2_ws/install/turtlesim/include/turtlesim/turtlesim/action/detail\n'}
[0.942869] (turtlesim) StdoutLine: {'line': b'-- Up-to-date: /root/ros2_ws/install/turtlesim/include/turtlesim/turtlesim/action/detail/rotate_absolute__rosidl_typesupport_fastrtps_cpp.hpp\n'}
[0.942994] (turtlesim) StdoutLine: {'line': b'-- Up-to-date: /root/ros2_ws/install/turtlesim/include/turtlesim/turtlesim/action/detail/dds_fastrtps\n'}
[0.943157] (turtlesim) StdoutLine: {'line': b'-- Up-to-date: /root/ros2_ws/install/turtlesim/include/turtlesim/turtlesim/srv\n'}
[0.943266] (turtlesim) StdoutLine: {'line': b'-- Up-to-date: /root/ros2_ws/install/turtlesim/include/turtlesim/turtlesim/srv/detail\n'}
[0.943369] (turtlesim) StdoutLine: {'line': b'-- Up-to-date: /root/ros2_ws/install/turtlesim/include/turtlesim/turtlesim/srv/detail/teleport_relative__rosidl_typesupport_fastrtps_cpp.hpp\n'}
[0.943481] (turtlesim) StdoutLine: {'line': b'-- Up-to-date: /root/ros2_ws/install/turtlesim/include/turtlesim/turtlesim/srv/detail/kill__rosidl_typesupport_fastrtps_cpp.hpp\n'}
[0.943581] (turtlesim) StdoutLine: {'line': b'-- Up-to-date: /root/ros2_ws/install/turtlesim/include/turtlesim/turtlesim/srv/detail/dds_fastrtps\n'}
[0.943738] (turtlesim) StdoutLine: {'line': b'-- Up-to-date: /root/ros2_ws/install/turtlesim/include/turtlesim/turtlesim/srv/detail/set_pen__rosidl_typesupport_fastrtps_cpp.hpp\n'}
[0.943847] (turtlesim) StdoutLine: {'line': b'-- Up-to-date: /root/ros2_ws/install/turtlesim/include/turtlesim/turtlesim/srv/detail/spawn__rosidl_typesupport_fastrtps_cpp.hpp\n'}
[0.944001] (turtlesim) StdoutLine: {'line': b'-- Up-to-date: /root/ros2_ws/install/turtlesim/include/turtlesim/turtlesim/srv/detail/teleport_absolute__rosidl_typesupport_fastrtps_cpp.hpp\n'}
[0.944104] (turtlesim) StdoutLine: {'line': b'-- Up-to-date: /root/ros2_ws/install/turtlesim/lib/libturtlesim__rosidl_typesupport_fastrtps_cpp.so\n'}
[0.944212] (turtlesim) StdoutLine: {'line': b'-- Up-to-date: /root/ros2_ws/install/turtlesim/include/turtlesim/turtlesim\n'}
[0.944352] (turtlesim) StdoutLine: {'line': b'-- Up-to-date: /root/ros2_ws/install/turtlesim/include/turtlesim/turtlesim/msg\n'}
[0.944477] (turtlesim) StdoutLine: {'line': b'-- Up-to-date: /root/ros2_ws/install/turtlesim/include/turtlesim/turtlesim/msg/rosidl_typesupport_introspection_c__visibility_control.h\n'}
[0.944590] (turtlesim) StdoutLine: {'line': b'-- Up-to-date: /root/ros2_ws/install/turtlesim/include/turtlesim/turtlesim/msg/detail\n'}
[0.944777] (turtlesim) StdoutLine: {'line': b'-- Installing: /root/ros2_ws/install/turtlesim/include/turtlesim/turtlesim/msg/detail/color__type_support.c\n'}
[0.944921] (turtlesim) StdoutLine: {'line': b'-- Installing: /root/ros2_ws/install/turtlesim/include/turtlesim/turtlesim/msg/detail/pose__type_support.c\n'}
[0.945034] (turtlesim) StdoutLine: {'line': b'-- Up-to-date: /root/ros2_ws/install/turtlesim/include/turtlesim/turtlesim/msg/detail/color__rosidl_typesupport_introspection_c.h\n'}
[0.945137] (turtlesim) StdoutLine: {'line': b'-- Up-to-date: /root/ros2_ws/install/turtlesim/include/turtlesim/turtlesim/msg/detail/pose__rosidl_typesupport_introspection_c.h\n'}
[0.945300] (turtlesim) StdoutLine: {'line': b'-- Up-to-date: /root/ros2_ws/install/turtlesim/include/turtlesim/turtlesim/action\n'}
[0.945419] (turtlesim) StdoutLine: {'line': b'-- Up-to-date: /root/ros2_ws/install/turtlesim/include/turtlesim/turtlesim/action/detail\n'}
[0.945521] (turtlesim) StdoutLine: {'line': b'-- Installing: /root/ros2_ws/install/turtlesim/include/turtlesim/turtlesim/action/detail/rotate_absolute__type_support.c\n'}
[0.945620] (turtlesim) StdoutLine: {'line': b'-- Up-to-date: /root/ros2_ws/install/turtlesim/include/turtlesim/turtlesim/action/detail/rotate_absolute__rosidl_typesupport_introspection_c.h\n'}
[0.945725] (turtlesim) StdoutLine: {'line': b'-- Up-to-date: /root/ros2_ws/install/turtlesim/include/turtlesim/turtlesim/srv\n'}
[0.945823] (turtlesim) StdoutLine: {'line': b'-- Up-to-date: /root/ros2_ws/install/turtlesim/include/turtlesim/turtlesim/srv/detail\n'}
[0.945963] (turtlesim) StdoutLine: {'line': b'-- Installing: /root/ros2_ws/install/turtlesim/include/turtlesim/turtlesim/srv/detail/kill__type_support.c\n'}
[0.946068] (turtlesim) StdoutLine: {'line': b'-- Up-to-date: /root/ros2_ws/install/turtlesim/include/turtlesim/turtlesim/srv/detail/spawn__rosidl_typesupport_introspection_c.h\n'}
[0.946170] (turtlesim) StdoutLine: {'line': b'-- Up-to-date: /root/ros2_ws/install/turtlesim/include/turtlesim/turtlesim/srv/detail/teleport_relative__rosidl_typesupport_introspection_c.h\n'}
[0.946270] (turtlesim) StdoutLine: {'line': b'-- Up-to-date: /root/ros2_ws/install/turtlesim/include/turtlesim/turtlesim/srv/detail/kill__rosidl_typesupport_introspection_c.h\n'}
[0.946370] (turtlesim) StdoutLine: {'line': b'-- Installing: /root/ros2_ws/install/turtlesim/include/turtlesim/turtlesim/srv/detail/teleport_absolute__type_support.c\n'}
[0.946470] (turtlesim) StdoutLine: {'line': b'-- Installing: /root/ros2_ws/install/turtlesim/include/turtlesim/turtlesim/srv/detail/set_pen__type_support.c\n'}
[0.946568] (turtlesim) StdoutLine: {'line': b'-- Installing: /root/ros2_ws/install/turtlesim/include/turtlesim/turtlesim/srv/detail/spawn__type_support.c\n'}
[0.946666] (turtlesim) StdoutLine: {'line': b'-- Up-to-date: /root/ros2_ws/install/turtlesim/include/turtlesim/turtlesim/srv/detail/set_pen__rosidl_typesupport_introspection_c.h\n'}
[0.946763] (turtlesim) StdoutLine: {'line': b'-- Up-to-date: /root/ros2_ws/install/turtlesim/include/turtlesim/turtlesim/srv/detail/teleport_absolute__rosidl_typesupport_introspection_c.h\n'}
[0.946884] (turtlesim) StdoutLine: {'line': b'-- Installing: /root/ros2_ws/install/turtlesim/include/turtlesim/turtlesim/srv/detail/teleport_relative__type_support.c\n'}
[0.947005] (turtlesim) StdoutLine: {'line': b'-- Up-to-date: /root/ros2_ws/install/turtlesim/lib/libturtlesim__rosidl_typesupport_introspection_c.so\n'}
[0.947144] (turtlesim) StdoutLine: {'line': b'-- Up-to-date: /root/ros2_ws/install/turtlesim/lib/libturtlesim__rosidl_typesupport_c.so\n'}
[0.947257] (turtlesim) StdoutLine: {'line': b'-- Up-to-date: /root/ros2_ws/install/turtlesim/include/turtlesim/turtlesim\n'}
[0.947358] (turtlesim) StdoutLine: {'line': b'-- Up-to-date: /root/ros2_ws/install/turtlesim/include/turtlesim/turtlesim/msg\n'}
[0.947517] (turtlesim) StdoutLine: {'line': b'-- Up-to-date: /root/ros2_ws/install/turtlesim/include/turtlesim/turtlesim/msg/detail\n'}
[0.947626] (turtlesim) StdoutLine: {'line': b'-- Up-to-date: /root/ros2_ws/install/turtlesim/include/turtlesim/turtlesim/msg/detail/color__type_support.cpp\n'}
[0.947728] (turtlesim) StdoutLine: {'line': b'-- Up-to-date: /root/ros2_ws/install/turtlesim/include/turtlesim/turtlesim/msg/detail/color__rosidl_typesupport_introspection_cpp.hpp\n'}
[0.947839] (turtlesim) StdoutLine: {'line': b'-- Up-to-date: /root/ros2_ws/install/turtlesim/include/turtlesim/turtlesim/msg/detail/pose__type_support.cpp\n'}
[0.948007] (turtlesim) StdoutLine: {'line': b'-- Up-to-date: /root/ros2_ws/install/turtlesim/include/turtlesim/turtlesim/msg/detail/pose__rosidl_typesupport_introspection_cpp.hpp\n'}
[0.948111] (turtlesim) StdoutLine: {'line': b'-- Up-to-date: /root/ros2_ws/install/turtlesim/include/turtlesim/turtlesim/action\n'}
[0.948211] (turtlesim) StdoutLine: {'line': b'-- Up-to-date: /root/ros2_ws/install/turtlesim/include/turtlesim/turtlesim/action/detail\n'}
[0.948309] (turtlesim) StdoutLine: {'line': b'-- Up-to-date: /root/ros2_ws/install/turtlesim/include/turtlesim/turtlesim/action/detail/rotate_absolute__type_support.cpp\n'}
[0.948407] (turtlesim) StdoutLine: {'line': b'-- Up-to-date: /root/ros2_ws/install/turtlesim/include/turtlesim/turtlesim/action/detail/rotate_absolute__rosidl_typesupport_introspection_cpp.hpp\n'}
[0.948504] (turtlesim) StdoutLine: {'line': b'-- Up-to-date: /root/ros2_ws/install/turtlesim/include/turtlesim/turtlesim/srv\n'}
[0.948601] (turtlesim) StdoutLine: {'line': b'-- Up-to-date: /root/ros2_ws/install/turtlesim/include/turtlesim/turtlesim/srv/detail\n'}
[0.948697] (turtlesim) StdoutLine: {'line': b'-- Up-to-date: /root/ros2_ws/install/turtlesim/include/turtlesim/turtlesim/srv/detail/teleport_absolute__rosidl_typesupport_introspection_cpp.hpp\n'}
[0.948794] (turtlesim) StdoutLine: {'line': b'-- Up-to-date: /root/ros2_ws/install/turtlesim/include/turtlesim/turtlesim/srv/detail/teleport_absolute__type_support.cpp\n'}
[0.948930] (turtlesim) StdoutLine: {'line': b'-- Up-to-date: /root/ros2_ws/install/turtlesim/include/turtlesim/turtlesim/srv/detail/spawn__type_support.cpp\n'}
[0.949040] (turtlesim) StdoutLine: {'line': b'-- Up-to-date: /root/ros2_ws/install/turtlesim/include/turtlesim/turtlesim/srv/detail/kill__type_support.cpp\n'}
[0.949140] (turtlesim) StdoutLine: {'line': b'-- Up-to-date: /root/ros2_ws/install/turtlesim/include/turtlesim/turtlesim/srv/detail/set_pen__type_support.cpp\n'}
[0.949240] (turtlesim) StdoutLine: {'line': b'-- Up-to-date: /root/ros2_ws/install/turtlesim/include/turtlesim/turtlesim/srv/detail/spawn__rosidl_typesupport_introspection_cpp.hpp\n'}
[0.949339] (turtlesim) StdoutLine: {'line': b'-- Up-to-date: /root/ros2_ws/install/turtlesim/include/turtlesim/turtlesim/srv/detail/set_pen__rosidl_typesupport_introspection_cpp.hpp\n'}
[0.949445] (turtlesim) StdoutLine: {'line': b'-- Up-to-date: /root/ros2_ws/install/turtlesim/include/turtlesim/turtlesim/srv/detail/teleport_relative__rosidl_typesupport_introspection_cpp.hpp\n'}
[0.949545] (turtlesim) StdoutLine: {'line': b'-- Up-to-date: /root/ros2_ws/install/turtlesim/include/turtlesim/turtlesim/srv/detail/teleport_relative__type_support.cpp\n'}
[0.949642] (turtlesim) StdoutLine: {'line': b'-- Up-to-date: /root/ros2_ws/install/turtlesim/include/turtlesim/turtlesim/srv/detail/kill__rosidl_typesupport_introspection_cpp.hpp\n'}
[0.949739] (turtlesim) StdoutLine: {'line': b'-- Up-to-date: /root/ros2_ws/install/turtlesim/lib/libturtlesim__rosidl_typesupport_introspection_cpp.so\n'}
[0.949837] (turtlesim) StdoutLine: {'line': b'-- Up-to-date: /root/ros2_ws/install/turtlesim/lib/libturtlesim__rosidl_typesupport_cpp.so\n'}
[0.949982] (turtlesim) StdoutLine: {'line': b'-- Up-to-date: /root/ros2_ws/install/turtlesim/share/turtlesim/environment/pythonpath.sh\n'}
[0.950085] (turtlesim) StdoutLine: {'line': b'-- Up-to-date: /root/ros2_ws/install/turtlesim/share/turtlesim/environment/pythonpath.dsv\n'}
[0.950185] (turtlesim) StdoutLine: {'line': b'-- Up-to-date: /root/ros2_ws/install/turtlesim/lib/python3.10/site-packages/turtlesim-1.6.1-py3.10.egg-info\n'}
[0.950283] (turtlesim) StdoutLine: {'line': b'-- Installing: /root/ros2_ws/install/turtlesim/lib/python3.10/site-packages/turtlesim-1.6.1-py3.10.egg-info/PKG-INFO\n'}
[0.950381] (turtlesim) StdoutLine: {'line': b'-- Installing: /root/ros2_ws/install/turtlesim/lib/python3.10/site-packages/turtlesim-1.6.1-py3.10.egg-info/SOURCES.txt\n'}
[0.950479] (turtlesim) StdoutLine: {'line': b'-- Installing: /root/ros2_ws/install/turtlesim/lib/python3.10/site-packages/turtlesim-1.6.1-py3.10.egg-info/dependency_links.txt\n'}
[0.950577] (turtlesim) StdoutLine: {'line': b'-- Installing: /root/ros2_ws/install/turtlesim/lib/python3.10/site-packages/turtlesim-1.6.1-py3.10.egg-info/top_level.txt\n'}
[0.950674] (turtlesim) StdoutLine: {'line': b'-- Up-to-date: /root/ros2_ws/install/turtlesim/lib/python3.10/site-packages/turtlesim\n'}
[0.950772] (turtlesim) StdoutLine: {'line': b'-- Up-to-date: /root/ros2_ws/install/turtlesim/lib/python3.10/site-packages/turtlesim/msg\n'}
[0.950892] (turtlesim) StdoutLine: {'line': b'-- Up-to-date: /root/ros2_ws/install/turtlesim/lib/python3.10/site-packages/turtlesim/msg/_color.py\n'}
[0.951011] (turtlesim) StdoutLine: {'line': b'-- Up-to-date: /root/ros2_ws/install/turtlesim/lib/python3.10/site-packages/turtlesim/msg/__init__.py\n'}
[0.951114] (turtlesim) StdoutLine: {'line': b'-- Up-to-date: /root/ros2_ws/install/turtlesim/lib/python3.10/site-packages/turtlesim/msg/_color_s.c\n'}
[0.951215] (turtlesim) StdoutLine: {'line': b'-- Up-to-date: /root/ros2_ws/install/turtlesim/lib/python3.10/site-packages/turtlesim/msg/_pose.py\n'}
[0.951365] (turtlesim) StdoutLine: {'line': b'-- Up-to-date: /root/ros2_ws/install/turtlesim/lib/python3.10/site-packages/turtlesim/msg/_pose_s.c\n'}
[0.951468] (turtlesim) StdoutLine: {'line': b'-- Up-to-date: /root/ros2_ws/install/turtlesim/lib/python3.10/site-packages/turtlesim/turtlesim_s__rosidl_typesupport_fastrtps_c.cpython-310-x86_64-linux-gnu.so\n'}
[0.951570] (turtlesim) StdoutLine: {'line': b'-- Up-to-date: /root/ros2_ws/install/turtlesim/lib/python3.10/site-packages/turtlesim/turtlesim_s__rosidl_typesupport_introspection_c.cpython-310-x86_64-linux-gnu.so\n'}
[0.951685] (turtlesim) StdoutLine: {'line': b'-- Up-to-date: /root/ros2_ws/install/turtlesim/lib/python3.10/site-packages/turtlesim/__init__.py\n'}
[0.951784] (turtlesim) StdoutLine: {'line': b'-- Up-to-date: /root/ros2_ws/install/turtlesim/lib/python3.10/site-packages/turtlesim/_turtlesim_s.ep.rosidl_typesupport_introspection_c.c\n'}
[0.951967] (turtlesim) StdoutLine: {'line': b'-- Up-to-date: /root/ros2_ws/install/turtlesim/lib/python3.10/site-packages/turtlesim/action\n'}
[0.952121] (turtlesim) StdoutLine: {'line': b'-- Up-to-date: /root/ros2_ws/install/turtlesim/lib/python3.10/site-packages/turtlesim/action/__init__.py\n'}
[0.952231] (turtlesim) StdoutLine: {'line': b'-- Up-to-date: /root/ros2_ws/install/turtlesim/lib/python3.10/site-packages/turtlesim/action/_rotate_absolute_s.c\n'}
[0.952334] (turtlesim) StdoutLine: {'line': b'-- Up-to-date: /root/ros2_ws/install/turtlesim/lib/python3.10/site-packages/turtlesim/action/_rotate_absolute.py\n'}
[0.952435] (turtlesim) StdoutLine: {'line': b'-- Up-to-date: /root/ros2_ws/install/turtlesim/lib/python3.10/site-packages/turtlesim/srv\n'}
[0.952533] (turtlesim) StdoutLine: {'line': b'-- Up-to-date: /root/ros2_ws/install/turtlesim/lib/python3.10/site-packages/turtlesim/srv/__init__.py\n'}
[0.952631] (turtlesim) StdoutLine: {'line': b'-- Up-to-date: /root/ros2_ws/install/turtlesim/lib/python3.10/site-packages/turtlesim/srv/_set_pen_s.c\n'}
[0.952728] (turtlesim) StdoutLine: {'line': b'-- Up-to-date: /root/ros2_ws/install/turtlesim/lib/python3.10/site-packages/turtlesim/srv/_spawn_s.c\n'}
[0.952834] (turtlesim) StdoutLine: {'line': b'-- Up-to-date: /root/ros2_ws/install/turtlesim/lib/python3.10/site-packages/turtlesim/srv/_teleport_relative.py\n'}
[0.952975] (turtlesim) StdoutLine: {'line': b'-- Up-to-date: /root/ros2_ws/install/turtlesim/lib/python3.10/site-packages/turtlesim/srv/_spawn.py\n'}
[0.953078] (turtlesim) StdoutLine: {'line': b'-- Up-to-date: /root/ros2_ws/install/turtlesim/lib/python3.10/site-packages/turtlesim/srv/_kill.py\n'}
[0.953182] (turtlesim) StdoutLine: {'line': b'-- Up-to-date: /root/ros2_ws/install/turtlesim/lib/python3.10/site-packages/turtlesim/srv/_set_pen.py\n'}
[0.953280] (turtlesim) StdoutLine: {'line': b'-- Up-to-date: /root/ros2_ws/install/turtlesim/lib/python3.10/site-packages/turtlesim/srv/_teleport_absolute_s.c\n'}
[0.953377] (turtlesim) StdoutLine: {'line': b'-- Up-to-date: /root/ros2_ws/install/turtlesim/lib/python3.10/site-packages/turtlesim/srv/_teleport_absolute.py\n'}
[0.953473] (turtlesim) StdoutLine: {'line': b'-- Up-to-date: /root/ros2_ws/install/turtlesim/lib/python3.10/site-packages/turtlesim/srv/_kill_s.c\n'}
[0.953570] (turtlesim) StdoutLine: {'line': b'-- Up-to-date: /root/ros2_ws/install/turtlesim/lib/python3.10/site-packages/turtlesim/srv/_teleport_relative_s.c\n'}
[0.953666] (turtlesim) StdoutLine: {'line': b'-- Up-to-date: /root/ros2_ws/install/turtlesim/lib/python3.10/site-packages/turtlesim/_turtlesim_s.ep.rosidl_typesupport_fastrtps_c.c\n'}
[0.953763] (turtlesim) StdoutLine: {'line': b'-- Up-to-date: /root/ros2_ws/install/turtlesim/lib/python3.10/site-packages/turtlesim/turtlesim_s__rosidl_typesupport_c.cpython-310-x86_64-linux-gnu.so\n'}
[0.953905] (turtlesim) StdoutLine: {'line': b'-- Up-to-date: /root/ros2_ws/install/turtlesim/lib/python3.10/site-packages/turtlesim/_turtlesim_s.ep.rosidl_typesupport_c.c\n'}
[0.954048] (turtlesim) StdoutLine: {'line': b'-- Up-to-date: /root/ros2_ws/install/turtlesim/lib/python3.10/site-packages/turtlesim/libturtlesim__rosidl_generator_py.so\n'}
[0.985435] (turtlesim) StdoutLine: {'line': b"Listing '/root/ros2_ws/install/turtlesim/lib/python3.10/site-packages/turtlesim'...\n"}
[0.985656] (turtlesim) StdoutLine: {'line': b"Listing '/root/ros2_ws/install/turtlesim/lib/python3.10/site-packages/turtlesim/action'...\n"}
[0.985775] (turtlesim) StdoutLine: {'line': b"Listing '/root/ros2_ws/install/turtlesim/lib/python3.10/site-packages/turtlesim/msg'...\n"}
[0.985878] (turtlesim) StdoutLine: {'line': b"Listing '/root/ros2_ws/install/turtlesim/lib/python3.10/site-packages/turtlesim/srv'...\n"}
[0.994018] (turtlesim) StdoutLine: {'line': b'-- Up-to-date: /root/ros2_ws/install/turtlesim/lib/python3.10/site-packages/turtlesim/turtlesim_s__rosidl_typesupport_fastrtps_c.cpython-310-x86_64-linux-gnu.so\n'}
[0.994526] (turtlesim) StdoutLine: {'line': b'-- Up-to-date: /root/ros2_ws/install/turtlesim/lib/python3.10/site-packages/turtlesim/turtlesim_s__rosidl_typesupport_introspection_c.cpython-310-x86_64-linux-gnu.so\n'}
[0.994978] (turtlesim) StdoutLine: {'line': b'-- Up-to-date: /root/ros2_ws/install/turtlesim/lib/python3.10/site-packages/turtlesim/turtlesim_s__rosidl_typesupport_c.cpython-310-x86_64-linux-gnu.so\n'}
[0.995987] (turtlesim) StdoutLine: {'line': b'-- Up-to-date: /root/ros2_ws/install/turtlesim/lib/libturtlesim__rosidl_generator_py.so\n'}
[0.996242] (turtlesim) StdoutLine: {'line': b'-- Up-to-date: /root/ros2_ws/install/turtlesim/share/turtlesim/action/RotateAbsolute.idl\n'}
[0.996542] (turtlesim) StdoutLine: {'line': b'-- Up-to-date: /root/ros2_ws/install/turtlesim/share/turtlesim/msg/Color.idl\n'}
[0.997166] (turtlesim) StdoutLine: {'line': b'-- Up-to-date: /root/ros2_ws/install/turtlesim/share/turtlesim/msg/Pose.idl\n'}
[0.997371] (turtlesim) StdoutLine: {'line': b'-- Up-to-date: /root/ros2_ws/install/turtlesim/share/turtlesim/srv/Kill.idl\n'}
[0.997612] (turtlesim) StdoutLine: {'line': b'-- Up-to-date: /root/ros2_ws/install/turtlesim/share/turtlesim/srv/SetPen.idl\n'}
[0.997797] (turtlesim) StdoutLine: {'line': b'-- Up-to-date: /root/ros2_ws/install/turtlesim/share/turtlesim/srv/Spawn.idl\n'}
[0.997987] (turtlesim) StdoutLine: {'line': b'-- Up-to-date: /root/ros2_ws/install/turtlesim/share/turtlesim/srv/TeleportAbsolute.idl\n'}
[0.998210] (turtlesim) StdoutLine: {'line': b'-- Up-to-date: /root/ros2_ws/install/turtlesim/share/turtlesim/srv/TeleportRelative.idl\n'}
[0.998511] (turtlesim) StdoutLine: {'line': b'-- Up-to-date: /root/ros2_ws/install/turtlesim/share/turtlesim/action/RotateAbsolute.action\n'}
[0.998711] (turtlesim) StdoutLine: {'line': b'-- Up-to-date: /root/ros2_ws/install/turtlesim/share/turtlesim/msg/Color.msg\n'}
[0.998896] (turtlesim) StdoutLine: {'line': b'-- Up-to-date: /root/ros2_ws/install/turtlesim/share/turtlesim/msg/Pose.msg\n'}
[0.999072] (turtlesim) StdoutLine: {'line': b'-- Up-to-date: /root/ros2_ws/install/turtlesim/share/turtlesim/srv/Kill.srv\n'}
[0.999288] (turtlesim) StdoutLine: {'line': b'-- Up-to-date: /root/ros2_ws/install/turtlesim/share/turtlesim/srv/Kill_Request.msg\n'}
[0.999602] (-) TimerEvent: {}
[0.999794] (turtlesim) StdoutLine: {'line': b'-- Up-to-date: /root/ros2_ws/install/turtlesim/share/turtlesim/srv/Kill_Response.msg\n'}
[0.999988] (turtlesim) StdoutLine: {'line': b'-- Up-to-date: /root/ros2_ws/install/turtlesim/share/turtlesim/srv/SetPen.srv\n'}
[1.000213] (turtlesim) StdoutLine: {'line': b'-- Up-to-date: /root/ros2_ws/install/turtlesim/share/turtlesim/srv/SetPen_Request.msg\n'}
[1.000438] (turtlesim) StdoutLine: {'line': b'-- Up-to-date: /root/ros2_ws/install/turtlesim/share/turtlesim/srv/SetPen_Response.msg\n'}
[1.000633] (turtlesim) StdoutLine: {'line': b'-- Up-to-date: /root/ros2_ws/install/turtlesim/share/turtlesim/srv/Spawn.srv\n'}
[1.000739] (turtlesim) StdoutLine: {'line': b'-- Up-to-date: /root/ros2_ws/install/turtlesim/share/turtlesim/srv/Spawn_Request.msg\n'}
[1.000836] (turtlesim) StdoutLine: {'line': b'-- Up-to-date: /root/ros2_ws/install/turtlesim/share/turtlesim/srv/Spawn_Response.msg\n'}
[1.001066] (turtlesim) StdoutLine: {'line': b'-- Up-to-date: /root/ros2_ws/install/turtlesim/share/turtlesim/srv/TeleportAbsolute.srv\n'}
[1.001250] (turtlesim) StdoutLine: {'line': b'-- Up-to-date: /root/ros2_ws/install/turtlesim/share/turtlesim/srv/TeleportAbsolute_Request.msg\n'}
[1.001516] (turtlesim) StdoutLine: {'line': b'-- Up-to-date: /root/ros2_ws/install/turtlesim/share/turtlesim/srv/TeleportAbsolute_Response.msg\n'}
[1.001689] (turtlesim) StdoutLine: {'line': b'-- Up-to-date: /root/ros2_ws/install/turtlesim/share/turtlesim/srv/TeleportRelative.srv\n'}
[1.003449] (turtlesim) StdoutLine: {'line': b'-- Up-to-date: /root/ros2_ws/install/turtlesim/share/turtlesim/srv/TeleportRelative_Request.msg\n'}
[1.003745] (turtlesim) StdoutLine: {'line': b'-- Up-to-date: /root/ros2_ws/install/turtlesim/share/turtlesim/srv/TeleportRelative_Response.msg\n'}
[1.004017] (turtlesim) StdoutLine: {'line': b'-- Up-to-date: /root/ros2_ws/install/turtlesim/lib/turtlesim/turtlesim_node\n'}
[1.004261] (turtlesim) StdoutLine: {'line': b'-- Up-to-date: /root/ros2_ws/install/turtlesim/lib/turtlesim/turtle_teleop_key\n'}
[1.004562] (turtlesim) StdoutLine: {'line': b'-- Up-to-date: /root/ros2_ws/install/turtlesim/lib/turtlesim/draw_square\n'}
[1.004862] (turtlesim) StdoutLine: {'line': b'-- Up-to-date: /root/ros2_ws/install/turtlesim/lib/turtlesim/mimic\n'}
[1.005199] (turtlesim) StdoutLine: {'line': b'-- Up-to-date: /root/ros2_ws/install/turtlesim/share/turtlesim/images\n'}
[1.005620] (turtlesim) StdoutLine: {'line': b'-- Up-to-date: /root/ros2_ws/install/turtlesim/share/turtlesim/images/eloquent.png\n'}
[1.005839] (turtlesim) StdoutLine: {'line': b'-- Up-to-date: /root/ros2_ws/install/turtlesim/share/turtlesim/images/foxy.png\n'}
[1.006079] (turtlesim) StdoutLine: {'line': b'-- Up-to-date: /root/ros2_ws/install/turtlesim/share/turtlesim/images/galactic.png\n'}
[1.006336] (turtlesim) StdoutLine: {'line': b'-- Up-to-date: /root/ros2_ws/install/turtlesim/share/turtlesim/images/humble.png\n'}
[1.006629] (turtlesim) StdoutLine: {'line': b'-- Up-to-date: /root/ros2_ws/install/turtlesim/share/turtlesim/images/rolling.png\n'}
[1.006909] (turtlesim) StdoutLine: {'line': b'-- Up-to-date: /root/ros2_ws/install/turtlesim/share/turtlesim/images/dashing.png\n'}
[1.007095] (turtlesim) StdoutLine: {'line': b'-- Up-to-date: /root/ros2_ws/install/turtlesim/share/turtlesim/images/iron.png\n'}
[1.007313] (turtlesim) StdoutLine: {'line': b'-- Up-to-date: /root/ros2_ws/install/turtlesim/share/turtlesim/images/bouncy.png\n'}
[1.007580] (turtlesim) StdoutLine: {'line': b'-- Up-to-date: /root/ros2_ws/install/turtlesim/share/turtlesim/images/ardent.png\n'}
[1.007974] (turtlesim) StdoutLine: {'line': b'-- Up-to-date: /root/ros2_ws/install/turtlesim/share/turtlesim/images/crystal.png\n'}
[1.008207] (turtlesim) StdoutLine: {'line': b'-- Up-to-date: /root/ros2_ws/install/turtlesim/share/turtlesim/launch\n'}
[1.008501] (turtlesim) StdoutLine: {'line': b'-- Up-to-date: /root/ros2_ws/install/turtlesim/share/turtlesim/launch/multisim.launch.py\n'}
[1.008689] (turtlesim) StdoutLine: {'line': b'-- Up-to-date: /root/ros2_ws/install/turtlesim/share/ament_index/resource_index/package_run_dependencies/turtlesim\n'}
[1.008902] (turtlesim) StdoutLine: {'line': b'-- Up-to-date: /root/ros2_ws/install/turtlesim/share/ament_index/resource_index/parent_prefix_path/turtlesim\n'}
[1.009160] (turtlesim) StdoutLine: {'line': b'-- Up-to-date: /root/ros2_ws/install/turtlesim/share/turtlesim/environment/ament_prefix_path.sh\n'}
[1.009437] (turtlesim) StdoutLine: {'line': b'-- Up-to-date: /root/ros2_ws/install/turtlesim/share/turtlesim/environment/ament_prefix_path.dsv\n'}
[1.009636] (turtlesim) StdoutLine: {'line': b'-- Up-to-date: /root/ros2_ws/install/turtlesim/share/turtlesim/environment/path.sh\n'}
[1.010922] (turtlesim) StdoutLine: {'line': b'-- Up-to-date: /root/ros2_ws/install/turtlesim/share/turtlesim/environment/path.dsv\n'}
[1.011980] (turtlesim) StdoutLine: {'line': b'-- Up-to-date: /root/ros2_ws/install/turtlesim/share/turtlesim/local_setup.bash\n'}
[1.012277] (turtlesim) StdoutLine: {'line': b'-- Up-to-date: /root/ros2_ws/install/turtlesim/share/turtlesim/local_setup.sh\n'}
[1.012556] (turtlesim) StdoutLine: {'line': b'-- Up-to-date: /root/ros2_ws/install/turtlesim/share/turtlesim/local_setup.zsh\n'}
[1.012795] (turtlesim) StdoutLine: {'line': b'-- Up-to-date: /root/ros2_ws/install/turtlesim/share/turtlesim/local_setup.dsv\n'}
[1.014456] (turtlesim) StdoutLine: {'line': b'-- Installing: /root/ros2_ws/install/turtlesim/share/turtlesim/package.dsv\n'}
[1.014749] (turtlesim) StdoutLine: {'line': b'-- Up-to-date: /root/ros2_ws/install/turtlesim/share/ament_index/resource_index/packages/turtlesim\n'}
[1.015302] (turtlesim) StdoutLine: {'line': b'-- Up-to-date: /root/ros2_ws/install/turtlesim/share/turtlesim/cmake/export_turtlesim__rosidl_generator_cExport.cmake\n'}
[1.015609] (turtlesim) StdoutLine: {'line': b'-- Up-to-date: /root/ros2_ws/install/turtlesim/share/turtlesim/cmake/export_turtlesim__rosidl_generator_cExport-noconfig.cmake\n'}
[1.015852] (turtlesim) StdoutLine: {'line': b'-- Up-to-date: /root/ros2_ws/install/turtlesim/share/turtlesim/cmake/export_turtlesim__rosidl_typesupport_fastrtps_cExport.cmake\n'}
[1.016069] (turtlesim) StdoutLine: {'line': b'-- Up-to-date: /root/ros2_ws/install/turtlesim/share/turtlesim/cmake/export_turtlesim__rosidl_typesupport_fastrtps_cExport-noconfig.cmake\n'}
[1.016330] (turtlesim) StdoutLine: {'line': b'-- Up-to-date: /root/ros2_ws/install/turtlesim/share/turtlesim/cmake/export_turtlesim__rosidl_generator_cppExport.cmake\n'}
[1.016589] (turtlesim) StdoutLine: {'line': b'-- Up-to-date: /root/ros2_ws/install/turtlesim/share/turtlesim/cmake/export_turtlesim__rosidl_typesupport_fastrtps_cppExport.cmake\n'}
[1.016848] (turtlesim) StdoutLine: {'line': b'-- Up-to-date: /root/ros2_ws/install/turtlesim/share/turtlesim/cmake/export_turtlesim__rosidl_typesupport_fastrtps_cppExport-noconfig.cmake\n'}
[1.019217] (turtlesim) StdoutLine: {'line': b'-- Up-to-date: /root/ros2_ws/install/turtlesim/share/turtlesim/cmake/turtlesim__rosidl_typesupport_introspection_cExport.cmake\n'}
[1.019513] (turtlesim) StdoutLine: {'line': b'-- Up-to-date: /root/ros2_ws/install/turtlesim/share/turtlesim/cmake/turtlesim__rosidl_typesupport_introspection_cExport-noconfig.cmake\n'}
[1.019788] (turtlesim) StdoutLine: {'line': b'-- Up-to-date: /root/ros2_ws/install/turtlesim/share/turtlesim/cmake/turtlesim__rosidl_typesupport_cExport.cmake\n'}
[1.020110] (turtlesim) StdoutLine: {'line': b'-- Up-to-date: /root/ros2_ws/install/turtlesim/share/turtlesim/cmake/turtlesim__rosidl_typesupport_cExport-noconfig.cmake\n'}
[1.020372] (turtlesim) StdoutLine: {'line': b'-- Up-to-date: /root/ros2_ws/install/turtlesim/share/turtlesim/cmake/turtlesim__rosidl_typesupport_introspection_cppExport.cmake\n'}
[1.020635] (turtlesim) StdoutLine: {'line': b'-- Up-to-date: /root/ros2_ws/install/turtlesim/share/turtlesim/cmake/turtlesim__rosidl_typesupport_introspection_cppExport-noconfig.cmake\n'}
[1.021827] (turtlesim) StdoutLine: {'line': b'-- Up-to-date: /root/ros2_ws/install/turtlesim/share/turtlesim/cmake/turtlesim__rosidl_typesupport_cppExport.cmake\n'}
[1.022152] (turtlesim) StdoutLine: {'line': b'-- Up-to-date: /root/ros2_ws/install/turtlesim/share/turtlesim/cmake/turtlesim__rosidl_typesupport_cppExport-noconfig.cmake\n'}
[1.022346] (turtlesim) StdoutLine: {'line': b'-- Up-to-date: /root/ros2_ws/install/turtlesim/share/turtlesim/cmake/export_turtlesim__rosidl_generator_pyExport.cmake\n'}
[1.022583] (turtlesim) StdoutLine: {'line': b'-- Up-to-date: /root/ros2_ws/install/turtlesim/share/turtlesim/cmake/export_turtlesim__rosidl_generator_pyExport-noconfig.cmake\n'}
[1.023232] (turtlesim) StdoutLine: {'line': b'-- Up-to-date: /root/ros2_ws/install/turtlesim/share/turtlesim/cmake/rosidl_cmake-extras.cmake\n'}
[1.023538] (turtlesim) StdoutLine: {'line': b'-- Up-to-date: /root/ros2_ws/install/turtlesim/share/turtlesim/cmake/ament_cmake_export_dependencies-extras.cmake\n'}
[1.023733] (turtlesim) StdoutLine: {'line': b'-- Up-to-date: /root/ros2_ws/install/turtlesim/share/turtlesim/cmake/ament_cmake_export_include_directories-extras.cmake\n'}
[1.023900] (turtlesim) StdoutLine: {'line': b'-- Up-to-date: /root/ros2_ws/install/turtlesim/share/turtlesim/cmake/ament_cmake_export_libraries-extras.cmake\n'}
[1.024137] (turtlesim) StdoutLine: {'line': b'-- Up-to-date: /root/ros2_ws/install/turtlesim/share/turtlesim/cmake/ament_cmake_export_targets-extras.cmake\n'}
[1.024303] (turtlesim) StdoutLine: {'line': b'-- Up-to-date: /root/ros2_ws/install/turtlesim/share/turtlesim/cmake/rosidl_cmake_export_typesupport_targets-extras.cmake\n'}
[1.024492] (turtlesim) StdoutLine: {'line': b'-- Up-to-date: /root/ros2_ws/install/turtlesim/share/turtlesim/cmake/rosidl_cmake_export_typesupport_libraries-extras.cmake\n'}
[1.024700] (turtlesim) StdoutLine: {'line': b'-- Up-to-date: /root/ros2_ws/install/turtlesim/share/turtlesim/cmake/turtlesimConfig.cmake\n'}
[1.024902] (turtlesim) StdoutLine: {'line': b'-- Up-to-date: /root/ros2_ws/install/turtlesim/share/turtlesim/cmake/turtlesimConfig-version.cmake\n'}
[1.025149] (turtlesim) StdoutLine: {'line': b'-- Up-to-date: /root/ros2_ws/install/turtlesim/share/turtlesim/package.xml\n'}
[1.025412] (turtlesim) CommandEnded: {'returncode': 0}
[1.099770] (-) TimerEvent: {}
[1.200480] (-) TimerEvent: {}
[1.300930] (-) TimerEvent: {}
[1.401871] (-) TimerEvent: {}
[1.450320] (turtlesim) JobEnded: {'identifier': 'turtlesim', 'rc': 0}
[1.452049] (-) EventReactorShutdown: {}
