[0.805s] Invoking command in '/root/ros2_ws/build/examples_rclpy_guard_conditions': PYTHONPATH=/root/ros2_ws/build/examples_rclpy_guard_conditions/prefix_override:/root/ros2_ws/install/examples_rclpy_guard_conditions/lib/python3.10/site-packages:${PYTHONPATH} /usr/bin/python3 setup.py develop --editable --build-directory /root/ros2_ws/build/examples_rclpy_guard_conditions/build --no-deps install_data
[1.138s] running develop
[1.139s] /usr/lib/python3/dist-packages/setuptools/command/easy_install.py:158: EasyInstallDeprecationWarning: easy_install command is deprecated. Use build and pip and other standards-based tools.
[1.139s]   warnings.warn(
[1.141s] /usr/lib/python3/dist-packages/setuptools/command/install.py:34: SetuptoolsDeprecationWarning: setup.py install is deprecated. Use build and pip and other standards-based tools.
[1.141s]   warnings.warn(
[1.356s] running egg_info
[1.357s] creating examples_rclpy_guard_conditions.egg-info
[1.357s] writing examples_rclpy_guard_conditions.egg-info/PKG-INFO
[1.359s] writing dependency_links to examples_rclpy_guard_conditions.egg-info/dependency_links.txt
[1.359s] writing entry points to examples_rclpy_guard_conditions.egg-info/entry_points.txt
[1.360s] writing requirements to examples_rclpy_guard_conditions.egg-info/requires.txt
[1.360s] writing top-level names to examples_rclpy_guard_conditions.egg-info/top_level.txt
[1.360s] writing manifest file 'examples_rclpy_guard_conditions.egg-info/SOURCES.txt'
[1.366s] reading manifest file 'examples_rclpy_guard_conditions.egg-info/SOURCES.txt'
[1.368s] writing manifest file 'examples_rclpy_guard_conditions.egg-info/SOURCES.txt'
[1.370s] running build_ext
[1.370s] Creating /root/ros2_ws/install/examples_rclpy_guard_conditions/lib/python3.10/site-packages/examples-rclpy-guard-conditions.egg-link (link to .)
[1.372s] Installing trigger_guard_condition script to /root/ros2_ws/install/examples_rclpy_guard_conditions/lib/examples_rclpy_guard_conditions
[1.372s] 
[1.372s] Installed /root/ros2_ws/build/examples_rclpy_guard_conditions
[1.372s] running install_data
[1.372s] creating /root/ros2_ws/install/examples_rclpy_guard_conditions/share/ament_index
[1.373s] creating /root/ros2_ws/install/examples_rclpy_guard_conditions/share/ament_index/resource_index
[1.373s] creating /root/ros2_ws/install/examples_rclpy_guard_conditions/share/ament_index/resource_index/packages
[1.373s] copying resource/examples_rclpy_guard_conditions -> /root/ros2_ws/install/examples_rclpy_guard_conditions/share/ament_index/resource_index/packages
[1.373s] copying package.xml -> /root/ros2_ws/install/examples_rclpy_guard_conditions/share/examples_rclpy_guard_conditions
[1.427s] Invoked command in '/root/ros2_ws/build/examples_rclpy_guard_conditions' returned '0': PYTHONPATH=/root/ros2_ws/build/examples_rclpy_guard_conditions/prefix_override:/root/ros2_ws/install/examples_rclpy_guard_conditions/lib/python3.10/site-packages:${PYTHONPATH} /usr/bin/python3 setup.py develop --editable --build-directory /root/ros2_ws/build/examples_rclpy_guard_conditions/build --no-deps install_data
