[0.814s] Invoking command in '/root/ros2_ws/build/examples_rclpy_minimal_client': PYTHONPATH=/root/ros2_ws/build/examples_rclpy_minimal_client/prefix_override:/root/ros2_ws/install/examples_rclpy_minimal_client/lib/python3.10/site-packages:${PYTHONPATH} /usr/bin/python3 setup.py develop --editable --build-directory /root/ros2_ws/build/examples_rclpy_minimal_client/build --no-deps install_data
[1.173s] running develop
[1.173s] /usr/lib/python3/dist-packages/setuptools/command/easy_install.py:158: EasyInstallDeprecationWarning: easy_install command is deprecated. Use build and pip and other standards-based tools.
[1.173s]   warnings.warn(
[1.176s] /usr/lib/python3/dist-packages/setuptools/command/install.py:34: SetuptoolsDeprecationWarning: setup.py install is deprecated. Use build and pip and other standards-based tools.
[1.176s]   warnings.warn(
[1.377s] running egg_info
[1.377s] creating examples_rclpy_minimal_client.egg-info
[1.377s] writing examples_rclpy_minimal_client.egg-info/PKG-INFO
[1.378s] writing dependency_links to examples_rclpy_minimal_client.egg-info/dependency_links.txt
[1.378s] writing entry points to examples_rclpy_minimal_client.egg-info/entry_points.txt
[1.378s] writing requirements to examples_rclpy_minimal_client.egg-info/requires.txt
[1.378s] writing top-level names to examples_rclpy_minimal_client.egg-info/top_level.txt
[1.379s] writing manifest file 'examples_rclpy_minimal_client.egg-info/SOURCES.txt'
[1.381s] reading manifest file 'examples_rclpy_minimal_client.egg-info/SOURCES.txt'
[1.382s] writing manifest file 'examples_rclpy_minimal_client.egg-info/SOURCES.txt'
[1.387s] running build_ext
[1.388s] Creating /root/ros2_ws/install/examples_rclpy_minimal_client/lib/python3.10/site-packages/examples-rclpy-minimal-client.egg-link (link to .)
[1.389s] Installing client script to /root/ros2_ws/install/examples_rclpy_minimal_client/lib/examples_rclpy_minimal_client
[1.390s] Installing client_async script to /root/ros2_ws/install/examples_rclpy_minimal_client/lib/examples_rclpy_minimal_client
[1.390s] Installing client_async_callback script to /root/ros2_ws/install/examples_rclpy_minimal_client/lib/examples_rclpy_minimal_client
[1.390s] Installing client_async_member_function script to /root/ros2_ws/install/examples_rclpy_minimal_client/lib/examples_rclpy_minimal_client
[1.390s] 
[1.391s] Installed /root/ros2_ws/build/examples_rclpy_minimal_client
[1.391s] running install_data
[1.391s] creating /root/ros2_ws/install/examples_rclpy_minimal_client/share/ament_index
[1.391s] creating /root/ros2_ws/install/examples_rclpy_minimal_client/share/ament_index/resource_index
[1.392s] creating /root/ros2_ws/install/examples_rclpy_minimal_client/share/ament_index/resource_index/packages
[1.392s] copying resource/examples_rclpy_minimal_client -> /root/ros2_ws/install/examples_rclpy_minimal_client/share/ament_index/resource_index/packages
[1.392s] copying package.xml -> /root/ros2_ws/install/examples_rclpy_minimal_client/share/examples_rclpy_minimal_client
[1.622s] Invoked command in '/root/ros2_ws/build/examples_rclpy_minimal_client' returned '0': PYTHONPATH=/root/ros2_ws/build/examples_rclpy_minimal_client/prefix_override:/root/ros2_ws/install/examples_rclpy_minimal_client/lib/python3.10/site-packages:${PYTHONPATH} /usr/bin/python3 setup.py develop --editable --build-directory /root/ros2_ws/build/examples_rclpy_minimal_client/build --no-deps install_data
