running egg_info
creating ../../build/my_package_by_python/my_package_by_python.egg-info
writing ../../build/my_package_by_python/my_package_by_python.egg-info/PKG-INFO
writing dependency_links to ../../build/my_package_by_python/my_package_by_python.egg-info/dependency_links.txt
writing entry points to ../../build/my_package_by_python/my_package_by_python.egg-info/entry_points.txt
writing requirements to ../../build/my_package_by_python/my_package_by_python.egg-info/requires.txt
writing top-level names to ../../build/my_package_by_python/my_package_by_python.egg-info/top_level.txt
writing manifest file '../../build/my_package_by_python/my_package_by_python.egg-info/SOURCES.txt'
reading manifest file '../../build/my_package_by_python/my_package_by_python.egg-info/SOURCES.txt'
adding license file 'LICENSE'
writing manifest file '../../build/my_package_by_python/my_package_by_python.egg-info/SOURCES.txt'
running build
running build_py
creating /root/ros2_ws/build/my_package_by_python/build
creating /root/ros2_ws/build/my_package_by_python/build/lib
creating /root/ros2_ws/build/my_package_by_python/build/lib/my_package_by_python
copying my_package_by_python/__init__.py -> /root/ros2_ws/build/my_package_by_python/build/lib/my_package_by_python
copying my_package_by_python/my_node_by_python.py -> /root/ros2_ws/build/my_package_by_python/build/lib/my_package_by_python
running install
running install_lib
creating /root/ros2_ws/install/my_package_by_python/lib/python3.10/site-packages/my_package_by_python
copying /root/ros2_ws/build/my_package_by_python/build/lib/my_package_by_python/__init__.py -> /root/ros2_ws/install/my_package_by_python/lib/python3.10/site-packages/my_package_by_python
copying /root/ros2_ws/build/my_package_by_python/build/lib/my_package_by_python/my_node_by_python.py -> /root/ros2_ws/install/my_package_by_python/lib/python3.10/site-packages/my_package_by_python
byte-compiling /root/ros2_ws/install/my_package_by_python/lib/python3.10/site-packages/my_package_by_python/__init__.py to __init__.cpython-310.pyc
byte-compiling /root/ros2_ws/install/my_package_by_python/lib/python3.10/site-packages/my_package_by_python/my_node_by_python.py to my_node_by_python.cpython-310.pyc
running install_data
creating /root/ros2_ws/install/my_package_by_python/share/ament_index
creating /root/ros2_ws/install/my_package_by_python/share/ament_index/resource_index
creating /root/ros2_ws/install/my_package_by_python/share/ament_index/resource_index/packages
copying resource/my_package_by_python -> /root/ros2_ws/install/my_package_by_python/share/ament_index/resource_index/packages
copying package.xml -> /root/ros2_ws/install/my_package_by_python/share/my_package_by_python
running install_egg_info
Copying ../../build/my_package_by_python/my_package_by_python.egg-info to /root/ros2_ws/install/my_package_by_python/lib/python3.10/site-packages/my_package_by_python-0.0.0-py3.10.egg-info
running install_scripts
Installing my_node_by_python script to /root/ros2_ws/install/my_package_by_python/lib/my_package_by_python
writing list of installed files to '/root/ros2_ws/build/my_package_by_python/install.log'
