[0.845s] Invoking command in '/root/ros2_ws/src/my_package_by_python': PYTHONPATH=/root/ros2_ws/build/my_package_by_python/prefix_override:/root/ros2_ws/install/my_package_by_python/lib/python3.10/site-packages:${PYTHONPATH} /usr/bin/python3 setup.py egg_info --egg-base ../../build/my_package_by_python build --build-base /root/ros2_ws/build/my_package_by_python/build install --record /root/ros2_ws/build/my_package_by_python/install.log --single-version-externally-managed
[1.136s] running egg_info
[1.137s] creating ../../build/my_package_by_python/my_package_by_python.egg-info
[1.137s] writing ../../build/my_package_by_python/my_package_by_python.egg-info/PKG-INFO
[1.139s] writing dependency_links to ../../build/my_package_by_python/my_package_by_python.egg-info/dependency_links.txt
[1.139s] writing entry points to ../../build/my_package_by_python/my_package_by_python.egg-info/entry_points.txt
[1.140s] writing requirements to ../../build/my_package_by_python/my_package_by_python.egg-info/requires.txt
[1.140s] writing top-level names to ../../build/my_package_by_python/my_package_by_python.egg-info/top_level.txt
[1.140s] writing manifest file '../../build/my_package_by_python/my_package_by_python.egg-info/SOURCES.txt'
[1.141s] reading manifest file '../../build/my_package_by_python/my_package_by_python.egg-info/SOURCES.txt'
[1.141s] adding license file 'LICENSE'
[1.142s] writing manifest file '../../build/my_package_by_python/my_package_by_python.egg-info/SOURCES.txt'
[1.142s] running build
[1.143s] running build_py
[1.143s] creating /root/ros2_ws/build/my_package_by_python/build
[1.143s] creating /root/ros2_ws/build/my_package_by_python/build/lib
[1.143s] creating /root/ros2_ws/build/my_package_by_python/build/lib/my_package_by_python
[1.144s] copying my_package_by_python/__init__.py -> /root/ros2_ws/build/my_package_by_python/build/lib/my_package_by_python
[1.144s] copying my_package_by_python/my_node_by_python.py -> /root/ros2_ws/build/my_package_by_python/build/lib/my_package_by_python
[1.144s] running install
[1.145s] /usr/lib/python3/dist-packages/setuptools/command/install.py:34: SetuptoolsDeprecationWarning: setup.py install is deprecated. Use build and pip and other standards-based tools.
[1.145s]   warnings.warn(
[1.145s] running install_lib
[1.146s] creating /root/ros2_ws/install/my_package_by_python/lib/python3.10/site-packages/my_package_by_python
[1.147s] copying /root/ros2_ws/build/my_package_by_python/build/lib/my_package_by_python/__init__.py -> /root/ros2_ws/install/my_package_by_python/lib/python3.10/site-packages/my_package_by_python
[1.147s] copying /root/ros2_ws/build/my_package_by_python/build/lib/my_package_by_python/my_node_by_python.py -> /root/ros2_ws/install/my_package_by_python/lib/python3.10/site-packages/my_package_by_python
[1.148s] byte-compiling /root/ros2_ws/install/my_package_by_python/lib/python3.10/site-packages/my_package_by_python/__init__.py to __init__.cpython-310.pyc
[1.148s] byte-compiling /root/ros2_ws/install/my_package_by_python/lib/python3.10/site-packages/my_package_by_python/my_node_by_python.py to my_node_by_python.cpython-310.pyc
[1.148s] running install_data
[1.149s] creating /root/ros2_ws/install/my_package_by_python/share/ament_index
[1.149s] creating /root/ros2_ws/install/my_package_by_python/share/ament_index/resource_index
[1.150s] creating /root/ros2_ws/install/my_package_by_python/share/ament_index/resource_index/packages
[1.150s] copying resource/my_package_by_python -> /root/ros2_ws/install/my_package_by_python/share/ament_index/resource_index/packages
[1.150s] copying package.xml -> /root/ros2_ws/install/my_package_by_python/share/my_package_by_python
[1.150s] running install_egg_info
[1.155s] Copying ../../build/my_package_by_python/my_package_by_python.egg-info to /root/ros2_ws/install/my_package_by_python/lib/python3.10/site-packages/my_package_by_python-0.0.0-py3.10.egg-info
[1.155s] running install_scripts
[1.180s] Installing my_node_by_python script to /root/ros2_ws/install/my_package_by_python/lib/my_package_by_python
[1.182s] writing list of installed files to '/root/ros2_ws/build/my_package_by_python/install.log'
[1.214s] Invoked command in '/root/ros2_ws/src/my_package_by_python' returned '0': PYTHONPATH=/root/ros2_ws/build/my_package_by_python/prefix_override:/root/ros2_ws/install/my_package_by_python/lib/python3.10/site-packages:${PYTHONPATH} /usr/bin/python3 setup.py egg_info --egg-base ../../build/my_package_by_python build --build-base /root/ros2_ws/build/my_package_by_python/build install --record /root/ros2_ws/build/my_package_by_python/install.log --single-version-externally-managed
