[0.000000] (-) TimerEvent: {}
[0.001968] (turtlesim) JobQueued: {'identifier': 'turtlesim', 'dependencies': OrderedDict()}
[0.002059] (turtlesim) JobStarted: {'identifier': 'turtlesim'}
[0.019445] (turtlesim) JobProgress: {'identifier': 'turtlesim', 'progress': 'cmake'}
[0.020664] (turtlesim) JobProgress: {'identifier': 'turtlesim', 'progress': 'build'}
[0.022006] (turtlesim) Command: {'cmd': ['/usr/bin/cmake', '--build', '/root/ros2_ws/build/turtlesim', '--', '-j4', '-l4'], 'cwd': '/root/ros2_ws/build/turtlesim', 'env': OrderedDict([('HOSTNAME', '0655a411ed08'), ('SHLVL', '1'), ('LD_LIBRARY_PATH', '/opt/ros/iron/opt/rviz_ogre_vendor/lib:/opt/ros/iron/lib/x86_64-linux-gnu:/opt/ros/iron/lib'), ('HOME', '/root'), ('OLDPWD', '/'), ('ROS_PYTHON_VERSION', '3'), ('ROS_DISTRO', 'iron'), ('_', '/usr/bin/colcon'), ('ROS_VERSION', '2'), ('TERM', 'xterm'), ('PATH', '/opt/ros/iron/bin:/usr/local/sbin:/usr/local/bin:/usr/sbin:/usr/bin:/sbin:/bin'), ('DISPLAY', ':0'), ('LANG', 'C.UTF-8'), ('AMENT_PREFIX_PATH', '/opt/ros/iron'), ('ROS_AUTOMATIC_DISCOVERY_RANGE', 'SUBNET'), ('PWD', '/root/ros2_ws/build/turtlesim'), ('LC_ALL', 'C.UTF-8'), ('PYTHONPATH', '/opt/ros/iron/lib/python3.10/site-packages'), ('COLCON', '1'), ('CMAKE_PREFIX_PATH', '/opt/ros/iron')]), 'shell': False}
[0.096273] (turtlesim) StdoutLine: {'line': b'[  0%] Built target turtlesim__rosidl_generator_type_description\n'}
[0.097743] (-) TimerEvent: {}
[0.113204] (turtlesim) StdoutLine: {'line': b'[  0%] Built target ament_cmake_python_copy_turtlesim\n'}
[0.124031] (turtlesim) StdoutLine: {'line': b'[  1%] Built target turtlesim__cpp\n'}
[0.135063] (turtlesim) StdoutLine: {'line': b'[ 24%] Built target turtlesim__rosidl_generator_c\n'}
[0.172451] (turtlesim) StdoutLine: {'line': b'[ 33%] Built target turtlesim__rosidl_typesupport_fastrtps_c\n'}
[0.178297] (turtlesim) StdoutLine: {'line': b'[ 41%] Built target turtlesim__rosidl_typesupport_cpp\n'}
[0.196016] (turtlesim) StdoutLine: {'line': b'[ 49%] Built target turtlesim__rosidl_typesupport_fastrtps_cpp\n'}
[0.197853] (-) TimerEvent: {}
[0.213920] (turtlesim) StdoutLine: {'line': b'[ 58%] Built target turtlesim__rosidl_typesupport_introspection_c\n'}
[0.224759] (turtlesim) StdoutLine: {'line': b'[ 67%] Built target turtlesim__rosidl_typesupport_c\n'}
[0.238698] (turtlesim) StdoutLine: {'line': b'[ 75%] Built target turtlesim__rosidl_typesupport_introspection_cpp\n'}
[0.265841] (turtlesim) StdoutLine: {'line': b'[ 77%] Built target turtle_teleop_key\n'}
[0.275039] (turtlesim) StdoutLine: {'line': b'[ 83%] Built target turtlesim_node\n'}
[0.287952] (turtlesim) StdoutLine: {'line': b'[ 84%] Built target draw_square\n'}
[0.297967] (-) TimerEvent: {}
[0.302081] (turtlesim) StdoutLine: {'line': b'[ 86%] Built target mimic\n'}
[0.302597] (turtlesim) StdoutLine: {'line': b'[ 86%] Built target turtlesim\n'}
[0.338516] (turtlesim) StdoutLine: {'line': b'[ 86%] Built target turtlesim__py\n'}
[0.373529] (turtlesim) StdoutLine: {'line': b'[ 94%] Built target turtlesim__rosidl_generator_py\n'}
[0.398089] (-) TimerEvent: {}
[0.403737] (turtlesim) StdoutLine: {'line': b'[ 98%] Built target turtlesim__rosidl_typesupport_fastrtps_c__pyext\n'}
[0.404943] (turtlesim) StdoutLine: {'line': b'[ 98%] Built target turtlesim__rosidl_typesupport_introspection_c__pyext\n'}
[0.415381] (turtlesim) StdoutLine: {'line': b'[100%] Built target turtlesim__rosidl_typesupport_c__pyext\n'}
[0.489661] (turtlesim) StdoutLine: {'line': b'running egg_info\n'}
[0.490796] (turtlesim) StdoutLine: {'line': b'writing turtlesim.egg-info/PKG-INFO\n'}
[0.491759] (turtlesim) StdoutLine: {'line': b'writing dependency_links to turtlesim.egg-info/dependency_links.txt\n'}
[0.491947] (turtlesim) StdoutLine: {'line': b'writing top-level names to turtlesim.egg-info/top_level.txt\n'}
[0.495591] (turtlesim) StdoutLine: {'line': b"reading manifest file 'turtlesim.egg-info/SOURCES.txt'\n"}
[0.496732] (turtlesim) StdoutLine: {'line': b"writing manifest file 'turtlesim.egg-info/SOURCES.txt'\n"}
[0.498257] (-) TimerEvent: {}
[0.532285] (turtlesim) StdoutLine: {'line': b'[100%] Built target ament_cmake_python_build_turtlesim_egg\n'}
[0.549236] (turtlesim) CommandEnded: {'returncode': 0}
[0.598398] (-) TimerEvent: {}
[0.698833] (-) TimerEvent: {}
[0.799217] (-) TimerEvent: {}
[0.899783] (-) TimerEvent: {}
[0.905335] (turtlesim) JobProgress: {'identifier': 'turtlesim', 'progress': 'install'}
[0.917376] (turtlesim) Command: {'cmd': ['/usr/bin/cmake', '--install', '/root/ros2_ws/build/turtlesim'], 'cwd': '/root/ros2_ws/build/turtlesim', 'env': OrderedDict([('HOSTNAME', '0655a411ed08'), ('SHLVL', '1'), ('LD_LIBRARY_PATH', '/opt/ros/iron/opt/rviz_ogre_vendor/lib:/opt/ros/iron/lib/x86_64-linux-gnu:/opt/ros/iron/lib'), ('HOME', '/root'), ('OLDPWD', '/'), ('ROS_PYTHON_VERSION', '3'), ('ROS_DISTRO', 'iron'), ('_', '/usr/bin/colcon'), ('ROS_VERSION', '2'), ('TERM', 'xterm'), ('PATH', '/opt/ros/iron/bin:/usr/local/sbin:/usr/local/bin:/usr/sbin:/usr/bin:/sbin:/bin'), ('DISPLAY', ':0'), ('LANG', 'C.UTF-8'), ('AMENT_PREFIX_PATH', '/opt/ros/iron'), ('ROS_AUTOMATIC_DISCOVERY_RANGE', 'SUBNET'), ('PWD', '/root/ros2_ws/build/turtlesim'), ('LC_ALL', 'C.UTF-8'), ('PYTHONPATH', '/opt/ros/iron/lib/python3.10/site-packages'), ('COLCON', '1'), ('CMAKE_PREFIX_PATH', '/opt/ros/iron')]), 'shell': False}
[0.926882] (turtlesim) StdoutLine: {'line': b'-- Install configuration: ""\n'}
[0.928025] (turtlesim) StdoutLine: {'line': b'-- Up-to-date: /root/ros2_ws/install/turtlesim/share/ament_index/resource_index/rosidl_interfaces/turtlesim\n'}
[0.928259] (turtlesim) StdoutLine: {'line': b'-- Up-to-date: /root/ros2_ws/install/turtlesim/share/turtlesim/action/RotateAbsolute.json\n'}
[0.928379] (turtlesim) StdoutLine: {'line': b'-- Up-to-date: /root/ros2_ws/install/turtlesim/share/turtlesim/msg/Color.json\n'}
[0.928485] (turtlesim) StdoutLine: {'line': b'-- Up-to-date: /root/ros2_ws/install/turtlesim/share/turtlesim/msg/Pose.json\n'}
[0.928589] (turtlesim) StdoutLine: {'line': b'-- Up-to-date: /root/ros2_ws/install/turtlesim/share/turtlesim/srv/Kill.json\n'}
[0.928691] (turtlesim) StdoutLine: {'line': b'-- Up-to-date: /root/ros2_ws/install/turtlesim/share/turtlesim/srv/SetPen.json\n'}
[0.929628] (turtlesim) StdoutLine: {'line': b'-- Up-to-date: /root/ros2_ws/install/turtlesim/share/turtlesim/srv/Spawn.json\n'}
[0.929841] (turtlesim) StdoutLine: {'line': b'-- Up-to-date: /root/ros2_ws/install/turtlesim/share/turtlesim/srv/TeleportAbsolute.json\n'}
[0.930027] (turtlesim) StdoutLine: {'line': b'-- Up-to-date: /root/ros2_ws/install/turtlesim/share/turtlesim/srv/TeleportRelative.json\n'}
[0.930159] (turtlesim) StdoutLine: {'line': b'-- Up-to-date: /root/ros2_ws/install/turtlesim/include/turtlesim/turtlesim\n'}
[0.931064] (turtlesim) StdoutLine: {'line': b'-- Up-to-date: /root/ros2_ws/install/turtlesim/include/turtlesim/turtlesim/msg\n'}
[0.931377] (turtlesim) StdoutLine: {'line': b'-- Up-to-date: /root/ros2_ws/install/turtlesim/include/turtlesim/turtlesim/msg/color.h\n'}
[0.931800] (turtlesim) StdoutLine: {'line': b'-- Up-to-date: /root/ros2_ws/install/turtlesim/include/turtlesim/turtlesim/msg/rosidl_generator_c__visibility_control.h\n'}
[0.932049] (turtlesim) StdoutLine: {'line': b'-- Up-to-date: /root/ros2_ws/install/turtlesim/include/turtlesim/turtlesim/msg/detail\n'}
[0.932508] (turtlesim) StdoutLine: {'line': b'-- Installing: /root/ros2_ws/install/turtlesim/include/turtlesim/turtlesim/msg/detail/color__type_support.c\n'}
[0.932837] (turtlesim) StdoutLine: {'line': b'-- Up-to-date: /root/ros2_ws/install/turtlesim/include/turtlesim/turtlesim/msg/detail/pose__functions.c\n'}
[0.933372] (turtlesim) StdoutLine: {'line': b'-- Up-to-date: /root/ros2_ws/install/turtlesim/include/turtlesim/turtlesim/msg/detail/pose__functions.h\n'}
[0.933718] (turtlesim) StdoutLine: {'line': b'-- Up-to-date: /root/ros2_ws/install/turtlesim/include/turtlesim/turtlesim/msg/detail/pose__description.c\n'}
[0.933977] (turtlesim) StdoutLine: {'line': b'-- Installing: /root/ros2_ws/install/turtlesim/include/turtlesim/turtlesim/msg/detail/pose__type_support.c\n'}
[0.934339] (turtlesim) StdoutLine: {'line': b'-- Up-to-date: /root/ros2_ws/install/turtlesim/include/turtlesim/turtlesim/msg/detail/color__type_support.h\n'}
[0.934814] (turtlesim) StdoutLine: {'line': b'-- Up-to-date: /root/ros2_ws/install/turtlesim/include/turtlesim/turtlesim/msg/detail/color__description.c\n'}
[0.935125] (turtlesim) StdoutLine: {'line': b'-- Up-to-date: /root/ros2_ws/install/turtlesim/include/turtlesim/turtlesim/msg/detail/color__functions.c\n'}
[0.935537] (turtlesim) StdoutLine: {'line': b'-- Up-to-date: /root/ros2_ws/install/turtlesim/include/turtlesim/turtlesim/msg/detail/color__struct.h\n'}
[0.935755] (turtlesim) StdoutLine: {'line': b'-- Up-to-date: /root/ros2_ws/install/turtlesim/include/turtlesim/turtlesim/msg/detail/pose__type_support.h\n'}
[0.935914] (turtlesim) StdoutLine: {'line': b'-- Up-to-date: /root/ros2_ws/install/turtlesim/include/turtlesim/turtlesim/msg/detail/pose__struct.h\n'}
[0.936266] (turtlesim) StdoutLine: {'line': b'-- Up-to-date: /root/ros2_ws/install/turtlesim/include/turtlesim/turtlesim/msg/detail/color__functions.h\n'}
[0.936390] (turtlesim) StdoutLine: {'line': b'-- Up-to-date: /root/ros2_ws/install/turtlesim/include/turtlesim/turtlesim/msg/pose.h\n'}
[0.936623] (turtlesim) StdoutLine: {'line': b'-- Up-to-date: /root/ros2_ws/install/turtlesim/include/turtlesim/turtlesim/action\n'}
[0.936893] (turtlesim) StdoutLine: {'line': b'-- Up-to-date: /root/ros2_ws/install/turtlesim/include/turtlesim/turtlesim/action/detail\n'}
[0.937397] (turtlesim) StdoutLine: {'line': b'-- Up-to-date: /root/ros2_ws/install/turtlesim/include/turtlesim/turtlesim/action/detail/rotate_absolute__description.c\n'}
[0.937698] (turtlesim) StdoutLine: {'line': b'-- Installing: /root/ros2_ws/install/turtlesim/include/turtlesim/turtlesim/action/detail/rotate_absolute__type_support.c\n'}
[0.937863] (turtlesim) StdoutLine: {'line': b'-- Up-to-date: /root/ros2_ws/install/turtlesim/include/turtlesim/turtlesim/action/detail/rotate_absolute__struct.h\n'}
[0.938366] (turtlesim) StdoutLine: {'line': b'-- Up-to-date: /root/ros2_ws/install/turtlesim/include/turtlesim/turtlesim/action/detail/rotate_absolute__type_support.h\n'}
[0.938660] (turtlesim) StdoutLine: {'line': b'-- Up-to-date: /root/ros2_ws/install/turtlesim/include/turtlesim/turtlesim/action/detail/rotate_absolute__functions.c\n'}
[0.938777] (turtlesim) StdoutLine: {'line': b'-- Up-to-date: /root/ros2_ws/install/turtlesim/include/turtlesim/turtlesim/action/detail/rotate_absolute__functions.h\n'}
[0.938933] (turtlesim) StdoutLine: {'line': b'-- Up-to-date: /root/ros2_ws/install/turtlesim/include/turtlesim/turtlesim/action/rotate_absolute.h\n'}
[0.939731] (turtlesim) StdoutLine: {'line': b'-- Up-to-date: /root/ros2_ws/install/turtlesim/include/turtlesim/turtlesim/srv\n'}
[0.939889] (turtlesim) StdoutLine: {'line': b'-- Up-to-date: /root/ros2_ws/install/turtlesim/include/turtlesim/turtlesim/srv/teleport_relative.h\n'}
[0.940124] (turtlesim) StdoutLine: {'line': b'-- Up-to-date: /root/ros2_ws/install/turtlesim/include/turtlesim/turtlesim/srv/kill.h\n'}
[0.940554] (turtlesim) StdoutLine: {'line': b'-- Up-to-date: /root/ros2_ws/install/turtlesim/include/turtlesim/turtlesim/srv/spawn.h\n'}
[0.940816] (turtlesim) StdoutLine: {'line': b'-- Up-to-date: /root/ros2_ws/install/turtlesim/include/turtlesim/turtlesim/srv/teleport_absolute.h\n'}
[0.940992] (turtlesim) StdoutLine: {'line': b'-- Up-to-date: /root/ros2_ws/install/turtlesim/include/turtlesim/turtlesim/srv/detail\n'}
[0.941362] (turtlesim) StdoutLine: {'line': b'-- Installing: /root/ros2_ws/install/turtlesim/include/turtlesim/turtlesim/srv/detail/kill__type_support.c\n'}
[0.941533] (turtlesim) StdoutLine: {'line': b'-- Up-to-date: /root/ros2_ws/install/turtlesim/include/turtlesim/turtlesim/srv/detail/set_pen__struct.h\n'}
[0.942166] (turtlesim) StdoutLine: {'line': b'-- Up-to-date: /root/ros2_ws/install/turtlesim/include/turtlesim/turtlesim/srv/detail/spawn__functions.c\n'}
[0.942372] (turtlesim) StdoutLine: {'line': b'-- Up-to-date: /root/ros2_ws/install/turtlesim/include/turtlesim/turtlesim/srv/detail/set_pen__type_support.h\n'}
[0.942487] (turtlesim) StdoutLine: {'line': b'-- Up-to-date: /root/ros2_ws/install/turtlesim/include/turtlesim/turtlesim/srv/detail/teleport_absolute__struct.h\n'}
[0.943704] (turtlesim) StdoutLine: {'line': b'-- Up-to-date: /root/ros2_ws/install/turtlesim/include/turtlesim/turtlesim/srv/detail/set_pen__description.c\n'}
[0.944046] (turtlesim) StdoutLine: {'line': b'-- Up-to-date: /root/ros2_ws/install/turtlesim/include/turtlesim/turtlesim/srv/detail/kill__type_support.h\n'}
[0.944304] (turtlesim) StdoutLine: {'line': b'-- Up-to-date: /root/ros2_ws/install/turtlesim/include/turtlesim/turtlesim/srv/detail/spawn__struct.h\n'}
[0.944430] (turtlesim) StdoutLine: {'line': b'-- Installing: /root/ros2_ws/install/turtlesim/include/turtlesim/turtlesim/srv/detail/teleport_absolute__type_support.c\n'}
[0.944588] (turtlesim) StdoutLine: {'line': b'-- Up-to-date: /root/ros2_ws/install/turtlesim/include/turtlesim/turtlesim/srv/detail/set_pen__functions.c\n'}
[0.944895] (turtlesim) StdoutLine: {'line': b'-- Up-to-date: /root/ros2_ws/install/turtlesim/include/turtlesim/turtlesim/srv/detail/kill__struct.h\n'}
[0.945054] (turtlesim) StdoutLine: {'line': b'-- Up-to-date: /root/ros2_ws/install/turtlesim/include/turtlesim/turtlesim/srv/detail/kill__functions.c\n'}
[0.945507] (turtlesim) StdoutLine: {'line': b'-- Up-to-date: /root/ros2_ws/install/turtlesim/include/turtlesim/turtlesim/srv/detail/teleport_absolute__description.c\n'}
[0.945680] (turtlesim) StdoutLine: {'line': b'-- Installing: /root/ros2_ws/install/turtlesim/include/turtlesim/turtlesim/srv/detail/set_pen__type_support.c\n'}
[0.945980] (turtlesim) StdoutLine: {'line': b'-- Up-to-date: /root/ros2_ws/install/turtlesim/include/turtlesim/turtlesim/srv/detail/set_pen__functions.h\n'}
[0.946097] (turtlesim) StdoutLine: {'line': b'-- Up-to-date: /root/ros2_ws/install/turtlesim/include/turtlesim/turtlesim/srv/detail/spawn__description.c\n'}
[0.946432] (turtlesim) StdoutLine: {'line': b'-- Up-to-date: /root/ros2_ws/install/turtlesim/include/turtlesim/turtlesim/srv/detail/teleport_absolute__functions.c\n'}
[0.946568] (turtlesim) StdoutLine: {'line': b'-- Up-to-date: /root/ros2_ws/install/turtlesim/include/turtlesim/turtlesim/srv/detail/kill__description.c\n'}
[0.946799] (turtlesim) StdoutLine: {'line': b'-- Up-to-date: /root/ros2_ws/install/turtlesim/include/turtlesim/turtlesim/srv/detail/spawn__type_support.h\n'}
[0.947082] (turtlesim) StdoutLine: {'line': b'-- Up-to-date: /root/ros2_ws/install/turtlesim/include/turtlesim/turtlesim/srv/detail/teleport_absolute__type_support.h\n'}
[0.947377] (turtlesim) StdoutLine: {'line': b'-- Installing: /root/ros2_ws/install/turtlesim/include/turtlesim/turtlesim/srv/detail/spawn__type_support.c\n'}
[0.947614] (turtlesim) StdoutLine: {'line': b'-- Up-to-date: /root/ros2_ws/install/turtlesim/include/turtlesim/turtlesim/srv/detail/teleport_absolute__functions.h\n'}
[0.948117] (turtlesim) StdoutLine: {'line': b'-- Up-to-date: /root/ros2_ws/install/turtlesim/include/turtlesim/turtlesim/srv/detail/teleport_relative__functions.h\n'}
[0.948571] (turtlesim) StdoutLine: {'line': b'-- Up-to-date: /root/ros2_ws/install/turtlesim/include/turtlesim/turtlesim/srv/detail/kill__functions.h\n'}
[0.949017] (turtlesim) StdoutLine: {'line': b'-- Up-to-date: /root/ros2_ws/install/turtlesim/include/turtlesim/turtlesim/srv/detail/teleport_relative__struct.h\n'}
[0.949168] (turtlesim) StdoutLine: {'line': b'-- Up-to-date: /root/ros2_ws/install/turtlesim/include/turtlesim/turtlesim/srv/detail/teleport_relative__description.c\n'}
[0.949283] (turtlesim) StdoutLine: {'line': b'-- Up-to-date: /root/ros2_ws/install/turtlesim/include/turtlesim/turtlesim/srv/detail/spawn__functions.h\n'}
[0.949427] (turtlesim) StdoutLine: {'line': b'-- Installing: /root/ros2_ws/install/turtlesim/include/turtlesim/turtlesim/srv/detail/teleport_relative__type_support.c\n'}
[0.949715] (turtlesim) StdoutLine: {'line': b'-- Up-to-date: /root/ros2_ws/install/turtlesim/include/turtlesim/turtlesim/srv/detail/teleport_relative__type_support.h\n'}
[0.949825] (turtlesim) StdoutLine: {'line': b'-- Up-to-date: /root/ros2_ws/install/turtlesim/include/turtlesim/turtlesim/srv/detail/teleport_relative__functions.c\n'}
[0.949935] (turtlesim) StdoutLine: {'line': b'-- Up-to-date: /root/ros2_ws/install/turtlesim/include/turtlesim/turtlesim/srv/set_pen.h\n'}
[0.950037] (turtlesim) StdoutLine: {'line': b'-- Up-to-date: /root/ros2_ws/install/turtlesim/share/turtlesim/environment/library_path.sh\n'}
[0.950137] (turtlesim) StdoutLine: {'line': b'-- Up-to-date: /root/ros2_ws/install/turtlesim/share/turtlesim/environment/library_path.dsv\n'}
[0.950238] (turtlesim) StdoutLine: {'line': b'-- Up-to-date: /root/ros2_ws/install/turtlesim/lib/libturtlesim__rosidl_generator_c.so\n'}
[0.950336] (turtlesim) StdoutLine: {'line': b'-- Up-to-date: /root/ros2_ws/install/turtlesim/include/turtlesim/turtlesim\n'}
[0.950478] (turtlesim) StdoutLine: {'line': b'-- Up-to-date: /root/ros2_ws/install/turtlesim/include/turtlesim/turtlesim/msg\n'}
[0.950582] (turtlesim) StdoutLine: {'line': b'-- Up-to-date: /root/ros2_ws/install/turtlesim/include/turtlesim/turtlesim/msg/rosidl_typesupport_fastrtps_c__visibility_control.h\n'}
[0.950682] (turtlesim) StdoutLine: {'line': b'-- Up-to-date: /root/ros2_ws/install/turtlesim/include/turtlesim/turtlesim/msg/detail\n'}
[0.950782] (turtlesim) StdoutLine: {'line': b'-- Up-to-date: /root/ros2_ws/install/turtlesim/include/turtlesim/turtlesim/msg/detail/color__rosidl_typesupport_fastrtps_c.h\n'}
[0.950881] (turtlesim) StdoutLine: {'line': b'-- Up-to-date: /root/ros2_ws/install/turtlesim/include/turtlesim/turtlesim/msg/detail/pose__rosidl_typesupport_fastrtps_c.h\n'}
[0.950979] (turtlesim) StdoutLine: {'line': b'-- Up-to-date: /root/ros2_ws/install/turtlesim/include/turtlesim/turtlesim/action\n'}
[0.951076] (turtlesim) StdoutLine: {'line': b'-- Up-to-date: /root/ros2_ws/install/turtlesim/include/turtlesim/turtlesim/action/detail\n'}
[0.951173] (turtlesim) StdoutLine: {'line': b'-- Up-to-date: /root/ros2_ws/install/turtlesim/include/turtlesim/turtlesim/action/detail/rotate_absolute__rosidl_typesupport_fastrtps_c.h\n'}
[0.951271] (turtlesim) StdoutLine: {'line': b'-- Up-to-date: /root/ros2_ws/install/turtlesim/include/turtlesim/turtlesim/srv\n'}
[0.951393] (turtlesim) StdoutLine: {'line': b'-- Up-to-date: /root/ros2_ws/install/turtlesim/include/turtlesim/turtlesim/srv/detail\n'}
[0.951509] (turtlesim) StdoutLine: {'line': b'-- Up-to-date: /root/ros2_ws/install/turtlesim/include/turtlesim/turtlesim/srv/detail/set_pen__rosidl_typesupport_fastrtps_c.h\n'}
[0.951611] (turtlesim) StdoutLine: {'line': b'-- Up-to-date: /root/ros2_ws/install/turtlesim/include/turtlesim/turtlesim/srv/detail/teleport_absolute__rosidl_typesupport_fastrtps_c.h\n'}
[0.951711] (turtlesim) StdoutLine: {'line': b'-- Up-to-date: /root/ros2_ws/install/turtlesim/include/turtlesim/turtlesim/srv/detail/teleport_relative__rosidl_typesupport_fastrtps_c.h\n'}
[0.951810] (turtlesim) StdoutLine: {'line': b'-- Up-to-date: /root/ros2_ws/install/turtlesim/include/turtlesim/turtlesim/srv/detail/kill__rosidl_typesupport_fastrtps_c.h\n'}
[0.951916] (turtlesim) StdoutLine: {'line': b'-- Up-to-date: /root/ros2_ws/install/turtlesim/include/turtlesim/turtlesim/srv/detail/spawn__rosidl_typesupport_fastrtps_c.h\n'}
[0.952015] (turtlesim) StdoutLine: {'line': b'-- Up-to-date: /root/ros2_ws/install/turtlesim/lib/libturtlesim__rosidl_typesupport_fastrtps_c.so\n'}
[0.952114] (turtlesim) StdoutLine: {'line': b'-- Up-to-date: /root/ros2_ws/install/turtlesim/include/turtlesim/turtlesim\n'}
[0.952213] (turtlesim) StdoutLine: {'line': b'-- Up-to-date: /root/ros2_ws/install/turtlesim/include/turtlesim/turtlesim/msg\n'}
[0.952312] (turtlesim) StdoutLine: {'line': b'-- Up-to-date: /root/ros2_ws/install/turtlesim/include/turtlesim/turtlesim/msg/pose.hpp\n'}
[0.952452] (turtlesim) StdoutLine: {'line': b'-- Up-to-date: /root/ros2_ws/install/turtlesim/include/turtlesim/turtlesim/msg/color.hpp\n'}
[0.952559] (turtlesim) StdoutLine: {'line': b'-- Up-to-date: /root/ros2_ws/install/turtlesim/include/turtlesim/turtlesim/msg/detail\n'}
[0.952658] (turtlesim) StdoutLine: {'line': b'-- Up-to-date: /root/ros2_ws/install/turtlesim/include/turtlesim/turtlesim/msg/detail/color__traits.hpp\n'}
[0.952758] (turtlesim) StdoutLine: {'line': b'-- Up-to-date: /root/ros2_ws/install/turtlesim/include/turtlesim/turtlesim/msg/detail/color__struct.hpp\n'}
[0.952863] (turtlesim) StdoutLine: {'line': b'-- Up-to-date: /root/ros2_ws/install/turtlesim/include/turtlesim/turtlesim/msg/detail/pose__struct.hpp\n'}
[0.952962] (turtlesim) StdoutLine: {'line': b'-- Up-to-date: /root/ros2_ws/install/turtlesim/include/turtlesim/turtlesim/msg/detail/pose__builder.hpp\n'}
[0.953060] (turtlesim) StdoutLine: {'line': b'-- Up-to-date: /root/ros2_ws/install/turtlesim/include/turtlesim/turtlesim/msg/detail/color__builder.hpp\n'}
[0.953158] (turtlesim) StdoutLine: {'line': b'-- Up-to-date: /root/ros2_ws/install/turtlesim/include/turtlesim/turtlesim/msg/detail/pose__traits.hpp\n'}
[0.953256] (turtlesim) StdoutLine: {'line': b'-- Up-to-date: /root/ros2_ws/install/turtlesim/include/turtlesim/turtlesim/action\n'}
[0.953376] (turtlesim) StdoutLine: {'line': b'-- Up-to-date: /root/ros2_ws/install/turtlesim/include/turtlesim/turtlesim/action/rotate_absolute.hpp\n'}
[0.953495] (turtlesim) StdoutLine: {'line': b'-- Up-to-date: /root/ros2_ws/install/turtlesim/include/turtlesim/turtlesim/action/detail\n'}
[0.953610] (turtlesim) StdoutLine: {'line': b'-- Up-to-date: /root/ros2_ws/install/turtlesim/include/turtlesim/turtlesim/action/detail/rotate_absolute__struct.hpp\n'}
[0.953712] (turtlesim) StdoutLine: {'line': b'-- Up-to-date: /root/ros2_ws/install/turtlesim/include/turtlesim/turtlesim/action/detail/rotate_absolute__traits.hpp\n'}
[0.953811] (turtlesim) StdoutLine: {'line': b'-- Up-to-date: /root/ros2_ws/install/turtlesim/include/turtlesim/turtlesim/action/detail/rotate_absolute__builder.hpp\n'}
[0.953910] (turtlesim) StdoutLine: {'line': b'-- Up-to-date: /root/ros2_ws/install/turtlesim/include/turtlesim/turtlesim/srv\n'}
[0.954009] (turtlesim) StdoutLine: {'line': b'-- Up-to-date: /root/ros2_ws/install/turtlesim/include/turtlesim/turtlesim/srv/teleport_absolute.hpp\n'}
[0.954107] (turtlesim) StdoutLine: {'line': b'-- Up-to-date: /root/ros2_ws/install/turtlesim/include/turtlesim/turtlesim/srv/kill.hpp\n'}
[0.954203] (turtlesim) StdoutLine: {'line': b'-- Up-to-date: /root/ros2_ws/install/turtlesim/include/turtlesim/turtlesim/srv/teleport_relative.hpp\n'}
[0.954300] (turtlesim) StdoutLine: {'line': b'-- Up-to-date: /root/ros2_ws/install/turtlesim/include/turtlesim/turtlesim/srv/set_pen.hpp\n'}
[0.954630] (turtlesim) StdoutLine: {'line': b'-- Up-to-date: /root/ros2_ws/install/turtlesim/include/turtlesim/turtlesim/srv/spawn.hpp\n'}
[0.954751] (turtlesim) StdoutLine: {'line': b'-- Up-to-date: /root/ros2_ws/install/turtlesim/include/turtlesim/turtlesim/srv/detail\n'}
[0.954856] (turtlesim) StdoutLine: {'line': b'-- Up-to-date: /root/ros2_ws/install/turtlesim/include/turtlesim/turtlesim/srv/detail/set_pen__builder.hpp\n'}
[0.954959] (turtlesim) StdoutLine: {'line': b'-- Up-to-date: /root/ros2_ws/install/turtlesim/include/turtlesim/turtlesim/srv/detail/set_pen__struct.hpp\n'}
[0.955059] (turtlesim) StdoutLine: {'line': b'-- Up-to-date: /root/ros2_ws/install/turtlesim/include/turtlesim/turtlesim/srv/detail/spawn__struct.hpp\n'}
[0.955161] (turtlesim) StdoutLine: {'line': b'-- Up-to-date: /root/ros2_ws/install/turtlesim/include/turtlesim/turtlesim/srv/detail/spawn__traits.hpp\n'}
[0.955261] (turtlesim) StdoutLine: {'line': b'-- Up-to-date: /root/ros2_ws/install/turtlesim/include/turtlesim/turtlesim/srv/detail/spawn__builder.hpp\n'}
[0.955522] (turtlesim) StdoutLine: {'line': b'-- Up-to-date: /root/ros2_ws/install/turtlesim/include/turtlesim/turtlesim/srv/detail/teleport_absolute__builder.hpp\n'}
[0.955641] (turtlesim) StdoutLine: {'line': b'-- Up-to-date: /root/ros2_ws/install/turtlesim/include/turtlesim/turtlesim/srv/detail/teleport_absolute__struct.hpp\n'}
[0.955744] (turtlesim) StdoutLine: {'line': b'-- Up-to-date: /root/ros2_ws/install/turtlesim/include/turtlesim/turtlesim/srv/detail/kill__traits.hpp\n'}
[0.955846] (turtlesim) StdoutLine: {'line': b'-- Up-to-date: /root/ros2_ws/install/turtlesim/include/turtlesim/turtlesim/srv/detail/teleport_relative__builder.hpp\n'}
[0.955946] (turtlesim) StdoutLine: {'line': b'-- Up-to-date: /root/ros2_ws/install/turtlesim/include/turtlesim/turtlesim/srv/detail/kill__builder.hpp\n'}
[0.956057] (turtlesim) StdoutLine: {'line': b'-- Up-to-date: /root/ros2_ws/install/turtlesim/include/turtlesim/turtlesim/srv/detail/teleport_absolute__traits.hpp\n'}
[0.956158] (turtlesim) StdoutLine: {'line': b'-- Up-to-date: /root/ros2_ws/install/turtlesim/include/turtlesim/turtlesim/srv/detail/teleport_relative__traits.hpp\n'}
[0.956423] (turtlesim) StdoutLine: {'line': b'-- Up-to-date: /root/ros2_ws/install/turtlesim/include/turtlesim/turtlesim/srv/detail/kill__struct.hpp\n'}
[0.956592] (turtlesim) StdoutLine: {'line': b'-- Up-to-date: /root/ros2_ws/install/turtlesim/include/turtlesim/turtlesim/srv/detail/teleport_relative__struct.hpp\n'}
[0.956704] (turtlesim) StdoutLine: {'line': b'-- Up-to-date: /root/ros2_ws/install/turtlesim/include/turtlesim/turtlesim/srv/detail/set_pen__traits.hpp\n'}
[0.956809] (turtlesim) StdoutLine: {'line': b'-- Up-to-date: /root/ros2_ws/install/turtlesim/include/turtlesim/turtlesim\n'}
[0.956910] (turtlesim) StdoutLine: {'line': b'-- Up-to-date: /root/ros2_ws/install/turtlesim/include/turtlesim/turtlesim/msg\n'}
[0.957010] (turtlesim) StdoutLine: {'line': b'-- Up-to-date: /root/ros2_ws/install/turtlesim/include/turtlesim/turtlesim/msg/rosidl_typesupport_fastrtps_cpp__visibility_control.h\n'}
[0.957111] (turtlesim) StdoutLine: {'line': b'-- Up-to-date: /root/ros2_ws/install/turtlesim/include/turtlesim/turtlesim/msg/detail\n'}
[0.957209] (turtlesim) StdoutLine: {'line': b'-- Up-to-date: /root/ros2_ws/install/turtlesim/include/turtlesim/turtlesim/msg/detail/dds_fastrtps\n'}
[0.957309] (turtlesim) StdoutLine: {'line': b'-- Up-to-date: /root/ros2_ws/install/turtlesim/include/turtlesim/turtlesim/msg/detail/pose__rosidl_typesupport_fastrtps_cpp.hpp\n'}
[0.957481] (turtlesim) StdoutLine: {'line': b'-- Up-to-date: /root/ros2_ws/install/turtlesim/include/turtlesim/turtlesim/msg/detail/color__rosidl_typesupport_fastrtps_cpp.hpp\n'}
[0.957627] (turtlesim) StdoutLine: {'line': b'-- Up-to-date: /root/ros2_ws/install/turtlesim/include/turtlesim/turtlesim/action\n'}
[0.957736] (turtlesim) StdoutLine: {'line': b'-- Up-to-date: /root/ros2_ws/install/turtlesim/include/turtlesim/turtlesim/action/detail\n'}
[0.957840] (turtlesim) StdoutLine: {'line': b'-- Up-to-date: /root/ros2_ws/install/turtlesim/include/turtlesim/turtlesim/action/detail/rotate_absolute__rosidl_typesupport_fastrtps_cpp.hpp\n'}
[0.957942] (turtlesim) StdoutLine: {'line': b'-- Up-to-date: /root/ros2_ws/install/turtlesim/include/turtlesim/turtlesim/action/detail/dds_fastrtps\n'}
[0.958042] (turtlesim) StdoutLine: {'line': b'-- Up-to-date: /root/ros2_ws/install/turtlesim/include/turtlesim/turtlesim/srv\n'}
[0.958142] (turtlesim) StdoutLine: {'line': b'-- Up-to-date: /root/ros2_ws/install/turtlesim/include/turtlesim/turtlesim/srv/detail\n'}
[0.958240] (turtlesim) StdoutLine: {'line': b'-- Up-to-date: /root/ros2_ws/install/turtlesim/include/turtlesim/turtlesim/srv/detail/teleport_relative__rosidl_typesupport_fastrtps_cpp.hpp\n'}
[0.958386] (turtlesim) StdoutLine: {'line': b'-- Up-to-date: /root/ros2_ws/install/turtlesim/include/turtlesim/turtlesim/srv/detail/kill__rosidl_typesupport_fastrtps_cpp.hpp\n'}
[0.958505] (turtlesim) StdoutLine: {'line': b'-- Up-to-date: /root/ros2_ws/install/turtlesim/include/turtlesim/turtlesim/srv/detail/dds_fastrtps\n'}
[0.958606] (turtlesim) StdoutLine: {'line': b'-- Up-to-date: /root/ros2_ws/install/turtlesim/include/turtlesim/turtlesim/srv/detail/set_pen__rosidl_typesupport_fastrtps_cpp.hpp\n'}
[0.958706] (turtlesim) StdoutLine: {'line': b'-- Up-to-date: /root/ros2_ws/install/turtlesim/include/turtlesim/turtlesim/srv/detail/spawn__rosidl_typesupport_fastrtps_cpp.hpp\n'}
[0.958806] (turtlesim) StdoutLine: {'line': b'-- Up-to-date: /root/ros2_ws/install/turtlesim/include/turtlesim/turtlesim/srv/detail/teleport_absolute__rosidl_typesupport_fastrtps_cpp.hpp\n'}
[0.958904] (turtlesim) StdoutLine: {'line': b'-- Up-to-date: /root/ros2_ws/install/turtlesim/lib/libturtlesim__rosidl_typesupport_fastrtps_cpp.so\n'}
[0.959010] (turtlesim) StdoutLine: {'line': b'-- Up-to-date: /root/ros2_ws/install/turtlesim/include/turtlesim/turtlesim\n'}
[0.959110] (turtlesim) StdoutLine: {'line': b'-- Up-to-date: /root/ros2_ws/install/turtlesim/include/turtlesim/turtlesim/msg\n'}
[0.959208] (turtlesim) StdoutLine: {'line': b'-- Up-to-date: /root/ros2_ws/install/turtlesim/include/turtlesim/turtlesim/msg/rosidl_typesupport_introspection_c__visibility_control.h\n'}
[0.959412] (turtlesim) StdoutLine: {'line': b'-- Up-to-date: /root/ros2_ws/install/turtlesim/include/turtlesim/turtlesim/msg/detail\n'}
[0.959722] (turtlesim) StdoutLine: {'line': b'-- Installing: /root/ros2_ws/install/turtlesim/include/turtlesim/turtlesim/msg/detail/color__type_support.c\n'}
[0.959839] (turtlesim) StdoutLine: {'line': b'-- Installing: /root/ros2_ws/install/turtlesim/include/turtlesim/turtlesim/msg/detail/pose__type_support.c\n'}
[0.959945] (turtlesim) StdoutLine: {'line': b'-- Up-to-date: /root/ros2_ws/install/turtlesim/include/turtlesim/turtlesim/msg/detail/color__rosidl_typesupport_introspection_c.h\n'}
[0.960047] (turtlesim) StdoutLine: {'line': b'-- Up-to-date: /root/ros2_ws/install/turtlesim/include/turtlesim/turtlesim/msg/detail/pose__rosidl_typesupport_introspection_c.h\n'}
[0.960147] (turtlesim) StdoutLine: {'line': b'-- Up-to-date: /root/ros2_ws/install/turtlesim/include/turtlesim/turtlesim/action\n'}
[0.960247] (turtlesim) StdoutLine: {'line': b'-- Up-to-date: /root/ros2_ws/install/turtlesim/include/turtlesim/turtlesim/action/detail\n'}
[0.960382] (turtlesim) StdoutLine: {'line': b'-- Installing: /root/ros2_ws/install/turtlesim/include/turtlesim/turtlesim/action/detail/rotate_absolute__type_support.c\n'}
[0.960509] (turtlesim) StdoutLine: {'line': b'-- Up-to-date: /root/ros2_ws/install/turtlesim/include/turtlesim/turtlesim/action/detail/rotate_absolute__rosidl_typesupport_introspection_c.h\n'}
[0.960621] (turtlesim) StdoutLine: {'line': b'-- Up-to-date: /root/ros2_ws/install/turtlesim/include/turtlesim/turtlesim/srv\n'}
[0.960724] (turtlesim) StdoutLine: {'line': b'-- Up-to-date: /root/ros2_ws/install/turtlesim/include/turtlesim/turtlesim/srv/detail\n'}
[0.960823] (turtlesim) StdoutLine: {'line': b'-- Installing: /root/ros2_ws/install/turtlesim/include/turtlesim/turtlesim/srv/detail/kill__type_support.c\n'}
[0.960923] (turtlesim) StdoutLine: {'line': b'-- Up-to-date: /root/ros2_ws/install/turtlesim/include/turtlesim/turtlesim/srv/detail/spawn__rosidl_typesupport_introspection_c.h\n'}
[0.961020] (turtlesim) StdoutLine: {'line': b'-- Up-to-date: /root/ros2_ws/install/turtlesim/include/turtlesim/turtlesim/srv/detail/teleport_relative__rosidl_typesupport_introspection_c.h\n'}
[0.961119] (turtlesim) StdoutLine: {'line': b'-- Up-to-date: /root/ros2_ws/install/turtlesim/include/turtlesim/turtlesim/srv/detail/kill__rosidl_typesupport_introspection_c.h\n'}
[0.961217] (turtlesim) StdoutLine: {'line': b'-- Installing: /root/ros2_ws/install/turtlesim/include/turtlesim/turtlesim/srv/detail/teleport_absolute__type_support.c\n'}
[0.961316] (turtlesim) StdoutLine: {'line': b'-- Installing: /root/ros2_ws/install/turtlesim/include/turtlesim/turtlesim/srv/detail/set_pen__type_support.c\n'}
[0.961521] (turtlesim) StdoutLine: {'line': b'-- Installing: /root/ros2_ws/install/turtlesim/include/turtlesim/turtlesim/srv/detail/spawn__type_support.c\n'}
[0.961645] (turtlesim) StdoutLine: {'line': b'-- Up-to-date: /root/ros2_ws/install/turtlesim/include/turtlesim/turtlesim/srv/detail/set_pen__rosidl_typesupport_introspection_c.h\n'}
[0.961752] (turtlesim) StdoutLine: {'line': b'-- Up-to-date: /root/ros2_ws/install/turtlesim/include/turtlesim/turtlesim/srv/detail/teleport_absolute__rosidl_typesupport_introspection_c.h\n'}
[0.961854] (turtlesim) StdoutLine: {'line': b'-- Installing: /root/ros2_ws/install/turtlesim/include/turtlesim/turtlesim/srv/detail/teleport_relative__type_support.c\n'}
[0.961953] (turtlesim) StdoutLine: {'line': b'-- Up-to-date: /root/ros2_ws/install/turtlesim/lib/libturtlesim__rosidl_typesupport_introspection_c.so\n'}
[0.962051] (turtlesim) StdoutLine: {'line': b'-- Up-to-date: /root/ros2_ws/install/turtlesim/lib/libturtlesim__rosidl_typesupport_c.so\n'}
[0.962159] (turtlesim) StdoutLine: {'line': b'-- Up-to-date: /root/ros2_ws/install/turtlesim/include/turtlesim/turtlesim\n'}
[0.962260] (turtlesim) StdoutLine: {'line': b'-- Up-to-date: /root/ros2_ws/install/turtlesim/include/turtlesim/turtlesim/msg\n'}
[0.962384] (turtlesim) StdoutLine: {'line': b'-- Up-to-date: /root/ros2_ws/install/turtlesim/include/turtlesim/turtlesim/msg/detail\n'}
[0.962503] (turtlesim) StdoutLine: {'line': b'-- Up-to-date: /root/ros2_ws/install/turtlesim/include/turtlesim/turtlesim/msg/detail/color__type_support.cpp\n'}
[0.962606] (turtlesim) StdoutLine: {'line': b'-- Up-to-date: /root/ros2_ws/install/turtlesim/include/turtlesim/turtlesim/msg/detail/color__rosidl_typesupport_introspection_cpp.hpp\n'}
[0.962718] (turtlesim) StdoutLine: {'line': b'-- Up-to-date: /root/ros2_ws/install/turtlesim/include/turtlesim/turtlesim/msg/detail/pose__type_support.cpp\n'}
[0.962817] (turtlesim) StdoutLine: {'line': b'-- Up-to-date: /root/ros2_ws/install/turtlesim/include/turtlesim/turtlesim/msg/detail/pose__rosidl_typesupport_introspection_cpp.hpp\n'}
[0.962916] (turtlesim) StdoutLine: {'line': b'-- Up-to-date: /root/ros2_ws/install/turtlesim/include/turtlesim/turtlesim/action\n'}
[0.963014] (turtlesim) StdoutLine: {'line': b'-- Up-to-date: /root/ros2_ws/install/turtlesim/include/turtlesim/turtlesim/action/detail\n'}
[0.963112] (turtlesim) StdoutLine: {'line': b'-- Up-to-date: /root/ros2_ws/install/turtlesim/include/turtlesim/turtlesim/action/detail/rotate_absolute__type_support.cpp\n'}
[0.963209] (turtlesim) StdoutLine: {'line': b'-- Up-to-date: /root/ros2_ws/install/turtlesim/include/turtlesim/turtlesim/action/detail/rotate_absolute__rosidl_typesupport_introspection_cpp.hpp\n'}
[0.963307] (turtlesim) StdoutLine: {'line': b'-- Up-to-date: /root/ros2_ws/install/turtlesim/include/turtlesim/turtlesim/srv\n'}
[0.963540] (turtlesim) StdoutLine: {'line': b'-- Up-to-date: /root/ros2_ws/install/turtlesim/include/turtlesim/turtlesim/srv/detail\n'}
[0.963666] (turtlesim) StdoutLine: {'line': b'-- Up-to-date: /root/ros2_ws/install/turtlesim/include/turtlesim/turtlesim/srv/detail/teleport_absolute__rosidl_typesupport_introspection_cpp.hpp\n'}
[0.963773] (turtlesim) StdoutLine: {'line': b'-- Up-to-date: /root/ros2_ws/install/turtlesim/include/turtlesim/turtlesim/srv/detail/teleport_absolute__type_support.cpp\n'}
[0.963874] (turtlesim) StdoutLine: {'line': b'-- Up-to-date: /root/ros2_ws/install/turtlesim/include/turtlesim/turtlesim/srv/detail/spawn__type_support.cpp\n'}
[0.963974] (turtlesim) StdoutLine: {'line': b'-- Up-to-date: /root/ros2_ws/install/turtlesim/include/turtlesim/turtlesim/srv/detail/kill__type_support.cpp\n'}
[0.964076] (turtlesim) StdoutLine: {'line': b'-- Up-to-date: /root/ros2_ws/install/turtlesim/include/turtlesim/turtlesim/srv/detail/set_pen__type_support.cpp\n'}
[0.964174] (turtlesim) StdoutLine: {'line': b'-- Up-to-date: /root/ros2_ws/install/turtlesim/include/turtlesim/turtlesim/srv/detail/spawn__rosidl_typesupport_introspection_cpp.hpp\n'}
[0.964273] (turtlesim) StdoutLine: {'line': b'-- Up-to-date: /root/ros2_ws/install/turtlesim/include/turtlesim/turtlesim/srv/detail/set_pen__rosidl_typesupport_introspection_cpp.hpp\n'}
[0.964413] (turtlesim) StdoutLine: {'line': b'-- Up-to-date: /root/ros2_ws/install/turtlesim/include/turtlesim/turtlesim/srv/detail/teleport_relative__rosidl_typesupport_introspection_cpp.hpp\n'}
[0.964526] (turtlesim) StdoutLine: {'line': b'-- Up-to-date: /root/ros2_ws/install/turtlesim/include/turtlesim/turtlesim/srv/detail/teleport_relative__type_support.cpp\n'}
[0.964648] (turtlesim) StdoutLine: {'line': b'-- Up-to-date: /root/ros2_ws/install/turtlesim/include/turtlesim/turtlesim/srv/detail/kill__rosidl_typesupport_introspection_cpp.hpp\n'}
[0.964764] (turtlesim) StdoutLine: {'line': b'-- Up-to-date: /root/ros2_ws/install/turtlesim/lib/libturtlesim__rosidl_typesupport_introspection_cpp.so\n'}
[0.964864] (turtlesim) StdoutLine: {'line': b'-- Up-to-date: /root/ros2_ws/install/turtlesim/lib/libturtlesim__rosidl_typesupport_cpp.so\n'}
[0.964969] (turtlesim) StdoutLine: {'line': b'-- Up-to-date: /root/ros2_ws/install/turtlesim/share/turtlesim/environment/pythonpath.sh\n'}
[0.965067] (turtlesim) StdoutLine: {'line': b'-- Up-to-date: /root/ros2_ws/install/turtlesim/share/turtlesim/environment/pythonpath.dsv\n'}
[0.965163] (turtlesim) StdoutLine: {'line': b'-- Up-to-date: /root/ros2_ws/install/turtlesim/lib/python3.10/site-packages/turtlesim-1.6.1-py3.10.egg-info\n'}
[0.965261] (turtlesim) StdoutLine: {'line': b'-- Installing: /root/ros2_ws/install/turtlesim/lib/python3.10/site-packages/turtlesim-1.6.1-py3.10.egg-info/PKG-INFO\n'}
[0.965393] (turtlesim) StdoutLine: {'line': b'-- Installing: /root/ros2_ws/install/turtlesim/lib/python3.10/site-packages/turtlesim-1.6.1-py3.10.egg-info/SOURCES.txt\n'}
[0.965511] (turtlesim) StdoutLine: {'line': b'-- Installing: /root/ros2_ws/install/turtlesim/lib/python3.10/site-packages/turtlesim-1.6.1-py3.10.egg-info/dependency_links.txt\n'}
[0.965613] (turtlesim) StdoutLine: {'line': b'-- Installing: /root/ros2_ws/install/turtlesim/lib/python3.10/site-packages/turtlesim-1.6.1-py3.10.egg-info/top_level.txt\n'}
[0.965714] (turtlesim) StdoutLine: {'line': b'-- Up-to-date: /root/ros2_ws/install/turtlesim/lib/python3.10/site-packages/turtlesim\n'}
[0.965816] (turtlesim) StdoutLine: {'line': b'-- Up-to-date: /root/ros2_ws/install/turtlesim/lib/python3.10/site-packages/turtlesim/msg\n'}
[0.965916] (turtlesim) StdoutLine: {'line': b'-- Up-to-date: /root/ros2_ws/install/turtlesim/lib/python3.10/site-packages/turtlesim/msg/_color.py\n'}
[0.966014] (turtlesim) StdoutLine: {'line': b'-- Up-to-date: /root/ros2_ws/install/turtlesim/lib/python3.10/site-packages/turtlesim/msg/__init__.py\n'}
[0.966113] (turtlesim) StdoutLine: {'line': b'-- Up-to-date: /root/ros2_ws/install/turtlesim/lib/python3.10/site-packages/turtlesim/msg/_color_s.c\n'}
[0.966210] (turtlesim) StdoutLine: {'line': b'-- Up-to-date: /root/ros2_ws/install/turtlesim/lib/python3.10/site-packages/turtlesim/msg/_pose.py\n'}
[0.966307] (turtlesim) StdoutLine: {'line': b'-- Up-to-date: /root/ros2_ws/install/turtlesim/lib/python3.10/site-packages/turtlesim/msg/_pose_s.c\n'}
[0.966444] (turtlesim) StdoutLine: {'line': b'-- Up-to-date: /root/ros2_ws/install/turtlesim/lib/python3.10/site-packages/turtlesim/turtlesim_s__rosidl_typesupport_fastrtps_c.cpython-310-x86_64-linux-gnu.so\n'}
[0.966552] (turtlesim) StdoutLine: {'line': b'-- Up-to-date: /root/ros2_ws/install/turtlesim/lib/python3.10/site-packages/turtlesim/turtlesim_s__rosidl_typesupport_introspection_c.cpython-310-x86_64-linux-gnu.so\n'}
[0.966664] (turtlesim) StdoutLine: {'line': b'-- Up-to-date: /root/ros2_ws/install/turtlesim/lib/python3.10/site-packages/turtlesim/__init__.py\n'}
[0.966763] (turtlesim) StdoutLine: {'line': b'-- Up-to-date: /root/ros2_ws/install/turtlesim/lib/python3.10/site-packages/turtlesim/_turtlesim_s.ep.rosidl_typesupport_introspection_c.c\n'}
[0.966862] (turtlesim) StdoutLine: {'line': b'-- Up-to-date: /root/ros2_ws/install/turtlesim/lib/python3.10/site-packages/turtlesim/action\n'}
[0.966960] (turtlesim) StdoutLine: {'line': b'-- Up-to-date: /root/ros2_ws/install/turtlesim/lib/python3.10/site-packages/turtlesim/action/__init__.py\n'}
[0.967058] (turtlesim) StdoutLine: {'line': b'-- Up-to-date: /root/ros2_ws/install/turtlesim/lib/python3.10/site-packages/turtlesim/action/_rotate_absolute_s.c\n'}
[0.967155] (turtlesim) StdoutLine: {'line': b'-- Up-to-date: /root/ros2_ws/install/turtlesim/lib/python3.10/site-packages/turtlesim/action/_rotate_absolute.py\n'}
[0.967253] (turtlesim) StdoutLine: {'line': b'-- Up-to-date: /root/ros2_ws/install/turtlesim/lib/python3.10/site-packages/turtlesim/srv\n'}
[0.967373] (turtlesim) StdoutLine: {'line': b'-- Up-to-date: /root/ros2_ws/install/turtlesim/lib/python3.10/site-packages/turtlesim/srv/__init__.py\n'}
[0.967493] (turtlesim) StdoutLine: {'line': b'-- Up-to-date: /root/ros2_ws/install/turtlesim/lib/python3.10/site-packages/turtlesim/srv/_set_pen_s.c\n'}
[0.967595] (turtlesim) StdoutLine: {'line': b'-- Up-to-date: /root/ros2_ws/install/turtlesim/lib/python3.10/site-packages/turtlesim/srv/_spawn_s.c\n'}
[0.967702] (turtlesim) StdoutLine: {'line': b'-- Up-to-date: /root/ros2_ws/install/turtlesim/lib/python3.10/site-packages/turtlesim/srv/_teleport_relative.py\n'}
[0.967802] (turtlesim) StdoutLine: {'line': b'-- Up-to-date: /root/ros2_ws/install/turtlesim/lib/python3.10/site-packages/turtlesim/srv/_spawn.py\n'}
[0.967899] (turtlesim) StdoutLine: {'line': b'-- Up-to-date: /root/ros2_ws/install/turtlesim/lib/python3.10/site-packages/turtlesim/srv/_kill.py\n'}
[0.968000] (turtlesim) StdoutLine: {'line': b'-- Up-to-date: /root/ros2_ws/install/turtlesim/lib/python3.10/site-packages/turtlesim/srv/_set_pen.py\n'}
[0.968097] (turtlesim) StdoutLine: {'line': b'-- Up-to-date: /root/ros2_ws/install/turtlesim/lib/python3.10/site-packages/turtlesim/srv/_teleport_absolute_s.c\n'}
[0.968193] (turtlesim) StdoutLine: {'line': b'-- Up-to-date: /root/ros2_ws/install/turtlesim/lib/python3.10/site-packages/turtlesim/srv/_teleport_absolute.py\n'}
[0.968289] (turtlesim) StdoutLine: {'line': b'-- Up-to-date: /root/ros2_ws/install/turtlesim/lib/python3.10/site-packages/turtlesim/srv/_kill_s.c\n'}
[0.968449] (turtlesim) StdoutLine: {'line': b'-- Up-to-date: /root/ros2_ws/install/turtlesim/lib/python3.10/site-packages/turtlesim/srv/_teleport_relative_s.c\n'}
[0.968555] (turtlesim) StdoutLine: {'line': b'-- Up-to-date: /root/ros2_ws/install/turtlesim/lib/python3.10/site-packages/turtlesim/_turtlesim_s.ep.rosidl_typesupport_fastrtps_c.c\n'}
[0.968657] (turtlesim) StdoutLine: {'line': b'-- Up-to-date: /root/ros2_ws/install/turtlesim/lib/python3.10/site-packages/turtlesim/turtlesim_s__rosidl_typesupport_c.cpython-310-x86_64-linux-gnu.so\n'}
[0.968759] (turtlesim) StdoutLine: {'line': b'-- Up-to-date: /root/ros2_ws/install/turtlesim/lib/python3.10/site-packages/turtlesim/_turtlesim_s.ep.rosidl_typesupport_c.c\n'}
[0.968859] (turtlesim) StdoutLine: {'line': b'-- Up-to-date: /root/ros2_ws/install/turtlesim/lib/python3.10/site-packages/turtlesim/libturtlesim__rosidl_generator_py.so\n'}
[0.994234] (turtlesim) StdoutLine: {'line': b"Listing '/root/ros2_ws/install/turtlesim/lib/python3.10/site-packages/turtlesim'...\n"}
[0.994490] (turtlesim) StdoutLine: {'line': b"Listing '/root/ros2_ws/install/turtlesim/lib/python3.10/site-packages/turtlesim/action'...\n"}
[0.994609] (turtlesim) StdoutLine: {'line': b"Listing '/root/ros2_ws/install/turtlesim/lib/python3.10/site-packages/turtlesim/msg'...\n"}
[0.994715] (turtlesim) StdoutLine: {'line': b"Listing '/root/ros2_ws/install/turtlesim/lib/python3.10/site-packages/turtlesim/srv'...\n"}
[0.999904] (-) TimerEvent: {}
[1.001064] (turtlesim) StdoutLine: {'line': b'-- Up-to-date: /root/ros2_ws/install/turtlesim/lib/python3.10/site-packages/turtlesim/turtlesim_s__rosidl_typesupport_fastrtps_c.cpython-310-x86_64-linux-gnu.so\n'}
[1.001262] (turtlesim) StdoutLine: {'line': b'-- Up-to-date: /root/ros2_ws/install/turtlesim/lib/python3.10/site-packages/turtlesim/turtlesim_s__rosidl_typesupport_introspection_c.cpython-310-x86_64-linux-gnu.so\n'}
[1.001402] (turtlesim) StdoutLine: {'line': b'-- Up-to-date: /root/ros2_ws/install/turtlesim/lib/python3.10/site-packages/turtlesim/turtlesim_s__rosidl_typesupport_c.cpython-310-x86_64-linux-gnu.so\n'}
[1.001711] (turtlesim) StdoutLine: {'line': b'-- Up-to-date: /root/ros2_ws/install/turtlesim/lib/libturtlesim__rosidl_generator_py.so\n'}
[1.002021] (turtlesim) StdoutLine: {'line': b'-- Up-to-date: /root/ros2_ws/install/turtlesim/share/turtlesim/action/RotateAbsolute.idl\n'}
[1.002263] (turtlesim) StdoutLine: {'line': b'-- Up-to-date: /root/ros2_ws/install/turtlesim/share/turtlesim/msg/Color.idl\n'}
[1.002854] (turtlesim) StdoutLine: {'line': b'-- Up-to-date: /root/ros2_ws/install/turtlesim/share/turtlesim/msg/Pose.idl\n'}
[1.003496] (turtlesim) StdoutLine: {'line': b'-- Up-to-date: /root/ros2_ws/install/turtlesim/share/turtlesim/srv/Kill.idl\n'}
[1.003764] (turtlesim) StdoutLine: {'line': b'-- Up-to-date: /root/ros2_ws/install/turtlesim/share/turtlesim/srv/SetPen.idl\n'}
[1.004014] (turtlesim) StdoutLine: {'line': b'-- Up-to-date: /root/ros2_ws/install/turtlesim/share/turtlesim/srv/Spawn.idl\n'}
[1.004278] (turtlesim) StdoutLine: {'line': b'-- Up-to-date: /root/ros2_ws/install/turtlesim/share/turtlesim/srv/TeleportAbsolute.idl\n'}
[1.004650] (turtlesim) StdoutLine: {'line': b'-- Up-to-date: /root/ros2_ws/install/turtlesim/share/turtlesim/srv/TeleportRelative.idl\n'}
[1.004775] (turtlesim) StdoutLine: {'line': b'-- Up-to-date: /root/ros2_ws/install/turtlesim/share/turtlesim/action/RotateAbsolute.action\n'}
[1.004899] (turtlesim) StdoutLine: {'line': b'-- Up-to-date: /root/ros2_ws/install/turtlesim/share/turtlesim/msg/Color.msg\n'}
[1.005191] (turtlesim) StdoutLine: {'line': b'-- Up-to-date: /root/ros2_ws/install/turtlesim/share/turtlesim/msg/Pose.msg\n'}
[1.005316] (turtlesim) StdoutLine: {'line': b'-- Up-to-date: /root/ros2_ws/install/turtlesim/share/turtlesim/srv/Kill.srv\n'}
[1.005493] (turtlesim) StdoutLine: {'line': b'-- Up-to-date: /root/ros2_ws/install/turtlesim/share/turtlesim/srv/Kill_Request.msg\n'}
[1.005755] (turtlesim) StdoutLine: {'line': b'-- Up-to-date: /root/ros2_ws/install/turtlesim/share/turtlesim/srv/Kill_Response.msg\n'}
[1.005885] (turtlesim) StdoutLine: {'line': b'-- Up-to-date: /root/ros2_ws/install/turtlesim/share/turtlesim/srv/SetPen.srv\n'}
[1.006027] (turtlesim) StdoutLine: {'line': b'-- Up-to-date: /root/ros2_ws/install/turtlesim/share/turtlesim/srv/SetPen_Request.msg\n'}
[1.006146] (turtlesim) StdoutLine: {'line': b'-- Up-to-date: /root/ros2_ws/install/turtlesim/share/turtlesim/srv/SetPen_Response.msg\n'}
[1.006461] (turtlesim) StdoutLine: {'line': b'-- Up-to-date: /root/ros2_ws/install/turtlesim/share/turtlesim/srv/Spawn.srv\n'}
[1.006773] (turtlesim) StdoutLine: {'line': b'-- Up-to-date: /root/ros2_ws/install/turtlesim/share/turtlesim/srv/Spawn_Request.msg\n'}
[1.007087] (turtlesim) StdoutLine: {'line': b'-- Up-to-date: /root/ros2_ws/install/turtlesim/share/turtlesim/srv/Spawn_Response.msg\n'}
[1.007387] (turtlesim) StdoutLine: {'line': b'-- Up-to-date: /root/ros2_ws/install/turtlesim/share/turtlesim/srv/TeleportAbsolute.srv\n'}
[1.007792] (turtlesim) StdoutLine: {'line': b'-- Up-to-date: /root/ros2_ws/install/turtlesim/share/turtlesim/srv/TeleportAbsolute_Request.msg\n'}
[1.008181] (turtlesim) StdoutLine: {'line': b'-- Up-to-date: /root/ros2_ws/install/turtlesim/share/turtlesim/srv/TeleportAbsolute_Response.msg\n'}
[1.008541] (turtlesim) StdoutLine: {'line': b'-- Up-to-date: /root/ros2_ws/install/turtlesim/share/turtlesim/srv/TeleportRelative.srv\n'}
[1.008678] (turtlesim) StdoutLine: {'line': b'-- Up-to-date: /root/ros2_ws/install/turtlesim/share/turtlesim/srv/TeleportRelative_Request.msg\n'}
[1.008995] (turtlesim) StdoutLine: {'line': b'-- Up-to-date: /root/ros2_ws/install/turtlesim/share/turtlesim/srv/TeleportRelative_Response.msg\n'}
[1.009257] (turtlesim) StdoutLine: {'line': b'-- Up-to-date: /root/ros2_ws/install/turtlesim/lib/turtlesim/turtlesim_node\n'}
[1.009565] (turtlesim) StdoutLine: {'line': b'-- Up-to-date: /root/ros2_ws/install/turtlesim/lib/turtlesim/turtle_teleop_key\n'}
[1.010198] (turtlesim) StdoutLine: {'line': b'-- Up-to-date: /root/ros2_ws/install/turtlesim/lib/turtlesim/draw_square\n'}
[1.010378] (turtlesim) StdoutLine: {'line': b'-- Up-to-date: /root/ros2_ws/install/turtlesim/lib/turtlesim/mimic\n'}
[1.010514] (turtlesim) StdoutLine: {'line': b'-- Up-to-date: /root/ros2_ws/install/turtlesim/share/turtlesim/images\n'}
[1.010623] (turtlesim) StdoutLine: {'line': b'-- Up-to-date: /root/ros2_ws/install/turtlesim/share/turtlesim/images/eloquent.png\n'}
[1.010908] (turtlesim) StdoutLine: {'line': b'-- Up-to-date: /root/ros2_ws/install/turtlesim/share/turtlesim/images/foxy.png\n'}
[1.011061] (turtlesim) StdoutLine: {'line': b'-- Up-to-date: /root/ros2_ws/install/turtlesim/share/turtlesim/images/galactic.png\n'}
[1.011223] (turtlesim) StdoutLine: {'line': b'-- Up-to-date: /root/ros2_ws/install/turtlesim/share/turtlesim/images/humble.png\n'}
[1.011395] (turtlesim) StdoutLine: {'line': b'-- Up-to-date: /root/ros2_ws/install/turtlesim/share/turtlesim/images/rolling.png\n'}
[1.011774] (turtlesim) StdoutLine: {'line': b'-- Up-to-date: /root/ros2_ws/install/turtlesim/share/turtlesim/images/dashing.png\n'}
[1.011890] (turtlesim) StdoutLine: {'line': b'-- Up-to-date: /root/ros2_ws/install/turtlesim/share/turtlesim/images/iron.png\n'}
[1.011994] (turtlesim) StdoutLine: {'line': b'-- Up-to-date: /root/ros2_ws/install/turtlesim/share/turtlesim/images/bouncy.png\n'}
[1.012094] (turtlesim) StdoutLine: {'line': b'-- Up-to-date: /root/ros2_ws/install/turtlesim/share/turtlesim/images/ardent.png\n'}
[1.012193] (turtlesim) StdoutLine: {'line': b'-- Up-to-date: /root/ros2_ws/install/turtlesim/share/turtlesim/images/crystal.png\n'}
[1.012382] (turtlesim) StdoutLine: {'line': b'-- Up-to-date: /root/ros2_ws/install/turtlesim/share/turtlesim/launch\n'}
[1.012504] (turtlesim) StdoutLine: {'line': b'-- Up-to-date: /root/ros2_ws/install/turtlesim/share/turtlesim/launch/multisim.launch.py\n'}
[1.012607] (turtlesim) StdoutLine: {'line': b'-- Up-to-date: /root/ros2_ws/install/turtlesim/share/ament_index/resource_index/package_run_dependencies/turtlesim\n'}
[1.012708] (turtlesim) StdoutLine: {'line': b'-- Up-to-date: /root/ros2_ws/install/turtlesim/share/ament_index/resource_index/parent_prefix_path/turtlesim\n'}
[1.012996] (turtlesim) StdoutLine: {'line': b'-- Up-to-date: /root/ros2_ws/install/turtlesim/share/turtlesim/environment/ament_prefix_path.sh\n'}
[1.013109] (turtlesim) StdoutLine: {'line': b'-- Up-to-date: /root/ros2_ws/install/turtlesim/share/turtlesim/environment/ament_prefix_path.dsv\n'}
[1.013212] (turtlesim) StdoutLine: {'line': b'-- Up-to-date: /root/ros2_ws/install/turtlesim/share/turtlesim/environment/path.sh\n'}
[1.013313] (turtlesim) StdoutLine: {'line': b'-- Up-to-date: /root/ros2_ws/install/turtlesim/share/turtlesim/environment/path.dsv\n'}
[1.013659] (turtlesim) StdoutLine: {'line': b'-- Up-to-date: /root/ros2_ws/install/turtlesim/share/turtlesim/local_setup.bash\n'}
[1.013920] (turtlesim) StdoutLine: {'line': b'-- Up-to-date: /root/ros2_ws/install/turtlesim/share/turtlesim/local_setup.sh\n'}
[1.014260] (turtlesim) StdoutLine: {'line': b'-- Up-to-date: /root/ros2_ws/install/turtlesim/share/turtlesim/local_setup.zsh\n'}
[1.014742] (turtlesim) StdoutLine: {'line': b'-- Up-to-date: /root/ros2_ws/install/turtlesim/share/turtlesim/local_setup.dsv\n'}
[1.015040] (turtlesim) StdoutLine: {'line': b'-- Installing: /root/ros2_ws/install/turtlesim/share/turtlesim/package.dsv\n'}
[1.015290] (turtlesim) StdoutLine: {'line': b'-- Up-to-date: /root/ros2_ws/install/turtlesim/share/ament_index/resource_index/packages/turtlesim\n'}
[1.015997] (turtlesim) StdoutLine: {'line': b'-- Up-to-date: /root/ros2_ws/install/turtlesim/share/turtlesim/cmake/export_turtlesim__rosidl_generator_cExport.cmake\n'}
[1.016504] (turtlesim) StdoutLine: {'line': b'-- Up-to-date: /root/ros2_ws/install/turtlesim/share/turtlesim/cmake/export_turtlesim__rosidl_generator_cExport-noconfig.cmake\n'}
[1.020293] (turtlesim) StdoutLine: {'line': b'-- Up-to-date: /root/ros2_ws/install/turtlesim/share/turtlesim/cmake/export_turtlesim__rosidl_typesupport_fastrtps_cExport.cmake\n'}
[1.023168] (turtlesim) StdoutLine: {'line': b'-- Up-to-date: /root/ros2_ws/install/turtlesim/share/turtlesim/cmake/export_turtlesim__rosidl_typesupport_fastrtps_cExport-noconfig.cmake\n'}
[1.023484] (turtlesim) StdoutLine: {'line': b'-- Up-to-date: /root/ros2_ws/install/turtlesim/share/turtlesim/cmake/export_turtlesim__rosidl_generator_cppExport.cmake\n'}
[1.023657] (turtlesim) StdoutLine: {'line': b'-- Up-to-date: /root/ros2_ws/install/turtlesim/share/turtlesim/cmake/export_turtlesim__rosidl_typesupport_fastrtps_cppExport.cmake\n'}
[1.023889] (turtlesim) StdoutLine: {'line': b'-- Up-to-date: /root/ros2_ws/install/turtlesim/share/turtlesim/cmake/export_turtlesim__rosidl_typesupport_fastrtps_cppExport-noconfig.cmake\n'}
[1.024182] (turtlesim) StdoutLine: {'line': b'-- Up-to-date: /root/ros2_ws/install/turtlesim/share/turtlesim/cmake/turtlesim__rosidl_typesupport_introspection_cExport.cmake\n'}
[1.025369] (turtlesim) StdoutLine: {'line': b'-- Up-to-date: /root/ros2_ws/install/turtlesim/share/turtlesim/cmake/turtlesim__rosidl_typesupport_introspection_cExport-noconfig.cmake\n'}
[1.025585] (turtlesim) StdoutLine: {'line': b'-- Up-to-date: /root/ros2_ws/install/turtlesim/share/turtlesim/cmake/turtlesim__rosidl_typesupport_cExport.cmake\n'}
[1.025774] (turtlesim) StdoutLine: {'line': b'-- Up-to-date: /root/ros2_ws/install/turtlesim/share/turtlesim/cmake/turtlesim__rosidl_typesupport_cExport-noconfig.cmake\n'}
[1.026077] (turtlesim) StdoutLine: {'line': b'-- Up-to-date: /root/ros2_ws/install/turtlesim/share/turtlesim/cmake/turtlesim__rosidl_typesupport_introspection_cppExport.cmake\n'}
[1.026273] (turtlesim) StdoutLine: {'line': b'-- Up-to-date: /root/ros2_ws/install/turtlesim/share/turtlesim/cmake/turtlesim__rosidl_typesupport_introspection_cppExport-noconfig.cmake\n'}
[1.028023] (turtlesim) StdoutLine: {'line': b'-- Up-to-date: /root/ros2_ws/install/turtlesim/share/turtlesim/cmake/turtlesim__rosidl_typesupport_cppExport.cmake\n'}
[1.028374] (turtlesim) StdoutLine: {'line': b'-- Up-to-date: /root/ros2_ws/install/turtlesim/share/turtlesim/cmake/turtlesim__rosidl_typesupport_cppExport-noconfig.cmake\n'}
[1.028569] (turtlesim) StdoutLine: {'line': b'-- Up-to-date: /root/ros2_ws/install/turtlesim/share/turtlesim/cmake/export_turtlesim__rosidl_generator_pyExport.cmake\n'}
[1.028679] (turtlesim) StdoutLine: {'line': b'-- Up-to-date: /root/ros2_ws/install/turtlesim/share/turtlesim/cmake/export_turtlesim__rosidl_generator_pyExport-noconfig.cmake\n'}
[1.028784] (turtlesim) StdoutLine: {'line': b'-- Up-to-date: /root/ros2_ws/install/turtlesim/share/turtlesim/cmake/rosidl_cmake-extras.cmake\n'}
[1.028932] (turtlesim) StdoutLine: {'line': b'-- Up-to-date: /root/ros2_ws/install/turtlesim/share/turtlesim/cmake/ament_cmake_export_dependencies-extras.cmake\n'}
[1.029083] (turtlesim) StdoutLine: {'line': b'-- Up-to-date: /root/ros2_ws/install/turtlesim/share/turtlesim/cmake/ament_cmake_export_include_directories-extras.cmake\n'}
[1.029188] (turtlesim) StdoutLine: {'line': b'-- Up-to-date: /root/ros2_ws/install/turtlesim/share/turtlesim/cmake/ament_cmake_export_libraries-extras.cmake\n'}
[1.029355] (turtlesim) StdoutLine: {'line': b'-- Up-to-date: /root/ros2_ws/install/turtlesim/share/turtlesim/cmake/ament_cmake_export_targets-extras.cmake\n'}
[1.029592] (turtlesim) StdoutLine: {'line': b'-- Up-to-date: /root/ros2_ws/install/turtlesim/share/turtlesim/cmake/rosidl_cmake_export_typesupport_targets-extras.cmake\n'}
[1.030021] (turtlesim) StdoutLine: {'line': b'-- Up-to-date: /root/ros2_ws/install/turtlesim/share/turtlesim/cmake/rosidl_cmake_export_typesupport_libraries-extras.cmake\n'}
[1.030280] (turtlesim) StdoutLine: {'line': b'-- Up-to-date: /root/ros2_ws/install/turtlesim/share/turtlesim/cmake/turtlesimConfig.cmake\n'}
[1.030558] (turtlesim) StdoutLine: {'line': b'-- Up-to-date: /root/ros2_ws/install/turtlesim/share/turtlesim/cmake/turtlesimConfig-version.cmake\n'}
[1.030813] (turtlesim) StdoutLine: {'line': b'-- Up-to-date: /root/ros2_ws/install/turtlesim/share/turtlesim/package.xml\n'}
[1.031195] (turtlesim) CommandEnded: {'returncode': 0}
[1.100096] (-) TimerEvent: {}
[1.201529] (-) TimerEvent: {}
[1.302006] (-) TimerEvent: {}
[1.402461] (-) TimerEvent: {}
[1.453337] (turtlesim) JobEnded: {'identifier': 'turtlesim', 'rc': 0}
[1.455427] (-) EventReactorShutdown: {}
