[0.854s] Invoking command in '/root/ros2_ws/build/examples_rclpy_minimal_publisher': PYTHONPATH=/root/ros2_ws/build/examples_rclpy_minimal_publisher/prefix_override:/root/ros2_ws/install/examples_rclpy_minimal_publisher/lib/python3.10/site-packages:${PYTHONPATH} /usr/bin/python3 setup.py develop --editable --build-directory /root/ros2_ws/build/examples_rclpy_minimal_publisher/build --no-deps install_data
[1.189s] running develop
[1.190s] /usr/lib/python3/dist-packages/setuptools/command/easy_install.py:158: EasyInstallDeprecationWarning: easy_install command is deprecated. Use build and pip and other standards-based tools.
[1.190s]   warnings.warn(
[1.192s] /usr/lib/python3/dist-packages/setuptools/command/install.py:34: SetuptoolsDeprecationWarning: setup.py install is deprecated. Use build and pip and other standards-based tools.
[1.193s]   warnings.warn(
[1.382s] running egg_info
[1.383s] creating examples_rclpy_minimal_publisher.egg-info
[1.383s] writing examples_rclpy_minimal_publisher.egg-info/PKG-INFO
[1.383s] writing dependency_links to examples_rclpy_minimal_publisher.egg-info/dependency_links.txt
[1.383s] writing entry points to examples_rclpy_minimal_publisher.egg-info/entry_points.txt
[1.384s] writing requirements to examples_rclpy_minimal_publisher.egg-info/requires.txt
[1.384s] writing top-level names to examples_rclpy_minimal_publisher.egg-info/top_level.txt
[1.384s] writing manifest file 'examples_rclpy_minimal_publisher.egg-info/SOURCES.txt'
[1.386s] reading manifest file 'examples_rclpy_minimal_publisher.egg-info/SOURCES.txt'
[1.387s] writing manifest file 'examples_rclpy_minimal_publisher.egg-info/SOURCES.txt'
[1.389s] running build_ext
[1.390s] Creating /root/ros2_ws/install/examples_rclpy_minimal_publisher/lib/python3.10/site-packages/examples-rclpy-minimal-publisher.egg-link (link to .)
[1.391s] Installing publisher_local_function script to /root/ros2_ws/install/examples_rclpy_minimal_publisher/lib/examples_rclpy_minimal_publisher
[1.391s] Installing publisher_member_function script to /root/ros2_ws/install/examples_rclpy_minimal_publisher/lib/examples_rclpy_minimal_publisher
[1.392s] Installing publisher_old_school script to /root/ros2_ws/install/examples_rclpy_minimal_publisher/lib/examples_rclpy_minimal_publisher
[1.392s] 
[1.392s] Installed /root/ros2_ws/build/examples_rclpy_minimal_publisher
[1.392s] running install_data
[1.392s] creating /root/ros2_ws/install/examples_rclpy_minimal_publisher/share/ament_index
[1.392s] creating /root/ros2_ws/install/examples_rclpy_minimal_publisher/share/ament_index/resource_index
[1.392s] creating /root/ros2_ws/install/examples_rclpy_minimal_publisher/share/ament_index/resource_index/packages
[1.393s] copying resource/examples_rclpy_minimal_publisher -> /root/ros2_ws/install/examples_rclpy_minimal_publisher/share/ament_index/resource_index/packages
[1.393s] copying package.xml -> /root/ros2_ws/install/examples_rclpy_minimal_publisher/share/examples_rclpy_minimal_publisher
[1.440s] Invoked command in '/root/ros2_ws/build/examples_rclpy_minimal_publisher' returned '0': PYTHONPATH=/root/ros2_ws/build/examples_rclpy_minimal_publisher/prefix_override:/root/ros2_ws/install/examples_rclpy_minimal_publisher/lib/python3.10/site-packages:${PYTHONPATH} /usr/bin/python3 setup.py develop --editable --build-directory /root/ros2_ws/build/examples_rclpy_minimal_publisher/build --no-deps install_data
