[0.944s] Invoking command in '/root/ros2_ws/build/examples_rclpy_pointcloud_publisher': PYTHONPATH=/root/ros2_ws/build/examples_rclpy_pointcloud_publisher/prefix_override:/root/ros2_ws/install/examples_rclpy_pointcloud_publisher/lib/python3.10/site-packages:${PYTHONPATH} /usr/bin/python3 setup.py develop --editable --build-directory /root/ros2_ws/build/examples_rclpy_pointcloud_publisher/build --no-deps install_data
[1.302s] running develop
[1.302s] /usr/lib/python3/dist-packages/setuptools/command/easy_install.py:158: EasyInstallDeprecationWarning: easy_install command is deprecated. Use build and pip and other standards-based tools.
[1.302s]   warnings.warn(
[1.303s] /usr/lib/python3/dist-packages/setuptools/command/install.py:34: SetuptoolsDeprecationWarning: setup.py install is deprecated. Use build and pip and other standards-based tools.
[1.303s]   warnings.warn(
[1.537s] running egg_info
[1.538s] creating examples_rclpy_pointcloud_publisher.egg-info
[1.539s] writing examples_rclpy_pointcloud_publisher.egg-info/PKG-INFO
[1.543s] writing dependency_links to examples_rclpy_pointcloud_publisher.egg-info/dependency_links.txt
[1.543s] writing entry points to examples_rclpy_pointcloud_publisher.egg-info/entry_points.txt
[1.544s] writing requirements to examples_rclpy_pointcloud_publisher.egg-info/requires.txt
[1.544s] writing top-level names to examples_rclpy_pointcloud_publisher.egg-info/top_level.txt
[1.545s] writing manifest file 'examples_rclpy_pointcloud_publisher.egg-info/SOURCES.txt'
[1.549s] reading manifest file 'examples_rclpy_pointcloud_publisher.egg-info/SOURCES.txt'
[1.551s] writing manifest file 'examples_rclpy_pointcloud_publisher.egg-info/SOURCES.txt'
[1.553s] running build_ext
[1.554s] Creating /root/ros2_ws/install/examples_rclpy_pointcloud_publisher/lib/python3.10/site-packages/examples-rclpy-pointcloud-publisher.egg-link (link to .)
[1.555s] Installing pointcloud_publisher script to /root/ros2_ws/install/examples_rclpy_pointcloud_publisher/lib/examples_rclpy_pointcloud_publisher
[1.556s] 
[1.556s] Installed /root/ros2_ws/build/examples_rclpy_pointcloud_publisher
[1.556s] running install_data
[1.557s] creating /root/ros2_ws/install/examples_rclpy_pointcloud_publisher/share/ament_index
[1.557s] creating /root/ros2_ws/install/examples_rclpy_pointcloud_publisher/share/ament_index/resource_index
[1.558s] creating /root/ros2_ws/install/examples_rclpy_pointcloud_publisher/share/ament_index/resource_index/packages
[1.558s] copying resource/examples_rclpy_pointcloud_publisher -> /root/ros2_ws/install/examples_rclpy_pointcloud_publisher/share/ament_index/resource_index/packages
[1.558s] copying package.xml -> /root/ros2_ws/install/examples_rclpy_pointcloud_publisher/share/examples_rclpy_pointcloud_publisher
[1.686s] Invoked command in '/root/ros2_ws/build/examples_rclpy_pointcloud_publisher' returned '0': PYTHONPATH=/root/ros2_ws/build/examples_rclpy_pointcloud_publisher/prefix_override:/root/ros2_ws/install/examples_rclpy_pointcloud_publisher/lib/python3.10/site-packages:${PYTHONPATH} /usr/bin/python3 setup.py develop --editable --build-directory /root/ros2_ws/build/examples_rclpy_pointcloud_publisher/build --no-deps install_data
