[0.846s] Invoking command in '/root/ros2_ws/build/examples_rclpy_executors': PYTHONPATH=/root/ros2_ws/build/examples_rclpy_executors/prefix_override:/root/ros2_ws/install/examples_rclpy_executors/lib/python3.10/site-packages:${PYTHONPATH} /usr/bin/python3 setup.py develop --editable --build-directory /root/ros2_ws/build/examples_rclpy_executors/build --no-deps install_data
[1.261s] running develop
[1.262s] /usr/lib/python3/dist-packages/setuptools/command/easy_install.py:158: EasyInstallDeprecationWarning: easy_install command is deprecated. Use build and pip and other standards-based tools.
[1.262s]   warnings.warn(
[1.264s] /usr/lib/python3/dist-packages/setuptools/command/install.py:34: SetuptoolsDeprecationWarning: setup.py install is deprecated. Use build and pip and other standards-based tools.
[1.264s]   warnings.warn(
[1.445s] running egg_info
[1.446s] creating examples_rclpy_executors.egg-info
[1.446s] writing examples_rclpy_executors.egg-info/PKG-INFO
[1.447s] writing dependency_links to examples_rclpy_executors.egg-info/dependency_links.txt
[1.447s] writing entry points to examples_rclpy_executors.egg-info/entry_points.txt
[1.448s] writing requirements to examples_rclpy_executors.egg-info/requires.txt
[1.448s] writing top-level names to examples_rclpy_executors.egg-info/top_level.txt
[1.448s] writing manifest file 'examples_rclpy_executors.egg-info/SOURCES.txt'
[1.451s] reading manifest file 'examples_rclpy_executors.egg-info/SOURCES.txt'
[1.452s] writing manifest file 'examples_rclpy_executors.egg-info/SOURCES.txt'
[1.454s] running build_ext
[1.456s] Creating /root/ros2_ws/install/examples_rclpy_executors/lib/python3.10/site-packages/examples-rclpy-executors.egg-link (link to .)
[1.462s] Installing callback_group script to /root/ros2_ws/install/examples_rclpy_executors/lib/examples_rclpy_executors
[1.463s] Installing composed script to /root/ros2_ws/install/examples_rclpy_executors/lib/examples_rclpy_executors
[1.463s] Installing custom_callback_group script to /root/ros2_ws/install/examples_rclpy_executors/lib/examples_rclpy_executors
[1.463s] Installing custom_executor script to /root/ros2_ws/install/examples_rclpy_executors/lib/examples_rclpy_executors
[1.464s] Installing listener script to /root/ros2_ws/install/examples_rclpy_executors/lib/examples_rclpy_executors
[1.464s] Installing talker script to /root/ros2_ws/install/examples_rclpy_executors/lib/examples_rclpy_executors
[1.464s] 
[1.464s] Installed /root/ros2_ws/build/examples_rclpy_executors
[1.464s] running install_data
[1.464s] creating /root/ros2_ws/install/examples_rclpy_executors/share/ament_index
[1.464s] creating /root/ros2_ws/install/examples_rclpy_executors/share/ament_index/resource_index
[1.464s] creating /root/ros2_ws/install/examples_rclpy_executors/share/ament_index/resource_index/packages
[1.465s] copying resource/examples_rclpy_executors -> /root/ros2_ws/install/examples_rclpy_executors/share/ament_index/resource_index/packages
[1.465s] copying package.xml -> /root/ros2_ws/install/examples_rclpy_executors/share/examples_rclpy_executors
[1.519s] Invoked command in '/root/ros2_ws/build/examples_rclpy_executors' returned '0': PYTHONPATH=/root/ros2_ws/build/examples_rclpy_executors/prefix_override:/root/ros2_ws/install/examples_rclpy_executors/lib/python3.10/site-packages:${PYTHONPATH} /usr/bin/python3 setup.py develop --editable --build-directory /root/ros2_ws/build/examples_rclpy_executors/build --no-deps install_data
