[0.000000] (-) TimerEvent: {}
[0.000229] (turtlesim) JobQueued: {'identifier': 'turtlesim', 'dependencies': OrderedDict()}
[0.000275] (turtlesim) JobStarted: {'identifier': 'turtlesim'}
[0.026584] (turtlesim) JobProgress: {'identifier': 'turtlesim', 'progress': 'cmake'}
[0.028736] (turtlesim) JobProgress: {'identifier': 'turtlesim', 'progress': 'build'}
[0.029852] (turtlesim) Command: {'cmd': ['/usr/bin/cmake', '--build', '/root/ros2_ws/build/turtlesim', '--', '-j4', '-l4'], 'cwd': '/root/ros2_ws/build/turtlesim', 'env': OrderedDict([('HOSTNAME', '42863ced73d9'), ('SHLVL', '1'), ('LD_LIBRARY_PATH', '/opt/ros/iron/opt/rviz_ogre_vendor/lib:/opt/ros/iron/lib/x86_64-linux-gnu:/opt/ros/iron/lib'), ('HOME', '/root'), ('OLDPWD', '/'), ('ROS_PYTHON_VERSION', '3'), ('ROS_DISTRO', 'iron'), ('_', '/usr/bin/colcon'), ('ROS_VERSION', '2'), ('TERM', 'xterm'), ('PATH', '/opt/ros/iron/bin:/usr/local/sbin:/usr/local/bin:/usr/sbin:/usr/bin:/sbin:/bin'), ('DISPLAY', ':0'), ('LANG', 'C.UTF-8'), ('AMENT_PREFIX_PATH', '/opt/ros/iron'), ('ROS_AUTOMATIC_DISCOVERY_RANGE', 'SUBNET'), ('PWD', '/root/ros2_ws/build/turtlesim'), ('LC_ALL', 'C.UTF-8'), ('PYTHONPATH', '/opt/ros/iron/lib/python3.10/site-packages'), ('COLCON', '1'), ('CMAKE_PREFIX_PATH', '/opt/ros/iron')]), 'shell': False}
[0.098040] (-) TimerEvent: {}
[0.198483] (-) TimerEvent: {}
[0.199918] (turtlesim) StdoutLine: {'line': b'[  0%] Built target turtlesim__rosidl_generator_type_description\n'}
[0.229509] (turtlesim) StdoutLine: {'line': b'[  1%] Built target turtlesim__cpp\n'}
[0.244335] (turtlesim) StdoutLine: {'line': b'[  1%] Built target ament_cmake_python_copy_turtlesim\n'}
[0.268768] (turtlesim) StdoutLine: {'line': b'[ 24%] Built target turtlesim__rosidl_generator_c\n'}
[0.298662] (-) TimerEvent: {}
[0.315891] (turtlesim) StdoutLine: {'line': b'[ 34%] Built target turtlesim__rosidl_typesupport_fastrtps_c\n'}
[0.318232] (turtlesim) StdoutLine: {'line': b'[ 42%] Built target turtlesim__rosidl_typesupport_fastrtps_cpp\n'}
[0.321117] (turtlesim) StdoutLine: {'line': b'[ 49%] Built target turtlesim__rosidl_typesupport_cpp\n'}
[0.357674] (turtlesim) StdoutLine: {'line': b'[ 63%] Built target turtlesim__rosidl_typesupport_introspection_cpp\n'}
[0.357909] (turtlesim) StdoutLine: {'line': b'[ 66%] Built target turtlesim__rosidl_typesupport_introspection_c\n'}
[0.362676] (turtlesim) StdoutLine: {'line': b'[ 75%] Built target turtlesim__rosidl_typesupport_c\n'}
[0.398774] (-) TimerEvent: {}
[0.433568] (turtlesim) StdoutLine: {'line': b'[ 81%] Built target turtlesim_node\n'}
[0.437555] (turtlesim) StdoutLine: {'line': b'[ 82%] Built target draw_square\n'}
[0.441741] (turtlesim) StdoutLine: {'line': b'[ 84%] Built target turtle_teleop_key\n'}
[0.469085] (turtlesim) StdoutLine: {'line': b'[ 84%] Built target turtlesim\n'}
[0.476466] (turtlesim) StdoutLine: {'line': b'[ 86%] Built target mimic\n'}
[0.493541] (turtlesim) StdoutLine: {'line': b'[ 86%] Built target turtlesim__py\n'}
[0.498911] (-) TimerEvent: {}
[0.528922] (turtlesim) StdoutLine: {'line': b'[ 94%] Built target turtlesim__rosidl_generator_py\n'}
[0.559475] (turtlesim) StdoutLine: {'line': b'[ 96%] Built target turtlesim__rosidl_typesupport_introspection_c__pyext\n'}
[0.560375] (turtlesim) StdoutLine: {'line': b'running egg_info\n'}
[0.561978] (turtlesim) StdoutLine: {'line': b'[ 98%] Built target turtlesim__rosidl_typesupport_fastrtps_c__pyext\n'}
[0.563251] (turtlesim) StdoutLine: {'line': b'writing turtlesim.egg-info/PKG-INFO\n'}
[0.563490] (turtlesim) StdoutLine: {'line': b'writing dependency_links to turtlesim.egg-info/dependency_links.txt\n'}
[0.563647] (turtlesim) StdoutLine: {'line': b'writing top-level names to turtlesim.egg-info/top_level.txt\n'}
[0.569047] (turtlesim) StdoutLine: {'line': b"reading manifest file 'turtlesim.egg-info/SOURCES.txt'\n"}
[0.569510] (turtlesim) StdoutLine: {'line': b'[100%] Built target turtlesim__rosidl_typesupport_c__pyext\n'}
[0.570432] (turtlesim) StdoutLine: {'line': b"writing manifest file 'turtlesim.egg-info/SOURCES.txt'\n"}
[0.598605] (turtlesim) StdoutLine: {'line': b'[100%] Built target ament_cmake_python_build_turtlesim_egg\n'}
[0.598995] (-) TimerEvent: {}
[0.611449] (turtlesim) CommandEnded: {'returncode': 0}
[0.699130] (-) TimerEvent: {}
[0.799556] (-) TimerEvent: {}
[0.899985] (-) TimerEvent: {}
[0.912426] (turtlesim) JobProgress: {'identifier': 'turtlesim', 'progress': 'install'}
[0.920999] (turtlesim) Command: {'cmd': ['/usr/bin/cmake', '--install', '/root/ros2_ws/build/turtlesim'], 'cwd': '/root/ros2_ws/build/turtlesim', 'env': OrderedDict([('HOSTNAME', '42863ced73d9'), ('SHLVL', '1'), ('LD_LIBRARY_PATH', '/opt/ros/iron/opt/rviz_ogre_vendor/lib:/opt/ros/iron/lib/x86_64-linux-gnu:/opt/ros/iron/lib'), ('HOME', '/root'), ('OLDPWD', '/'), ('ROS_PYTHON_VERSION', '3'), ('ROS_DISTRO', 'iron'), ('_', '/usr/bin/colcon'), ('ROS_VERSION', '2'), ('TERM', 'xterm'), ('PATH', '/opt/ros/iron/bin:/usr/local/sbin:/usr/local/bin:/usr/sbin:/usr/bin:/sbin:/bin'), ('DISPLAY', ':0'), ('LANG', 'C.UTF-8'), ('AMENT_PREFIX_PATH', '/opt/ros/iron'), ('ROS_AUTOMATIC_DISCOVERY_RANGE', 'SUBNET'), ('PWD', '/root/ros2_ws/build/turtlesim'), ('LC_ALL', 'C.UTF-8'), ('PYTHONPATH', '/opt/ros/iron/lib/python3.10/site-packages'), ('COLCON', '1'), ('CMAKE_PREFIX_PATH', '/opt/ros/iron')]), 'shell': False}
[0.934167] (turtlesim) StdoutLine: {'line': b'-- Install configuration: ""\n'}
[0.934500] (turtlesim) StdoutLine: {'line': b'-- Up-to-date: /root/ros2_ws/install/turtlesim/share/ament_index/resource_index/rosidl_interfaces/turtlesim\n'}
[0.934791] (turtlesim) StdoutLine: {'line': b'-- Up-to-date: /root/ros2_ws/install/turtlesim/share/turtlesim/action/RotateAbsolute.json\n'}
[0.935102] (turtlesim) StdoutLine: {'line': b'-- Up-to-date: /root/ros2_ws/install/turtlesim/share/turtlesim/msg/Color.json\n'}
[0.935386] (turtlesim) StdoutLine: {'line': b'-- Up-to-date: /root/ros2_ws/install/turtlesim/share/turtlesim/msg/Pose.json\n'}
[0.935616] (turtlesim) StdoutLine: {'line': b'-- Up-to-date: /root/ros2_ws/install/turtlesim/share/turtlesim/srv/Kill.json\n'}
[0.935910] (turtlesim) StdoutLine: {'line': b'-- Up-to-date: /root/ros2_ws/install/turtlesim/share/turtlesim/srv/SetPen.json\n'}
[0.936067] (turtlesim) StdoutLine: {'line': b'-- Up-to-date: /root/ros2_ws/install/turtlesim/share/turtlesim/srv/Spawn.json\n'}
[0.936518] (turtlesim) StdoutLine: {'line': b'-- Up-to-date: /root/ros2_ws/install/turtlesim/share/turtlesim/srv/TeleportAbsolute.json\n'}
[0.936851] (turtlesim) StdoutLine: {'line': b'-- Up-to-date: /root/ros2_ws/install/turtlesim/share/turtlesim/srv/TeleportRelative.json\n'}
[0.937252] (turtlesim) StdoutLine: {'line': b'-- Up-to-date: /root/ros2_ws/install/turtlesim/include/turtlesim/turtlesim\n'}
[0.937383] (turtlesim) StdoutLine: {'line': b'-- Up-to-date: /root/ros2_ws/install/turtlesim/include/turtlesim/turtlesim/msg\n'}
[0.937482] (turtlesim) StdoutLine: {'line': b'-- Up-to-date: /root/ros2_ws/install/turtlesim/include/turtlesim/turtlesim/msg/color.h\n'}
[0.937563] (turtlesim) StdoutLine: {'line': b'-- Up-to-date: /root/ros2_ws/install/turtlesim/include/turtlesim/turtlesim/msg/rosidl_generator_c__visibility_control.h\n'}
[0.937718] (turtlesim) StdoutLine: {'line': b'-- Up-to-date: /root/ros2_ws/install/turtlesim/include/turtlesim/turtlesim/msg/detail\n'}
[0.937817] (turtlesim) StdoutLine: {'line': b'-- Installing: /root/ros2_ws/install/turtlesim/include/turtlesim/turtlesim/msg/detail/color__type_support.c\n'}
[0.938145] (turtlesim) StdoutLine: {'line': b'-- Up-to-date: /root/ros2_ws/install/turtlesim/include/turtlesim/turtlesim/msg/detail/pose__functions.c\n'}
[0.938359] (turtlesim) StdoutLine: {'line': b'-- Up-to-date: /root/ros2_ws/install/turtlesim/include/turtlesim/turtlesim/msg/detail/pose__functions.h\n'}
[0.938551] (turtlesim) StdoutLine: {'line': b'-- Up-to-date: /root/ros2_ws/install/turtlesim/include/turtlesim/turtlesim/msg/detail/pose__description.c\n'}
[0.938807] (turtlesim) StdoutLine: {'line': b'-- Installing: /root/ros2_ws/install/turtlesim/include/turtlesim/turtlesim/msg/detail/pose__type_support.c\n'}
[0.939486] (turtlesim) StdoutLine: {'line': b'-- Up-to-date: /root/ros2_ws/install/turtlesim/include/turtlesim/turtlesim/msg/detail/color__type_support.h\n'}
[0.939621] (turtlesim) StdoutLine: {'line': b'-- Up-to-date: /root/ros2_ws/install/turtlesim/include/turtlesim/turtlesim/msg/detail/color__description.c\n'}
[0.939884] (turtlesim) StdoutLine: {'line': b'-- Up-to-date: /root/ros2_ws/install/turtlesim/include/turtlesim/turtlesim/msg/detail/color__functions.c\n'}
[0.940154] (turtlesim) StdoutLine: {'line': b'-- Up-to-date: /root/ros2_ws/install/turtlesim/include/turtlesim/turtlesim/msg/detail/color__struct.h\n'}
[0.940278] (turtlesim) StdoutLine: {'line': b'-- Up-to-date: /root/ros2_ws/install/turtlesim/include/turtlesim/turtlesim/msg/detail/pose__type_support.h\n'}
[0.940674] (turtlesim) StdoutLine: {'line': b'-- Up-to-date: /root/ros2_ws/install/turtlesim/include/turtlesim/turtlesim/msg/detail/pose__struct.h\n'}
[0.940990] (turtlesim) StdoutLine: {'line': b'-- Up-to-date: /root/ros2_ws/install/turtlesim/include/turtlesim/turtlesim/msg/detail/color__functions.h\n'}
[0.941092] (turtlesim) StdoutLine: {'line': b'-- Up-to-date: /root/ros2_ws/install/turtlesim/include/turtlesim/turtlesim/msg/pose.h\n'}
[0.941536] (turtlesim) StdoutLine: {'line': b'-- Up-to-date: /root/ros2_ws/install/turtlesim/include/turtlesim/turtlesim/action\n'}
[0.941672] (turtlesim) StdoutLine: {'line': b'-- Up-to-date: /root/ros2_ws/install/turtlesim/include/turtlesim/turtlesim/action/detail\n'}
[0.941810] (turtlesim) StdoutLine: {'line': b'-- Up-to-date: /root/ros2_ws/install/turtlesim/include/turtlesim/turtlesim/action/detail/rotate_absolute__description.c\n'}
[0.942000] (turtlesim) StdoutLine: {'line': b'-- Installing: /root/ros2_ws/install/turtlesim/include/turtlesim/turtlesim/action/detail/rotate_absolute__type_support.c\n'}
[0.942209] (turtlesim) StdoutLine: {'line': b'-- Up-to-date: /root/ros2_ws/install/turtlesim/include/turtlesim/turtlesim/action/detail/rotate_absolute__struct.h\n'}
[0.942456] (turtlesim) StdoutLine: {'line': b'-- Up-to-date: /root/ros2_ws/install/turtlesim/include/turtlesim/turtlesim/action/detail/rotate_absolute__type_support.h\n'}
[0.942558] (turtlesim) StdoutLine: {'line': b'-- Up-to-date: /root/ros2_ws/install/turtlesim/include/turtlesim/turtlesim/action/detail/rotate_absolute__functions.c\n'}
[0.942679] (turtlesim) StdoutLine: {'line': b'-- Up-to-date: /root/ros2_ws/install/turtlesim/include/turtlesim/turtlesim/action/detail/rotate_absolute__functions.h\n'}
[0.942817] (turtlesim) StdoutLine: {'line': b'-- Up-to-date: /root/ros2_ws/install/turtlesim/include/turtlesim/turtlesim/action/rotate_absolute.h\n'}
[0.942907] (turtlesim) StdoutLine: {'line': b'-- Up-to-date: /root/ros2_ws/install/turtlesim/include/turtlesim/turtlesim/srv\n'}
[0.942987] (turtlesim) StdoutLine: {'line': b'-- Up-to-date: /root/ros2_ws/install/turtlesim/include/turtlesim/turtlesim/srv/teleport_relative.h\n'}
[0.943066] (turtlesim) StdoutLine: {'line': b'-- Up-to-date: /root/ros2_ws/install/turtlesim/include/turtlesim/turtlesim/srv/kill.h\n'}
[0.943156] (turtlesim) StdoutLine: {'line': b'-- Up-to-date: /root/ros2_ws/install/turtlesim/include/turtlesim/turtlesim/srv/spawn.h\n'}
[0.943231] (turtlesim) StdoutLine: {'line': b'-- Up-to-date: /root/ros2_ws/install/turtlesim/include/turtlesim/turtlesim/srv/teleport_absolute.h\n'}
[0.943328] (turtlesim) StdoutLine: {'line': b'-- Up-to-date: /root/ros2_ws/install/turtlesim/include/turtlesim/turtlesim/srv/detail\n'}
[0.943436] (turtlesim) StdoutLine: {'line': b'-- Installing: /root/ros2_ws/install/turtlesim/include/turtlesim/turtlesim/srv/detail/kill__type_support.c\n'}
[0.943736] (turtlesim) StdoutLine: {'line': b'-- Up-to-date: /root/ros2_ws/install/turtlesim/include/turtlesim/turtlesim/srv/detail/set_pen__struct.h\n'}
[0.943830] (turtlesim) StdoutLine: {'line': b'-- Up-to-date: /root/ros2_ws/install/turtlesim/include/turtlesim/turtlesim/srv/detail/spawn__functions.c\n'}
[0.944014] (turtlesim) StdoutLine: {'line': b'-- Up-to-date: /root/ros2_ws/install/turtlesim/include/turtlesim/turtlesim/srv/detail/set_pen__type_support.h\n'}
[0.944382] (turtlesim) StdoutLine: {'line': b'-- Up-to-date: /root/ros2_ws/install/turtlesim/include/turtlesim/turtlesim/srv/detail/teleport_absolute__struct.h\n'}
[0.944581] (turtlesim) StdoutLine: {'line': b'-- Up-to-date: /root/ros2_ws/install/turtlesim/include/turtlesim/turtlesim/srv/detail/set_pen__description.c\n'}
[0.944834] (turtlesim) StdoutLine: {'line': b'-- Up-to-date: /root/ros2_ws/install/turtlesim/include/turtlesim/turtlesim/srv/detail/kill__type_support.h\n'}
[0.945113] (turtlesim) StdoutLine: {'line': b'-- Up-to-date: /root/ros2_ws/install/turtlesim/include/turtlesim/turtlesim/srv/detail/spawn__struct.h\n'}
[0.945205] (turtlesim) StdoutLine: {'line': b'-- Installing: /root/ros2_ws/install/turtlesim/include/turtlesim/turtlesim/srv/detail/teleport_absolute__type_support.c\n'}
[0.945290] (turtlesim) StdoutLine: {'line': b'-- Up-to-date: /root/ros2_ws/install/turtlesim/include/turtlesim/turtlesim/srv/detail/set_pen__functions.c\n'}
[0.945371] (turtlesim) StdoutLine: {'line': b'-- Up-to-date: /root/ros2_ws/install/turtlesim/include/turtlesim/turtlesim/srv/detail/kill__struct.h\n'}
[0.945450] (turtlesim) StdoutLine: {'line': b'-- Up-to-date: /root/ros2_ws/install/turtlesim/include/turtlesim/turtlesim/srv/detail/kill__functions.c\n'}
[0.945528] (turtlesim) StdoutLine: {'line': b'-- Up-to-date: /root/ros2_ws/install/turtlesim/include/turtlesim/turtlesim/srv/detail/teleport_absolute__description.c\n'}
[0.945622] (turtlesim) StdoutLine: {'line': b'-- Installing: /root/ros2_ws/install/turtlesim/include/turtlesim/turtlesim/srv/detail/set_pen__type_support.c\n'}
[0.945728] (turtlesim) StdoutLine: {'line': b'-- Up-to-date: /root/ros2_ws/install/turtlesim/include/turtlesim/turtlesim/srv/detail/set_pen__functions.h\n'}
[0.945810] (turtlesim) StdoutLine: {'line': b'-- Up-to-date: /root/ros2_ws/install/turtlesim/include/turtlesim/turtlesim/srv/detail/spawn__description.c\n'}
[0.946054] (turtlesim) StdoutLine: {'line': b'-- Up-to-date: /root/ros2_ws/install/turtlesim/include/turtlesim/turtlesim/srv/detail/teleport_absolute__functions.c\n'}
[0.946144] (turtlesim) StdoutLine: {'line': b'-- Up-to-date: /root/ros2_ws/install/turtlesim/include/turtlesim/turtlesim/srv/detail/kill__description.c\n'}
[0.946310] (turtlesim) StdoutLine: {'line': b'-- Up-to-date: /root/ros2_ws/install/turtlesim/include/turtlesim/turtlesim/srv/detail/spawn__type_support.h\n'}
[0.946471] (turtlesim) StdoutLine: {'line': b'-- Up-to-date: /root/ros2_ws/install/turtlesim/include/turtlesim/turtlesim/srv/detail/teleport_absolute__type_support.h\n'}
[0.946644] (turtlesim) StdoutLine: {'line': b'-- Installing: /root/ros2_ws/install/turtlesim/include/turtlesim/turtlesim/srv/detail/spawn__type_support.c\n'}
[0.947050] (turtlesim) StdoutLine: {'line': b'-- Up-to-date: /root/ros2_ws/install/turtlesim/include/turtlesim/turtlesim/srv/detail/teleport_absolute__functions.h\n'}
[0.947519] (turtlesim) StdoutLine: {'line': b'-- Up-to-date: /root/ros2_ws/install/turtlesim/include/turtlesim/turtlesim/srv/detail/teleport_relative__functions.h\n'}
[0.947736] (turtlesim) StdoutLine: {'line': b'-- Up-to-date: /root/ros2_ws/install/turtlesim/include/turtlesim/turtlesim/srv/detail/kill__functions.h\n'}
[0.948003] (turtlesim) StdoutLine: {'line': b'-- Up-to-date: /root/ros2_ws/install/turtlesim/include/turtlesim/turtlesim/srv/detail/teleport_relative__struct.h\n'}
[0.948495] (turtlesim) StdoutLine: {'line': b'-- Up-to-date: /root/ros2_ws/install/turtlesim/include/turtlesim/turtlesim/srv/detail/teleport_relative__description.c\n'}
[0.949043] (turtlesim) StdoutLine: {'line': b'-- Up-to-date: /root/ros2_ws/install/turtlesim/include/turtlesim/turtlesim/srv/detail/spawn__functions.h\n'}
[0.949505] (turtlesim) StdoutLine: {'line': b'-- Installing: /root/ros2_ws/install/turtlesim/include/turtlesim/turtlesim/srv/detail/teleport_relative__type_support.c\n'}
[0.949820] (turtlesim) StdoutLine: {'line': b'-- Up-to-date: /root/ros2_ws/install/turtlesim/include/turtlesim/turtlesim/srv/detail/teleport_relative__type_support.h\n'}
[0.949910] (turtlesim) StdoutLine: {'line': b'-- Up-to-date: /root/ros2_ws/install/turtlesim/include/turtlesim/turtlesim/srv/detail/teleport_relative__functions.c\n'}
[0.950020] (turtlesim) StdoutLine: {'line': b'-- Up-to-date: /root/ros2_ws/install/turtlesim/include/turtlesim/turtlesim/srv/set_pen.h\n'}
[0.950133] (turtlesim) StdoutLine: {'line': b'-- Up-to-date: /root/ros2_ws/install/turtlesim/share/turtlesim/environment/library_path.sh\n'}
[0.950224] (turtlesim) StdoutLine: {'line': b'-- Up-to-date: /root/ros2_ws/install/turtlesim/share/turtlesim/environment/library_path.dsv\n'}
[0.950300] (turtlesim) StdoutLine: {'line': b'-- Up-to-date: /root/ros2_ws/install/turtlesim/lib/libturtlesim__rosidl_generator_c.so\n'}
[0.950394] (turtlesim) StdoutLine: {'line': b'-- Up-to-date: /root/ros2_ws/install/turtlesim/include/turtlesim/turtlesim\n'}
[0.950471] (turtlesim) StdoutLine: {'line': b'-- Up-to-date: /root/ros2_ws/install/turtlesim/include/turtlesim/turtlesim/msg\n'}
[0.950548] (turtlesim) StdoutLine: {'line': b'-- Up-to-date: /root/ros2_ws/install/turtlesim/include/turtlesim/turtlesim/msg/rosidl_typesupport_fastrtps_c__visibility_control.h\n'}
[0.950727] (turtlesim) StdoutLine: {'line': b'-- Up-to-date: /root/ros2_ws/install/turtlesim/include/turtlesim/turtlesim/msg/detail\n'}
[0.951061] (turtlesim) StdoutLine: {'line': b'-- Up-to-date: /root/ros2_ws/install/turtlesim/include/turtlesim/turtlesim/msg/detail/color__rosidl_typesupport_fastrtps_c.h\n'}
[0.951456] (turtlesim) StdoutLine: {'line': b'-- Up-to-date: /root/ros2_ws/install/turtlesim/include/turtlesim/turtlesim/msg/detail/pose__rosidl_typesupport_fastrtps_c.h\n'}
[0.951775] (turtlesim) StdoutLine: {'line': b'-- Up-to-date: /root/ros2_ws/install/turtlesim/include/turtlesim/turtlesim/action\n'}
[0.952116] (turtlesim) StdoutLine: {'line': b'-- Up-to-date: /root/ros2_ws/install/turtlesim/include/turtlesim/turtlesim/action/detail\n'}
[0.952512] (turtlesim) StdoutLine: {'line': b'-- Up-to-date: /root/ros2_ws/install/turtlesim/include/turtlesim/turtlesim/action/detail/rotate_absolute__rosidl_typesupport_fastrtps_c.h\n'}
[0.952906] (turtlesim) StdoutLine: {'line': b'-- Up-to-date: /root/ros2_ws/install/turtlesim/include/turtlesim/turtlesim/srv\n'}
[0.953171] (turtlesim) StdoutLine: {'line': b'-- Up-to-date: /root/ros2_ws/install/turtlesim/include/turtlesim/turtlesim/srv/detail\n'}
[0.953290] (turtlesim) StdoutLine: {'line': b'-- Up-to-date: /root/ros2_ws/install/turtlesim/include/turtlesim/turtlesim/srv/detail/set_pen__rosidl_typesupport_fastrtps_c.h\n'}
[0.953378] (turtlesim) StdoutLine: {'line': b'-- Up-to-date: /root/ros2_ws/install/turtlesim/include/turtlesim/turtlesim/srv/detail/teleport_absolute__rosidl_typesupport_fastrtps_c.h\n'}
[0.953459] (turtlesim) StdoutLine: {'line': b'-- Up-to-date: /root/ros2_ws/install/turtlesim/include/turtlesim/turtlesim/srv/detail/teleport_relative__rosidl_typesupport_fastrtps_c.h\n'}
[0.953538] (turtlesim) StdoutLine: {'line': b'-- Up-to-date: /root/ros2_ws/install/turtlesim/include/turtlesim/turtlesim/srv/detail/kill__rosidl_typesupport_fastrtps_c.h\n'}
[0.953669] (turtlesim) StdoutLine: {'line': b'-- Up-to-date: /root/ros2_ws/install/turtlesim/include/turtlesim/turtlesim/srv/detail/spawn__rosidl_typesupport_fastrtps_c.h\n'}
[0.953984] (turtlesim) StdoutLine: {'line': b'-- Up-to-date: /root/ros2_ws/install/turtlesim/lib/libturtlesim__rosidl_typesupport_fastrtps_c.so\n'}
[0.954096] (turtlesim) StdoutLine: {'line': b'-- Up-to-date: /root/ros2_ws/install/turtlesim/include/turtlesim/turtlesim\n'}
[0.954193] (turtlesim) StdoutLine: {'line': b'-- Up-to-date: /root/ros2_ws/install/turtlesim/include/turtlesim/turtlesim/msg\n'}
[0.954271] (turtlesim) StdoutLine: {'line': b'-- Up-to-date: /root/ros2_ws/install/turtlesim/include/turtlesim/turtlesim/msg/pose.hpp\n'}
[0.954367] (turtlesim) StdoutLine: {'line': b'-- Up-to-date: /root/ros2_ws/install/turtlesim/include/turtlesim/turtlesim/msg/color.hpp\n'}
[0.954459] (turtlesim) StdoutLine: {'line': b'-- Up-to-date: /root/ros2_ws/install/turtlesim/include/turtlesim/turtlesim/msg/detail\n'}
[0.954554] (turtlesim) StdoutLine: {'line': b'-- Up-to-date: /root/ros2_ws/install/turtlesim/include/turtlesim/turtlesim/msg/detail/color__traits.hpp\n'}
[0.954923] (turtlesim) StdoutLine: {'line': b'-- Up-to-date: /root/ros2_ws/install/turtlesim/include/turtlesim/turtlesim/msg/detail/color__struct.hpp\n'}
[0.955028] (turtlesim) StdoutLine: {'line': b'-- Up-to-date: /root/ros2_ws/install/turtlesim/include/turtlesim/turtlesim/msg/detail/pose__struct.hpp\n'}
[0.955110] (turtlesim) StdoutLine: {'line': b'-- Up-to-date: /root/ros2_ws/install/turtlesim/include/turtlesim/turtlesim/msg/detail/pose__builder.hpp\n'}
[0.955190] (turtlesim) StdoutLine: {'line': b'-- Up-to-date: /root/ros2_ws/install/turtlesim/include/turtlesim/turtlesim/msg/detail/color__builder.hpp\n'}
[0.955269] (turtlesim) StdoutLine: {'line': b'-- Up-to-date: /root/ros2_ws/install/turtlesim/include/turtlesim/turtlesim/msg/detail/pose__traits.hpp\n'}
[0.955398] (turtlesim) StdoutLine: {'line': b'-- Up-to-date: /root/ros2_ws/install/turtlesim/include/turtlesim/turtlesim/action\n'}
[0.955714] (turtlesim) StdoutLine: {'line': b'-- Up-to-date: /root/ros2_ws/install/turtlesim/include/turtlesim/turtlesim/action/rotate_absolute.hpp\n'}
[0.955835] (turtlesim) StdoutLine: {'line': b'-- Up-to-date: /root/ros2_ws/install/turtlesim/include/turtlesim/turtlesim/action/detail\n'}
[0.955930] (turtlesim) StdoutLine: {'line': b'-- Up-to-date: /root/ros2_ws/install/turtlesim/include/turtlesim/turtlesim/action/detail/rotate_absolute__struct.hpp\n'}
[0.956084] (turtlesim) StdoutLine: {'line': b'-- Up-to-date: /root/ros2_ws/install/turtlesim/include/turtlesim/turtlesim/action/detail/rotate_absolute__traits.hpp\n'}
[0.956180] (turtlesim) StdoutLine: {'line': b'-- Up-to-date: /root/ros2_ws/install/turtlesim/include/turtlesim/turtlesim/action/detail/rotate_absolute__builder.hpp\n'}
[0.956276] (turtlesim) StdoutLine: {'line': b'-- Up-to-date: /root/ros2_ws/install/turtlesim/include/turtlesim/turtlesim/srv\n'}
[0.956366] (turtlesim) StdoutLine: {'line': b'-- Up-to-date: /root/ros2_ws/install/turtlesim/include/turtlesim/turtlesim/srv/teleport_absolute.hpp\n'}
[0.956442] (turtlesim) StdoutLine: {'line': b'-- Up-to-date: /root/ros2_ws/install/turtlesim/include/turtlesim/turtlesim/srv/kill.hpp\n'}
[0.956535] (turtlesim) StdoutLine: {'line': b'-- Up-to-date: /root/ros2_ws/install/turtlesim/include/turtlesim/turtlesim/srv/teleport_relative.hpp\n'}
[0.956673] (turtlesim) StdoutLine: {'line': b'-- Up-to-date: /root/ros2_ws/install/turtlesim/include/turtlesim/turtlesim/srv/set_pen.hpp\n'}
[0.956799] (turtlesim) StdoutLine: {'line': b'-- Up-to-date: /root/ros2_ws/install/turtlesim/include/turtlesim/turtlesim/srv/spawn.hpp\n'}
[0.957024] (turtlesim) StdoutLine: {'line': b'-- Up-to-date: /root/ros2_ws/install/turtlesim/include/turtlesim/turtlesim/srv/detail\n'}
[0.957210] (turtlesim) StdoutLine: {'line': b'-- Up-to-date: /root/ros2_ws/install/turtlesim/include/turtlesim/turtlesim/srv/detail/set_pen__builder.hpp\n'}
[0.957426] (turtlesim) StdoutLine: {'line': b'-- Up-to-date: /root/ros2_ws/install/turtlesim/include/turtlesim/turtlesim/srv/detail/set_pen__struct.hpp\n'}
[0.957593] (turtlesim) StdoutLine: {'line': b'-- Up-to-date: /root/ros2_ws/install/turtlesim/include/turtlesim/turtlesim/srv/detail/spawn__struct.hpp\n'}
[0.957736] (turtlesim) StdoutLine: {'line': b'-- Up-to-date: /root/ros2_ws/install/turtlesim/include/turtlesim/turtlesim/srv/detail/spawn__traits.hpp\n'}
[0.957815] (turtlesim) StdoutLine: {'line': b'-- Up-to-date: /root/ros2_ws/install/turtlesim/include/turtlesim/turtlesim/srv/detail/spawn__builder.hpp\n'}
[0.957911] (turtlesim) StdoutLine: {'line': b'-- Up-to-date: /root/ros2_ws/install/turtlesim/include/turtlesim/turtlesim/srv/detail/teleport_absolute__builder.hpp\n'}
[0.958001] (turtlesim) StdoutLine: {'line': b'-- Up-to-date: /root/ros2_ws/install/turtlesim/include/turtlesim/turtlesim/srv/detail/teleport_absolute__struct.hpp\n'}
[0.958077] (turtlesim) StdoutLine: {'line': b'-- Up-to-date: /root/ros2_ws/install/turtlesim/include/turtlesim/turtlesim/srv/detail/kill__traits.hpp\n'}
[0.958208] (turtlesim) StdoutLine: {'line': b'-- Up-to-date: /root/ros2_ws/install/turtlesim/include/turtlesim/turtlesim/srv/detail/teleport_relative__builder.hpp\n'}
[0.958295] (turtlesim) StdoutLine: {'line': b'-- Up-to-date: /root/ros2_ws/install/turtlesim/include/turtlesim/turtlesim/srv/detail/kill__builder.hpp\n'}
[0.958378] (turtlesim) StdoutLine: {'line': b'-- Up-to-date: /root/ros2_ws/install/turtlesim/include/turtlesim/turtlesim/srv/detail/teleport_absolute__traits.hpp\n'}
[0.958453] (turtlesim) StdoutLine: {'line': b'-- Up-to-date: /root/ros2_ws/install/turtlesim/include/turtlesim/turtlesim/srv/detail/teleport_relative__traits.hpp\n'}
[0.958532] (turtlesim) StdoutLine: {'line': b'-- Up-to-date: /root/ros2_ws/install/turtlesim/include/turtlesim/turtlesim/srv/detail/kill__struct.hpp\n'}
[0.958606] (turtlesim) StdoutLine: {'line': b'-- Up-to-date: /root/ros2_ws/install/turtlesim/include/turtlesim/turtlesim/srv/detail/teleport_relative__struct.hpp\n'}
[0.958777] (turtlesim) StdoutLine: {'line': b'-- Up-to-date: /root/ros2_ws/install/turtlesim/include/turtlesim/turtlesim/srv/detail/set_pen__traits.hpp\n'}
[0.958859] (turtlesim) StdoutLine: {'line': b'-- Up-to-date: /root/ros2_ws/install/turtlesim/include/turtlesim/turtlesim\n'}
[0.958935] (turtlesim) StdoutLine: {'line': b'-- Up-to-date: /root/ros2_ws/install/turtlesim/include/turtlesim/turtlesim/msg\n'}
[0.959010] (turtlesim) StdoutLine: {'line': b'-- Up-to-date: /root/ros2_ws/install/turtlesim/include/turtlesim/turtlesim/msg/rosidl_typesupport_fastrtps_cpp__visibility_control.h\n'}
[0.959141] (turtlesim) StdoutLine: {'line': b'-- Up-to-date: /root/ros2_ws/install/turtlesim/include/turtlesim/turtlesim/msg/detail\n'}
[0.959232] (turtlesim) StdoutLine: {'line': b'-- Up-to-date: /root/ros2_ws/install/turtlesim/include/turtlesim/turtlesim/msg/detail/dds_fastrtps\n'}
[0.959329] (turtlesim) StdoutLine: {'line': b'-- Up-to-date: /root/ros2_ws/install/turtlesim/include/turtlesim/turtlesim/msg/detail/pose__rosidl_typesupport_fastrtps_cpp.hpp\n'}
[0.959570] (turtlesim) StdoutLine: {'line': b'-- Up-to-date: /root/ros2_ws/install/turtlesim/include/turtlesim/turtlesim/msg/detail/color__rosidl_typesupport_fastrtps_cpp.hpp\n'}
[0.959923] (turtlesim) StdoutLine: {'line': b'-- Up-to-date: /root/ros2_ws/install/turtlesim/include/turtlesim/turtlesim/action\n'}
[0.960023] (turtlesim) StdoutLine: {'line': b'-- Up-to-date: /root/ros2_ws/install/turtlesim/include/turtlesim/turtlesim/action/detail\n'}
[0.960125] (turtlesim) StdoutLine: {'line': b'-- Up-to-date: /root/ros2_ws/install/turtlesim/include/turtlesim/turtlesim/action/detail/rotate_absolute__rosidl_typesupport_fastrtps_cpp.hpp\n'}
[0.960238] (turtlesim) StdoutLine: {'line': b'-- Up-to-date: /root/ros2_ws/install/turtlesim/include/turtlesim/turtlesim/action/detail/dds_fastrtps\n'}
[0.960328] (turtlesim) StdoutLine: {'line': b'-- Up-to-date: /root/ros2_ws/install/turtlesim/include/turtlesim/turtlesim/srv\n'}
[0.960403] (turtlesim) StdoutLine: {'line': b'-- Up-to-date: /root/ros2_ws/install/turtlesim/include/turtlesim/turtlesim/srv/detail\n'}
[0.960497] (turtlesim) StdoutLine: {'line': b'-- Up-to-date: /root/ros2_ws/install/turtlesim/include/turtlesim/turtlesim/srv/detail/teleport_relative__rosidl_typesupport_fastrtps_cpp.hpp\n'}
[0.960586] (turtlesim) StdoutLine: {'line': b'-- Up-to-date: /root/ros2_ws/install/turtlesim/include/turtlesim/turtlesim/srv/detail/kill__rosidl_typesupport_fastrtps_cpp.hpp\n'}
[0.960728] (turtlesim) StdoutLine: {'line': b'-- Up-to-date: /root/ros2_ws/install/turtlesim/include/turtlesim/turtlesim/srv/detail/dds_fastrtps\n'}
[0.960942] (turtlesim) StdoutLine: {'line': b'-- Up-to-date: /root/ros2_ws/install/turtlesim/include/turtlesim/turtlesim/srv/detail/set_pen__rosidl_typesupport_fastrtps_cpp.hpp\n'}
[0.961354] (turtlesim) StdoutLine: {'line': b'-- Up-to-date: /root/ros2_ws/install/turtlesim/include/turtlesim/turtlesim/srv/detail/spawn__rosidl_typesupport_fastrtps_cpp.hpp\n'}
[0.961755] (turtlesim) StdoutLine: {'line': b'-- Up-to-date: /root/ros2_ws/install/turtlesim/include/turtlesim/turtlesim/srv/detail/teleport_absolute__rosidl_typesupport_fastrtps_cpp.hpp\n'}
[0.962437] (turtlesim) StdoutLine: {'line': b'-- Up-to-date: /root/ros2_ws/install/turtlesim/lib/libturtlesim__rosidl_typesupport_fastrtps_cpp.so\n'}
[0.962873] (turtlesim) StdoutLine: {'line': b'-- Up-to-date: /root/ros2_ws/install/turtlesim/include/turtlesim/turtlesim\n'}
[0.963022] (turtlesim) StdoutLine: {'line': b'-- Up-to-date: /root/ros2_ws/install/turtlesim/include/turtlesim/turtlesim/msg\n'}
[0.963113] (turtlesim) StdoutLine: {'line': b'-- Up-to-date: /root/ros2_ws/install/turtlesim/include/turtlesim/turtlesim/msg/rosidl_typesupport_introspection_c__visibility_control.h\n'}
[0.963196] (turtlesim) StdoutLine: {'line': b'-- Up-to-date: /root/ros2_ws/install/turtlesim/include/turtlesim/turtlesim/msg/detail\n'}
[0.963287] (turtlesim) StdoutLine: {'line': b'-- Installing: /root/ros2_ws/install/turtlesim/include/turtlesim/turtlesim/msg/detail/color__type_support.c\n'}
[0.963363] (turtlesim) StdoutLine: {'line': b'-- Installing: /root/ros2_ws/install/turtlesim/include/turtlesim/turtlesim/msg/detail/pose__type_support.c\n'}
[0.963438] (turtlesim) StdoutLine: {'line': b'-- Up-to-date: /root/ros2_ws/install/turtlesim/include/turtlesim/turtlesim/msg/detail/color__rosidl_typesupport_introspection_c.h\n'}
[0.963532] (turtlesim) StdoutLine: {'line': b'-- Up-to-date: /root/ros2_ws/install/turtlesim/include/turtlesim/turtlesim/msg/detail/pose__rosidl_typesupport_introspection_c.h\n'}
[0.963631] (turtlesim) StdoutLine: {'line': b'-- Up-to-date: /root/ros2_ws/install/turtlesim/include/turtlesim/turtlesim/action\n'}
[0.963726] (turtlesim) StdoutLine: {'line': b'-- Up-to-date: /root/ros2_ws/install/turtlesim/include/turtlesim/turtlesim/action/detail\n'}
[0.963806] (turtlesim) StdoutLine: {'line': b'-- Installing: /root/ros2_ws/install/turtlesim/include/turtlesim/turtlesim/action/detail/rotate_absolute__type_support.c\n'}
[0.963886] (turtlesim) StdoutLine: {'line': b'-- Up-to-date: /root/ros2_ws/install/turtlesim/include/turtlesim/turtlesim/action/detail/rotate_absolute__rosidl_typesupport_introspection_c.h\n'}
[0.963975] (turtlesim) StdoutLine: {'line': b'-- Up-to-date: /root/ros2_ws/install/turtlesim/include/turtlesim/turtlesim/srv\n'}
[0.964053] (turtlesim) StdoutLine: {'line': b'-- Up-to-date: /root/ros2_ws/install/turtlesim/include/turtlesim/turtlesim/srv/detail\n'}
[0.964129] (turtlesim) StdoutLine: {'line': b'-- Installing: /root/ros2_ws/install/turtlesim/include/turtlesim/turtlesim/srv/detail/kill__type_support.c\n'}
[0.964240] (turtlesim) StdoutLine: {'line': b'-- Up-to-date: /root/ros2_ws/install/turtlesim/include/turtlesim/turtlesim/srv/detail/spawn__rosidl_typesupport_introspection_c.h\n'}
[0.964318] (turtlesim) StdoutLine: {'line': b'-- Up-to-date: /root/ros2_ws/install/turtlesim/include/turtlesim/turtlesim/srv/detail/teleport_relative__rosidl_typesupport_introspection_c.h\n'}
[0.964395] (turtlesim) StdoutLine: {'line': b'-- Up-to-date: /root/ros2_ws/install/turtlesim/include/turtlesim/turtlesim/srv/detail/kill__rosidl_typesupport_introspection_c.h\n'}
[0.964485] (turtlesim) StdoutLine: {'line': b'-- Installing: /root/ros2_ws/install/turtlesim/include/turtlesim/turtlesim/srv/detail/teleport_absolute__type_support.c\n'}
[0.964575] (turtlesim) StdoutLine: {'line': b'-- Installing: /root/ros2_ws/install/turtlesim/include/turtlesim/turtlesim/srv/detail/set_pen__type_support.c\n'}
[0.964893] (turtlesim) StdoutLine: {'line': b'-- Installing: /root/ros2_ws/install/turtlesim/include/turtlesim/turtlesim/srv/detail/spawn__type_support.c\n'}
[0.964992] (turtlesim) StdoutLine: {'line': b'-- Up-to-date: /root/ros2_ws/install/turtlesim/include/turtlesim/turtlesim/srv/detail/set_pen__rosidl_typesupport_introspection_c.h\n'}
[0.965089] (turtlesim) StdoutLine: {'line': b'-- Up-to-date: /root/ros2_ws/install/turtlesim/include/turtlesim/turtlesim/srv/detail/teleport_absolute__rosidl_typesupport_introspection_c.h\n'}
[0.965166] (turtlesim) StdoutLine: {'line': b'-- Installing: /root/ros2_ws/install/turtlesim/include/turtlesim/turtlesim/srv/detail/teleport_relative__type_support.c\n'}
[0.965263] (turtlesim) StdoutLine: {'line': b'-- Up-to-date: /root/ros2_ws/install/turtlesim/lib/libturtlesim__rosidl_typesupport_introspection_c.so\n'}
[0.965341] (turtlesim) StdoutLine: {'line': b'-- Up-to-date: /root/ros2_ws/install/turtlesim/lib/libturtlesim__rosidl_typesupport_c.so\n'}
[0.965428] (turtlesim) StdoutLine: {'line': b'-- Up-to-date: /root/ros2_ws/install/turtlesim/include/turtlesim/turtlesim\n'}
[0.965535] (turtlesim) StdoutLine: {'line': b'-- Up-to-date: /root/ros2_ws/install/turtlesim/include/turtlesim/turtlesim/msg\n'}
[0.965660] (turtlesim) StdoutLine: {'line': b'-- Up-to-date: /root/ros2_ws/install/turtlesim/include/turtlesim/turtlesim/msg/detail\n'}
[0.965804] (turtlesim) StdoutLine: {'line': b'-- Up-to-date: /root/ros2_ws/install/turtlesim/include/turtlesim/turtlesim/msg/detail/color__type_support.cpp\n'}
[0.965890] (turtlesim) StdoutLine: {'line': b'-- Up-to-date: /root/ros2_ws/install/turtlesim/include/turtlesim/turtlesim/msg/detail/color__rosidl_typesupport_introspection_cpp.hpp\n'}
[0.966020] (turtlesim) StdoutLine: {'line': b'-- Up-to-date: /root/ros2_ws/install/turtlesim/include/turtlesim/turtlesim/msg/detail/pose__type_support.cpp\n'}
[0.966099] (turtlesim) StdoutLine: {'line': b'-- Up-to-date: /root/ros2_ws/install/turtlesim/include/turtlesim/turtlesim/msg/detail/pose__rosidl_typesupport_introspection_cpp.hpp\n'}
[0.966198] (turtlesim) StdoutLine: {'line': b'-- Up-to-date: /root/ros2_ws/install/turtlesim/include/turtlesim/turtlesim/action\n'}
[0.966519] (turtlesim) StdoutLine: {'line': b'-- Up-to-date: /root/ros2_ws/install/turtlesim/include/turtlesim/turtlesim/action/detail\n'}
[0.966858] (turtlesim) StdoutLine: {'line': b'-- Up-to-date: /root/ros2_ws/install/turtlesim/include/turtlesim/turtlesim/action/detail/rotate_absolute__type_support.cpp\n'}
[0.967223] (turtlesim) StdoutLine: {'line': b'-- Up-to-date: /root/ros2_ws/install/turtlesim/include/turtlesim/turtlesim/action/detail/rotate_absolute__rosidl_typesupport_introspection_cpp.hpp\n'}
[0.967544] (turtlesim) StdoutLine: {'line': b'-- Up-to-date: /root/ros2_ws/install/turtlesim/include/turtlesim/turtlesim/srv\n'}
[0.967733] (turtlesim) StdoutLine: {'line': b'-- Up-to-date: /root/ros2_ws/install/turtlesim/include/turtlesim/turtlesim/srv/detail\n'}
[0.967946] (turtlesim) StdoutLine: {'line': b'-- Up-to-date: /root/ros2_ws/install/turtlesim/include/turtlesim/turtlesim/srv/detail/teleport_absolute__rosidl_typesupport_introspection_cpp.hpp\n'}
[0.968132] (turtlesim) StdoutLine: {'line': b'-- Up-to-date: /root/ros2_ws/install/turtlesim/include/turtlesim/turtlesim/srv/detail/teleport_absolute__type_support.cpp\n'}
[0.968316] (turtlesim) StdoutLine: {'line': b'-- Up-to-date: /root/ros2_ws/install/turtlesim/include/turtlesim/turtlesim/srv/detail/spawn__type_support.cpp\n'}
[0.968578] (turtlesim) StdoutLine: {'line': b'-- Up-to-date: /root/ros2_ws/install/turtlesim/include/turtlesim/turtlesim/srv/detail/kill__type_support.cpp\n'}
[0.968803] (turtlesim) StdoutLine: {'line': b'-- Up-to-date: /root/ros2_ws/install/turtlesim/include/turtlesim/turtlesim/srv/detail/set_pen__type_support.cpp\n'}
[0.969228] (turtlesim) StdoutLine: {'line': b'-- Up-to-date: /root/ros2_ws/install/turtlesim/include/turtlesim/turtlesim/srv/detail/spawn__rosidl_typesupport_introspection_cpp.hpp\n'}
[0.969375] (turtlesim) StdoutLine: {'line': b'-- Up-to-date: /root/ros2_ws/install/turtlesim/include/turtlesim/turtlesim/srv/detail/set_pen__rosidl_typesupport_introspection_cpp.hpp\n'}
[0.969478] (turtlesim) StdoutLine: {'line': b'-- Up-to-date: /root/ros2_ws/install/turtlesim/include/turtlesim/turtlesim/srv/detail/teleport_relative__rosidl_typesupport_introspection_cpp.hpp\n'}
[0.969559] (turtlesim) StdoutLine: {'line': b'-- Up-to-date: /root/ros2_ws/install/turtlesim/include/turtlesim/turtlesim/srv/detail/teleport_relative__type_support.cpp\n'}
[0.969706] (turtlesim) StdoutLine: {'line': b'-- Up-to-date: /root/ros2_ws/install/turtlesim/include/turtlesim/turtlesim/srv/detail/kill__rosidl_typesupport_introspection_cpp.hpp\n'}
[0.969814] (turtlesim) StdoutLine: {'line': b'-- Up-to-date: /root/ros2_ws/install/turtlesim/lib/libturtlesim__rosidl_typesupport_introspection_cpp.so\n'}
[0.969907] (turtlesim) StdoutLine: {'line': b'-- Up-to-date: /root/ros2_ws/install/turtlesim/lib/libturtlesim__rosidl_typesupport_cpp.so\n'}
[0.969990] (turtlesim) StdoutLine: {'line': b'-- Up-to-date: /root/ros2_ws/install/turtlesim/share/turtlesim/environment/pythonpath.sh\n'}
[0.970065] (turtlesim) StdoutLine: {'line': b'-- Up-to-date: /root/ros2_ws/install/turtlesim/share/turtlesim/environment/pythonpath.dsv\n'}
[0.970139] (turtlesim) StdoutLine: {'line': b'-- Up-to-date: /root/ros2_ws/install/turtlesim/lib/python3.10/site-packages/turtlesim-1.6.1-py3.10.egg-info\n'}
[0.970213] (turtlesim) StdoutLine: {'line': b'-- Installing: /root/ros2_ws/install/turtlesim/lib/python3.10/site-packages/turtlesim-1.6.1-py3.10.egg-info/PKG-INFO\n'}
[0.970288] (turtlesim) StdoutLine: {'line': b'-- Installing: /root/ros2_ws/install/turtlesim/lib/python3.10/site-packages/turtlesim-1.6.1-py3.10.egg-info/SOURCES.txt\n'}
[0.970361] (turtlesim) StdoutLine: {'line': b'-- Installing: /root/ros2_ws/install/turtlesim/lib/python3.10/site-packages/turtlesim-1.6.1-py3.10.egg-info/dependency_links.txt\n'}
[0.970435] (turtlesim) StdoutLine: {'line': b'-- Installing: /root/ros2_ws/install/turtlesim/lib/python3.10/site-packages/turtlesim-1.6.1-py3.10.egg-info/top_level.txt\n'}
[0.970509] (turtlesim) StdoutLine: {'line': b'-- Up-to-date: /root/ros2_ws/install/turtlesim/lib/python3.10/site-packages/turtlesim\n'}
[0.970583] (turtlesim) StdoutLine: {'line': b'-- Up-to-date: /root/ros2_ws/install/turtlesim/lib/python3.10/site-packages/turtlesim/msg\n'}
[0.970767] (turtlesim) StdoutLine: {'line': b'-- Up-to-date: /root/ros2_ws/install/turtlesim/lib/python3.10/site-packages/turtlesim/msg/_color.py\n'}
[0.970893] (turtlesim) StdoutLine: {'line': b'-- Up-to-date: /root/ros2_ws/install/turtlesim/lib/python3.10/site-packages/turtlesim/msg/__init__.py\n'}
[0.970985] (turtlesim) StdoutLine: {'line': b'-- Up-to-date: /root/ros2_ws/install/turtlesim/lib/python3.10/site-packages/turtlesim/msg/_color_s.c\n'}
[0.971070] (turtlesim) StdoutLine: {'line': b'-- Up-to-date: /root/ros2_ws/install/turtlesim/lib/python3.10/site-packages/turtlesim/msg/_pose.py\n'}
[0.971150] (turtlesim) StdoutLine: {'line': b'-- Up-to-date: /root/ros2_ws/install/turtlesim/lib/python3.10/site-packages/turtlesim/msg/_pose_s.c\n'}
[0.971228] (turtlesim) StdoutLine: {'line': b'-- Up-to-date: /root/ros2_ws/install/turtlesim/lib/python3.10/site-packages/turtlesim/turtlesim_s__rosidl_typesupport_fastrtps_c.cpython-310-x86_64-linux-gnu.so\n'}
[0.971306] (turtlesim) StdoutLine: {'line': b'-- Up-to-date: /root/ros2_ws/install/turtlesim/lib/python3.10/site-packages/turtlesim/turtlesim_s__rosidl_typesupport_introspection_c.cpython-310-x86_64-linux-gnu.so\n'}
[0.971396] (turtlesim) StdoutLine: {'line': b'-- Up-to-date: /root/ros2_ws/install/turtlesim/lib/python3.10/site-packages/turtlesim/__init__.py\n'}
[0.971474] (turtlesim) StdoutLine: {'line': b'-- Up-to-date: /root/ros2_ws/install/turtlesim/lib/python3.10/site-packages/turtlesim/_turtlesim_s.ep.rosidl_typesupport_introspection_c.c\n'}
[0.971552] (turtlesim) StdoutLine: {'line': b'-- Up-to-date: /root/ros2_ws/install/turtlesim/lib/python3.10/site-packages/turtlesim/action\n'}
[0.971704] (turtlesim) StdoutLine: {'line': b'-- Up-to-date: /root/ros2_ws/install/turtlesim/lib/python3.10/site-packages/turtlesim/action/__init__.py\n'}
[0.971844] (turtlesim) StdoutLine: {'line': b'-- Up-to-date: /root/ros2_ws/install/turtlesim/lib/python3.10/site-packages/turtlesim/action/_rotate_absolute_s.c\n'}
[0.971940] (turtlesim) StdoutLine: {'line': b'-- Up-to-date: /root/ros2_ws/install/turtlesim/lib/python3.10/site-packages/turtlesim/action/_rotate_absolute.py\n'}
[0.972035] (turtlesim) StdoutLine: {'line': b'-- Up-to-date: /root/ros2_ws/install/turtlesim/lib/python3.10/site-packages/turtlesim/srv\n'}
[0.972111] (turtlesim) StdoutLine: {'line': b'-- Up-to-date: /root/ros2_ws/install/turtlesim/lib/python3.10/site-packages/turtlesim/srv/__init__.py\n'}
[0.972188] (turtlesim) StdoutLine: {'line': b'-- Up-to-date: /root/ros2_ws/install/turtlesim/lib/python3.10/site-packages/turtlesim/srv/_set_pen_s.c\n'}
[0.972263] (turtlesim) StdoutLine: {'line': b'-- Up-to-date: /root/ros2_ws/install/turtlesim/lib/python3.10/site-packages/turtlesim/srv/_spawn_s.c\n'}
[0.972348] (turtlesim) StdoutLine: {'line': b'-- Up-to-date: /root/ros2_ws/install/turtlesim/lib/python3.10/site-packages/turtlesim/srv/_teleport_relative.py\n'}
[0.972423] (turtlesim) StdoutLine: {'line': b'-- Up-to-date: /root/ros2_ws/install/turtlesim/lib/python3.10/site-packages/turtlesim/srv/_spawn.py\n'}
[0.972498] (turtlesim) StdoutLine: {'line': b'-- Up-to-date: /root/ros2_ws/install/turtlesim/lib/python3.10/site-packages/turtlesim/srv/_kill.py\n'}
[0.972622] (turtlesim) StdoutLine: {'line': b'-- Up-to-date: /root/ros2_ws/install/turtlesim/lib/python3.10/site-packages/turtlesim/srv/_set_pen.py\n'}
[0.972780] (turtlesim) StdoutLine: {'line': b'-- Up-to-date: /root/ros2_ws/install/turtlesim/lib/python3.10/site-packages/turtlesim/srv/_teleport_absolute_s.c\n'}
[0.972879] (turtlesim) StdoutLine: {'line': b'-- Up-to-date: /root/ros2_ws/install/turtlesim/lib/python3.10/site-packages/turtlesim/srv/_teleport_absolute.py\n'}
[0.972955] (turtlesim) StdoutLine: {'line': b'-- Up-to-date: /root/ros2_ws/install/turtlesim/lib/python3.10/site-packages/turtlesim/srv/_kill_s.c\n'}
[0.973031] (turtlesim) StdoutLine: {'line': b'-- Up-to-date: /root/ros2_ws/install/turtlesim/lib/python3.10/site-packages/turtlesim/srv/_teleport_relative_s.c\n'}
[0.973106] (turtlesim) StdoutLine: {'line': b'-- Up-to-date: /root/ros2_ws/install/turtlesim/lib/python3.10/site-packages/turtlesim/_turtlesim_s.ep.rosidl_typesupport_fastrtps_c.c\n'}
[0.973182] (turtlesim) StdoutLine: {'line': b'-- Up-to-date: /root/ros2_ws/install/turtlesim/lib/python3.10/site-packages/turtlesim/turtlesim_s__rosidl_typesupport_c.cpython-310-x86_64-linux-gnu.so\n'}
[0.973259] (turtlesim) StdoutLine: {'line': b'-- Up-to-date: /root/ros2_ws/install/turtlesim/lib/python3.10/site-packages/turtlesim/_turtlesim_s.ep.rosidl_typesupport_c.c\n'}
[0.973335] (turtlesim) StdoutLine: {'line': b'-- Up-to-date: /root/ros2_ws/install/turtlesim/lib/python3.10/site-packages/turtlesim/libturtlesim__rosidl_generator_py.so\n'}
[1.000128] (-) TimerEvent: {}
[1.008597] (turtlesim) StdoutLine: {'line': b"Listing '/root/ros2_ws/install/turtlesim/lib/python3.10/site-packages/turtlesim'...\n"}
[1.008788] (turtlesim) StdoutLine: {'line': b"Listing '/root/ros2_ws/install/turtlesim/lib/python3.10/site-packages/turtlesim/action'...\n"}
[1.008884] (turtlesim) StdoutLine: {'line': b"Listing '/root/ros2_ws/install/turtlesim/lib/python3.10/site-packages/turtlesim/msg'...\n"}
[1.008973] (turtlesim) StdoutLine: {'line': b"Listing '/root/ros2_ws/install/turtlesim/lib/python3.10/site-packages/turtlesim/srv'...\n"}
[1.015392] (turtlesim) StdoutLine: {'line': b'-- Up-to-date: /root/ros2_ws/install/turtlesim/lib/python3.10/site-packages/turtlesim/turtlesim_s__rosidl_typesupport_fastrtps_c.cpython-310-x86_64-linux-gnu.so\n'}
[1.017129] (turtlesim) StdoutLine: {'line': b'-- Up-to-date: /root/ros2_ws/install/turtlesim/lib/python3.10/site-packages/turtlesim/turtlesim_s__rosidl_typesupport_introspection_c.cpython-310-x86_64-linux-gnu.so\n'}
[1.018543] (turtlesim) StdoutLine: {'line': b'-- Up-to-date: /root/ros2_ws/install/turtlesim/lib/python3.10/site-packages/turtlesim/turtlesim_s__rosidl_typesupport_c.cpython-310-x86_64-linux-gnu.so\n'}
[1.019971] (turtlesim) StdoutLine: {'line': b'-- Up-to-date: /root/ros2_ws/install/turtlesim/lib/libturtlesim__rosidl_generator_py.so\n'}
[1.020416] (turtlesim) StdoutLine: {'line': b'-- Up-to-date: /root/ros2_ws/install/turtlesim/share/turtlesim/action/RotateAbsolute.idl\n'}
[1.020651] (turtlesim) StdoutLine: {'line': b'-- Up-to-date: /root/ros2_ws/install/turtlesim/share/turtlesim/msg/Color.idl\n'}
[1.021137] (turtlesim) StdoutLine: {'line': b'-- Up-to-date: /root/ros2_ws/install/turtlesim/share/turtlesim/msg/Pose.idl\n'}
[1.021382] (turtlesim) StdoutLine: {'line': b'-- Up-to-date: /root/ros2_ws/install/turtlesim/share/turtlesim/srv/Kill.idl\n'}
[1.021562] (turtlesim) StdoutLine: {'line': b'-- Up-to-date: /root/ros2_ws/install/turtlesim/share/turtlesim/srv/SetPen.idl\n'}
[1.021987] (turtlesim) StdoutLine: {'line': b'-- Up-to-date: /root/ros2_ws/install/turtlesim/share/turtlesim/srv/Spawn.idl\n'}
[1.022230] (turtlesim) StdoutLine: {'line': b'-- Up-to-date: /root/ros2_ws/install/turtlesim/share/turtlesim/srv/TeleportAbsolute.idl\n'}
[1.022503] (turtlesim) StdoutLine: {'line': b'-- Up-to-date: /root/ros2_ws/install/turtlesim/share/turtlesim/srv/TeleportRelative.idl\n'}
[1.022623] (turtlesim) StdoutLine: {'line': b'-- Up-to-date: /root/ros2_ws/install/turtlesim/share/turtlesim/action/RotateAbsolute.action\n'}
[1.022721] (turtlesim) StdoutLine: {'line': b'-- Up-to-date: /root/ros2_ws/install/turtlesim/share/turtlesim/msg/Color.msg\n'}
[1.022871] (turtlesim) StdoutLine: {'line': b'-- Up-to-date: /root/ros2_ws/install/turtlesim/share/turtlesim/msg/Pose.msg\n'}
[1.022955] (turtlesim) StdoutLine: {'line': b'-- Up-to-date: /root/ros2_ws/install/turtlesim/share/turtlesim/srv/Kill.srv\n'}
[1.023030] (turtlesim) StdoutLine: {'line': b'-- Up-to-date: /root/ros2_ws/install/turtlesim/share/turtlesim/srv/Kill_Request.msg\n'}
[1.023107] (turtlesim) StdoutLine: {'line': b'-- Up-to-date: /root/ros2_ws/install/turtlesim/share/turtlesim/srv/Kill_Response.msg\n'}
[1.023180] (turtlesim) StdoutLine: {'line': b'-- Up-to-date: /root/ros2_ws/install/turtlesim/share/turtlesim/srv/SetPen.srv\n'}
[1.023340] (turtlesim) StdoutLine: {'line': b'-- Up-to-date: /root/ros2_ws/install/turtlesim/share/turtlesim/srv/SetPen_Request.msg\n'}
[1.023462] (turtlesim) StdoutLine: {'line': b'-- Up-to-date: /root/ros2_ws/install/turtlesim/share/turtlesim/srv/SetPen_Response.msg\n'}
[1.023551] (turtlesim) StdoutLine: {'line': b'-- Up-to-date: /root/ros2_ws/install/turtlesim/share/turtlesim/srv/Spawn.srv\n'}
[1.023635] (turtlesim) StdoutLine: {'line': b'-- Up-to-date: /root/ros2_ws/install/turtlesim/share/turtlesim/srv/Spawn_Request.msg\n'}
[1.023720] (turtlesim) StdoutLine: {'line': b'-- Up-to-date: /root/ros2_ws/install/turtlesim/share/turtlesim/srv/Spawn_Response.msg\n'}
[1.023806] (turtlesim) StdoutLine: {'line': b'-- Up-to-date: /root/ros2_ws/install/turtlesim/share/turtlesim/srv/TeleportAbsolute.srv\n'}
[1.024081] (turtlesim) StdoutLine: {'line': b'-- Up-to-date: /root/ros2_ws/install/turtlesim/share/turtlesim/srv/TeleportAbsolute_Request.msg\n'}
[1.024172] (turtlesim) StdoutLine: {'line': b'-- Up-to-date: /root/ros2_ws/install/turtlesim/share/turtlesim/srv/TeleportAbsolute_Response.msg\n'}
[1.024289] (turtlesim) StdoutLine: {'line': b'-- Up-to-date: /root/ros2_ws/install/turtlesim/share/turtlesim/srv/TeleportRelative.srv\n'}
[1.024374] (turtlesim) StdoutLine: {'line': b'-- Up-to-date: /root/ros2_ws/install/turtlesim/share/turtlesim/srv/TeleportRelative_Request.msg\n'}
[1.024453] (turtlesim) StdoutLine: {'line': b'-- Up-to-date: /root/ros2_ws/install/turtlesim/share/turtlesim/srv/TeleportRelative_Response.msg\n'}
[1.024530] (turtlesim) StdoutLine: {'line': b'-- Up-to-date: /root/ros2_ws/install/turtlesim/lib/turtlesim/turtlesim_node\n'}
[1.025143] (turtlesim) StdoutLine: {'line': b'-- Up-to-date: /root/ros2_ws/install/turtlesim/lib/turtlesim/turtle_teleop_key\n'}
[1.027480] (turtlesim) StdoutLine: {'line': b'-- Up-to-date: /root/ros2_ws/install/turtlesim/lib/turtlesim/draw_square\n'}
[1.028798] (turtlesim) StdoutLine: {'line': b'-- Up-to-date: /root/ros2_ws/install/turtlesim/lib/turtlesim/mimic\n'}
[1.029127] (turtlesim) StdoutLine: {'line': b'-- Up-to-date: /root/ros2_ws/install/turtlesim/share/turtlesim/images\n'}
[1.029539] (turtlesim) StdoutLine: {'line': b'-- Up-to-date: /root/ros2_ws/install/turtlesim/share/turtlesim/images/eloquent.png\n'}
[1.029717] (turtlesim) StdoutLine: {'line': b'-- Up-to-date: /root/ros2_ws/install/turtlesim/share/turtlesim/images/foxy.png\n'}
[1.030288] (turtlesim) StdoutLine: {'line': b'-- Up-to-date: /root/ros2_ws/install/turtlesim/share/turtlesim/images/galactic.png\n'}
[1.030726] (turtlesim) StdoutLine: {'line': b'-- Up-to-date: /root/ros2_ws/install/turtlesim/share/turtlesim/images/humble.png\n'}
[1.030941] (turtlesim) StdoutLine: {'line': b'-- Up-to-date: /root/ros2_ws/install/turtlesim/share/turtlesim/images/rolling.png\n'}
[1.031281] (turtlesim) StdoutLine: {'line': b'-- Up-to-date: /root/ros2_ws/install/turtlesim/share/turtlesim/images/dashing.png\n'}
[1.031381] (turtlesim) StdoutLine: {'line': b'-- Up-to-date: /root/ros2_ws/install/turtlesim/share/turtlesim/images/iron.png\n'}
[1.031465] (turtlesim) StdoutLine: {'line': b'-- Up-to-date: /root/ros2_ws/install/turtlesim/share/turtlesim/images/bouncy.png\n'}
[1.031545] (turtlesim) StdoutLine: {'line': b'-- Up-to-date: /root/ros2_ws/install/turtlesim/share/turtlesim/images/ardent.png\n'}
[1.031813] (turtlesim) StdoutLine: {'line': b'-- Up-to-date: /root/ros2_ws/install/turtlesim/share/turtlesim/images/crystal.png\n'}
[1.031915] (turtlesim) StdoutLine: {'line': b'-- Up-to-date: /root/ros2_ws/install/turtlesim/share/turtlesim/launch\n'}
[1.032000] (turtlesim) StdoutLine: {'line': b'-- Up-to-date: /root/ros2_ws/install/turtlesim/share/turtlesim/launch/multisim.launch.py\n'}
[1.032080] (turtlesim) StdoutLine: {'line': b'-- Up-to-date: /root/ros2_ws/install/turtlesim/share/ament_index/resource_index/package_run_dependencies/turtlesim\n'}
[1.032158] (turtlesim) StdoutLine: {'line': b'-- Up-to-date: /root/ros2_ws/install/turtlesim/share/ament_index/resource_index/parent_prefix_path/turtlesim\n'}
[1.032374] (turtlesim) StdoutLine: {'line': b'-- Up-to-date: /root/ros2_ws/install/turtlesim/share/turtlesim/environment/ament_prefix_path.sh\n'}
[1.032479] (turtlesim) StdoutLine: {'line': b'-- Up-to-date: /root/ros2_ws/install/turtlesim/share/turtlesim/environment/ament_prefix_path.dsv\n'}
[1.032560] (turtlesim) StdoutLine: {'line': b'-- Up-to-date: /root/ros2_ws/install/turtlesim/share/turtlesim/environment/path.sh\n'}
[1.032640] (turtlesim) StdoutLine: {'line': b'-- Up-to-date: /root/ros2_ws/install/turtlesim/share/turtlesim/environment/path.dsv\n'}
[1.032718] (turtlesim) StdoutLine: {'line': b'-- Up-to-date: /root/ros2_ws/install/turtlesim/share/turtlesim/local_setup.bash\n'}
[1.032816] (turtlesim) StdoutLine: {'line': b'-- Up-to-date: /root/ros2_ws/install/turtlesim/share/turtlesim/local_setup.sh\n'}
[1.032895] (turtlesim) StdoutLine: {'line': b'-- Up-to-date: /root/ros2_ws/install/turtlesim/share/turtlesim/local_setup.zsh\n'}
[1.032973] (turtlesim) StdoutLine: {'line': b'-- Up-to-date: /root/ros2_ws/install/turtlesim/share/turtlesim/local_setup.dsv\n'}
[1.033051] (turtlesim) StdoutLine: {'line': b'-- Installing: /root/ros2_ws/install/turtlesim/share/turtlesim/package.dsv\n'}
[1.033140] (turtlesim) StdoutLine: {'line': b'-- Up-to-date: /root/ros2_ws/install/turtlesim/share/ament_index/resource_index/packages/turtlesim\n'}
[1.033294] (turtlesim) StdoutLine: {'line': b'-- Up-to-date: /root/ros2_ws/install/turtlesim/share/turtlesim/cmake/export_turtlesim__rosidl_generator_cExport.cmake\n'}
[1.033422] (turtlesim) StdoutLine: {'line': b'-- Up-to-date: /root/ros2_ws/install/turtlesim/share/turtlesim/cmake/export_turtlesim__rosidl_generator_cExport-noconfig.cmake\n'}
[1.033942] (turtlesim) StdoutLine: {'line': b'-- Up-to-date: /root/ros2_ws/install/turtlesim/share/turtlesim/cmake/export_turtlesim__rosidl_typesupport_fastrtps_cExport.cmake\n'}
[1.034063] (turtlesim) StdoutLine: {'line': b'-- Up-to-date: /root/ros2_ws/install/turtlesim/share/turtlesim/cmake/export_turtlesim__rosidl_typesupport_fastrtps_cExport-noconfig.cmake\n'}
[1.034562] (turtlesim) StdoutLine: {'line': b'-- Up-to-date: /root/ros2_ws/install/turtlesim/share/turtlesim/cmake/export_turtlesim__rosidl_generator_cppExport.cmake\n'}
[1.040710] (turtlesim) StdoutLine: {'line': b'-- Up-to-date: /root/ros2_ws/install/turtlesim/share/turtlesim/cmake/export_turtlesim__rosidl_typesupport_fastrtps_cppExport.cmake\n'}
[1.040956] (turtlesim) StdoutLine: {'line': b'-- Up-to-date: /root/ros2_ws/install/turtlesim/share/turtlesim/cmake/export_turtlesim__rosidl_typesupport_fastrtps_cppExport-noconfig.cmake\n'}
[1.046041] (turtlesim) StdoutLine: {'line': b'-- Up-to-date: /root/ros2_ws/install/turtlesim/share/turtlesim/cmake/turtlesim__rosidl_typesupport_introspection_cExport.cmake\n'}
[1.046266] (turtlesim) StdoutLine: {'line': b'-- Up-to-date: /root/ros2_ws/install/turtlesim/share/turtlesim/cmake/turtlesim__rosidl_typesupport_introspection_cExport-noconfig.cmake\n'}
[1.047152] (turtlesim) StdoutLine: {'line': b'-- Up-to-date: /root/ros2_ws/install/turtlesim/share/turtlesim/cmake/turtlesim__rosidl_typesupport_cExport.cmake\n'}
[1.047310] (turtlesim) StdoutLine: {'line': b'-- Up-to-date: /root/ros2_ws/install/turtlesim/share/turtlesim/cmake/turtlesim__rosidl_typesupport_cExport-noconfig.cmake\n'}
[1.048226] (turtlesim) StdoutLine: {'line': b'-- Up-to-date: /root/ros2_ws/install/turtlesim/share/turtlesim/cmake/turtlesim__rosidl_typesupport_introspection_cppExport.cmake\n'}
[1.048389] (turtlesim) StdoutLine: {'line': b'-- Up-to-date: /root/ros2_ws/install/turtlesim/share/turtlesim/cmake/turtlesim__rosidl_typesupport_introspection_cppExport-noconfig.cmake\n'}
[1.052581] (turtlesim) StdoutLine: {'line': b'-- Up-to-date: /root/ros2_ws/install/turtlesim/share/turtlesim/cmake/turtlesim__rosidl_typesupport_cppExport.cmake\n'}
[1.052823] (turtlesim) StdoutLine: {'line': b'-- Up-to-date: /root/ros2_ws/install/turtlesim/share/turtlesim/cmake/turtlesim__rosidl_typesupport_cppExport-noconfig.cmake\n'}
[1.052960] (turtlesim) StdoutLine: {'line': b'-- Up-to-date: /root/ros2_ws/install/turtlesim/share/turtlesim/cmake/export_turtlesim__rosidl_generator_pyExport.cmake\n'}
[1.053051] (turtlesim) StdoutLine: {'line': b'-- Up-to-date: /root/ros2_ws/install/turtlesim/share/turtlesim/cmake/export_turtlesim__rosidl_generator_pyExport-noconfig.cmake\n'}
[1.053134] (turtlesim) StdoutLine: {'line': b'-- Up-to-date: /root/ros2_ws/install/turtlesim/share/turtlesim/cmake/rosidl_cmake-extras.cmake\n'}
[1.053216] (turtlesim) StdoutLine: {'line': b'-- Up-to-date: /root/ros2_ws/install/turtlesim/share/turtlesim/cmake/ament_cmake_export_dependencies-extras.cmake\n'}
[1.053296] (turtlesim) StdoutLine: {'line': b'-- Up-to-date: /root/ros2_ws/install/turtlesim/share/turtlesim/cmake/ament_cmake_export_include_directories-extras.cmake\n'}
[1.053374] (turtlesim) StdoutLine: {'line': b'-- Up-to-date: /root/ros2_ws/install/turtlesim/share/turtlesim/cmake/ament_cmake_export_libraries-extras.cmake\n'}
[1.053452] (turtlesim) StdoutLine: {'line': b'-- Up-to-date: /root/ros2_ws/install/turtlesim/share/turtlesim/cmake/ament_cmake_export_targets-extras.cmake\n'}
[1.053539] (turtlesim) StdoutLine: {'line': b'-- Up-to-date: /root/ros2_ws/install/turtlesim/share/turtlesim/cmake/rosidl_cmake_export_typesupport_targets-extras.cmake\n'}
[1.053618] (turtlesim) StdoutLine: {'line': b'-- Up-to-date: /root/ros2_ws/install/turtlesim/share/turtlesim/cmake/rosidl_cmake_export_typesupport_libraries-extras.cmake\n'}
[1.053766] (turtlesim) StdoutLine: {'line': b'-- Up-to-date: /root/ros2_ws/install/turtlesim/share/turtlesim/cmake/turtlesimConfig.cmake\n'}
[1.053873] (turtlesim) StdoutLine: {'line': b'-- Up-to-date: /root/ros2_ws/install/turtlesim/share/turtlesim/cmake/turtlesimConfig-version.cmake\n'}
[1.053951] (turtlesim) StdoutLine: {'line': b'-- Up-to-date: /root/ros2_ws/install/turtlesim/share/turtlesim/package.xml\n'}
[1.057297] (turtlesim) CommandEnded: {'returncode': 0}
[1.100230] (-) TimerEvent: {}
[1.200537] (-) TimerEvent: {}
[1.301179] (-) TimerEvent: {}
[1.402025] (-) TimerEvent: {}
[1.457722] (turtlesim) JobEnded: {'identifier': 'turtlesim', 'rc': 0}
[1.459224] (-) EventReactorShutdown: {}
