[0.834s] Invoking command in '/root/ros2_ws/build/examples_rclpy_minimal_action_server': PYTHONPATH=/root/ros2_ws/build/examples_rclpy_minimal_action_server/prefix_override:/root/ros2_ws/install/examples_rclpy_minimal_action_server/lib/python3.10/site-packages:${PYTHONPATH} /usr/bin/python3 setup.py develop --editable --build-directory /root/ros2_ws/build/examples_rclpy_minimal_action_server/build --no-deps install_data
[1.165s] running develop
[1.166s] /usr/lib/python3/dist-packages/setuptools/command/easy_install.py:158: EasyInstallDeprecationWarning: easy_install command is deprecated. Use build and pip and other standards-based tools.
[1.166s]   warnings.warn(
[1.168s] /usr/lib/python3/dist-packages/setuptools/command/install.py:34: SetuptoolsDeprecationWarning: setup.py install is deprecated. Use build and pip and other standards-based tools.
[1.168s]   warnings.warn(
[1.358s] running egg_info
[1.358s] creating examples_rclpy_minimal_action_server.egg-info
[1.359s] writing examples_rclpy_minimal_action_server.egg-info/PKG-INFO
[1.359s] writing dependency_links to examples_rclpy_minimal_action_server.egg-info/dependency_links.txt
[1.359s] writing entry points to examples_rclpy_minimal_action_server.egg-info/entry_points.txt
[1.359s] writing requirements to examples_rclpy_minimal_action_server.egg-info/requires.txt
[1.359s] writing top-level names to examples_rclpy_minimal_action_server.egg-info/top_level.txt
[1.359s] writing manifest file 'examples_rclpy_minimal_action_server.egg-info/SOURCES.txt'
[1.359s] reading manifest file 'examples_rclpy_minimal_action_server.egg-info/SOURCES.txt'
[1.359s] writing manifest file 'examples_rclpy_minimal_action_server.egg-info/SOURCES.txt'
[1.366s] running build_ext
[1.371s] Creating /root/ros2_ws/install/examples_rclpy_minimal_action_server/lib/python3.10/site-packages/examples-rclpy-minimal-action-server.egg-link (link to .)
[1.373s] Installing server script to /root/ros2_ws/install/examples_rclpy_minimal_action_server/lib/examples_rclpy_minimal_action_server
[1.374s] Installing server_defer script to /root/ros2_ws/install/examples_rclpy_minimal_action_server/lib/examples_rclpy_minimal_action_server
[1.374s] Installing server_not_composable script to /root/ros2_ws/install/examples_rclpy_minimal_action_server/lib/examples_rclpy_minimal_action_server
[1.375s] Installing server_queue_goals script to /root/ros2_ws/install/examples_rclpy_minimal_action_server/lib/examples_rclpy_minimal_action_server
[1.375s] Installing server_single_goal script to /root/ros2_ws/install/examples_rclpy_minimal_action_server/lib/examples_rclpy_minimal_action_server
[1.376s] 
[1.376s] Installed /root/ros2_ws/build/examples_rclpy_minimal_action_server
[1.376s] running install_data
[1.377s] creating /root/ros2_ws/install/examples_rclpy_minimal_action_server/share/ament_index
[1.377s] creating /root/ros2_ws/install/examples_rclpy_minimal_action_server/share/ament_index/resource_index
[1.377s] creating /root/ros2_ws/install/examples_rclpy_minimal_action_server/share/ament_index/resource_index/packages
[1.378s] copying resource/examples_rclpy_minimal_action_server -> /root/ros2_ws/install/examples_rclpy_minimal_action_server/share/ament_index/resource_index/packages
[1.378s] copying package.xml -> /root/ros2_ws/install/examples_rclpy_minimal_action_server/share/examples_rclpy_minimal_action_server
[1.431s] Invoked command in '/root/ros2_ws/build/examples_rclpy_minimal_action_server' returned '0': PYTHONPATH=/root/ros2_ws/build/examples_rclpy_minimal_action_server/prefix_override:/root/ros2_ws/install/examples_rclpy_minimal_action_server/lib/python3.10/site-packages:${PYTHONPATH} /usr/bin/python3 setup.py develop --editable --build-directory /root/ros2_ws/build/examples_rclpy_minimal_action_server/build --no-deps install_data
