[0.000000] (-) TimerEvent: {}
[0.000273] (turtlesim) JobQueued: {'identifier': 'turtlesim', 'dependencies': OrderedDict()}
[0.000373] (turtlesim) JobStarted: {'identifier': 'turtlesim'}
[0.020205] (turtlesim) JobProgress: {'identifier': 'turtlesim', 'progress': 'cmake'}
[0.021574] (turtlesim) JobProgress: {'identifier': 'turtlesim', 'progress': 'build'}
[0.022728] (turtlesim) Command: {'cmd': ['/usr/bin/cmake', '--build', '/root/ros2_ws/build/turtlesim', '--', '-j4', '-l4'], 'cwd': '/root/ros2_ws/build/turtlesim', 'env': OrderedDict([('HOSTNAME', 'c85343b24d82'), ('SHLVL', '1'), ('LD_LIBRARY_PATH', '/opt/ros/iron/opt/rviz_ogre_vendor/lib:/opt/ros/iron/lib/x86_64-linux-gnu:/opt/ros/iron/lib'), ('HOME', '/root'), ('OLDPWD', '/'), ('ROS_PYTHON_VERSION', '3'), ('ROS_DISTRO', 'iron'), ('_', '/usr/bin/colcon'), ('ROS_VERSION', '2'), ('TERM', 'xterm'), ('PATH', '/opt/ros/iron/bin:/usr/local/sbin:/usr/local/bin:/usr/sbin:/usr/bin:/sbin:/bin'), ('DISPLAY', ':0'), ('LANG', 'C.UTF-8'), ('AMENT_PREFIX_PATH', '/opt/ros/iron'), ('ROS_AUTOMATIC_DISCOVERY_RANGE', 'SUBNET'), ('PWD', '/root/ros2_ws/build/turtlesim'), ('LC_ALL', 'C.UTF-8'), ('PYTHONPATH', '/opt/ros/iron/lib/python3.10/site-packages'), ('COLCON', '1'), ('CMAKE_PREFIX_PATH', '/opt/ros/iron')]), 'shell': False}
[0.098995] (-) TimerEvent: {}
[0.099648] (turtlesim) StdoutLine: {'line': b'[  0%] Built target turtlesim__rosidl_generator_type_description\n'}
[0.115857] (turtlesim) StdoutLine: {'line': b'[  0%] Built target ament_cmake_python_copy_turtlesim\n'}
[0.127845] (turtlesim) StdoutLine: {'line': b'[  1%] Built target turtlesim__cpp\n'}
[0.137998] (turtlesim) StdoutLine: {'line': b'[ 24%] Built target turtlesim__rosidl_generator_c\n'}
[0.174119] (turtlesim) StdoutLine: {'line': b'[ 41%] Built target turtlesim__rosidl_typesupport_cpp\n'}
[0.174385] (turtlesim) StdoutLine: {'line': b'[ 41%] Built target turtlesim__rosidl_typesupport_fastrtps_c\n'}
[0.182643] (turtlesim) StdoutLine: {'line': b'[ 49%] Built target turtlesim__rosidl_typesupport_fastrtps_cpp\n'}
[0.199136] (-) TimerEvent: {}
[0.214293] (turtlesim) StdoutLine: {'line': b'[ 59%] Built target turtlesim__rosidl_typesupport_introspection_c\n'}
[0.220110] (turtlesim) StdoutLine: {'line': b'[ 67%] Built target turtlesim__rosidl_typesupport_c\n'}
[0.223310] (turtlesim) StdoutLine: {'line': b'[ 75%] Built target turtlesim__rosidl_typesupport_introspection_cpp\n'}
[0.265960] (turtlesim) StdoutLine: {'line': b'[ 83%] Built target turtlesim_node\n'}
[0.266478] (turtlesim) StdoutLine: {'line': b'[ 84%] Built target draw_square\n'}
[0.266668] (turtlesim) StdoutLine: {'line': b'[ 78%] Built target turtle_teleop_key\n'}
[0.295234] (turtlesim) StdoutLine: {'line': b'[ 84%] Built target turtlesim\n'}
[0.299274] (-) TimerEvent: {}
[0.301546] (turtlesim) StdoutLine: {'line': b'[ 86%] Built target mimic\n'}
[0.321666] (turtlesim) StdoutLine: {'line': b'[ 86%] Built target turtlesim__py\n'}
[0.355353] (turtlesim) StdoutLine: {'line': b'[ 94%] Built target turtlesim__rosidl_generator_py\n'}
[0.384849] (turtlesim) StdoutLine: {'line': b'[ 97%] Built target turtlesim__rosidl_typesupport_fastrtps_c__pyext\n'}
[0.386459] (turtlesim) StdoutLine: {'line': b'[ 98%] Built target turtlesim__rosidl_typesupport_introspection_c__pyext\n'}
[0.388195] (turtlesim) StdoutLine: {'line': b'[100%] Built target turtlesim__rosidl_typesupport_c__pyext\n'}
[0.399448] (-) TimerEvent: {}
[0.477365] (turtlesim) StdoutLine: {'line': b'running egg_info\n'}
[0.478384] (turtlesim) StdoutLine: {'line': b'writing turtlesim.egg-info/PKG-INFO\n'}
[0.478749] (turtlesim) StdoutLine: {'line': b'writing dependency_links to turtlesim.egg-info/dependency_links.txt\n'}
[0.479029] (turtlesim) StdoutLine: {'line': b'writing top-level names to turtlesim.egg-info/top_level.txt\n'}
[0.482727] (turtlesim) StdoutLine: {'line': b"reading manifest file 'turtlesim.egg-info/SOURCES.txt'\n"}
[0.483859] (turtlesim) StdoutLine: {'line': b"writing manifest file 'turtlesim.egg-info/SOURCES.txt'\n"}
[0.499691] (-) TimerEvent: {}
[0.517371] (turtlesim) StdoutLine: {'line': b'[100%] Built target ament_cmake_python_build_turtlesim_egg\n'}
[0.537932] (turtlesim) CommandEnded: {'returncode': 0}
[0.600039] (-) TimerEvent: {}
[0.700395] (-) TimerEvent: {}
[0.800798] (-) TimerEvent: {}
[0.896462] (turtlesim) JobProgress: {'identifier': 'turtlesim', 'progress': 'install'}
[0.900998] (-) TimerEvent: {}
[0.908134] (turtlesim) Command: {'cmd': ['/usr/bin/cmake', '--install', '/root/ros2_ws/build/turtlesim'], 'cwd': '/root/ros2_ws/build/turtlesim', 'env': OrderedDict([('HOSTNAME', 'c85343b24d82'), ('SHLVL', '1'), ('LD_LIBRARY_PATH', '/opt/ros/iron/opt/rviz_ogre_vendor/lib:/opt/ros/iron/lib/x86_64-linux-gnu:/opt/ros/iron/lib'), ('HOME', '/root'), ('OLDPWD', '/'), ('ROS_PYTHON_VERSION', '3'), ('ROS_DISTRO', 'iron'), ('_', '/usr/bin/colcon'), ('ROS_VERSION', '2'), ('TERM', 'xterm'), ('PATH', '/opt/ros/iron/bin:/usr/local/sbin:/usr/local/bin:/usr/sbin:/usr/bin:/sbin:/bin'), ('DISPLAY', ':0'), ('LANG', 'C.UTF-8'), ('AMENT_PREFIX_PATH', '/opt/ros/iron'), ('ROS_AUTOMATIC_DISCOVERY_RANGE', 'SUBNET'), ('PWD', '/root/ros2_ws/build/turtlesim'), ('LC_ALL', 'C.UTF-8'), ('PYTHONPATH', '/opt/ros/iron/lib/python3.10/site-packages'), ('COLCON', '1'), ('CMAKE_PREFIX_PATH', '/opt/ros/iron')]), 'shell': False}
[0.917573] (turtlesim) StdoutLine: {'line': b'-- Install configuration: ""\n'}
[0.918346] (turtlesim) StdoutLine: {'line': b'-- Up-to-date: /root/ros2_ws/install/turtlesim/share/ament_index/resource_index/rosidl_interfaces/turtlesim\n'}
[0.918487] (turtlesim) StdoutLine: {'line': b'-- Up-to-date: /root/ros2_ws/install/turtlesim/share/turtlesim/action/RotateAbsolute.json\n'}
[0.918598] (turtlesim) StdoutLine: {'line': b'-- Up-to-date: /root/ros2_ws/install/turtlesim/share/turtlesim/msg/Color.json\n'}
[0.918733] (turtlesim) StdoutLine: {'line': b'-- Up-to-date: /root/ros2_ws/install/turtlesim/share/turtlesim/msg/Pose.json\n'}
[0.918848] (turtlesim) StdoutLine: {'line': b'-- Up-to-date: /root/ros2_ws/install/turtlesim/share/turtlesim/srv/Kill.json\n'}
[0.918952] (turtlesim) StdoutLine: {'line': b'-- Up-to-date: /root/ros2_ws/install/turtlesim/share/turtlesim/srv/SetPen.json\n'}
[0.919053] (turtlesim) StdoutLine: {'line': b'-- Up-to-date: /root/ros2_ws/install/turtlesim/share/turtlesim/srv/Spawn.json\n'}
[0.919153] (turtlesim) StdoutLine: {'line': b'-- Up-to-date: /root/ros2_ws/install/turtlesim/share/turtlesim/srv/TeleportAbsolute.json\n'}
[0.919413] (turtlesim) StdoutLine: {'line': b'-- Up-to-date: /root/ros2_ws/install/turtlesim/share/turtlesim/srv/TeleportRelative.json\n'}
[0.919649] (turtlesim) StdoutLine: {'line': b'-- Up-to-date: /root/ros2_ws/install/turtlesim/include/turtlesim/turtlesim\n'}
[0.919790] (turtlesim) StdoutLine: {'line': b'-- Up-to-date: /root/ros2_ws/install/turtlesim/include/turtlesim/turtlesim/msg\n'}
[0.919908] (turtlesim) StdoutLine: {'line': b'-- Up-to-date: /root/ros2_ws/install/turtlesim/include/turtlesim/turtlesim/msg/color.h\n'}
[0.920024] (turtlesim) StdoutLine: {'line': b'-- Up-to-date: /root/ros2_ws/install/turtlesim/include/turtlesim/turtlesim/msg/rosidl_generator_c__visibility_control.h\n'}
[0.920193] (turtlesim) StdoutLine: {'line': b'-- Up-to-date: /root/ros2_ws/install/turtlesim/include/turtlesim/turtlesim/msg/detail\n'}
[0.920532] (turtlesim) StdoutLine: {'line': b'-- Installing: /root/ros2_ws/install/turtlesim/include/turtlesim/turtlesim/msg/detail/color__type_support.c\n'}
[0.920942] (turtlesim) StdoutLine: {'line': b'-- Up-to-date: /root/ros2_ws/install/turtlesim/include/turtlesim/turtlesim/msg/detail/pose__functions.c\n'}
[0.921397] (turtlesim) StdoutLine: {'line': b'-- Up-to-date: /root/ros2_ws/install/turtlesim/include/turtlesim/turtlesim/msg/detail/pose__functions.h\n'}
[0.921731] (turtlesim) StdoutLine: {'line': b'-- Up-to-date: /root/ros2_ws/install/turtlesim/include/turtlesim/turtlesim/msg/detail/pose__description.c\n'}
[0.921936] (turtlesim) StdoutLine: {'line': b'-- Installing: /root/ros2_ws/install/turtlesim/include/turtlesim/turtlesim/msg/detail/pose__type_support.c\n'}
[0.922139] (turtlesim) StdoutLine: {'line': b'-- Up-to-date: /root/ros2_ws/install/turtlesim/include/turtlesim/turtlesim/msg/detail/color__type_support.h\n'}
[0.922308] (turtlesim) StdoutLine: {'line': b'-- Up-to-date: /root/ros2_ws/install/turtlesim/include/turtlesim/turtlesim/msg/detail/color__description.c\n'}
[0.922520] (turtlesim) StdoutLine: {'line': b'-- Up-to-date: /root/ros2_ws/install/turtlesim/include/turtlesim/turtlesim/msg/detail/color__functions.c\n'}
[0.922717] (turtlesim) StdoutLine: {'line': b'-- Up-to-date: /root/ros2_ws/install/turtlesim/include/turtlesim/turtlesim/msg/detail/color__struct.h\n'}
[0.923111] (turtlesim) StdoutLine: {'line': b'-- Up-to-date: /root/ros2_ws/install/turtlesim/include/turtlesim/turtlesim/msg/detail/pose__type_support.h\n'}
[0.923399] (turtlesim) StdoutLine: {'line': b'-- Up-to-date: /root/ros2_ws/install/turtlesim/include/turtlesim/turtlesim/msg/detail/pose__struct.h\n'}
[0.923641] (turtlesim) StdoutLine: {'line': b'-- Up-to-date: /root/ros2_ws/install/turtlesim/include/turtlesim/turtlesim/msg/detail/color__functions.h\n'}
[0.923870] (turtlesim) StdoutLine: {'line': b'-- Up-to-date: /root/ros2_ws/install/turtlesim/include/turtlesim/turtlesim/msg/pose.h\n'}
[0.924291] (turtlesim) StdoutLine: {'line': b'-- Up-to-date: /root/ros2_ws/install/turtlesim/include/turtlesim/turtlesim/action\n'}
[0.924603] (turtlesim) StdoutLine: {'line': b'-- Up-to-date: /root/ros2_ws/install/turtlesim/include/turtlesim/turtlesim/action/detail\n'}
[0.924926] (turtlesim) StdoutLine: {'line': b'-- Up-to-date: /root/ros2_ws/install/turtlesim/include/turtlesim/turtlesim/action/detail/rotate_absolute__description.c\n'}
[0.925288] (turtlesim) StdoutLine: {'line': b'-- Installing: /root/ros2_ws/install/turtlesim/include/turtlesim/turtlesim/action/detail/rotate_absolute__type_support.c\n'}
[0.925540] (turtlesim) StdoutLine: {'line': b'-- Up-to-date: /root/ros2_ws/install/turtlesim/include/turtlesim/turtlesim/action/detail/rotate_absolute__struct.h\n'}
[0.925714] (turtlesim) StdoutLine: {'line': b'-- Up-to-date: /root/ros2_ws/install/turtlesim/include/turtlesim/turtlesim/action/detail/rotate_absolute__type_support.h\n'}
[0.925869] (turtlesim) StdoutLine: {'line': b'-- Up-to-date: /root/ros2_ws/install/turtlesim/include/turtlesim/turtlesim/action/detail/rotate_absolute__functions.c\n'}
[0.926068] (turtlesim) StdoutLine: {'line': b'-- Up-to-date: /root/ros2_ws/install/turtlesim/include/turtlesim/turtlesim/action/detail/rotate_absolute__functions.h\n'}
[0.926320] (turtlesim) StdoutLine: {'line': b'-- Up-to-date: /root/ros2_ws/install/turtlesim/include/turtlesim/turtlesim/action/rotate_absolute.h\n'}
[0.926526] (turtlesim) StdoutLine: {'line': b'-- Up-to-date: /root/ros2_ws/install/turtlesim/include/turtlesim/turtlesim/srv\n'}
[0.926725] (turtlesim) StdoutLine: {'line': b'-- Up-to-date: /root/ros2_ws/install/turtlesim/include/turtlesim/turtlesim/srv/teleport_relative.h\n'}
[0.927774] (turtlesim) StdoutLine: {'line': b'-- Up-to-date: /root/ros2_ws/install/turtlesim/include/turtlesim/turtlesim/srv/kill.h\n'}
[0.928371] (turtlesim) StdoutLine: {'line': b'-- Up-to-date: /root/ros2_ws/install/turtlesim/include/turtlesim/turtlesim/srv/spawn.h\n'}
[0.928832] (turtlesim) StdoutLine: {'line': b'-- Up-to-date: /root/ros2_ws/install/turtlesim/include/turtlesim/turtlesim/srv/teleport_absolute.h\n'}
[0.929197] (turtlesim) StdoutLine: {'line': b'-- Up-to-date: /root/ros2_ws/install/turtlesim/include/turtlesim/turtlesim/srv/detail\n'}
[0.929419] (turtlesim) StdoutLine: {'line': b'-- Installing: /root/ros2_ws/install/turtlesim/include/turtlesim/turtlesim/srv/detail/kill__type_support.c\n'}
[0.929538] (turtlesim) StdoutLine: {'line': b'-- Up-to-date: /root/ros2_ws/install/turtlesim/include/turtlesim/turtlesim/srv/detail/set_pen__struct.h\n'}
[0.930361] (turtlesim) StdoutLine: {'line': b'-- Up-to-date: /root/ros2_ws/install/turtlesim/include/turtlesim/turtlesim/srv/detail/spawn__functions.c\n'}
[0.930926] (turtlesim) StdoutLine: {'line': b'-- Up-to-date: /root/ros2_ws/install/turtlesim/include/turtlesim/turtlesim/srv/detail/set_pen__type_support.h\n'}
[0.931073] (turtlesim) StdoutLine: {'line': b'-- Up-to-date: /root/ros2_ws/install/turtlesim/include/turtlesim/turtlesim/srv/detail/teleport_absolute__struct.h\n'}
[0.931551] (turtlesim) StdoutLine: {'line': b'-- Up-to-date: /root/ros2_ws/install/turtlesim/include/turtlesim/turtlesim/srv/detail/set_pen__description.c\n'}
[0.931710] (turtlesim) StdoutLine: {'line': b'-- Up-to-date: /root/ros2_ws/install/turtlesim/include/turtlesim/turtlesim/srv/detail/kill__type_support.h\n'}
[0.931822] (turtlesim) StdoutLine: {'line': b'-- Up-to-date: /root/ros2_ws/install/turtlesim/include/turtlesim/turtlesim/srv/detail/spawn__struct.h\n'}
[0.932115] (turtlesim) StdoutLine: {'line': b'-- Installing: /root/ros2_ws/install/turtlesim/include/turtlesim/turtlesim/srv/detail/teleport_absolute__type_support.c\n'}
[0.932291] (turtlesim) StdoutLine: {'line': b'-- Up-to-date: /root/ros2_ws/install/turtlesim/include/turtlesim/turtlesim/srv/detail/set_pen__functions.c\n'}
[0.932403] (turtlesim) StdoutLine: {'line': b'-- Up-to-date: /root/ros2_ws/install/turtlesim/include/turtlesim/turtlesim/srv/detail/kill__struct.h\n'}
[0.932678] (turtlesim) StdoutLine: {'line': b'-- Up-to-date: /root/ros2_ws/install/turtlesim/include/turtlesim/turtlesim/srv/detail/kill__functions.c\n'}
[0.933078] (turtlesim) StdoutLine: {'line': b'-- Up-to-date: /root/ros2_ws/install/turtlesim/include/turtlesim/turtlesim/srv/detail/teleport_absolute__description.c\n'}
[0.933788] (turtlesim) StdoutLine: {'line': b'-- Installing: /root/ros2_ws/install/turtlesim/include/turtlesim/turtlesim/srv/detail/set_pen__type_support.c\n'}
[0.934480] (turtlesim) StdoutLine: {'line': b'-- Up-to-date: /root/ros2_ws/install/turtlesim/include/turtlesim/turtlesim/srv/detail/set_pen__functions.h\n'}
[0.934720] (turtlesim) StdoutLine: {'line': b'-- Up-to-date: /root/ros2_ws/install/turtlesim/include/turtlesim/turtlesim/srv/detail/spawn__description.c\n'}
[0.934994] (turtlesim) StdoutLine: {'line': b'-- Up-to-date: /root/ros2_ws/install/turtlesim/include/turtlesim/turtlesim/srv/detail/teleport_absolute__functions.c\n'}
[0.935110] (turtlesim) StdoutLine: {'line': b'-- Up-to-date: /root/ros2_ws/install/turtlesim/include/turtlesim/turtlesim/srv/detail/kill__description.c\n'}
[0.935388] (turtlesim) StdoutLine: {'line': b'-- Up-to-date: /root/ros2_ws/install/turtlesim/include/turtlesim/turtlesim/srv/detail/spawn__type_support.h\n'}
[0.935659] (turtlesim) StdoutLine: {'line': b'-- Up-to-date: /root/ros2_ws/install/turtlesim/include/turtlesim/turtlesim/srv/detail/teleport_absolute__type_support.h\n'}
[0.935952] (turtlesim) StdoutLine: {'line': b'-- Installing: /root/ros2_ws/install/turtlesim/include/turtlesim/turtlesim/srv/detail/spawn__type_support.c\n'}
[0.936291] (turtlesim) StdoutLine: {'line': b'-- Up-to-date: /root/ros2_ws/install/turtlesim/include/turtlesim/turtlesim/srv/detail/teleport_absolute__functions.h\n'}
[0.936479] (turtlesim) StdoutLine: {'line': b'-- Up-to-date: /root/ros2_ws/install/turtlesim/include/turtlesim/turtlesim/srv/detail/teleport_relative__functions.h\n'}
[0.936797] (turtlesim) StdoutLine: {'line': b'-- Up-to-date: /root/ros2_ws/install/turtlesim/include/turtlesim/turtlesim/srv/detail/kill__functions.h\n'}
[0.936923] (turtlesim) StdoutLine: {'line': b'-- Up-to-date: /root/ros2_ws/install/turtlesim/include/turtlesim/turtlesim/srv/detail/teleport_relative__struct.h\n'}
[0.937673] (turtlesim) StdoutLine: {'line': b'-- Up-to-date: /root/ros2_ws/install/turtlesim/include/turtlesim/turtlesim/srv/detail/teleport_relative__description.c\n'}
[0.937997] (turtlesim) StdoutLine: {'line': b'-- Up-to-date: /root/ros2_ws/install/turtlesim/include/turtlesim/turtlesim/srv/detail/spawn__functions.h\n'}
[0.938363] (turtlesim) StdoutLine: {'line': b'-- Installing: /root/ros2_ws/install/turtlesim/include/turtlesim/turtlesim/srv/detail/teleport_relative__type_support.c\n'}
[0.938683] (turtlesim) StdoutLine: {'line': b'-- Up-to-date: /root/ros2_ws/install/turtlesim/include/turtlesim/turtlesim/srv/detail/teleport_relative__type_support.h\n'}
[0.938850] (turtlesim) StdoutLine: {'line': b'-- Up-to-date: /root/ros2_ws/install/turtlesim/include/turtlesim/turtlesim/srv/detail/teleport_relative__functions.c\n'}
[0.939049] (turtlesim) StdoutLine: {'line': b'-- Up-to-date: /root/ros2_ws/install/turtlesim/include/turtlesim/turtlesim/srv/set_pen.h\n'}
[0.939411] (turtlesim) StdoutLine: {'line': b'-- Up-to-date: /root/ros2_ws/install/turtlesim/share/turtlesim/environment/library_path.sh\n'}
[0.939539] (turtlesim) StdoutLine: {'line': b'-- Up-to-date: /root/ros2_ws/install/turtlesim/share/turtlesim/environment/library_path.dsv\n'}
[0.939647] (turtlesim) StdoutLine: {'line': b'-- Up-to-date: /root/ros2_ws/install/turtlesim/lib/libturtlesim__rosidl_generator_c.so\n'}
[0.939750] (turtlesim) StdoutLine: {'line': b'-- Up-to-date: /root/ros2_ws/install/turtlesim/include/turtlesim/turtlesim\n'}
[0.939852] (turtlesim) StdoutLine: {'line': b'-- Up-to-date: /root/ros2_ws/install/turtlesim/include/turtlesim/turtlesim/msg\n'}
[0.939952] (turtlesim) StdoutLine: {'line': b'-- Up-to-date: /root/ros2_ws/install/turtlesim/include/turtlesim/turtlesim/msg/rosidl_typesupport_fastrtps_c__visibility_control.h\n'}
[0.940051] (turtlesim) StdoutLine: {'line': b'-- Up-to-date: /root/ros2_ws/install/turtlesim/include/turtlesim/turtlesim/msg/detail\n'}
[0.940180] (turtlesim) StdoutLine: {'line': b'-- Up-to-date: /root/ros2_ws/install/turtlesim/include/turtlesim/turtlesim/msg/detail/color__rosidl_typesupport_fastrtps_c.h\n'}
[0.940340] (turtlesim) StdoutLine: {'line': b'-- Up-to-date: /root/ros2_ws/install/turtlesim/include/turtlesim/turtlesim/msg/detail/pose__rosidl_typesupport_fastrtps_c.h\n'}
[0.940467] (turtlesim) StdoutLine: {'line': b'-- Up-to-date: /root/ros2_ws/install/turtlesim/include/turtlesim/turtlesim/action\n'}
[0.940571] (turtlesim) StdoutLine: {'line': b'-- Up-to-date: /root/ros2_ws/install/turtlesim/include/turtlesim/turtlesim/action/detail\n'}
[0.940672] (turtlesim) StdoutLine: {'line': b'-- Up-to-date: /root/ros2_ws/install/turtlesim/include/turtlesim/turtlesim/action/detail/rotate_absolute__rosidl_typesupport_fastrtps_c.h\n'}
[0.940773] (turtlesim) StdoutLine: {'line': b'-- Up-to-date: /root/ros2_ws/install/turtlesim/include/turtlesim/turtlesim/srv\n'}
[0.940873] (turtlesim) StdoutLine: {'line': b'-- Up-to-date: /root/ros2_ws/install/turtlesim/include/turtlesim/turtlesim/srv/detail\n'}
[0.940973] (turtlesim) StdoutLine: {'line': b'-- Up-to-date: /root/ros2_ws/install/turtlesim/include/turtlesim/turtlesim/srv/detail/set_pen__rosidl_typesupport_fastrtps_c.h\n'}
[0.941073] (turtlesim) StdoutLine: {'line': b'-- Up-to-date: /root/ros2_ws/install/turtlesim/include/turtlesim/turtlesim/srv/detail/teleport_absolute__rosidl_typesupport_fastrtps_c.h\n'}
[0.941196] (turtlesim) StdoutLine: {'line': b'-- Up-to-date: /root/ros2_ws/install/turtlesim/include/turtlesim/turtlesim/srv/detail/teleport_relative__rosidl_typesupport_fastrtps_c.h\n'}
[0.941316] (turtlesim) StdoutLine: {'line': b'-- Up-to-date: /root/ros2_ws/install/turtlesim/include/turtlesim/turtlesim/srv/detail/kill__rosidl_typesupport_fastrtps_c.h\n'}
[0.941428] (turtlesim) StdoutLine: {'line': b'-- Up-to-date: /root/ros2_ws/install/turtlesim/include/turtlesim/turtlesim/srv/detail/spawn__rosidl_typesupport_fastrtps_c.h\n'}
[0.941529] (turtlesim) StdoutLine: {'line': b'-- Up-to-date: /root/ros2_ws/install/turtlesim/lib/libturtlesim__rosidl_typesupport_fastrtps_c.so\n'}
[0.941627] (turtlesim) StdoutLine: {'line': b'-- Up-to-date: /root/ros2_ws/install/turtlesim/include/turtlesim/turtlesim\n'}
[0.941726] (turtlesim) StdoutLine: {'line': b'-- Up-to-date: /root/ros2_ws/install/turtlesim/include/turtlesim/turtlesim/msg\n'}
[0.941823] (turtlesim) StdoutLine: {'line': b'-- Up-to-date: /root/ros2_ws/install/turtlesim/include/turtlesim/turtlesim/msg/pose.hpp\n'}
[0.941922] (turtlesim) StdoutLine: {'line': b'-- Up-to-date: /root/ros2_ws/install/turtlesim/include/turtlesim/turtlesim/msg/color.hpp\n'}
[0.942020] (turtlesim) StdoutLine: {'line': b'-- Up-to-date: /root/ros2_ws/install/turtlesim/include/turtlesim/turtlesim/msg/detail\n'}
[0.942161] (turtlesim) StdoutLine: {'line': b'-- Up-to-date: /root/ros2_ws/install/turtlesim/include/turtlesim/turtlesim/msg/detail/color__traits.hpp\n'}
[0.942321] (turtlesim) StdoutLine: {'line': b'-- Up-to-date: /root/ros2_ws/install/turtlesim/include/turtlesim/turtlesim/msg/detail/color__struct.hpp\n'}
[0.942438] (turtlesim) StdoutLine: {'line': b'-- Up-to-date: /root/ros2_ws/install/turtlesim/include/turtlesim/turtlesim/msg/detail/pose__struct.hpp\n'}
[0.942538] (turtlesim) StdoutLine: {'line': b'-- Up-to-date: /root/ros2_ws/install/turtlesim/include/turtlesim/turtlesim/msg/detail/pose__builder.hpp\n'}
[0.942637] (turtlesim) StdoutLine: {'line': b'-- Up-to-date: /root/ros2_ws/install/turtlesim/include/turtlesim/turtlesim/msg/detail/color__builder.hpp\n'}
[0.942735] (turtlesim) StdoutLine: {'line': b'-- Up-to-date: /root/ros2_ws/install/turtlesim/include/turtlesim/turtlesim/msg/detail/pose__traits.hpp\n'}
[0.942833] (turtlesim) StdoutLine: {'line': b'-- Up-to-date: /root/ros2_ws/install/turtlesim/include/turtlesim/turtlesim/action\n'}
[0.942930] (turtlesim) StdoutLine: {'line': b'-- Up-to-date: /root/ros2_ws/install/turtlesim/include/turtlesim/turtlesim/action/rotate_absolute.hpp\n'}
[0.943027] (turtlesim) StdoutLine: {'line': b'-- Up-to-date: /root/ros2_ws/install/turtlesim/include/turtlesim/turtlesim/action/detail\n'}
[0.943135] (turtlesim) StdoutLine: {'line': b'-- Up-to-date: /root/ros2_ws/install/turtlesim/include/turtlesim/turtlesim/action/detail/rotate_absolute__struct.hpp\n'}
[0.943276] (turtlesim) StdoutLine: {'line': b'-- Up-to-date: /root/ros2_ws/install/turtlesim/include/turtlesim/turtlesim/action/detail/rotate_absolute__traits.hpp\n'}
[0.943384] (turtlesim) StdoutLine: {'line': b'-- Up-to-date: /root/ros2_ws/install/turtlesim/include/turtlesim/turtlesim/action/detail/rotate_absolute__builder.hpp\n'}
[0.943485] (turtlesim) StdoutLine: {'line': b'-- Up-to-date: /root/ros2_ws/install/turtlesim/include/turtlesim/turtlesim/srv\n'}
[0.943585] (turtlesim) StdoutLine: {'line': b'-- Up-to-date: /root/ros2_ws/install/turtlesim/include/turtlesim/turtlesim/srv/teleport_absolute.hpp\n'}
[0.943684] (turtlesim) StdoutLine: {'line': b'-- Up-to-date: /root/ros2_ws/install/turtlesim/include/turtlesim/turtlesim/srv/kill.hpp\n'}
[0.943783] (turtlesim) StdoutLine: {'line': b'-- Up-to-date: /root/ros2_ws/install/turtlesim/include/turtlesim/turtlesim/srv/teleport_relative.hpp\n'}
[0.943882] (turtlesim) StdoutLine: {'line': b'-- Up-to-date: /root/ros2_ws/install/turtlesim/include/turtlesim/turtlesim/srv/set_pen.hpp\n'}
[0.943980] (turtlesim) StdoutLine: {'line': b'-- Up-to-date: /root/ros2_ws/install/turtlesim/include/turtlesim/turtlesim/srv/spawn.hpp\n'}
[0.944079] (turtlesim) StdoutLine: {'line': b'-- Up-to-date: /root/ros2_ws/install/turtlesim/include/turtlesim/turtlesim/srv/detail\n'}
[0.944223] (turtlesim) StdoutLine: {'line': b'-- Up-to-date: /root/ros2_ws/install/turtlesim/include/turtlesim/turtlesim/srv/detail/set_pen__builder.hpp\n'}
[0.944331] (turtlesim) StdoutLine: {'line': b'-- Up-to-date: /root/ros2_ws/install/turtlesim/include/turtlesim/turtlesim/srv/detail/set_pen__struct.hpp\n'}
[0.944432] (turtlesim) StdoutLine: {'line': b'-- Up-to-date: /root/ros2_ws/install/turtlesim/include/turtlesim/turtlesim/srv/detail/spawn__struct.hpp\n'}
[0.944531] (turtlesim) StdoutLine: {'line': b'-- Up-to-date: /root/ros2_ws/install/turtlesim/include/turtlesim/turtlesim/srv/detail/spawn__traits.hpp\n'}
[0.944630] (turtlesim) StdoutLine: {'line': b'-- Up-to-date: /root/ros2_ws/install/turtlesim/include/turtlesim/turtlesim/srv/detail/spawn__builder.hpp\n'}
[0.944727] (turtlesim) StdoutLine: {'line': b'-- Up-to-date: /root/ros2_ws/install/turtlesim/include/turtlesim/turtlesim/srv/detail/teleport_absolute__builder.hpp\n'}
[0.944826] (turtlesim) StdoutLine: {'line': b'-- Up-to-date: /root/ros2_ws/install/turtlesim/include/turtlesim/turtlesim/srv/detail/teleport_absolute__struct.hpp\n'}
[0.944924] (turtlesim) StdoutLine: {'line': b'-- Up-to-date: /root/ros2_ws/install/turtlesim/include/turtlesim/turtlesim/srv/detail/kill__traits.hpp\n'}
[0.945022] (turtlesim) StdoutLine: {'line': b'-- Up-to-date: /root/ros2_ws/install/turtlesim/include/turtlesim/turtlesim/srv/detail/teleport_relative__builder.hpp\n'}
[0.945120] (turtlesim) StdoutLine: {'line': b'-- Up-to-date: /root/ros2_ws/install/turtlesim/include/turtlesim/turtlesim/srv/detail/kill__builder.hpp\n'}
[0.945299] (turtlesim) StdoutLine: {'line': b'-- Up-to-date: /root/ros2_ws/install/turtlesim/include/turtlesim/turtlesim/srv/detail/teleport_absolute__traits.hpp\n'}
[0.945462] (turtlesim) StdoutLine: {'line': b'-- Up-to-date: /root/ros2_ws/install/turtlesim/include/turtlesim/turtlesim/srv/detail/teleport_relative__traits.hpp\n'}
[0.945579] (turtlesim) StdoutLine: {'line': b'-- Up-to-date: /root/ros2_ws/install/turtlesim/include/turtlesim/turtlesim/srv/detail/kill__struct.hpp\n'}
[0.945683] (turtlesim) StdoutLine: {'line': b'-- Up-to-date: /root/ros2_ws/install/turtlesim/include/turtlesim/turtlesim/srv/detail/teleport_relative__struct.hpp\n'}
[0.945785] (turtlesim) StdoutLine: {'line': b'-- Up-to-date: /root/ros2_ws/install/turtlesim/include/turtlesim/turtlesim/srv/detail/set_pen__traits.hpp\n'}
[0.945887] (turtlesim) StdoutLine: {'line': b'-- Up-to-date: /root/ros2_ws/install/turtlesim/include/turtlesim/turtlesim\n'}
[0.945985] (turtlesim) StdoutLine: {'line': b'-- Up-to-date: /root/ros2_ws/install/turtlesim/include/turtlesim/turtlesim/msg\n'}
[0.946085] (turtlesim) StdoutLine: {'line': b'-- Up-to-date: /root/ros2_ws/install/turtlesim/include/turtlesim/turtlesim/msg/rosidl_typesupport_fastrtps_cpp__visibility_control.h\n'}
[0.946233] (turtlesim) StdoutLine: {'line': b'-- Up-to-date: /root/ros2_ws/install/turtlesim/include/turtlesim/turtlesim/msg/detail\n'}
[0.946342] (turtlesim) StdoutLine: {'line': b'-- Up-to-date: /root/ros2_ws/install/turtlesim/include/turtlesim/turtlesim/msg/detail/dds_fastrtps\n'}
[0.946446] (turtlesim) StdoutLine: {'line': b'-- Up-to-date: /root/ros2_ws/install/turtlesim/include/turtlesim/turtlesim/msg/detail/pose__rosidl_typesupport_fastrtps_cpp.hpp\n'}
[0.946548] (turtlesim) StdoutLine: {'line': b'-- Up-to-date: /root/ros2_ws/install/turtlesim/include/turtlesim/turtlesim/msg/detail/color__rosidl_typesupport_fastrtps_cpp.hpp\n'}
[0.946647] (turtlesim) StdoutLine: {'line': b'-- Up-to-date: /root/ros2_ws/install/turtlesim/include/turtlesim/turtlesim/action\n'}
[0.946746] (turtlesim) StdoutLine: {'line': b'-- Up-to-date: /root/ros2_ws/install/turtlesim/include/turtlesim/turtlesim/action/detail\n'}
[0.946845] (turtlesim) StdoutLine: {'line': b'-- Up-to-date: /root/ros2_ws/install/turtlesim/include/turtlesim/turtlesim/action/detail/rotate_absolute__rosidl_typesupport_fastrtps_cpp.hpp\n'}
[0.946944] (turtlesim) StdoutLine: {'line': b'-- Up-to-date: /root/ros2_ws/install/turtlesim/include/turtlesim/turtlesim/action/detail/dds_fastrtps\n'}
[0.947041] (turtlesim) StdoutLine: {'line': b'-- Up-to-date: /root/ros2_ws/install/turtlesim/include/turtlesim/turtlesim/srv\n'}
[0.947163] (turtlesim) StdoutLine: {'line': b'-- Up-to-date: /root/ros2_ws/install/turtlesim/include/turtlesim/turtlesim/srv/detail\n'}
[0.947284] (turtlesim) StdoutLine: {'line': b'-- Up-to-date: /root/ros2_ws/install/turtlesim/include/turtlesim/turtlesim/srv/detail/teleport_relative__rosidl_typesupport_fastrtps_cpp.hpp\n'}
[0.947400] (turtlesim) StdoutLine: {'line': b'-- Up-to-date: /root/ros2_ws/install/turtlesim/include/turtlesim/turtlesim/srv/detail/kill__rosidl_typesupport_fastrtps_cpp.hpp\n'}
[0.947501] (turtlesim) StdoutLine: {'line': b'-- Up-to-date: /root/ros2_ws/install/turtlesim/include/turtlesim/turtlesim/srv/detail/dds_fastrtps\n'}
[0.947631] (turtlesim) StdoutLine: {'line': b'-- Up-to-date: /root/ros2_ws/install/turtlesim/include/turtlesim/turtlesim/srv/detail/set_pen__rosidl_typesupport_fastrtps_cpp.hpp\n'}
[0.947752] (turtlesim) StdoutLine: {'line': b'-- Up-to-date: /root/ros2_ws/install/turtlesim/include/turtlesim/turtlesim/srv/detail/spawn__rosidl_typesupport_fastrtps_cpp.hpp\n'}
[0.947854] (turtlesim) StdoutLine: {'line': b'-- Up-to-date: /root/ros2_ws/install/turtlesim/include/turtlesim/turtlesim/srv/detail/teleport_absolute__rosidl_typesupport_fastrtps_cpp.hpp\n'}
[0.947955] (turtlesim) StdoutLine: {'line': b'-- Up-to-date: /root/ros2_ws/install/turtlesim/lib/libturtlesim__rosidl_typesupport_fastrtps_cpp.so\n'}
[0.948064] (turtlesim) StdoutLine: {'line': b'-- Up-to-date: /root/ros2_ws/install/turtlesim/include/turtlesim/turtlesim\n'}
[0.948202] (turtlesim) StdoutLine: {'line': b'-- Up-to-date: /root/ros2_ws/install/turtlesim/include/turtlesim/turtlesim/msg\n'}
[0.948312] (turtlesim) StdoutLine: {'line': b'-- Up-to-date: /root/ros2_ws/install/turtlesim/include/turtlesim/turtlesim/msg/rosidl_typesupport_introspection_c__visibility_control.h\n'}
[0.948414] (turtlesim) StdoutLine: {'line': b'-- Up-to-date: /root/ros2_ws/install/turtlesim/include/turtlesim/turtlesim/msg/detail\n'}
[0.948513] (turtlesim) StdoutLine: {'line': b'-- Installing: /root/ros2_ws/install/turtlesim/include/turtlesim/turtlesim/msg/detail/color__type_support.c\n'}
[0.948736] (turtlesim) StdoutLine: {'line': b'-- Installing: /root/ros2_ws/install/turtlesim/include/turtlesim/turtlesim/msg/detail/pose__type_support.c\n'}
[0.948869] (turtlesim) StdoutLine: {'line': b'-- Up-to-date: /root/ros2_ws/install/turtlesim/include/turtlesim/turtlesim/msg/detail/color__rosidl_typesupport_introspection_c.h\n'}
[0.948982] (turtlesim) StdoutLine: {'line': b'-- Up-to-date: /root/ros2_ws/install/turtlesim/include/turtlesim/turtlesim/msg/detail/pose__rosidl_typesupport_introspection_c.h\n'}
[0.949091] (turtlesim) StdoutLine: {'line': b'-- Up-to-date: /root/ros2_ws/install/turtlesim/include/turtlesim/turtlesim/action\n'}
[0.949303] (turtlesim) StdoutLine: {'line': b'-- Up-to-date: /root/ros2_ws/install/turtlesim/include/turtlesim/turtlesim/action/detail\n'}
[0.949428] (turtlesim) StdoutLine: {'line': b'-- Installing: /root/ros2_ws/install/turtlesim/include/turtlesim/turtlesim/action/detail/rotate_absolute__type_support.c\n'}
[0.949534] (turtlesim) StdoutLine: {'line': b'-- Up-to-date: /root/ros2_ws/install/turtlesim/include/turtlesim/turtlesim/action/detail/rotate_absolute__rosidl_typesupport_introspection_c.h\n'}
[0.949646] (turtlesim) StdoutLine: {'line': b'-- Up-to-date: /root/ros2_ws/install/turtlesim/include/turtlesim/turtlesim/srv\n'}
[0.949746] (turtlesim) StdoutLine: {'line': b'-- Up-to-date: /root/ros2_ws/install/turtlesim/include/turtlesim/turtlesim/srv/detail\n'}
[0.949843] (turtlesim) StdoutLine: {'line': b'-- Installing: /root/ros2_ws/install/turtlesim/include/turtlesim/turtlesim/srv/detail/kill__type_support.c\n'}
[0.949940] (turtlesim) StdoutLine: {'line': b'-- Up-to-date: /root/ros2_ws/install/turtlesim/include/turtlesim/turtlesim/srv/detail/spawn__rosidl_typesupport_introspection_c.h\n'}
[0.950038] (turtlesim) StdoutLine: {'line': b'-- Up-to-date: /root/ros2_ws/install/turtlesim/include/turtlesim/turtlesim/srv/detail/teleport_relative__rosidl_typesupport_introspection_c.h\n'}
[0.950158] (turtlesim) StdoutLine: {'line': b'-- Up-to-date: /root/ros2_ws/install/turtlesim/include/turtlesim/turtlesim/srv/detail/kill__rosidl_typesupport_introspection_c.h\n'}
[0.950276] (turtlesim) StdoutLine: {'line': b'-- Installing: /root/ros2_ws/install/turtlesim/include/turtlesim/turtlesim/srv/detail/teleport_absolute__type_support.c\n'}
[0.950520] (turtlesim) StdoutLine: {'line': b'-- Installing: /root/ros2_ws/install/turtlesim/include/turtlesim/turtlesim/srv/detail/set_pen__type_support.c\n'}
[0.950624] (turtlesim) StdoutLine: {'line': b'-- Installing: /root/ros2_ws/install/turtlesim/include/turtlesim/turtlesim/srv/detail/spawn__type_support.c\n'}
[0.950722] (turtlesim) StdoutLine: {'line': b'-- Up-to-date: /root/ros2_ws/install/turtlesim/include/turtlesim/turtlesim/srv/detail/set_pen__rosidl_typesupport_introspection_c.h\n'}
[0.950819] (turtlesim) StdoutLine: {'line': b'-- Up-to-date: /root/ros2_ws/install/turtlesim/include/turtlesim/turtlesim/srv/detail/teleport_absolute__rosidl_typesupport_introspection_c.h\n'}
[0.950914] (turtlesim) StdoutLine: {'line': b'-- Installing: /root/ros2_ws/install/turtlesim/include/turtlesim/turtlesim/srv/detail/teleport_relative__type_support.c\n'}
[0.951010] (turtlesim) StdoutLine: {'line': b'-- Up-to-date: /root/ros2_ws/install/turtlesim/lib/libturtlesim__rosidl_typesupport_introspection_c.so\n'}
[0.951106] (turtlesim) StdoutLine: {'line': b'-- Up-to-date: /root/ros2_ws/install/turtlesim/lib/libturtlesim__rosidl_typesupport_c.so\n'}
[0.951278] (turtlesim) StdoutLine: {'line': b'-- Up-to-date: /root/ros2_ws/install/turtlesim/include/turtlesim/turtlesim\n'}
[0.951379] (turtlesim) StdoutLine: {'line': b'-- Up-to-date: /root/ros2_ws/install/turtlesim/include/turtlesim/turtlesim/msg\n'}
[0.951475] (turtlesim) StdoutLine: {'line': b'-- Up-to-date: /root/ros2_ws/install/turtlesim/include/turtlesim/turtlesim/msg/detail\n'}
[0.951573] (turtlesim) StdoutLine: {'line': b'-- Up-to-date: /root/ros2_ws/install/turtlesim/include/turtlesim/turtlesim/msg/detail/color__type_support.cpp\n'}
[0.951670] (turtlesim) StdoutLine: {'line': b'-- Up-to-date: /root/ros2_ws/install/turtlesim/include/turtlesim/turtlesim/msg/detail/color__rosidl_typesupport_introspection_cpp.hpp\n'}
[0.951781] (turtlesim) StdoutLine: {'line': b'-- Up-to-date: /root/ros2_ws/install/turtlesim/include/turtlesim/turtlesim/msg/detail/pose__type_support.cpp\n'}
[0.951879] (turtlesim) StdoutLine: {'line': b'-- Up-to-date: /root/ros2_ws/install/turtlesim/include/turtlesim/turtlesim/msg/detail/pose__rosidl_typesupport_introspection_cpp.hpp\n'}
[0.951975] (turtlesim) StdoutLine: {'line': b'-- Up-to-date: /root/ros2_ws/install/turtlesim/include/turtlesim/turtlesim/action\n'}
[0.952072] (turtlesim) StdoutLine: {'line': b'-- Up-to-date: /root/ros2_ws/install/turtlesim/include/turtlesim/turtlesim/action/detail\n'}
[0.952219] (turtlesim) StdoutLine: {'line': b'-- Up-to-date: /root/ros2_ws/install/turtlesim/include/turtlesim/turtlesim/action/detail/rotate_absolute__type_support.cpp\n'}
[0.952329] (turtlesim) StdoutLine: {'line': b'-- Up-to-date: /root/ros2_ws/install/turtlesim/include/turtlesim/turtlesim/action/detail/rotate_absolute__rosidl_typesupport_introspection_cpp.hpp\n'}
[0.952429] (turtlesim) StdoutLine: {'line': b'-- Up-to-date: /root/ros2_ws/install/turtlesim/include/turtlesim/turtlesim/srv\n'}
[0.952526] (turtlesim) StdoutLine: {'line': b'-- Up-to-date: /root/ros2_ws/install/turtlesim/include/turtlesim/turtlesim/srv/detail\n'}
[0.952623] (turtlesim) StdoutLine: {'line': b'-- Up-to-date: /root/ros2_ws/install/turtlesim/include/turtlesim/turtlesim/srv/detail/teleport_absolute__rosidl_typesupport_introspection_cpp.hpp\n'}
[0.952720] (turtlesim) StdoutLine: {'line': b'-- Up-to-date: /root/ros2_ws/install/turtlesim/include/turtlesim/turtlesim/srv/detail/teleport_absolute__type_support.cpp\n'}
[0.952816] (turtlesim) StdoutLine: {'line': b'-- Up-to-date: /root/ros2_ws/install/turtlesim/include/turtlesim/turtlesim/srv/detail/spawn__type_support.cpp\n'}
[0.952912] (turtlesim) StdoutLine: {'line': b'-- Up-to-date: /root/ros2_ws/install/turtlesim/include/turtlesim/turtlesim/srv/detail/kill__type_support.cpp\n'}
[0.953047] (turtlesim) StdoutLine: {'line': b'-- Up-to-date: /root/ros2_ws/install/turtlesim/include/turtlesim/turtlesim/srv/detail/set_pen__type_support.cpp\n'}
[0.953223] (turtlesim) StdoutLine: {'line': b'-- Up-to-date: /root/ros2_ws/install/turtlesim/include/turtlesim/turtlesim/srv/detail/spawn__rosidl_typesupport_introspection_cpp.hpp\n'}
[0.953360] (turtlesim) StdoutLine: {'line': b'-- Up-to-date: /root/ros2_ws/install/turtlesim/include/turtlesim/turtlesim/srv/detail/set_pen__rosidl_typesupport_introspection_cpp.hpp\n'}
[0.953473] (turtlesim) StdoutLine: {'line': b'-- Up-to-date: /root/ros2_ws/install/turtlesim/include/turtlesim/turtlesim/srv/detail/teleport_relative__rosidl_typesupport_introspection_cpp.hpp\n'}
[0.953574] (turtlesim) StdoutLine: {'line': b'-- Up-to-date: /root/ros2_ws/install/turtlesim/include/turtlesim/turtlesim/srv/detail/teleport_relative__type_support.cpp\n'}
[0.953711] (turtlesim) StdoutLine: {'line': b'-- Up-to-date: /root/ros2_ws/install/turtlesim/include/turtlesim/turtlesim/srv/detail/kill__rosidl_typesupport_introspection_cpp.hpp\n'}
[0.953823] (turtlesim) StdoutLine: {'line': b'-- Up-to-date: /root/ros2_ws/install/turtlesim/lib/libturtlesim__rosidl_typesupport_introspection_cpp.so\n'}
[0.953923] (turtlesim) StdoutLine: {'line': b'-- Up-to-date: /root/ros2_ws/install/turtlesim/lib/libturtlesim__rosidl_typesupport_cpp.so\n'}
[0.954029] (turtlesim) StdoutLine: {'line': b'-- Up-to-date: /root/ros2_ws/install/turtlesim/share/turtlesim/environment/pythonpath.sh\n'}
[0.954130] (turtlesim) StdoutLine: {'line': b'-- Up-to-date: /root/ros2_ws/install/turtlesim/share/turtlesim/environment/pythonpath.dsv\n'}
[0.954227] (turtlesim) StdoutLine: {'line': b'-- Up-to-date: /root/ros2_ws/install/turtlesim/lib/python3.10/site-packages/turtlesim-1.6.1-py3.10.egg-info\n'}
[0.954325] (turtlesim) StdoutLine: {'line': b'-- Installing: /root/ros2_ws/install/turtlesim/lib/python3.10/site-packages/turtlesim-1.6.1-py3.10.egg-info/PKG-INFO\n'}
[0.954422] (turtlesim) StdoutLine: {'line': b'-- Installing: /root/ros2_ws/install/turtlesim/lib/python3.10/site-packages/turtlesim-1.6.1-py3.10.egg-info/SOURCES.txt\n'}
[0.954519] (turtlesim) StdoutLine: {'line': b'-- Installing: /root/ros2_ws/install/turtlesim/lib/python3.10/site-packages/turtlesim-1.6.1-py3.10.egg-info/dependency_links.txt\n'}
[0.954617] (turtlesim) StdoutLine: {'line': b'-- Installing: /root/ros2_ws/install/turtlesim/lib/python3.10/site-packages/turtlesim-1.6.1-py3.10.egg-info/top_level.txt\n'}
[0.954780] (turtlesim) StdoutLine: {'line': b'-- Up-to-date: /root/ros2_ws/install/turtlesim/lib/python3.10/site-packages/turtlesim\n'}
[0.954887] (turtlesim) StdoutLine: {'line': b'-- Up-to-date: /root/ros2_ws/install/turtlesim/lib/python3.10/site-packages/turtlesim/msg\n'}
[0.954987] (turtlesim) StdoutLine: {'line': b'-- Up-to-date: /root/ros2_ws/install/turtlesim/lib/python3.10/site-packages/turtlesim/msg/_color.py\n'}
[0.955086] (turtlesim) StdoutLine: {'line': b'-- Up-to-date: /root/ros2_ws/install/turtlesim/lib/python3.10/site-packages/turtlesim/msg/__init__.py\n'}
[0.955184] (turtlesim) StdoutLine: {'line': b'-- Up-to-date: /root/ros2_ws/install/turtlesim/lib/python3.10/site-packages/turtlesim/msg/_color_s.c\n'}
[0.955281] (turtlesim) StdoutLine: {'line': b'-- Up-to-date: /root/ros2_ws/install/turtlesim/lib/python3.10/site-packages/turtlesim/msg/_pose.py\n'}
[0.955377] (turtlesim) StdoutLine: {'line': b'-- Up-to-date: /root/ros2_ws/install/turtlesim/lib/python3.10/site-packages/turtlesim/msg/_pose_s.c\n'}
[0.955474] (turtlesim) StdoutLine: {'line': b'-- Up-to-date: /root/ros2_ws/install/turtlesim/lib/python3.10/site-packages/turtlesim/turtlesim_s__rosidl_typesupport_fastrtps_c.cpython-310-x86_64-linux-gnu.so\n'}
[0.955572] (turtlesim) StdoutLine: {'line': b'-- Up-to-date: /root/ros2_ws/install/turtlesim/lib/python3.10/site-packages/turtlesim/turtlesim_s__rosidl_typesupport_introspection_c.cpython-310-x86_64-linux-gnu.so\n'}
[0.955713] (turtlesim) StdoutLine: {'line': b'-- Up-to-date: /root/ros2_ws/install/turtlesim/lib/python3.10/site-packages/turtlesim/__init__.py\n'}
[0.955828] (turtlesim) StdoutLine: {'line': b'-- Up-to-date: /root/ros2_ws/install/turtlesim/lib/python3.10/site-packages/turtlesim/_turtlesim_s.ep.rosidl_typesupport_introspection_c.c\n'}
[0.955930] (turtlesim) StdoutLine: {'line': b'-- Up-to-date: /root/ros2_ws/install/turtlesim/lib/python3.10/site-packages/turtlesim/action\n'}
[0.956029] (turtlesim) StdoutLine: {'line': b'-- Up-to-date: /root/ros2_ws/install/turtlesim/lib/python3.10/site-packages/turtlesim/action/__init__.py\n'}
[0.956128] (turtlesim) StdoutLine: {'line': b'-- Up-to-date: /root/ros2_ws/install/turtlesim/lib/python3.10/site-packages/turtlesim/action/_rotate_absolute_s.c\n'}
[0.956226] (turtlesim) StdoutLine: {'line': b'-- Up-to-date: /root/ros2_ws/install/turtlesim/lib/python3.10/site-packages/turtlesim/action/_rotate_absolute.py\n'}
[0.956324] (turtlesim) StdoutLine: {'line': b'-- Up-to-date: /root/ros2_ws/install/turtlesim/lib/python3.10/site-packages/turtlesim/srv\n'}
[0.956421] (turtlesim) StdoutLine: {'line': b'-- Up-to-date: /root/ros2_ws/install/turtlesim/lib/python3.10/site-packages/turtlesim/srv/__init__.py\n'}
[0.956518] (turtlesim) StdoutLine: {'line': b'-- Up-to-date: /root/ros2_ws/install/turtlesim/lib/python3.10/site-packages/turtlesim/srv/_set_pen_s.c\n'}
[0.956615] (turtlesim) StdoutLine: {'line': b'-- Up-to-date: /root/ros2_ws/install/turtlesim/lib/python3.10/site-packages/turtlesim/srv/_spawn_s.c\n'}
[0.956809] (turtlesim) StdoutLine: {'line': b'-- Up-to-date: /root/ros2_ws/install/turtlesim/lib/python3.10/site-packages/turtlesim/srv/_teleport_relative.py\n'}
[0.956916] (turtlesim) StdoutLine: {'line': b'-- Up-to-date: /root/ros2_ws/install/turtlesim/lib/python3.10/site-packages/turtlesim/srv/_spawn.py\n'}
[0.957016] (turtlesim) StdoutLine: {'line': b'-- Up-to-date: /root/ros2_ws/install/turtlesim/lib/python3.10/site-packages/turtlesim/srv/_kill.py\n'}
[0.957121] (turtlesim) StdoutLine: {'line': b'-- Up-to-date: /root/ros2_ws/install/turtlesim/lib/python3.10/site-packages/turtlesim/srv/_set_pen.py\n'}
[0.957219] (turtlesim) StdoutLine: {'line': b'-- Up-to-date: /root/ros2_ws/install/turtlesim/lib/python3.10/site-packages/turtlesim/srv/_teleport_absolute_s.c\n'}
[0.957317] (turtlesim) StdoutLine: {'line': b'-- Up-to-date: /root/ros2_ws/install/turtlesim/lib/python3.10/site-packages/turtlesim/srv/_teleport_absolute.py\n'}
[0.957414] (turtlesim) StdoutLine: {'line': b'-- Up-to-date: /root/ros2_ws/install/turtlesim/lib/python3.10/site-packages/turtlesim/srv/_kill_s.c\n'}
[0.957513] (turtlesim) StdoutLine: {'line': b'-- Up-to-date: /root/ros2_ws/install/turtlesim/lib/python3.10/site-packages/turtlesim/srv/_teleport_relative_s.c\n'}
[0.957609] (turtlesim) StdoutLine: {'line': b'-- Up-to-date: /root/ros2_ws/install/turtlesim/lib/python3.10/site-packages/turtlesim/_turtlesim_s.ep.rosidl_typesupport_fastrtps_c.c\n'}
[0.957750] (turtlesim) StdoutLine: {'line': b'-- Up-to-date: /root/ros2_ws/install/turtlesim/lib/python3.10/site-packages/turtlesim/turtlesim_s__rosidl_typesupport_c.cpython-310-x86_64-linux-gnu.so\n'}
[0.957856] (turtlesim) StdoutLine: {'line': b'-- Up-to-date: /root/ros2_ws/install/turtlesim/lib/python3.10/site-packages/turtlesim/_turtlesim_s.ep.rosidl_typesupport_c.c\n'}
[0.957957] (turtlesim) StdoutLine: {'line': b'-- Up-to-date: /root/ros2_ws/install/turtlesim/lib/python3.10/site-packages/turtlesim/libturtlesim__rosidl_generator_py.so\n'}
[0.982991] (turtlesim) StdoutLine: {'line': b"Listing '/root/ros2_ws/install/turtlesim/lib/python3.10/site-packages/turtlesim'...\n"}
[0.983239] (turtlesim) StdoutLine: {'line': b"Listing '/root/ros2_ws/install/turtlesim/lib/python3.10/site-packages/turtlesim/action'...\n"}
[0.983369] (turtlesim) StdoutLine: {'line': b"Listing '/root/ros2_ws/install/turtlesim/lib/python3.10/site-packages/turtlesim/msg'...\n"}
[0.983474] (turtlesim) StdoutLine: {'line': b"Listing '/root/ros2_ws/install/turtlesim/lib/python3.10/site-packages/turtlesim/srv'...\n"}
[0.988788] (turtlesim) StdoutLine: {'line': b'-- Up-to-date: /root/ros2_ws/install/turtlesim/lib/python3.10/site-packages/turtlesim/turtlesim_s__rosidl_typesupport_fastrtps_c.cpython-310-x86_64-linux-gnu.so\n'}
[0.989362] (turtlesim) StdoutLine: {'line': b'-- Up-to-date: /root/ros2_ws/install/turtlesim/lib/python3.10/site-packages/turtlesim/turtlesim_s__rosidl_typesupport_introspection_c.cpython-310-x86_64-linux-gnu.so\n'}
[0.989896] (turtlesim) StdoutLine: {'line': b'-- Up-to-date: /root/ros2_ws/install/turtlesim/lib/python3.10/site-packages/turtlesim/turtlesim_s__rosidl_typesupport_c.cpython-310-x86_64-linux-gnu.so\n'}
[0.990424] (turtlesim) StdoutLine: {'line': b'-- Up-to-date: /root/ros2_ws/install/turtlesim/lib/libturtlesim__rosidl_generator_py.so\n'}
[0.990770] (turtlesim) StdoutLine: {'line': b'-- Up-to-date: /root/ros2_ws/install/turtlesim/share/turtlesim/action/RotateAbsolute.idl\n'}
[0.991239] (turtlesim) StdoutLine: {'line': b'-- Up-to-date: /root/ros2_ws/install/turtlesim/share/turtlesim/msg/Color.idl\n'}
[0.991503] (turtlesim) StdoutLine: {'line': b'-- Up-to-date: /root/ros2_ws/install/turtlesim/share/turtlesim/msg/Pose.idl\n'}
[0.991768] (turtlesim) StdoutLine: {'line': b'-- Up-to-date: /root/ros2_ws/install/turtlesim/share/turtlesim/srv/Kill.idl\n'}
[0.992139] (turtlesim) StdoutLine: {'line': b'-- Up-to-date: /root/ros2_ws/install/turtlesim/share/turtlesim/srv/SetPen.idl\n'}
[0.992328] (turtlesim) StdoutLine: {'line': b'-- Up-to-date: /root/ros2_ws/install/turtlesim/share/turtlesim/srv/Spawn.idl\n'}
[0.992671] (turtlesim) StdoutLine: {'line': b'-- Up-to-date: /root/ros2_ws/install/turtlesim/share/turtlesim/srv/TeleportAbsolute.idl\n'}
[0.992909] (turtlesim) StdoutLine: {'line': b'-- Up-to-date: /root/ros2_ws/install/turtlesim/share/turtlesim/srv/TeleportRelative.idl\n'}
[0.993012] (turtlesim) StdoutLine: {'line': b'-- Up-to-date: /root/ros2_ws/install/turtlesim/share/turtlesim/action/RotateAbsolute.action\n'}
[0.993266] (turtlesim) StdoutLine: {'line': b'-- Up-to-date: /root/ros2_ws/install/turtlesim/share/turtlesim/msg/Color.msg\n'}
[0.993376] (turtlesim) StdoutLine: {'line': b'-- Up-to-date: /root/ros2_ws/install/turtlesim/share/turtlesim/msg/Pose.msg\n'}
[0.993475] (turtlesim) StdoutLine: {'line': b'-- Up-to-date: /root/ros2_ws/install/turtlesim/share/turtlesim/srv/Kill.srv\n'}
[0.993573] (turtlesim) StdoutLine: {'line': b'-- Up-to-date: /root/ros2_ws/install/turtlesim/share/turtlesim/srv/Kill_Request.msg\n'}
[0.993671] (turtlesim) StdoutLine: {'line': b'-- Up-to-date: /root/ros2_ws/install/turtlesim/share/turtlesim/srv/Kill_Response.msg\n'}
[0.993887] (turtlesim) StdoutLine: {'line': b'-- Up-to-date: /root/ros2_ws/install/turtlesim/share/turtlesim/srv/SetPen.srv\n'}
[0.994003] (turtlesim) StdoutLine: {'line': b'-- Up-to-date: /root/ros2_ws/install/turtlesim/share/turtlesim/srv/SetPen_Request.msg\n'}
[0.994102] (turtlesim) StdoutLine: {'line': b'-- Up-to-date: /root/ros2_ws/install/turtlesim/share/turtlesim/srv/SetPen_Response.msg\n'}
[0.994199] (turtlesim) StdoutLine: {'line': b'-- Up-to-date: /root/ros2_ws/install/turtlesim/share/turtlesim/srv/Spawn.srv\n'}
[0.994408] (turtlesim) StdoutLine: {'line': b'-- Up-to-date: /root/ros2_ws/install/turtlesim/share/turtlesim/srv/Spawn_Request.msg\n'}
[0.994514] (turtlesim) StdoutLine: {'line': b'-- Up-to-date: /root/ros2_ws/install/turtlesim/share/turtlesim/srv/Spawn_Response.msg\n'}
[0.994613] (turtlesim) StdoutLine: {'line': b'-- Up-to-date: /root/ros2_ws/install/turtlesim/share/turtlesim/srv/TeleportAbsolute.srv\n'}
[0.994717] (turtlesim) StdoutLine: {'line': b'-- Up-to-date: /root/ros2_ws/install/turtlesim/share/turtlesim/srv/TeleportAbsolute_Request.msg\n'}
[0.994815] (turtlesim) StdoutLine: {'line': b'-- Up-to-date: /root/ros2_ws/install/turtlesim/share/turtlesim/srv/TeleportAbsolute_Response.msg\n'}
[0.995061] (turtlesim) StdoutLine: {'line': b'-- Up-to-date: /root/ros2_ws/install/turtlesim/share/turtlesim/srv/TeleportRelative.srv\n'}
[0.995177] (turtlesim) StdoutLine: {'line': b'-- Up-to-date: /root/ros2_ws/install/turtlesim/share/turtlesim/srv/TeleportRelative_Request.msg\n'}
[0.995545] (turtlesim) StdoutLine: {'line': b'-- Up-to-date: /root/ros2_ws/install/turtlesim/share/turtlesim/srv/TeleportRelative_Response.msg\n'}
[0.995863] (turtlesim) StdoutLine: {'line': b'-- Up-to-date: /root/ros2_ws/install/turtlesim/lib/turtlesim/turtlesim_node\n'}
[0.996076] (turtlesim) StdoutLine: {'line': b'-- Up-to-date: /root/ros2_ws/install/turtlesim/lib/turtlesim/turtle_teleop_key\n'}
[0.996327] (turtlesim) StdoutLine: {'line': b'-- Up-to-date: /root/ros2_ws/install/turtlesim/lib/turtlesim/draw_square\n'}
[0.996552] (turtlesim) StdoutLine: {'line': b'-- Up-to-date: /root/ros2_ws/install/turtlesim/lib/turtlesim/mimic\n'}
[0.996864] (turtlesim) StdoutLine: {'line': b'-- Up-to-date: /root/ros2_ws/install/turtlesim/share/turtlesim/images\n'}
[0.997038] (turtlesim) StdoutLine: {'line': b'-- Up-to-date: /root/ros2_ws/install/turtlesim/share/turtlesim/images/eloquent.png\n'}
[0.997223] (turtlesim) StdoutLine: {'line': b'-- Up-to-date: /root/ros2_ws/install/turtlesim/share/turtlesim/images/foxy.png\n'}
[0.997484] (turtlesim) StdoutLine: {'line': b'-- Up-to-date: /root/ros2_ws/install/turtlesim/share/turtlesim/images/galactic.png\n'}
[0.997838] (turtlesim) StdoutLine: {'line': b'-- Up-to-date: /root/ros2_ws/install/turtlesim/share/turtlesim/images/humble.png\n'}
[0.998164] (turtlesim) StdoutLine: {'line': b'-- Up-to-date: /root/ros2_ws/install/turtlesim/share/turtlesim/images/rolling.png\n'}
[0.998351] (turtlesim) StdoutLine: {'line': b'-- Up-to-date: /root/ros2_ws/install/turtlesim/share/turtlesim/images/dashing.png\n'}
[0.998665] (turtlesim) StdoutLine: {'line': b'-- Up-to-date: /root/ros2_ws/install/turtlesim/share/turtlesim/images/iron.png\n'}
[0.998820] (turtlesim) StdoutLine: {'line': b'-- Up-to-date: /root/ros2_ws/install/turtlesim/share/turtlesim/images/bouncy.png\n'}
[0.999003] (turtlesim) StdoutLine: {'line': b'-- Up-to-date: /root/ros2_ws/install/turtlesim/share/turtlesim/images/ardent.png\n'}
[0.999429] (turtlesim) StdoutLine: {'line': b'-- Up-to-date: /root/ros2_ws/install/turtlesim/share/turtlesim/images/crystal.png\n'}
[0.999702] (turtlesim) StdoutLine: {'line': b'-- Up-to-date: /root/ros2_ws/install/turtlesim/share/turtlesim/launch\n'}
[1.000013] (turtlesim) StdoutLine: {'line': b'-- Up-to-date: /root/ros2_ws/install/turtlesim/share/turtlesim/launch/multisim.launch.py\n'}
[1.000131] (turtlesim) StdoutLine: {'line': b'-- Up-to-date: /root/ros2_ws/install/turtlesim/share/ament_index/resource_index/package_run_dependencies/turtlesim\n'}
[1.000271] (turtlesim) StdoutLine: {'line': b'-- Up-to-date: /root/ros2_ws/install/turtlesim/share/ament_index/resource_index/parent_prefix_path/turtlesim\n'}
[1.000620] (turtlesim) StdoutLine: {'line': b'-- Up-to-date: /root/ros2_ws/install/turtlesim/share/turtlesim/environment/ament_prefix_path.sh\n'}
[1.000736] (turtlesim) StdoutLine: {'line': b'-- Up-to-date: /root/ros2_ws/install/turtlesim/share/turtlesim/environment/ament_prefix_path.dsv\n'}
[1.000840] (turtlesim) StdoutLine: {'line': b'-- Up-to-date: /root/ros2_ws/install/turtlesim/share/turtlesim/environment/path.sh\n'}
[1.000942] (turtlesim) StdoutLine: {'line': b'-- Up-to-date: /root/ros2_ws/install/turtlesim/share/turtlesim/environment/path.dsv\n'}
[1.001105] (-) TimerEvent: {}
[1.001271] (turtlesim) StdoutLine: {'line': b'-- Up-to-date: /root/ros2_ws/install/turtlesim/share/turtlesim/local_setup.bash\n'}
[1.001394] (turtlesim) StdoutLine: {'line': b'-- Up-to-date: /root/ros2_ws/install/turtlesim/share/turtlesim/local_setup.sh\n'}
[1.001496] (turtlesim) StdoutLine: {'line': b'-- Up-to-date: /root/ros2_ws/install/turtlesim/share/turtlesim/local_setup.zsh\n'}
[1.001678] (turtlesim) StdoutLine: {'line': b'-- Up-to-date: /root/ros2_ws/install/turtlesim/share/turtlesim/local_setup.dsv\n'}
[1.001785] (turtlesim) StdoutLine: {'line': b'-- Installing: /root/ros2_ws/install/turtlesim/share/turtlesim/package.dsv\n'}
[1.001886] (turtlesim) StdoutLine: {'line': b'-- Up-to-date: /root/ros2_ws/install/turtlesim/share/ament_index/resource_index/packages/turtlesim\n'}
[1.001987] (turtlesim) StdoutLine: {'line': b'-- Up-to-date: /root/ros2_ws/install/turtlesim/share/turtlesim/cmake/export_turtlesim__rosidl_generator_cExport.cmake\n'}
[1.002748] (turtlesim) StdoutLine: {'line': b'-- Up-to-date: /root/ros2_ws/install/turtlesim/share/turtlesim/cmake/export_turtlesim__rosidl_generator_cExport-noconfig.cmake\n'}
[1.003596] (turtlesim) StdoutLine: {'line': b'-- Up-to-date: /root/ros2_ws/install/turtlesim/share/turtlesim/cmake/export_turtlesim__rosidl_typesupport_fastrtps_cExport.cmake\n'}
[1.005298] (turtlesim) StdoutLine: {'line': b'-- Up-to-date: /root/ros2_ws/install/turtlesim/share/turtlesim/cmake/export_turtlesim__rosidl_typesupport_fastrtps_cExport-noconfig.cmake\n'}
[1.005635] (turtlesim) StdoutLine: {'line': b'-- Up-to-date: /root/ros2_ws/install/turtlesim/share/turtlesim/cmake/export_turtlesim__rosidl_generator_cppExport.cmake\n'}
[1.006053] (turtlesim) StdoutLine: {'line': b'-- Up-to-date: /root/ros2_ws/install/turtlesim/share/turtlesim/cmake/export_turtlesim__rosidl_typesupport_fastrtps_cppExport.cmake\n'}
[1.006315] (turtlesim) StdoutLine: {'line': b'-- Up-to-date: /root/ros2_ws/install/turtlesim/share/turtlesim/cmake/export_turtlesim__rosidl_typesupport_fastrtps_cppExport-noconfig.cmake\n'}
[1.006553] (turtlesim) StdoutLine: {'line': b'-- Up-to-date: /root/ros2_ws/install/turtlesim/share/turtlesim/cmake/turtlesim__rosidl_typesupport_introspection_cExport.cmake\n'}
[1.006779] (turtlesim) StdoutLine: {'line': b'-- Up-to-date: /root/ros2_ws/install/turtlesim/share/turtlesim/cmake/turtlesim__rosidl_typesupport_introspection_cExport-noconfig.cmake\n'}
[1.007818] (turtlesim) StdoutLine: {'line': b'-- Up-to-date: /root/ros2_ws/install/turtlesim/share/turtlesim/cmake/turtlesim__rosidl_typesupport_cExport.cmake\n'}
[1.009398] (turtlesim) StdoutLine: {'line': b'-- Up-to-date: /root/ros2_ws/install/turtlesim/share/turtlesim/cmake/turtlesim__rosidl_typesupport_cExport-noconfig.cmake\n'}
[1.009687] (turtlesim) StdoutLine: {'line': b'-- Up-to-date: /root/ros2_ws/install/turtlesim/share/turtlesim/cmake/turtlesim__rosidl_typesupport_introspection_cppExport.cmake\n'}
[1.010260] (turtlesim) StdoutLine: {'line': b'-- Up-to-date: /root/ros2_ws/install/turtlesim/share/turtlesim/cmake/turtlesim__rosidl_typesupport_introspection_cppExport-noconfig.cmake\n'}
[1.010810] (turtlesim) StdoutLine: {'line': b'-- Up-to-date: /root/ros2_ws/install/turtlesim/share/turtlesim/cmake/turtlesim__rosidl_typesupport_cppExport.cmake\n'}
[1.011153] (turtlesim) StdoutLine: {'line': b'-- Up-to-date: /root/ros2_ws/install/turtlesim/share/turtlesim/cmake/turtlesim__rosidl_typesupport_cppExport-noconfig.cmake\n'}
[1.011676] (turtlesim) StdoutLine: {'line': b'-- Up-to-date: /root/ros2_ws/install/turtlesim/share/turtlesim/cmake/export_turtlesim__rosidl_generator_pyExport.cmake\n'}
[1.011942] (turtlesim) StdoutLine: {'line': b'-- Up-to-date: /root/ros2_ws/install/turtlesim/share/turtlesim/cmake/export_turtlesim__rosidl_generator_pyExport-noconfig.cmake\n'}
[1.012207] (turtlesim) StdoutLine: {'line': b'-- Up-to-date: /root/ros2_ws/install/turtlesim/share/turtlesim/cmake/rosidl_cmake-extras.cmake\n'}
[1.012468] (turtlesim) StdoutLine: {'line': b'-- Up-to-date: /root/ros2_ws/install/turtlesim/share/turtlesim/cmake/ament_cmake_export_dependencies-extras.cmake\n'}
[1.012728] (turtlesim) StdoutLine: {'line': b'-- Up-to-date: /root/ros2_ws/install/turtlesim/share/turtlesim/cmake/ament_cmake_export_include_directories-extras.cmake\n'}
[1.015040] (turtlesim) StdoutLine: {'line': b'-- Up-to-date: /root/ros2_ws/install/turtlesim/share/turtlesim/cmake/ament_cmake_export_libraries-extras.cmake\n'}
[1.015499] (turtlesim) StdoutLine: {'line': b'-- Up-to-date: /root/ros2_ws/install/turtlesim/share/turtlesim/cmake/ament_cmake_export_targets-extras.cmake\n'}
[1.016056] (turtlesim) StdoutLine: {'line': b'-- Up-to-date: /root/ros2_ws/install/turtlesim/share/turtlesim/cmake/rosidl_cmake_export_typesupport_targets-extras.cmake\n'}
[1.016575] (turtlesim) StdoutLine: {'line': b'-- Up-to-date: /root/ros2_ws/install/turtlesim/share/turtlesim/cmake/rosidl_cmake_export_typesupport_libraries-extras.cmake\n'}
[1.017343] (turtlesim) StdoutLine: {'line': b'-- Up-to-date: /root/ros2_ws/install/turtlesim/share/turtlesim/cmake/turtlesimConfig.cmake\n'}
[1.018836] (turtlesim) StdoutLine: {'line': b'-- Up-to-date: /root/ros2_ws/install/turtlesim/share/turtlesim/cmake/turtlesimConfig-version.cmake\n'}
[1.019622] (turtlesim) StdoutLine: {'line': b'-- Up-to-date: /root/ros2_ws/install/turtlesim/share/turtlesim/package.xml\n'}
[1.019874] (turtlesim) CommandEnded: {'returncode': 0}
[1.101262] (-) TimerEvent: {}
[1.201629] (-) TimerEvent: {}
[1.302056] (-) TimerEvent: {}
[1.403681] (-) TimerEvent: {}
[1.429799] (turtlesim) JobEnded: {'identifier': 'turtlesim', 'rc': 0}
[1.432524] (-) EventReactorShutdown: {}
