[0.020s] Invoking command in '/root/ros2_ws/build/examples_rclcpp_multithreaded_executor': CMAKE_PREFIX_PATH=/opt/ros/iron /usr/bin/cmake /root/ros2_ws/src/examples/rclcpp/executors/multithreaded_executor -DAMENT_CMAKE_SYMLINK_INSTALL=1 -DCMAKE_INSTALL_PREFIX=/root/ros2_ws/install/examples_rclcpp_multithreaded_executor
[0.084s] -- The C compiler identification is GNU 11.4.0
[0.165s] -- The CXX compiler identification is GNU 11.4.0
[0.174s] -- Detecting C compiler ABI info
[0.256s] -- Detecting C compiler ABI info - done
[0.266s] -- Check for working C compiler: /usr/bin/cc - skipped
[0.267s] -- Detecting C compile features
[0.268s] -- Detecting C compile features - done
[0.272s] -- Detecting CXX compiler ABI info
[0.384s] -- Detecting CXX compiler ABI info - done
[0.395s] -- Check for working CXX compiler: /usr/bin/c++ - skipped
[0.395s] -- Detecting CXX compile features
[0.396s] -- Detecting CXX compile features - done
[0.399s] -- Found ament_cmake: 2.0.3 (/opt/ros/iron/share/ament_cmake/cmake)
[0.633s] -- Found Python3: /usr/bin/python3.10 (found version "3.10.12") found components: Interpreter 
[0.727s] -- Override CMake install command with custom implementation using symlinks instead of copying resources
[0.762s] -- Found rclcpp: 21.0.2 (/opt/ros/iron/share/rclcpp/cmake)
[0.816s] -- Found rosidl_generator_c: 4.0.1 (/opt/ros/iron/share/rosidl_generator_c/cmake)
[0.835s] -- Found rosidl_generator_cpp: 4.0.1 (/opt/ros/iron/share/rosidl_generator_cpp/cmake)
[0.858s] -- Using all available rosidl_typesupport_c: rosidl_typesupport_fastrtps_c;rosidl_typesupport_introspection_c
[0.886s] -- Using all available rosidl_typesupport_cpp: rosidl_typesupport_fastrtps_cpp;rosidl_typesupport_introspection_cpp
[1.139s] -- Found rmw_implementation_cmake: 7.1.0 (/opt/ros/iron/share/rmw_implementation_cmake/cmake)
[1.143s] -- Found rmw_fastrtps_cpp: 7.1.1 (/opt/ros/iron/share/rmw_fastrtps_cpp/cmake)
[1.278s] -- Found OpenSSL: /usr/lib/x86_64-linux-gnu/libcrypto.so (found version "3.0.2")  
[1.314s] -- Found FastRTPS: /opt/ros/iron/include  
[1.394s] -- Using RMW implementation 'rmw_fastrtps_cpp' as default
[1.735s] -- Found std_msgs: 5.0.0 (/opt/ros/iron/share/std_msgs/cmake)
[1.829s] -- Found ament_lint_auto: 0.14.1 (/opt/ros/iron/share/ament_lint_auto/cmake)
[2.038s] -- Added test 'copyright' to check source files copyright and LICENSE
[2.039s] -- Added test 'cppcheck' to perform static code analysis on C / C++ code
[2.039s] -- Configured cppcheck include dirs: 
[2.040s] -- Configured cppcheck exclude dirs and/or files: 
[2.041s] -- Added test 'cpplint' to check C / C++ code against the Google style
[2.041s] -- Configured cpplint exclude dirs and/or files: 
[2.042s] -- Added test 'lint_cmake' to check CMake code style
[2.044s] -- Added test 'uncrustify' to check C / C++ code style
[2.044s] -- Configured uncrustify additional arguments: 
[2.046s] -- Added test 'xmllint' to check XML markup files
[2.056s] -- Configuring done
[2.096s] -- Generating done
[2.098s] -- Build files have been written to: /root/ros2_ws/build/examples_rclcpp_multithreaded_executor
[2.123s] Invoked command in '/root/ros2_ws/build/examples_rclcpp_multithreaded_executor' returned '0': CMAKE_PREFIX_PATH=/opt/ros/iron /usr/bin/cmake /root/ros2_ws/src/examples/rclcpp/executors/multithreaded_executor -DAMENT_CMAKE_SYMLINK_INSTALL=1 -DCMAKE_INSTALL_PREFIX=/root/ros2_ws/install/examples_rclcpp_multithreaded_executor
[2.129s] Invoking command in '/root/ros2_ws/build/examples_rclcpp_multithreaded_executor': CMAKE_PREFIX_PATH=/opt/ros/iron /usr/bin/cmake --build /root/ros2_ws/build/examples_rclcpp_multithreaded_executor -- -j4 -l4
[2.245s] [ 50%] [32mBuilding CXX object CMakeFiles/multithreaded_executor.dir/multithreaded_executor.cpp.o[0m
[13.236s] [100%] [32m[1mLinking CXX executable multithreaded_executor[0m
[13.759s] [100%] Built target multithreaded_executor
[13.771s] Invoked command in '/root/ros2_ws/build/examples_rclcpp_multithreaded_executor' returned '0': CMAKE_PREFIX_PATH=/opt/ros/iron /usr/bin/cmake --build /root/ros2_ws/build/examples_rclcpp_multithreaded_executor -- -j4 -l4
[13.807s] Invoking command in '/root/ros2_ws/build/examples_rclcpp_multithreaded_executor': CMAKE_PREFIX_PATH=/opt/ros/iron /usr/bin/cmake --install /root/ros2_ws/build/examples_rclcpp_multithreaded_executor
[13.817s] -- Install configuration: ""
[13.817s] -- Execute custom install script
[13.818s] -- Symlinking: /root/ros2_ws/install/examples_rclcpp_multithreaded_executor/lib/examples_rclcpp_multithreaded_executor/multithreaded_executor
[13.827s] -- Symlinking: /root/ros2_ws/install/examples_rclcpp_multithreaded_executor/share/ament_index/resource_index/package_run_dependencies/examples_rclcpp_multithreaded_executor
[13.836s] -- Symlinking: /root/ros2_ws/install/examples_rclcpp_multithreaded_executor/share/ament_index/resource_index/parent_prefix_path/examples_rclcpp_multithreaded_executor
[13.845s] -- Symlinking: /root/ros2_ws/install/examples_rclcpp_multithreaded_executor/share/examples_rclcpp_multithreaded_executor/environment/ament_prefix_path.sh
[13.855s] -- Symlinking: /root/ros2_ws/install/examples_rclcpp_multithreaded_executor/share/examples_rclcpp_multithreaded_executor/environment/ament_prefix_path.dsv
[13.864s] -- Symlinking: /root/ros2_ws/install/examples_rclcpp_multithreaded_executor/share/examples_rclcpp_multithreaded_executor/environment/path.sh
[13.873s] -- Symlinking: /root/ros2_ws/install/examples_rclcpp_multithreaded_executor/share/examples_rclcpp_multithreaded_executor/environment/path.dsv
[13.884s] -- Symlinking: /root/ros2_ws/install/examples_rclcpp_multithreaded_executor/share/examples_rclcpp_multithreaded_executor/local_setup.bash
[13.893s] -- Symlinking: /root/ros2_ws/install/examples_rclcpp_multithreaded_executor/share/examples_rclcpp_multithreaded_executor/local_setup.sh
[13.903s] -- Symlinking: /root/ros2_ws/install/examples_rclcpp_multithreaded_executor/share/examples_rclcpp_multithreaded_executor/local_setup.zsh
[13.913s] -- Symlinking: /root/ros2_ws/install/examples_rclcpp_multithreaded_executor/share/examples_rclcpp_multithreaded_executor/local_setup.dsv
[13.922s] -- Symlinking: /root/ros2_ws/install/examples_rclcpp_multithreaded_executor/share/examples_rclcpp_multithreaded_executor/package.dsv
[13.931s] -- Symlinking: /root/ros2_ws/install/examples_rclcpp_multithreaded_executor/share/ament_index/resource_index/packages/examples_rclcpp_multithreaded_executor
[13.941s] -- Symlinking: /root/ros2_ws/install/examples_rclcpp_multithreaded_executor/share/examples_rclcpp_multithreaded_executor/cmake/examples_rclcpp_multithreaded_executorConfig.cmake
[13.949s] -- Symlinking: /root/ros2_ws/install/examples_rclcpp_multithreaded_executor/share/examples_rclcpp_multithreaded_executor/cmake/examples_rclcpp_multithreaded_executorConfig-version.cmake
[13.959s] -- Symlinking: /root/ros2_ws/install/examples_rclcpp_multithreaded_executor/share/examples_rclcpp_multithreaded_executor/package.xml
[13.987s] Invoked command in '/root/ros2_ws/build/examples_rclcpp_multithreaded_executor' returned '0': CMAKE_PREFIX_PATH=/opt/ros/iron /usr/bin/cmake --install /root/ros2_ws/build/examples_rclcpp_multithreaded_executor
