[0.033s] Invoking command in '/root/ros2_ws/build/examples_rclcpp_cbg_executor': CMAKE_PREFIX_PATH=/opt/ros/iron /usr/bin/cmake /root/ros2_ws/src/examples/rclcpp/executors/cbg_executor -DAMENT_CMAKE_SYMLINK_INSTALL=1 -DCMAKE_INSTALL_PREFIX=/root/ros2_ws/install/examples_rclcpp_cbg_executor
[0.237s] -- The C compiler identification is GNU 11.4.0
[0.364s] -- The CXX compiler identification is GNU 11.4.0
[0.377s] -- Detecting C compiler ABI info
[0.461s] -- Detecting C compiler ABI info - done
[0.470s] -- Check for working C compiler: /usr/bin/cc - skipped
[0.470s] -- Detecting C compile features
[0.473s] -- Detecting C compile features - done
[0.477s] -- Detecting CXX compiler ABI info
[0.584s] -- Detecting CXX compiler ABI info - done
[0.594s] -- Check for working CXX compiler: /usr/bin/c++ - skipped
[0.594s] -- Detecting CXX compile features
[0.595s] -- Detecting CXX compile features - done
[0.598s] -- Found ament_cmake: 2.0.3 (/opt/ros/iron/share/ament_cmake/cmake)
[0.823s] -- Found Python3: /usr/bin/python3.10 (found version "3.10.12") found components: Interpreter 
[0.920s] -- Override CMake install command with custom implementation using symlinks instead of copying resources
[0.972s] -- Found rclcpp: 21.0.2 (/opt/ros/iron/share/rclcpp/cmake)
[1.047s] -- Found rosidl_generator_c: 4.0.1 (/opt/ros/iron/share/rosidl_generator_c/cmake)
[1.068s] -- Found rosidl_generator_cpp: 4.0.1 (/opt/ros/iron/share/rosidl_generator_cpp/cmake)
[1.104s] -- Using all available rosidl_typesupport_c: rosidl_typesupport_fastrtps_c;rosidl_typesupport_introspection_c
[1.142s] -- Using all available rosidl_typesupport_cpp: rosidl_typesupport_fastrtps_cpp;rosidl_typesupport_introspection_cpp
[1.400s] -- Found rmw_implementation_cmake: 7.1.0 (/opt/ros/iron/share/rmw_implementation_cmake/cmake)
[1.410s] -- Found rmw_fastrtps_cpp: 7.1.1 (/opt/ros/iron/share/rmw_fastrtps_cpp/cmake)
[1.617s] -- Found OpenSSL: /usr/lib/x86_64-linux-gnu/libcrypto.so (found version "3.0.2")  
[1.674s] -- Found FastRTPS: /opt/ros/iron/include  
[1.740s] -- Using RMW implementation 'rmw_fastrtps_cpp' as default
[2.050s] -- Found std_msgs: 5.0.0 (/opt/ros/iron/share/std_msgs/cmake)
[2.127s] -- Found ament_lint_auto: 0.14.1 (/opt/ros/iron/share/ament_lint_auto/cmake)
[2.259s] -- Added test 'copyright' to check source files copyright and LICENSE
[2.261s] -- Added test 'cppcheck' to perform static code analysis on C / C++ code
[2.262s] -- Configured cppcheck include dirs: /root/ros2_ws/src/examples/rclcpp/executors/cbg_executor/include
[2.262s] -- Configured cppcheck exclude dirs and/or files: 
[2.264s] -- Added test 'cpplint' to check C / C++ code against the Google style
[2.264s] -- Configured cpplint exclude dirs and/or files: 
[2.266s] -- Added test 'lint_cmake' to check CMake code style
[2.269s] -- Added test 'uncrustify' to check C / C++ code style
[2.269s] -- Configured uncrustify additional arguments: 
[2.270s] -- Added test 'xmllint' to check XML markup files
[2.274s] -- Configuring done
[2.302s] -- Generating done
[2.304s] -- Build files have been written to: /root/ros2_ws/build/examples_rclcpp_cbg_executor
[2.319s] Invoked command in '/root/ros2_ws/build/examples_rclcpp_cbg_executor' returned '0': CMAKE_PREFIX_PATH=/opt/ros/iron /usr/bin/cmake /root/ros2_ws/src/examples/rclcpp/executors/cbg_executor -DAMENT_CMAKE_SYMLINK_INSTALL=1 -DCMAKE_INSTALL_PREFIX=/root/ros2_ws/install/examples_rclcpp_cbg_executor
[2.319s] Invoking command in '/root/ros2_ws/build/examples_rclcpp_cbg_executor': CMAKE_PREFIX_PATH=/opt/ros/iron /usr/bin/cmake --build /root/ros2_ws/build/examples_rclcpp_cbg_executor -- -j4 -l4
[2.399s] [ 20%] [32mBuilding CXX object CMakeFiles/ping_pong.dir/src/examples_rclcpp_cbg_executor/ping_node.cpp.o[0m
[2.400s] [ 20%] [32mBuilding CXX object CMakeFiles/ping_pong.dir/src/ping_pong.cpp.o[0m
[2.412s] [ 30%] [32mBuilding CXX object CMakeFiles/pong.dir/src/pong.cpp.o[0m
[2.417s] [ 40%] [32mBuilding CXX object CMakeFiles/ping.dir/src/ping.cpp.o[0m
[16.869s] [ 50%] [32mBuilding CXX object CMakeFiles/ping_pong.dir/src/examples_rclcpp_cbg_executor/pong_node.cpp.o[0m
[17.253s] [ 60%] [32mBuilding CXX object CMakeFiles/pong.dir/src/examples_rclcpp_cbg_executor/pong_node.cpp.o[0m
[17.532s] [ 70%] [32mBuilding CXX object CMakeFiles/ping.dir/src/examples_rclcpp_cbg_executor/ping_node.cpp.o[0m
[41.283s] [ 80%] [32m[1mLinking CXX executable pong[0m
[42.642s] [ 80%] Built target pong
[42.874s] [ 90%] [32m[1mLinking CXX executable ping_pong[0m
[44.684s] [ 90%] Built target ping_pong
[44.892s] [100%] [32m[1mLinking CXX executable ping[0m
[46.154s] [100%] Built target ping
[46.177s] Invoked command in '/root/ros2_ws/build/examples_rclcpp_cbg_executor' returned '0': CMAKE_PREFIX_PATH=/opt/ros/iron /usr/bin/cmake --build /root/ros2_ws/build/examples_rclcpp_cbg_executor -- -j4 -l4
[46.364s] Invoking command in '/root/ros2_ws/build/examples_rclcpp_cbg_executor': CMAKE_PREFIX_PATH=/opt/ros/iron /usr/bin/cmake --install /root/ros2_ws/build/examples_rclcpp_cbg_executor
[46.373s] -- Install configuration: ""
[46.376s] -- Execute custom install script
[46.379s] -- Symlinking: /root/ros2_ws/install/examples_rclcpp_cbg_executor/lib/examples_rclcpp_cbg_executor/ping
[46.388s] -- Symlinking: /root/ros2_ws/install/examples_rclcpp_cbg_executor/lib/examples_rclcpp_cbg_executor/pong
[46.398s] -- Symlinking: /root/ros2_ws/install/examples_rclcpp_cbg_executor/lib/examples_rclcpp_cbg_executor/ping_pong
[46.408s] -- Symlinking: /root/ros2_ws/install/examples_rclcpp_cbg_executor/include/examples_rclcpp_cbg_executor/ping_node.hpp
[46.418s] -- Symlinking: /root/ros2_ws/install/examples_rclcpp_cbg_executor/include/examples_rclcpp_cbg_executor/pong_node.hpp
[46.428s] -- Symlinking: /root/ros2_ws/install/examples_rclcpp_cbg_executor/share/ament_index/resource_index/package_run_dependencies/examples_rclcpp_cbg_executor
[46.438s] -- Symlinking: /root/ros2_ws/install/examples_rclcpp_cbg_executor/share/ament_index/resource_index/parent_prefix_path/examples_rclcpp_cbg_executor
[46.448s] -- Symlinking: /root/ros2_ws/install/examples_rclcpp_cbg_executor/share/examples_rclcpp_cbg_executor/environment/ament_prefix_path.sh
[46.457s] -- Symlinking: /root/ros2_ws/install/examples_rclcpp_cbg_executor/share/examples_rclcpp_cbg_executor/environment/ament_prefix_path.dsv
[46.467s] -- Symlinking: /root/ros2_ws/install/examples_rclcpp_cbg_executor/share/examples_rclcpp_cbg_executor/environment/path.sh
[46.476s] -- Symlinking: /root/ros2_ws/install/examples_rclcpp_cbg_executor/share/examples_rclcpp_cbg_executor/environment/path.dsv
[46.487s] -- Symlinking: /root/ros2_ws/install/examples_rclcpp_cbg_executor/share/examples_rclcpp_cbg_executor/local_setup.bash
[46.497s] -- Symlinking: /root/ros2_ws/install/examples_rclcpp_cbg_executor/share/examples_rclcpp_cbg_executor/local_setup.sh
[46.508s] -- Symlinking: /root/ros2_ws/install/examples_rclcpp_cbg_executor/share/examples_rclcpp_cbg_executor/local_setup.zsh
[46.519s] -- Symlinking: /root/ros2_ws/install/examples_rclcpp_cbg_executor/share/examples_rclcpp_cbg_executor/local_setup.dsv
[46.528s] -- Symlinking: /root/ros2_ws/install/examples_rclcpp_cbg_executor/share/examples_rclcpp_cbg_executor/package.dsv
[46.540s] -- Symlinking: /root/ros2_ws/install/examples_rclcpp_cbg_executor/share/ament_index/resource_index/packages/examples_rclcpp_cbg_executor
[46.549s] -- Symlinking: /root/ros2_ws/install/examples_rclcpp_cbg_executor/share/examples_rclcpp_cbg_executor/cmake/ament_cmake_export_dependencies-extras.cmake
[46.559s] -- Symlinking: /root/ros2_ws/install/examples_rclcpp_cbg_executor/share/examples_rclcpp_cbg_executor/cmake/examples_rclcpp_cbg_executorConfig.cmake
[46.568s] -- Symlinking: /root/ros2_ws/install/examples_rclcpp_cbg_executor/share/examples_rclcpp_cbg_executor/cmake/examples_rclcpp_cbg_executorConfig-version.cmake
[46.582s] -- Symlinking: /root/ros2_ws/install/examples_rclcpp_cbg_executor/share/examples_rclcpp_cbg_executor/package.xml
[46.591s] Invoked command in '/root/ros2_ws/build/examples_rclcpp_cbg_executor' returned '0': CMAKE_PREFIX_PATH=/opt/ros/iron /usr/bin/cmake --install /root/ros2_ws/build/examples_rclcpp_cbg_executor
